ARM GAS  C:\Users\User\AppData\Local\Temp\ccBs04y4.s 			page 1


   1              		.syntax unified
   2              		.cpu cortex-m3
   3              		.fpu softvfp
   4              		.eabi_attribute 20, 1
   5              		.eabi_attribute 21, 1
   6              		.eabi_attribute 23, 3
   7              		.eabi_attribute 24, 1
   8              		.eabi_attribute 25, 1
   9              		.eabi_attribute 26, 1
  10              		.eabi_attribute 30, 1
  11              		.eabi_attribute 34, 1
  12              		.eabi_attribute 18, 4
  13              		.thumb
  14              		.file	"cyfitter_cfg.c"
  15              		.text
  16              	.Ltext0:
  17              		.cfi_sections	.debug_frame
  18              		.section	.text.CyClockStartupError,"ax",%progbits
  19              		.align	2
  20              		.thumb
  21              		.thumb_func
  22              		.type	CyClockStartupError, %function
  23              	CyClockStartupError:
  24              	.LFB3:
  25              		.file 1 "Generated_Source\\PSoC5\\cyfitter_cfg.c"
   1:Generated_Source\PSoC5/cyfitter_cfg.c **** /*******************************************************************************
   2:Generated_Source\PSoC5/cyfitter_cfg.c **** * File Name: cyfitter_cfg.c
   3:Generated_Source\PSoC5/cyfitter_cfg.c **** * 
   4:Generated_Source\PSoC5/cyfitter_cfg.c **** * PSoC Creator  4.0 Update 1
   5:Generated_Source\PSoC5/cyfitter_cfg.c **** *
   6:Generated_Source\PSoC5/cyfitter_cfg.c **** * Description:
   7:Generated_Source\PSoC5/cyfitter_cfg.c **** * This file contains device initialization code.
   8:Generated_Source\PSoC5/cyfitter_cfg.c **** * Except for the user defined sections in CyClockStartupError(), this file should not be modified.
   9:Generated_Source\PSoC5/cyfitter_cfg.c **** * This file is automatically generated by PSoC Creator.
  10:Generated_Source\PSoC5/cyfitter_cfg.c **** *
  11:Generated_Source\PSoC5/cyfitter_cfg.c **** ********************************************************************************
  12:Generated_Source\PSoC5/cyfitter_cfg.c **** * Copyright (c) 2007-2016 Cypress Semiconductor.  All rights reserved.
  13:Generated_Source\PSoC5/cyfitter_cfg.c **** * You may use this file only in accordance with the license, terms, conditions, 
  14:Generated_Source\PSoC5/cyfitter_cfg.c **** * disclaimers, and limitations in the end user license agreement accompanying 
  15:Generated_Source\PSoC5/cyfitter_cfg.c **** * the software package with which this file was provided.
  16:Generated_Source\PSoC5/cyfitter_cfg.c **** ********************************************************************************/
  17:Generated_Source\PSoC5/cyfitter_cfg.c **** 
  18:Generated_Source\PSoC5/cyfitter_cfg.c **** #include <string.h>
  19:Generated_Source\PSoC5/cyfitter_cfg.c **** #include "cytypes.h"
  20:Generated_Source\PSoC5/cyfitter_cfg.c **** #include "cydevice_trm.h"
  21:Generated_Source\PSoC5/cyfitter_cfg.c **** #include "cyfitter.h"
  22:Generated_Source\PSoC5/cyfitter_cfg.c **** #include "CyLib.h"
  23:Generated_Source\PSoC5/cyfitter_cfg.c **** #include "cyfitter_cfg.h"
  24:Generated_Source\PSoC5/cyfitter_cfg.c **** #include "cyapicallbacks.h"
  25:Generated_Source\PSoC5/cyfitter_cfg.c **** 
  26:Generated_Source\PSoC5/cyfitter_cfg.c **** #define CY_NEED_CYCLOCKSTARTUPERROR 1
  27:Generated_Source\PSoC5/cyfitter_cfg.c **** 
  28:Generated_Source\PSoC5/cyfitter_cfg.c **** 
  29:Generated_Source\PSoC5/cyfitter_cfg.c **** #if defined(__GNUC__) || defined(__ARMCC_VERSION)
  30:Generated_Source\PSoC5/cyfitter_cfg.c ****     #define CYPACKED 
  31:Generated_Source\PSoC5/cyfitter_cfg.c ****     #define CYPACKED_ATTR __attribute__ ((packed))
  32:Generated_Source\PSoC5/cyfitter_cfg.c ****     #define CYALIGNED __attribute__ ((aligned))
ARM GAS  C:\Users\User\AppData\Local\Temp\ccBs04y4.s 			page 2


  33:Generated_Source\PSoC5/cyfitter_cfg.c ****     #define CY_CFG_UNUSED __attribute__ ((unused))
  34:Generated_Source\PSoC5/cyfitter_cfg.c ****     #ifndef CY_CFG_SECTION
  35:Generated_Source\PSoC5/cyfitter_cfg.c ****         #define CY_CFG_SECTION __attribute__ ((section(".psocinit")))
  36:Generated_Source\PSoC5/cyfitter_cfg.c ****     #endif
  37:Generated_Source\PSoC5/cyfitter_cfg.c ****     
  38:Generated_Source\PSoC5/cyfitter_cfg.c ****     #if defined(__ARMCC_VERSION)
  39:Generated_Source\PSoC5/cyfitter_cfg.c ****         #define CY_CFG_MEMORY_BARRIER() __memory_changed()
  40:Generated_Source\PSoC5/cyfitter_cfg.c ****     #else
  41:Generated_Source\PSoC5/cyfitter_cfg.c ****         #define CY_CFG_MEMORY_BARRIER() __sync_synchronize()
  42:Generated_Source\PSoC5/cyfitter_cfg.c ****     #endif
  43:Generated_Source\PSoC5/cyfitter_cfg.c ****     
  44:Generated_Source\PSoC5/cyfitter_cfg.c **** #elif defined(__ICCARM__)
  45:Generated_Source\PSoC5/cyfitter_cfg.c ****     #include <intrinsics.h>
  46:Generated_Source\PSoC5/cyfitter_cfg.c **** 
  47:Generated_Source\PSoC5/cyfitter_cfg.c ****     #define CYPACKED __packed
  48:Generated_Source\PSoC5/cyfitter_cfg.c ****     #define CYPACKED_ATTR 
  49:Generated_Source\PSoC5/cyfitter_cfg.c ****     #define CYALIGNED _Pragma("data_alignment=4")
  50:Generated_Source\PSoC5/cyfitter_cfg.c ****     #define CY_CFG_UNUSED _Pragma("diag_suppress=Pe177")
  51:Generated_Source\PSoC5/cyfitter_cfg.c ****     #define CY_CFG_SECTION _Pragma("location=\".psocinit\"")
  52:Generated_Source\PSoC5/cyfitter_cfg.c ****     
  53:Generated_Source\PSoC5/cyfitter_cfg.c ****     #define CY_CFG_MEMORY_BARRIER() __DMB()
  54:Generated_Source\PSoC5/cyfitter_cfg.c ****     
  55:Generated_Source\PSoC5/cyfitter_cfg.c **** #else
  56:Generated_Source\PSoC5/cyfitter_cfg.c ****     #error Unsupported toolchain
  57:Generated_Source\PSoC5/cyfitter_cfg.c **** #endif
  58:Generated_Source\PSoC5/cyfitter_cfg.c **** 
  59:Generated_Source\PSoC5/cyfitter_cfg.c **** 
  60:Generated_Source\PSoC5/cyfitter_cfg.c **** CY_CFG_UNUSED
  61:Generated_Source\PSoC5/cyfitter_cfg.c **** static void CYMEMZERO(void *s, size_t n);
  62:Generated_Source\PSoC5/cyfitter_cfg.c **** CY_CFG_UNUSED
  63:Generated_Source\PSoC5/cyfitter_cfg.c **** static void CYMEMZERO(void *s, size_t n)
  64:Generated_Source\PSoC5/cyfitter_cfg.c **** {
  65:Generated_Source\PSoC5/cyfitter_cfg.c **** 	(void)memset(s, 0, n);
  66:Generated_Source\PSoC5/cyfitter_cfg.c **** }
  67:Generated_Source\PSoC5/cyfitter_cfg.c **** CY_CFG_UNUSED
  68:Generated_Source\PSoC5/cyfitter_cfg.c **** static void CYCONFIGCPY(void *dest, const void *src, size_t n);
  69:Generated_Source\PSoC5/cyfitter_cfg.c **** CY_CFG_UNUSED
  70:Generated_Source\PSoC5/cyfitter_cfg.c **** static void CYCONFIGCPY(void *dest, const void *src, size_t n)
  71:Generated_Source\PSoC5/cyfitter_cfg.c **** {
  72:Generated_Source\PSoC5/cyfitter_cfg.c **** 	(void)memcpy(dest, src, n);
  73:Generated_Source\PSoC5/cyfitter_cfg.c **** }
  74:Generated_Source\PSoC5/cyfitter_cfg.c **** CY_CFG_UNUSED
  75:Generated_Source\PSoC5/cyfitter_cfg.c **** static void CYCONFIGCPYCODE(void *dest, const void *src, size_t n);
  76:Generated_Source\PSoC5/cyfitter_cfg.c **** CY_CFG_UNUSED
  77:Generated_Source\PSoC5/cyfitter_cfg.c **** static void CYCONFIGCPYCODE(void *dest, const void *src, size_t n)
  78:Generated_Source\PSoC5/cyfitter_cfg.c **** {
  79:Generated_Source\PSoC5/cyfitter_cfg.c **** 	(void)memcpy(dest, src, n);
  80:Generated_Source\PSoC5/cyfitter_cfg.c **** }
  81:Generated_Source\PSoC5/cyfitter_cfg.c **** 
  82:Generated_Source\PSoC5/cyfitter_cfg.c **** 
  83:Generated_Source\PSoC5/cyfitter_cfg.c **** 
  84:Generated_Source\PSoC5/cyfitter_cfg.c **** 
  85:Generated_Source\PSoC5/cyfitter_cfg.c **** /* Clock startup error codes                                                   */
  86:Generated_Source\PSoC5/cyfitter_cfg.c **** #define CYCLOCKSTART_NO_ERROR    0u
  87:Generated_Source\PSoC5/cyfitter_cfg.c **** #define CYCLOCKSTART_XTAL_ERROR  1u
  88:Generated_Source\PSoC5/cyfitter_cfg.c **** #define CYCLOCKSTART_32KHZ_ERROR 2u
  89:Generated_Source\PSoC5/cyfitter_cfg.c **** #define CYCLOCKSTART_PLL_ERROR   3u
ARM GAS  C:\Users\User\AppData\Local\Temp\ccBs04y4.s 			page 3


  90:Generated_Source\PSoC5/cyfitter_cfg.c **** 
  91:Generated_Source\PSoC5/cyfitter_cfg.c **** 
  92:Generated_Source\PSoC5/cyfitter_cfg.c **** #ifdef CY_NEED_CYCLOCKSTARTUPERROR
  93:Generated_Source\PSoC5/cyfitter_cfg.c **** /*******************************************************************************
  94:Generated_Source\PSoC5/cyfitter_cfg.c **** * Function Name: CyClockStartupError
  95:Generated_Source\PSoC5/cyfitter_cfg.c **** ********************************************************************************
  96:Generated_Source\PSoC5/cyfitter_cfg.c **** * Summary:
  97:Generated_Source\PSoC5/cyfitter_cfg.c **** *  If an error is encountered during clock configuration (crystal startup error,
  98:Generated_Source\PSoC5/cyfitter_cfg.c **** *  PLL lock error, etc.), the system will end up here.  Unless reimplemented by
  99:Generated_Source\PSoC5/cyfitter_cfg.c **** *  the customer, this function will stop in an infinite loop.
 100:Generated_Source\PSoC5/cyfitter_cfg.c **** *
 101:Generated_Source\PSoC5/cyfitter_cfg.c **** * Parameters:
 102:Generated_Source\PSoC5/cyfitter_cfg.c **** *   void
 103:Generated_Source\PSoC5/cyfitter_cfg.c **** *
 104:Generated_Source\PSoC5/cyfitter_cfg.c **** * Return:
 105:Generated_Source\PSoC5/cyfitter_cfg.c **** *   void
 106:Generated_Source\PSoC5/cyfitter_cfg.c **** *
 107:Generated_Source\PSoC5/cyfitter_cfg.c **** *******************************************************************************/
 108:Generated_Source\PSoC5/cyfitter_cfg.c **** CY_CFG_UNUSED
 109:Generated_Source\PSoC5/cyfitter_cfg.c **** static void CyClockStartupError(uint8 errorCode);
 110:Generated_Source\PSoC5/cyfitter_cfg.c **** CY_CFG_UNUSED
 111:Generated_Source\PSoC5/cyfitter_cfg.c **** static void CyClockStartupError(uint8 errorCode)
 112:Generated_Source\PSoC5/cyfitter_cfg.c **** {
  26              		.loc 1 112 0
  27              		.cfi_startproc
  28              		@ Volatile: function does not return.
  29              		@ args = 0, pretend = 0, frame = 0
  30              		@ frame_needed = 0, uses_anonymous_args = 0
  31              		@ link register save eliminated.
  32              	.LVL0:
  33              	.L2:
 113:Generated_Source\PSoC5/cyfitter_cfg.c ****     /* To remove the compiler warning if errorCode not used.                */
 114:Generated_Source\PSoC5/cyfitter_cfg.c ****     errorCode = errorCode;
 115:Generated_Source\PSoC5/cyfitter_cfg.c **** 
 116:Generated_Source\PSoC5/cyfitter_cfg.c ****     /* If we have a clock startup error (bad MHz crystal, PLL lock, etc.),  */
 117:Generated_Source\PSoC5/cyfitter_cfg.c ****     /* we will end up here to allow the customer to implement something to  */
 118:Generated_Source\PSoC5/cyfitter_cfg.c ****     /* deal with the clock condition.                                       */
 119:Generated_Source\PSoC5/cyfitter_cfg.c **** 
 120:Generated_Source\PSoC5/cyfitter_cfg.c **** #ifdef CY_CFG_CLOCK_STARTUP_ERROR_CALLBACK
 121:Generated_Source\PSoC5/cyfitter_cfg.c **** 	CY_CFG_Clock_Startup_ErrorCallback();
 122:Generated_Source\PSoC5/cyfitter_cfg.c **** #else
 123:Generated_Source\PSoC5/cyfitter_cfg.c **** 	/*  If not using CY_CFG_CLOCK_STARTUP_ERROR_CALLBACK, place your clock startup code here. */
 124:Generated_Source\PSoC5/cyfitter_cfg.c ****     /* `#START CyClockStartupError` */
 125:Generated_Source\PSoC5/cyfitter_cfg.c **** 
 126:Generated_Source\PSoC5/cyfitter_cfg.c **** 
 127:Generated_Source\PSoC5/cyfitter_cfg.c **** 
 128:Generated_Source\PSoC5/cyfitter_cfg.c ****     /* `#END` */
 129:Generated_Source\PSoC5/cyfitter_cfg.c **** 
 130:Generated_Source\PSoC5/cyfitter_cfg.c ****     /* If nothing else, stop here since the clocks have not started         */
 131:Generated_Source\PSoC5/cyfitter_cfg.c ****     /* correctly.                                                           */
 132:Generated_Source\PSoC5/cyfitter_cfg.c ****     while(1) {}
  34              		.loc 1 132 0 discriminator 1
  35 0000 FEE7     		b	.L2
  36              		.cfi_endproc
  37              	.LFE3:
  38              		.size	CyClockStartupError, .-CyClockStartupError
  39 0002 00BF     		.section	.text.AnalogSetDefault,"ax",%progbits
ARM GAS  C:\Users\User\AppData\Local\Temp\ccBs04y4.s 			page 4


  40              		.align	2
  41              		.thumb
  42              		.thumb_func
  43              		.type	AnalogSetDefault, %function
  44              	AnalogSetDefault:
  45              	.LFB5:
 133:Generated_Source\PSoC5/cyfitter_cfg.c **** #endif /* CY_CFG_CLOCK_STARTUP_ERROR_CALLBACK */ 
 134:Generated_Source\PSoC5/cyfitter_cfg.c **** }
 135:Generated_Source\PSoC5/cyfitter_cfg.c **** #endif
 136:Generated_Source\PSoC5/cyfitter_cfg.c **** 
 137:Generated_Source\PSoC5/cyfitter_cfg.c **** /* IOPINS0_1 Address: CYREG_PRT1_DM0 Size (bytes): 8 */
 138:Generated_Source\PSoC5/cyfitter_cfg.c **** #define BS_IOPINS0_1_VAL ((const uint8 CYFAR *)0x48000000u)
 139:Generated_Source\PSoC5/cyfitter_cfg.c **** 
 140:Generated_Source\PSoC5/cyfitter_cfg.c **** 
 141:Generated_Source\PSoC5/cyfitter_cfg.c **** /*******************************************************************************
 142:Generated_Source\PSoC5/cyfitter_cfg.c **** * Function Name: ClockSetup
 143:Generated_Source\PSoC5/cyfitter_cfg.c **** ********************************************************************************
 144:Generated_Source\PSoC5/cyfitter_cfg.c **** *
 145:Generated_Source\PSoC5/cyfitter_cfg.c **** * Summary:
 146:Generated_Source\PSoC5/cyfitter_cfg.c **** *  Performs the initialization of all of the clocks in the device based on the
 147:Generated_Source\PSoC5/cyfitter_cfg.c **** *  settings in the Clock tab of the DWR.  This includes enabling the requested
 148:Generated_Source\PSoC5/cyfitter_cfg.c **** *  clocks and setting the necessary dividers to produce the desired frequency. 
 149:Generated_Source\PSoC5/cyfitter_cfg.c **** *
 150:Generated_Source\PSoC5/cyfitter_cfg.c **** * Parameters:
 151:Generated_Source\PSoC5/cyfitter_cfg.c **** *  void
 152:Generated_Source\PSoC5/cyfitter_cfg.c **** *
 153:Generated_Source\PSoC5/cyfitter_cfg.c **** * Return:
 154:Generated_Source\PSoC5/cyfitter_cfg.c **** *  void
 155:Generated_Source\PSoC5/cyfitter_cfg.c **** *
 156:Generated_Source\PSoC5/cyfitter_cfg.c **** *******************************************************************************/
 157:Generated_Source\PSoC5/cyfitter_cfg.c **** static void ClockSetup(void);
 158:Generated_Source\PSoC5/cyfitter_cfg.c **** static void ClockSetup(void)
 159:Generated_Source\PSoC5/cyfitter_cfg.c **** {
 160:Generated_Source\PSoC5/cyfitter_cfg.c **** 	uint32 timeout;
 161:Generated_Source\PSoC5/cyfitter_cfg.c **** 	uint8 pllLock;
 162:Generated_Source\PSoC5/cyfitter_cfg.c **** 
 163:Generated_Source\PSoC5/cyfitter_cfg.c **** 
 164:Generated_Source\PSoC5/cyfitter_cfg.c **** 	/* Configure ILO based on settings from Clock DWR */
 165:Generated_Source\PSoC5/cyfitter_cfg.c **** 	CY_SET_XTND_REG8((void CYFAR *)(CYREG_SLOWCLK_ILO_CR0), 0x02u);
 166:Generated_Source\PSoC5/cyfitter_cfg.c **** 	CY_SET_XTND_REG8((void CYFAR *)(CYREG_CLKDIST_CR), 0x08u);
 167:Generated_Source\PSoC5/cyfitter_cfg.c **** 
 168:Generated_Source\PSoC5/cyfitter_cfg.c **** 	/* Configure IMO based on settings from Clock DWR */
 169:Generated_Source\PSoC5/cyfitter_cfg.c **** 	CY_SET_XTND_REG8((void CYFAR *)(CYREG_FASTCLK_IMO_CR), 0x03u);
 170:Generated_Source\PSoC5/cyfitter_cfg.c **** 	CY_SET_XTND_REG8((void CYFAR *)(CYREG_IMO_TR1), (CY_GET_XTND_REG8((void CYFAR *)CYREG_FLSHID_CUST_
 171:Generated_Source\PSoC5/cyfitter_cfg.c **** 
 172:Generated_Source\PSoC5/cyfitter_cfg.c **** 	/* Configure PLL based on settings from Clock DWR */
 173:Generated_Source\PSoC5/cyfitter_cfg.c **** 	CY_SET_XTND_REG16((void CYFAR *)(CYREG_FASTCLK_PLL_P), 0x0008u);
 174:Generated_Source\PSoC5/cyfitter_cfg.c **** 	CY_SET_XTND_REG16((void CYFAR *)(CYREG_FASTCLK_PLL_CFG0), 0x1251u);
 175:Generated_Source\PSoC5/cyfitter_cfg.c **** 	/* Wait up to 250us for the PLL to lock */
 176:Generated_Source\PSoC5/cyfitter_cfg.c **** 	pllLock = 0u;
 177:Generated_Source\PSoC5/cyfitter_cfg.c **** 	for (timeout = 250u / 10u; (timeout > 0u) && (pllLock != 0x03u); timeout--)
 178:Generated_Source\PSoC5/cyfitter_cfg.c **** 	{ 
 179:Generated_Source\PSoC5/cyfitter_cfg.c **** 		pllLock = 0x03u & ((uint8)((uint8)pllLock << 1) | ((CY_GET_XTND_REG8((void CYFAR *)CYREG_FASTCLK_
 180:Generated_Source\PSoC5/cyfitter_cfg.c **** 		CyDelayCycles(10u * 48u); /* Delay 10us based on 48MHz clock */
 181:Generated_Source\PSoC5/cyfitter_cfg.c **** 	}
 182:Generated_Source\PSoC5/cyfitter_cfg.c **** 	/* If we ran out of time the PLL didn't lock so go to the error function */
 183:Generated_Source\PSoC5/cyfitter_cfg.c **** 	if (timeout == 0u)
ARM GAS  C:\Users\User\AppData\Local\Temp\ccBs04y4.s 			page 5


 184:Generated_Source\PSoC5/cyfitter_cfg.c **** 	{
 185:Generated_Source\PSoC5/cyfitter_cfg.c **** 		CyClockStartupError(CYCLOCKSTART_PLL_ERROR);
 186:Generated_Source\PSoC5/cyfitter_cfg.c **** 	}
 187:Generated_Source\PSoC5/cyfitter_cfg.c **** 
 188:Generated_Source\PSoC5/cyfitter_cfg.c **** 	/* Configure Bus/Master Clock based on settings from Clock DWR */
 189:Generated_Source\PSoC5/cyfitter_cfg.c **** 	CY_SET_XTND_REG16((void CYFAR *)(CYREG_CLKDIST_MSTR0), 0x0100u);
 190:Generated_Source\PSoC5/cyfitter_cfg.c **** 	CY_SET_XTND_REG8((void CYFAR *)(CYREG_CLKDIST_MSTR0), 0x07u);
 191:Generated_Source\PSoC5/cyfitter_cfg.c **** 	CY_SET_XTND_REG8((void CYFAR *)(CYREG_CLKDIST_BCFG0), 0x00u);
 192:Generated_Source\PSoC5/cyfitter_cfg.c **** 	CY_SET_XTND_REG8((void CYFAR *)(CYREG_CLKDIST_BCFG2), 0x48u);
 193:Generated_Source\PSoC5/cyfitter_cfg.c **** 	CY_SET_XTND_REG8((void CYFAR *)(CYREG_CLKDIST_MSTR0), 0x00u);
 194:Generated_Source\PSoC5/cyfitter_cfg.c **** 	CY_SET_XTND_REG8((void CYFAR *)(CYREG_CLKDIST_LD), 0x02u);
 195:Generated_Source\PSoC5/cyfitter_cfg.c **** }
 196:Generated_Source\PSoC5/cyfitter_cfg.c **** 
 197:Generated_Source\PSoC5/cyfitter_cfg.c **** 
 198:Generated_Source\PSoC5/cyfitter_cfg.c **** /* Analog API Functions */
 199:Generated_Source\PSoC5/cyfitter_cfg.c **** 
 200:Generated_Source\PSoC5/cyfitter_cfg.c **** 
 201:Generated_Source\PSoC5/cyfitter_cfg.c **** /*******************************************************************************
 202:Generated_Source\PSoC5/cyfitter_cfg.c **** * Function Name: AnalogSetDefault
 203:Generated_Source\PSoC5/cyfitter_cfg.c **** ********************************************************************************
 204:Generated_Source\PSoC5/cyfitter_cfg.c **** *
 205:Generated_Source\PSoC5/cyfitter_cfg.c **** * Summary:
 206:Generated_Source\PSoC5/cyfitter_cfg.c **** *  Sets up the analog portions of the chip to default values based on chip
 207:Generated_Source\PSoC5/cyfitter_cfg.c **** *  configuration options from the project.
 208:Generated_Source\PSoC5/cyfitter_cfg.c **** *
 209:Generated_Source\PSoC5/cyfitter_cfg.c **** * Parameters:
 210:Generated_Source\PSoC5/cyfitter_cfg.c **** *  void
 211:Generated_Source\PSoC5/cyfitter_cfg.c **** *
 212:Generated_Source\PSoC5/cyfitter_cfg.c **** * Return:
 213:Generated_Source\PSoC5/cyfitter_cfg.c **** *  void
 214:Generated_Source\PSoC5/cyfitter_cfg.c **** *
 215:Generated_Source\PSoC5/cyfitter_cfg.c **** *******************************************************************************/
 216:Generated_Source\PSoC5/cyfitter_cfg.c **** static void AnalogSetDefault(void);
 217:Generated_Source\PSoC5/cyfitter_cfg.c **** static void AnalogSetDefault(void)
 218:Generated_Source\PSoC5/cyfitter_cfg.c **** {
  46              		.loc 1 218 0
  47              		.cfi_startproc
  48              		@ args = 0, pretend = 0, frame = 0
  49              		@ frame_needed = 0, uses_anonymous_args = 0
  50              		@ link register save eliminated.
 219:Generated_Source\PSoC5/cyfitter_cfg.c **** 	uint8 bg_xover_inl_trim = CY_GET_XTND_REG8((void CYFAR *)(CYREG_FLSHID_MFG_CFG_BG_XOVER_INL_TRIM +
  51              		.loc 1 219 0
  52 0000 064B     		ldr	r3, .L4
  53 0002 1B78     		ldrb	r3, [r3]	@ zero_extendqisi2
  54 0004 DBB2     		uxtb	r3, r3
  55              	.LVL1:
 220:Generated_Source\PSoC5/cyfitter_cfg.c **** 	CY_SET_XTND_REG8((void CYFAR *)(CYREG_BG_DFT0), (bg_xover_inl_trim & 0x07u));
  56              		.loc 1 220 0
  57 0006 03F00701 		and	r1, r3, #7
  58 000a 054A     		ldr	r2, .L4+4
  59 000c 1170     		strb	r1, [r2]
 221:Generated_Source\PSoC5/cyfitter_cfg.c **** 	CY_SET_XTND_REG8((void CYFAR *)(CYREG_BG_DFT1), ((bg_xover_inl_trim >> 4) & 0x0Fu));
  60              		.loc 1 221 0
  61 000e 1B09     		lsrs	r3, r3, #4
  62              	.LVL2:
  63 0010 0132     		adds	r2, r2, #1
  64 0012 1370     		strb	r3, [r2]
ARM GAS  C:\Users\User\AppData\Local\Temp\ccBs04y4.s 			page 6


 222:Generated_Source\PSoC5/cyfitter_cfg.c **** 	CY_SET_XTND_REG8((void CYFAR *)CYREG_PUMP_CR0, 0x44u);
  65              		.loc 1 222 0
  66 0014 4422     		movs	r2, #68
  67 0016 034B     		ldr	r3, .L4+8
  68 0018 1A70     		strb	r2, [r3]
  69 001a 7047     		bx	lr
  70              	.L5:
  71              		.align	2
  72              	.L4:
  73 001c CF010049 		.word	1224737231
  74 0020 6E580040 		.word	1073764462
  75 0024 76580040 		.word	1073764470
  76              		.cfi_endproc
  77              	.LFE5:
  78              		.size	AnalogSetDefault, .-AnalogSetDefault
  79              		.section	.text.CYMEMZERO,"ax",%progbits
  80              		.align	2
  81              		.thumb
  82              		.thumb_func
  83              		.type	CYMEMZERO, %function
  84              	CYMEMZERO:
  85              	.LFB0:
  64:Generated_Source\PSoC5/cyfitter_cfg.c **** 	(void)memset(s, 0, n);
  86              		.loc 1 64 0
  87              		.cfi_startproc
  88              		@ args = 0, pretend = 0, frame = 0
  89              		@ frame_needed = 0, uses_anonymous_args = 0
  90              	.LVL3:
  91 0000 08B5     		push	{r3, lr}
  92              		.cfi_def_cfa_offset 8
  93              		.cfi_offset 3, -8
  94              		.cfi_offset 14, -4
  95 0002 0A46     		mov	r2, r1
  65:Generated_Source\PSoC5/cyfitter_cfg.c **** }
  96              		.loc 1 65 0
  97 0004 0021     		movs	r1, #0
  98              	.LVL4:
  99 0006 FFF7FEFF 		bl	memset
 100              	.LVL5:
 101 000a 08BD     		pop	{r3, pc}
 102              		.cfi_endproc
 103              	.LFE0:
 104              		.size	CYMEMZERO, .-CYMEMZERO
 105              		.section	.text.ClockSetup,"ax",%progbits
 106              		.align	2
 107              		.thumb
 108              		.thumb_func
 109              		.type	ClockSetup, %function
 110              	ClockSetup:
 111              	.LFB4:
 159:Generated_Source\PSoC5/cyfitter_cfg.c **** 	uint32 timeout;
 112              		.loc 1 159 0
 113              		.cfi_startproc
 114              		@ args = 0, pretend = 0, frame = 0
 115              		@ frame_needed = 0, uses_anonymous_args = 0
 116 0000 38B5     		push	{r3, r4, r5, lr}
 117              		.cfi_def_cfa_offset 16
ARM GAS  C:\Users\User\AppData\Local\Temp\ccBs04y4.s 			page 7


 118              		.cfi_offset 3, -16
 119              		.cfi_offset 4, -12
 120              		.cfi_offset 5, -8
 121              		.cfi_offset 14, -4
 165:Generated_Source\PSoC5/cyfitter_cfg.c **** 	CY_SET_XTND_REG8((void CYFAR *)(CYREG_CLKDIST_CR), 0x08u);
 122              		.loc 1 165 0
 123 0002 0222     		movs	r2, #2
 124 0004 1E4B     		ldr	r3, .L14
 125 0006 1A70     		strb	r2, [r3]
 166:Generated_Source\PSoC5/cyfitter_cfg.c **** 
 126              		.loc 1 166 0
 127 0008 0822     		movs	r2, #8
 128 000a 4FF04023 		mov	r3, #1073758208
 129 000e 1A70     		strb	r2, [r3]
 169:Generated_Source\PSoC5/cyfitter_cfg.c **** 	CY_SET_XTND_REG8((void CYFAR *)(CYREG_IMO_TR1), (CY_GET_XTND_REG8((void CYFAR *)CYREG_FLSHID_CUST_
 130              		.loc 1 169 0
 131 0010 0321     		movs	r1, #3
 132 0012 03F50073 		add	r3, r3, #512
 133 0016 1970     		strb	r1, [r3]
 170:Generated_Source\PSoC5/cyfitter_cfg.c **** 
 134              		.loc 1 170 0
 135 0018 1A4B     		ldr	r3, .L14+4
 136 001a 1B78     		ldrb	r3, [r3]	@ zero_extendqisi2
 137 001c DBB2     		uxtb	r3, r3
 138 001e 1A49     		ldr	r1, .L14+8
 139 0020 0B70     		strb	r3, [r1]
 173:Generated_Source\PSoC5/cyfitter_cfg.c **** 	CY_SET_XTND_REG16((void CYFAR *)(CYREG_FASTCLK_PLL_CFG0), 0x1251u);
 140              		.loc 1 173 0
 141 0022 1A4B     		ldr	r3, .L14+12
 142 0024 1A80     		strh	r2, [r3]	@ movhi
 174:Generated_Source\PSoC5/cyfitter_cfg.c **** 	/* Wait up to 250us for the PLL to lock */
 143              		.loc 1 174 0
 144 0026 41F25122 		movw	r2, #4689
 145 002a 023B     		subs	r3, r3, #2
 146 002c 1A80     		strh	r2, [r3]	@ movhi
 147              	.LVL6:
 176:Generated_Source\PSoC5/cyfitter_cfg.c **** 	for (timeout = 250u / 10u; (timeout > 0u) && (pllLock != 0x03u); timeout--)
 148              		.loc 1 176 0
 149 002e 0024     		movs	r4, #0
 177:Generated_Source\PSoC5/cyfitter_cfg.c **** 	{ 
 150              		.loc 1 177 0
 151 0030 1925     		movs	r5, #25
 152 0032 0CE0     		b	.L9
 153              	.LVL7:
 154              	.L11:
 179:Generated_Source\PSoC5/cyfitter_cfg.c **** 		CyDelayCycles(10u * 48u); /* Delay 10us based on 48MHz clock */
 155              		.loc 1 179 0 discriminator 4
 156 0034 164B     		ldr	r3, .L14+16
 157 0036 1B78     		ldrb	r3, [r3]	@ zero_extendqisi2
 158 0038 03F00103 		and	r3, r3, #1
 159 003c 43EA4404 		orr	r4, r3, r4, lsl #1
 160              	.LVL8:
 161 0040 04F00304 		and	r4, r4, #3
 162              	.LVL9:
 180:Generated_Source\PSoC5/cyfitter_cfg.c **** 	}
 163              		.loc 1 180 0 discriminator 4
 164 0044 4FF4F070 		mov	r0, #480
ARM GAS  C:\Users\User\AppData\Local\Temp\ccBs04y4.s 			page 8


 165 0048 FFF7FEFF 		bl	CyDelayCycles
 166              	.LVL10:
 177:Generated_Source\PSoC5/cyfitter_cfg.c **** 	{ 
 167              		.loc 1 177 0 discriminator 4
 168 004c 013D     		subs	r5, r5, #1
 169              	.LVL11:
 170              	.L9:
 177:Generated_Source\PSoC5/cyfitter_cfg.c **** 	{ 
 171              		.loc 1 177 0 is_stmt 0 discriminator 1
 172 004e 0DB1     		cbz	r5, .L10
 177:Generated_Source\PSoC5/cyfitter_cfg.c **** 	{ 
 173              		.loc 1 177 0 discriminator 3
 174 0050 032C     		cmp	r4, #3
 175 0052 EFD1     		bne	.L11
 176              	.L10:
 183:Generated_Source\PSoC5/cyfitter_cfg.c **** 	{
 177              		.loc 1 183 0 is_stmt 1
 178 0054 15B9     		cbnz	r5, .L12
 185:Generated_Source\PSoC5/cyfitter_cfg.c **** 	}
 179              		.loc 1 185 0
 180 0056 0320     		movs	r0, #3
 181 0058 FFF7FEFF 		bl	CyClockStartupError
 182              	.LVL12:
 183              	.L12:
 189:Generated_Source\PSoC5/cyfitter_cfg.c **** 	CY_SET_XTND_REG8((void CYFAR *)(CYREG_CLKDIST_MSTR0), 0x07u);
 184              		.loc 1 189 0
 185 005c 0D4B     		ldr	r3, .L14+20
 186 005e 4FF48072 		mov	r2, #256
 187 0062 1A80     		strh	r2, [r3]	@ movhi
 190:Generated_Source\PSoC5/cyfitter_cfg.c **** 	CY_SET_XTND_REG8((void CYFAR *)(CYREG_CLKDIST_BCFG0), 0x00u);
 188              		.loc 1 190 0
 189 0064 0722     		movs	r2, #7
 190 0066 1A70     		strb	r2, [r3]
 191:Generated_Source\PSoC5/cyfitter_cfg.c **** 	CY_SET_XTND_REG8((void CYFAR *)(CYREG_CLKDIST_BCFG2), 0x48u);
 191              		.loc 1 191 0
 192 0068 0022     		movs	r2, #0
 193 006a 0B49     		ldr	r1, .L14+24
 194 006c 0A70     		strb	r2, [r1]
 192:Generated_Source\PSoC5/cyfitter_cfg.c **** 	CY_SET_XTND_REG8((void CYFAR *)(CYREG_CLKDIST_MSTR0), 0x00u);
 195              		.loc 1 192 0
 196 006e 4820     		movs	r0, #72
 197 0070 0231     		adds	r1, r1, #2
 198 0072 0870     		strb	r0, [r1]
 193:Generated_Source\PSoC5/cyfitter_cfg.c **** 	CY_SET_XTND_REG8((void CYFAR *)(CYREG_CLKDIST_LD), 0x02u);
 199              		.loc 1 193 0
 200 0074 1A70     		strb	r2, [r3]
 194:Generated_Source\PSoC5/cyfitter_cfg.c **** }
 201              		.loc 1 194 0
 202 0076 0222     		movs	r2, #2
 203 0078 033B     		subs	r3, r3, #3
 204 007a 1A70     		strb	r2, [r3]
 205 007c 38BD     		pop	{r3, r4, r5, pc}
 206              	.LVL13:
 207              	.L15:
 208 007e 00BF     		.align	2
 209              	.L14:
 210 0080 00430040 		.word	1073758976
ARM GAS  C:\Users\User\AppData\Local\Temp\ccBs04y4.s 			page 9


 211 0084 08010049 		.word	1224737032
 212 0088 A1460040 		.word	1073759905
 213 008c 22420040 		.word	1073758754
 214 0090 25420040 		.word	1073758757
 215 0094 04400040 		.word	1073758212
 216 0098 06400040 		.word	1073758214
 217              		.cfi_endproc
 218              	.LFE4:
 219              		.size	ClockSetup, .-ClockSetup
 220              		.section	.text.CYCONFIGCPY,"ax",%progbits
 221              		.align	2
 222              		.thumb
 223              		.thumb_func
 224              		.type	CYCONFIGCPY, %function
 225              	CYCONFIGCPY:
 226              	.LFB1:
  71:Generated_Source\PSoC5/cyfitter_cfg.c **** 	(void)memcpy(dest, src, n);
 227              		.loc 1 71 0
 228              		.cfi_startproc
 229              		@ args = 0, pretend = 0, frame = 0
 230              		@ frame_needed = 0, uses_anonymous_args = 0
 231              	.LVL14:
 232 0000 08B5     		push	{r3, lr}
 233              		.cfi_def_cfa_offset 8
 234              		.cfi_offset 3, -8
 235              		.cfi_offset 14, -4
  72:Generated_Source\PSoC5/cyfitter_cfg.c **** }
 236              		.loc 1 72 0
 237 0002 FFF7FEFF 		bl	memcpy
 238              	.LVL15:
 239 0006 08BD     		pop	{r3, pc}
 240              		.cfi_endproc
 241              	.LFE1:
 242              		.size	CYCONFIGCPY, .-CYCONFIGCPY
 243              		.section	.text.SetAnalogRoutingPumps,"ax",%progbits
 244              		.align	2
 245              		.global	SetAnalogRoutingPumps
 246              		.thumb
 247              		.thumb_func
 248              		.type	SetAnalogRoutingPumps, %function
 249              	SetAnalogRoutingPumps:
 250              	.LFB6:
 223:Generated_Source\PSoC5/cyfitter_cfg.c **** }
 224:Generated_Source\PSoC5/cyfitter_cfg.c **** 
 225:Generated_Source\PSoC5/cyfitter_cfg.c **** 
 226:Generated_Source\PSoC5/cyfitter_cfg.c **** /*******************************************************************************
 227:Generated_Source\PSoC5/cyfitter_cfg.c **** * Function Name: SetAnalogRoutingPumps
 228:Generated_Source\PSoC5/cyfitter_cfg.c **** ********************************************************************************
 229:Generated_Source\PSoC5/cyfitter_cfg.c **** *
 230:Generated_Source\PSoC5/cyfitter_cfg.c **** * Summary:
 231:Generated_Source\PSoC5/cyfitter_cfg.c **** * Enables or disables the analog pumps feeding analog routing switches.
 232:Generated_Source\PSoC5/cyfitter_cfg.c **** * Intended to be called at startup, based on the Vdda system configuration;
 233:Generated_Source\PSoC5/cyfitter_cfg.c **** * may be called during operation when the user informs us that the Vdda voltage
 234:Generated_Source\PSoC5/cyfitter_cfg.c **** * crossed the pump threshold.
 235:Generated_Source\PSoC5/cyfitter_cfg.c **** *
 236:Generated_Source\PSoC5/cyfitter_cfg.c **** * Parameters:
 237:Generated_Source\PSoC5/cyfitter_cfg.c **** *  enabled - 1 to enable the pumps, 0 to disable the pumps
ARM GAS  C:\Users\User\AppData\Local\Temp\ccBs04y4.s 			page 10


 238:Generated_Source\PSoC5/cyfitter_cfg.c **** *
 239:Generated_Source\PSoC5/cyfitter_cfg.c **** * Return:
 240:Generated_Source\PSoC5/cyfitter_cfg.c **** *  void
 241:Generated_Source\PSoC5/cyfitter_cfg.c **** *
 242:Generated_Source\PSoC5/cyfitter_cfg.c **** *******************************************************************************/
 243:Generated_Source\PSoC5/cyfitter_cfg.c **** void SetAnalogRoutingPumps(uint8 enabled)
 244:Generated_Source\PSoC5/cyfitter_cfg.c **** {
 251              		.loc 1 244 0
 252              		.cfi_startproc
 253              		@ args = 0, pretend = 0, frame = 0
 254              		@ frame_needed = 0, uses_anonymous_args = 0
 255              		@ link register save eliminated.
 256              	.LVL16:
 245:Generated_Source\PSoC5/cyfitter_cfg.c **** 	uint8 regValue = CY_GET_XTND_REG8((void CYFAR *)CYREG_PUMP_CR0);
 257              		.loc 1 245 0
 258 0000 024A     		ldr	r2, .L19
 259 0002 1378     		ldrb	r3, [r2]	@ zero_extendqisi2
 260 0004 DBB2     		uxtb	r3, r3
 261              	.LVL17:
 246:Generated_Source\PSoC5/cyfitter_cfg.c **** 	if (enabled != 0u)
 247:Generated_Source\PSoC5/cyfitter_cfg.c **** 	{
 248:Generated_Source\PSoC5/cyfitter_cfg.c **** 		regValue |= 0x00u;
 249:Generated_Source\PSoC5/cyfitter_cfg.c **** 	}
 250:Generated_Source\PSoC5/cyfitter_cfg.c **** 	else
 251:Generated_Source\PSoC5/cyfitter_cfg.c **** 	{
 252:Generated_Source\PSoC5/cyfitter_cfg.c **** 		regValue &= (uint8)~0x00u;
 253:Generated_Source\PSoC5/cyfitter_cfg.c **** 	}
 254:Generated_Source\PSoC5/cyfitter_cfg.c **** 	CY_SET_XTND_REG8((void CYFAR *)CYREG_PUMP_CR0, regValue);
 262              		.loc 1 254 0
 263 0006 1370     		strb	r3, [r2]
 264 0008 7047     		bx	lr
 265              	.L20:
 266 000a 00BF     		.align	2
 267              	.L19:
 268 000c 76580040 		.word	1073764470
 269              		.cfi_endproc
 270              	.LFE6:
 271              		.size	SetAnalogRoutingPumps, .-SetAnalogRoutingPumps
 272              		.section	.text.cyfitter_cfg,"ax",%progbits
 273              		.align	2
 274              		.global	cyfitter_cfg
 275              		.thumb
 276              		.thumb_func
 277              		.type	cyfitter_cfg, %function
 278              	cyfitter_cfg:
 279              	.LFB7:
 255:Generated_Source\PSoC5/cyfitter_cfg.c **** }
 256:Generated_Source\PSoC5/cyfitter_cfg.c **** 
 257:Generated_Source\PSoC5/cyfitter_cfg.c **** #define CY_AMUX_UNUSED CYREG_BOOST_SR
 258:Generated_Source\PSoC5/cyfitter_cfg.c **** 
 259:Generated_Source\PSoC5/cyfitter_cfg.c **** 
 260:Generated_Source\PSoC5/cyfitter_cfg.c **** /*******************************************************************************
 261:Generated_Source\PSoC5/cyfitter_cfg.c **** * Function Name: cyfitter_cfg
 262:Generated_Source\PSoC5/cyfitter_cfg.c **** ********************************************************************************
 263:Generated_Source\PSoC5/cyfitter_cfg.c **** * Summary:
 264:Generated_Source\PSoC5/cyfitter_cfg.c **** *  This function is called by the start-up code for the selected device. It
 265:Generated_Source\PSoC5/cyfitter_cfg.c **** *  performs all of the necessary device configuration based on the design
ARM GAS  C:\Users\User\AppData\Local\Temp\ccBs04y4.s 			page 11


 266:Generated_Source\PSoC5/cyfitter_cfg.c **** *  settings.  This includes settings from the Design Wide Resources (DWR) such
 267:Generated_Source\PSoC5/cyfitter_cfg.c **** *  as Clocks and Pins as well as any component configuration that is necessary.
 268:Generated_Source\PSoC5/cyfitter_cfg.c **** *
 269:Generated_Source\PSoC5/cyfitter_cfg.c **** * Parameters:  
 270:Generated_Source\PSoC5/cyfitter_cfg.c **** *   void
 271:Generated_Source\PSoC5/cyfitter_cfg.c **** *
 272:Generated_Source\PSoC5/cyfitter_cfg.c **** * Return:
 273:Generated_Source\PSoC5/cyfitter_cfg.c **** *   void
 274:Generated_Source\PSoC5/cyfitter_cfg.c **** *
 275:Generated_Source\PSoC5/cyfitter_cfg.c **** *******************************************************************************/
 276:Generated_Source\PSoC5/cyfitter_cfg.c **** 
 277:Generated_Source\PSoC5/cyfitter_cfg.c **** void cyfitter_cfg(void)
 278:Generated_Source\PSoC5/cyfitter_cfg.c **** {
 280              		.loc 1 278 0
 281              		.cfi_startproc
 282              		@ args = 0, pretend = 0, frame = 0
 283              		@ frame_needed = 0, uses_anonymous_args = 0
 284 0000 70B5     		push	{r4, r5, r6, lr}
 285              		.cfi_def_cfa_offset 16
 286              		.cfi_offset 4, -16
 287              		.cfi_offset 5, -12
 288              		.cfi_offset 6, -8
 289              		.cfi_offset 14, -4
 279:Generated_Source\PSoC5/cyfitter_cfg.c **** #ifdef CYGlobalIntDisable
 280:Generated_Source\PSoC5/cyfitter_cfg.c **** 	/* Disable interrupts by default. Let user enable if/when they want. */
 281:Generated_Source\PSoC5/cyfitter_cfg.c **** 	CYGlobalIntDisable
 290              		.loc 1 281 0
 291              	@ 281 "Generated_Source\PSoC5\cyfitter_cfg.c" 1
 292 0002 72B6     		CPSID   i
 293              	@ 0 "" 2
 282:Generated_Source\PSoC5/cyfitter_cfg.c **** #endif
 283:Generated_Source\PSoC5/cyfitter_cfg.c **** 
 284:Generated_Source\PSoC5/cyfitter_cfg.c **** 	/* Enable/Disable Debug functionality based on settings from System DWR */
 285:Generated_Source\PSoC5/cyfitter_cfg.c **** 	CY_SET_XTND_REG8((void CYFAR *)CYREG_MLOGIC_DEBUG, (CY_GET_XTND_REG8((void CYFAR *)CYREG_MLOGIC_DE
 294              		.loc 1 285 0
 295              		.thumb
 296 0004 234A     		ldr	r2, .L25
 297 0006 1378     		ldrb	r3, [r2]	@ zero_extendqisi2
 298 0008 43F00403 		orr	r3, r3, #4
 299 000c 1370     		strb	r3, [r2]
 300              	.LVL18:
 301              	.LBB2:
 286:Generated_Source\PSoC5/cyfitter_cfg.c **** 
 287:Generated_Source\PSoC5/cyfitter_cfg.c **** 	{
 288:Generated_Source\PSoC5/cyfitter_cfg.c **** 
 289:Generated_Source\PSoC5/cyfitter_cfg.c **** 		CYPACKED typedef struct {
 290:Generated_Source\PSoC5/cyfitter_cfg.c **** 			void CYFAR *address;
 291:Generated_Source\PSoC5/cyfitter_cfg.c **** 			uint16 size;
 292:Generated_Source\PSoC5/cyfitter_cfg.c **** 		} CYPACKED_ATTR cfg_memset_t;
 293:Generated_Source\PSoC5/cyfitter_cfg.c **** 
 294:Generated_Source\PSoC5/cyfitter_cfg.c **** 		static const cfg_memset_t CYCODE cfg_memset_list [] = {
 295:Generated_Source\PSoC5/cyfitter_cfg.c **** 			/* address, size */
 296:Generated_Source\PSoC5/cyfitter_cfg.c **** 			{(void CYFAR *)(CYREG_PRT0_DR), 16u},
 297:Generated_Source\PSoC5/cyfitter_cfg.c **** 			{(void CYFAR *)(CYREG_PRT2_DR), 80u},
 298:Generated_Source\PSoC5/cyfitter_cfg.c **** 			{(void CYFAR *)(CYREG_PRT12_DR), 16u},
 299:Generated_Source\PSoC5/cyfitter_cfg.c **** 			{(void CYFAR *)(CYREG_PRT15_DR), 16u},
 300:Generated_Source\PSoC5/cyfitter_cfg.c **** 			{(void CYFAR *)(CYDEV_UCFG_B0_P0_U0_BASE), 4096u},
ARM GAS  C:\Users\User\AppData\Local\Temp\ccBs04y4.s 			page 12


 301:Generated_Source\PSoC5/cyfitter_cfg.c **** 			{(void CYFAR *)(CYDEV_UCFG_B1_P2_U0_BASE), 2048u},
 302:Generated_Source\PSoC5/cyfitter_cfg.c **** 			{(void CYFAR *)(CYDEV_UCFG_DSI0_BASE), 2560u},
 303:Generated_Source\PSoC5/cyfitter_cfg.c **** 			{(void CYFAR *)(CYDEV_UCFG_DSI12_BASE), 512u},
 304:Generated_Source\PSoC5/cyfitter_cfg.c **** 			{(void CYFAR *)(CYREG_BCTL0_MDCLK_EN), 32u},
 305:Generated_Source\PSoC5/cyfitter_cfg.c **** 		};
 306:Generated_Source\PSoC5/cyfitter_cfg.c **** 
 307:Generated_Source\PSoC5/cyfitter_cfg.c **** 		uint8 CYDATA i;
 308:Generated_Source\PSoC5/cyfitter_cfg.c **** 
 309:Generated_Source\PSoC5/cyfitter_cfg.c **** 		/* Zero out critical memory blocks before beginning configuration */
 310:Generated_Source\PSoC5/cyfitter_cfg.c **** 		for (i = 0u; i < (sizeof(cfg_memset_list)/sizeof(cfg_memset_list[0])); i++)
 302              		.loc 1 310 0
 303 000e 0024     		movs	r4, #0
 304 0010 0CE0     		b	.L22
 305              	.LVL19:
 306              	.L23:
 307              	.LBB3:
 311:Generated_Source\PSoC5/cyfitter_cfg.c **** 		{
 312:Generated_Source\PSoC5/cyfitter_cfg.c **** 			const cfg_memset_t CYCODE * CYDATA ms = &cfg_memset_list[i];
 313:Generated_Source\PSoC5/cyfitter_cfg.c **** 			CYMEMZERO(ms->address, (size_t)(uint32)(ms->size));
 308              		.loc 1 313 0 discriminator 3
 309 0012 2149     		ldr	r1, .L25+4
 310 0014 6300     		lsls	r3, r4, #1
 311 0016 1A19     		adds	r2, r3, r4
 312 0018 5200     		lsls	r2, r2, #1
 313 001a 0A44     		add	r2, r2, r1
 314 001c 2344     		add	r3, r3, r4
 315 001e 5B00     		lsls	r3, r3, #1
 316 0020 C858     		ldr	r0, [r1, r3]	@ unaligned
 317 0022 9188     		ldrh	r1, [r2, #4]
 318 0024 FFF7FEFF 		bl	CYMEMZERO
 319              	.LVL20:
 320              	.LBE3:
 310:Generated_Source\PSoC5/cyfitter_cfg.c **** 		{
 321              		.loc 1 310 0 discriminator 3
 322 0028 0134     		adds	r4, r4, #1
 323              	.LVL21:
 324 002a E4B2     		uxtb	r4, r4
 325              	.LVL22:
 326              	.L22:
 310:Generated_Source\PSoC5/cyfitter_cfg.c **** 		{
 327              		.loc 1 310 0 is_stmt 0 discriminator 1
 328 002c 082C     		cmp	r4, #8
 329 002e F0D9     		bls	.L23
 314:Generated_Source\PSoC5/cyfitter_cfg.c **** 		}
 315:Generated_Source\PSoC5/cyfitter_cfg.c **** 
 316:Generated_Source\PSoC5/cyfitter_cfg.c **** 		/* Enable digital routing */
 317:Generated_Source\PSoC5/cyfitter_cfg.c **** 		CY_SET_XTND_REG8((void CYFAR *)CYREG_BCTL0_BANK_CTL, CY_GET_XTND_REG8((void CYFAR *)CYREG_BCTL0_B
 330              		.loc 1 317 0 is_stmt 1
 331 0030 1A4A     		ldr	r2, .L25+8
 332 0032 1378     		ldrb	r3, [r2]	@ zero_extendqisi2
 333 0034 43F00203 		orr	r3, r3, #2
 334 0038 1370     		strb	r3, [r2]
 318:Generated_Source\PSoC5/cyfitter_cfg.c **** 		CY_SET_XTND_REG8((void CYFAR *)CYREG_BCTL1_BANK_CTL, CY_GET_XTND_REG8((void CYFAR *)CYREG_BCTL1_B
 335              		.loc 1 318 0
 336 003a 1032     		adds	r2, r2, #16
 337 003c 1378     		ldrb	r3, [r2]	@ zero_extendqisi2
 338 003e 43F00203 		orr	r3, r3, #2
ARM GAS  C:\Users\User\AppData\Local\Temp\ccBs04y4.s 			page 13


 339 0042 1370     		strb	r3, [r2]
 319:Generated_Source\PSoC5/cyfitter_cfg.c **** 
 320:Generated_Source\PSoC5/cyfitter_cfg.c **** 		/* Enable UDB array */
 321:Generated_Source\PSoC5/cyfitter_cfg.c **** 		CY_SET_XTND_REG8((void CYFAR *)CYREG_PM_ACT_CFG0, CY_GET_XTND_REG8((void CYFAR *)CYREG_PM_ACT_CFG
 340              		.loc 1 321 0
 341 0044 164C     		ldr	r4, .L25+12
 342              	.LVL23:
 343 0046 2378     		ldrb	r3, [r4]	@ zero_extendqisi2
 344 0048 43F04003 		orr	r3, r3, #64
 345 004c 2370     		strb	r3, [r4]
 322:Generated_Source\PSoC5/cyfitter_cfg.c **** 		CY_SET_XTND_REG8((void CYFAR *)CYREG_PM_AVAIL_CR2, CY_GET_XTND_REG8((void CYFAR *)CYREG_PM_AVAIL_
 346              		.loc 1 322 0
 347 004e A2F58632 		sub	r2, r2, #68608
 348 0052 513A     		subs	r2, r2, #81
 349 0054 1378     		ldrb	r3, [r2]	@ zero_extendqisi2
 350 0056 43F01003 		orr	r3, r3, #16
 351 005a 1370     		strb	r3, [r2]
 352              	.LBE2:
 323:Generated_Source\PSoC5/cyfitter_cfg.c **** 	}
 324:Generated_Source\PSoC5/cyfitter_cfg.c **** 
 325:Generated_Source\PSoC5/cyfitter_cfg.c **** 
 326:Generated_Source\PSoC5/cyfitter_cfg.c **** 	/* Perform second pass device configuration. These items must be configured in specific order afte
 327:Generated_Source\PSoC5/cyfitter_cfg.c **** 	CYCONFIGCPY((void CYFAR *)(CYREG_PRT1_DM0), (const void CYFAR *)(BS_IOPINS0_1_VAL), 8u);
 353              		.loc 1 327 0
 354 005c 1148     		ldr	r0, .L25+16
 355 005e 4FF09041 		mov	r1, #1207959552
 356 0062 0822     		movs	r2, #8
 357 0064 FFF7FEFF 		bl	CYCONFIGCPY
 358              	.LVL24:
 328:Generated_Source\PSoC5/cyfitter_cfg.c **** 	/* Switch Boost to the precision bandgap reference from its internal reference */
 329:Generated_Source\PSoC5/cyfitter_cfg.c **** 	CY_SET_REG8((void CYXDATA *)CYREG_BOOST_CR2, (CY_GET_REG8((void CYXDATA *)CYREG_BOOST_CR2) | 0x08u
 359              		.loc 1 329 0
 360 0068 0F4A     		ldr	r2, .L25+20
 361 006a 1378     		ldrb	r3, [r2]	@ zero_extendqisi2
 362 006c 43F00803 		orr	r3, r3, #8
 363 0070 1370     		strb	r3, [r2]
 330:Generated_Source\PSoC5/cyfitter_cfg.c **** 
 331:Generated_Source\PSoC5/cyfitter_cfg.c **** 	/* Set Flash Cycles based on max possible frequency in case a glitch occurs during ClockSetup(). *
 332:Generated_Source\PSoC5/cyfitter_cfg.c **** 	CY_SET_XTND_REG8((void CYFAR *)(CYREG_CACHE_CC_CTL), (((CYDEV_INSTRUCT_CACHE_ENABLED) != 0) ? 0x01
 364              		.loc 1 332 0
 365 0072 0E4E     		ldr	r6, .L25+24
 366 0074 0125     		movs	r5, #1
 367 0076 3570     		strb	r5, [r6]
 333:Generated_Source\PSoC5/cyfitter_cfg.c **** 	/* Setup clocks based on selections from Clock DWR */
 334:Generated_Source\PSoC5/cyfitter_cfg.c **** 	ClockSetup();
 368              		.loc 1 334 0
 369 0078 FFF7FEFF 		bl	ClockSetup
 370              	.LVL25:
 335:Generated_Source\PSoC5/cyfitter_cfg.c **** 	/* Set Flash Cycles based on newly configured 24.00MHz Bus Clock. */
 336:Generated_Source\PSoC5/cyfitter_cfg.c **** 	CY_SET_XTND_REG8((void CYFAR *)(CYREG_CACHE_CC_CTL), (((CYDEV_INSTRUCT_CACHE_ENABLED) != 0) ? 0x81
 371              		.loc 1 336 0
 372 007c 8123     		movs	r3, #129
 373 007e 3370     		strb	r3, [r6]
 337:Generated_Source\PSoC5/cyfitter_cfg.c **** 	CY_SET_XTND_REG8((void CYFAR *)(CYREG_PANTHER_WAITPIPE), 0x01u);
 374              		.loc 1 337 0
 375 0080 0B4B     		ldr	r3, .L25+28
 376 0082 1D70     		strb	r5, [r3]
ARM GAS  C:\Users\User\AppData\Local\Temp\ccBs04y4.s 			page 14


 338:Generated_Source\PSoC5/cyfitter_cfg.c **** 
 339:Generated_Source\PSoC5/cyfitter_cfg.c **** 	/* Perform basic analog initialization to defaults */
 340:Generated_Source\PSoC5/cyfitter_cfg.c **** 	AnalogSetDefault();
 377              		.loc 1 340 0
 378 0084 FFF7FEFF 		bl	AnalogSetDefault
 379              	.LVL26:
 341:Generated_Source\PSoC5/cyfitter_cfg.c **** 
 342:Generated_Source\PSoC5/cyfitter_cfg.c **** 	/* Configure alternate active mode */
 343:Generated_Source\PSoC5/cyfitter_cfg.c **** 	CYCONFIGCPY((void CYFAR *)CYDEV_PM_STBY_BASE, (const void CYFAR *)CYDEV_PM_ACT_BASE, 14u);
 380              		.loc 1 343 0
 381 0088 0A48     		ldr	r0, .L25+32
 382 008a 2146     		mov	r1, r4
 383 008c 0E22     		movs	r2, #14
 384 008e FFF7FEFF 		bl	CYCONFIGCPY
 385              	.LVL27:
 386 0092 70BD     		pop	{r4, r5, r6, pc}
 387              	.L26:
 388              		.align	2
 389              	.L25:
 390 0094 E8460040 		.word	1073759976
 391 0098 00000000 		.word	.LANCHOR0
 392 009c 03500140 		.word	1073827843
 393 00a0 A0430040 		.word	1073759136
 394 00a4 12510040 		.word	1073762578
 395 00a8 22430040 		.word	1073759010
 396 00ac 00480040 		.word	1073760256
 397 00b0 04000840 		.word	1074266116
 398 00b4 B0430040 		.word	1073759152
 399              		.cfi_endproc
 400              	.LFE7:
 401              		.size	cyfitter_cfg, .-cyfitter_cfg
 402              		.section	.rodata
 403              		.align	2
 404              		.set	.LANCHOR0,. + 0
 405              		.type	cfg_memset_list.4859, %object
 406              		.size	cfg_memset_list.4859, 54
 407              	cfg_memset_list.4859:
 408 0000 00510040 		.word	1073762560
 409 0004 1000     		.short	16
 410 0006 20510040 		.4byte	1073762592
 411 000a 5000     		.short	80
 412 000c C0510040 		.word	1073762752
 413 0010 1000     		.short	16
 414 0012 F0510040 		.4byte	1073762800
 415 0016 1000     		.short	16
 416 0018 00000140 		.word	1073807360
 417 001c 0010     		.short	4096
 418 001e 00140140 		.4byte	1073812480
 419 0022 0008     		.short	2048
 420 0024 00400140 		.word	1073823744
 421 0028 000A     		.short	2560
 422 002a 004C0140 		.4byte	1073826816
 423 002e 0002     		.short	512
 424 0030 00500140 		.word	1073827840
 425 0034 2000     		.short	32
 426 0036 0000     		.text
 427              	.Letext0:
ARM GAS  C:\Users\User\AppData\Local\Temp\ccBs04y4.s 			page 15


 428              		.file 2 "c:\\program files (x86)\\cypress\\psoc creator\\4.0\\psoc creator\\import\\gnu\\arm\\4.9.
 429              		.file 3 "Generated_Source\\PSoC5\\cytypes.h"
 430              		.file 4 "Generated_Source\\PSoC5\\CyLib.h"
 431              		.section	.debug_info,"",%progbits
 432              	.Ldebug_info0:
 433 0000 AC030000 		.4byte	0x3ac
 434 0004 0400     		.2byte	0x4
 435 0006 00000000 		.4byte	.Ldebug_abbrev0
 436 000a 04       		.byte	0x4
 437 000b 01       		.uleb128 0x1
 438 000c 0C010000 		.4byte	.LASF39
 439 0010 01       		.byte	0x1
 440 0011 38020000 		.4byte	.LASF40
 441 0015 9A010000 		.4byte	.LASF41
 442 0019 00000000 		.4byte	.Ldebug_ranges0+0
 443 001d 00000000 		.4byte	0
 444 0021 00000000 		.4byte	.Ldebug_line0
 445 0025 02       		.uleb128 0x2
 446 0026 04       		.byte	0x4
 447 0027 05       		.byte	0x5
 448 0028 696E7400 		.ascii	"int\000"
 449 002c 03       		.uleb128 0x3
 450 002d 14000000 		.4byte	.LASF11
 451 0031 02       		.byte	0x2
 452 0032 D4       		.byte	0xd4
 453 0033 37000000 		.4byte	0x37
 454 0037 04       		.uleb128 0x4
 455 0038 04       		.byte	0x4
 456 0039 07       		.byte	0x7
 457 003a E8010000 		.4byte	.LASF0
 458 003e 04       		.uleb128 0x4
 459 003f 01       		.byte	0x1
 460 0040 06       		.byte	0x6
 461 0041 97020000 		.4byte	.LASF1
 462 0045 04       		.uleb128 0x4
 463 0046 01       		.byte	0x1
 464 0047 08       		.byte	0x8
 465 0048 CB000000 		.4byte	.LASF2
 466 004c 04       		.uleb128 0x4
 467 004d 02       		.byte	0x2
 468 004e 05       		.byte	0x5
 469 004f 65020000 		.4byte	.LASF3
 470 0053 04       		.uleb128 0x4
 471 0054 02       		.byte	0x2
 472 0055 07       		.byte	0x7
 473 0056 4F000000 		.4byte	.LASF4
 474 005a 04       		.uleb128 0x4
 475 005b 04       		.byte	0x4
 476 005c 05       		.byte	0x5
 477 005d 77020000 		.4byte	.LASF5
 478 0061 04       		.uleb128 0x4
 479 0062 04       		.byte	0x4
 480 0063 07       		.byte	0x7
 481 0064 93000000 		.4byte	.LASF6
 482 0068 04       		.uleb128 0x4
 483 0069 08       		.byte	0x8
 484 006a 05       		.byte	0x5
ARM GAS  C:\Users\User\AppData\Local\Temp\ccBs04y4.s 			page 16


 485 006b 2A020000 		.4byte	.LASF7
 486 006f 04       		.uleb128 0x4
 487 0070 08       		.byte	0x8
 488 0071 07       		.byte	0x7
 489 0072 FD010000 		.4byte	.LASF8
 490 0076 04       		.uleb128 0x4
 491 0077 04       		.byte	0x4
 492 0078 07       		.byte	0x7
 493 0079 21020000 		.4byte	.LASF9
 494 007d 05       		.uleb128 0x5
 495 007e 04       		.byte	0x4
 496 007f 04       		.uleb128 0x4
 497 0080 01       		.byte	0x1
 498 0081 08       		.byte	0x8
 499 0082 80020000 		.4byte	.LASF10
 500 0086 06       		.uleb128 0x6
 501 0087 A5000000 		.4byte	.LASF12
 502 008b 03       		.byte	0x3
 503 008c 9201     		.2byte	0x192
 504 008e 45000000 		.4byte	0x45
 505 0092 06       		.uleb128 0x6
 506 0093 F4000000 		.4byte	.LASF13
 507 0097 03       		.byte	0x3
 508 0098 9301     		.2byte	0x193
 509 009a 53000000 		.4byte	0x53
 510 009e 06       		.uleb128 0x6
 511 009f 05010000 		.4byte	.LASF14
 512 00a3 03       		.byte	0x3
 513 00a4 9401     		.2byte	0x194
 514 00a6 61000000 		.4byte	0x61
 515 00aa 04       		.uleb128 0x4
 516 00ab 04       		.byte	0x4
 517 00ac 04       		.byte	0x4
 518 00ad 6A000000 		.4byte	.LASF15
 519 00b1 04       		.uleb128 0x4
 520 00b2 08       		.byte	0x8
 521 00b3 04       		.byte	0x4
 522 00b4 E0000000 		.4byte	.LASF16
 523 00b8 06       		.uleb128 0x6
 524 00b9 8E000000 		.4byte	.LASF17
 525 00bd 03       		.byte	0x3
 526 00be 3C02     		.2byte	0x23c
 527 00c0 C4000000 		.4byte	0xc4
 528 00c4 07       		.uleb128 0x7
 529 00c5 86000000 		.4byte	0x86
 530 00c9 06       		.uleb128 0x6
 531 00ca 00000000 		.4byte	.LASF18
 532 00ce 03       		.byte	0x3
 533 00cf 3D02     		.2byte	0x23d
 534 00d1 D5000000 		.4byte	0xd5
 535 00d5 07       		.uleb128 0x7
 536 00d6 92000000 		.4byte	0x92
 537 00da 08       		.uleb128 0x8
 538 00db 70000000 		.4byte	.LASF19
 539 00df 01       		.byte	0x1
 540 00e0 6F       		.byte	0x6f
 541 00e1 00000000 		.4byte	.LFB3
ARM GAS  C:\Users\User\AppData\Local\Temp\ccBs04y4.s 			page 17


 542 00e5 02000000 		.4byte	.LFE3-.LFB3
 543 00e9 01       		.uleb128 0x1
 544 00ea 9C       		.byte	0x9c
 545 00eb FD000000 		.4byte	0xfd
 546 00ef 09       		.uleb128 0x9
 547 00f0 FB000000 		.4byte	.LASF22
 548 00f4 01       		.byte	0x1
 549 00f5 6F       		.byte	0x6f
 550 00f6 86000000 		.4byte	0x86
 551 00fa 01       		.uleb128 0x1
 552 00fb 50       		.byte	0x50
 553 00fc 00       		.byte	0
 554 00fd 08       		.uleb128 0x8
 555 00fe 1B000000 		.4byte	.LASF20
 556 0102 01       		.byte	0x1
 557 0103 D9       		.byte	0xd9
 558 0104 00000000 		.4byte	.LFB5
 559 0108 28000000 		.4byte	.LFE5-.LFB5
 560 010c 01       		.uleb128 0x1
 561 010d 9C       		.byte	0x9c
 562 010e 22010000 		.4byte	0x122
 563 0112 0A       		.uleb128 0xa
 564 0113 85020000 		.4byte	.LASF24
 565 0117 01       		.byte	0x1
 566 0118 DB       		.byte	0xdb
 567 0119 86000000 		.4byte	0x86
 568 011d 00000000 		.4byte	.LLST0
 569 0121 00       		.byte	0
 570 0122 08       		.uleb128 0x8
 571 0123 AB000000 		.4byte	.LASF21
 572 0127 01       		.byte	0x1
 573 0128 3F       		.byte	0x3f
 574 0129 00000000 		.4byte	.LFB0
 575 012d 0C000000 		.4byte	.LFE0-.LFB0
 576 0131 01       		.uleb128 0x1
 577 0132 9C       		.byte	0x9c
 578 0133 6F010000 		.4byte	0x16f
 579 0137 0B       		.uleb128 0xb
 580 0138 7300     		.ascii	"s\000"
 581 013a 01       		.byte	0x1
 582 013b 3F       		.byte	0x3f
 583 013c 7D000000 		.4byte	0x7d
 584 0140 13000000 		.4byte	.LLST1
 585 0144 0B       		.uleb128 0xb
 586 0145 6E00     		.ascii	"n\000"
 587 0147 01       		.byte	0x1
 588 0148 3F       		.byte	0x3f
 589 0149 2C000000 		.4byte	0x2c
 590 014d 34000000 		.4byte	.LLST2
 591 0151 0C       		.uleb128 0xc
 592 0152 0A000000 		.4byte	.LVL5
 593 0156 68030000 		.4byte	0x368
 594 015a 0D       		.uleb128 0xd
 595 015b 01       		.uleb128 0x1
 596 015c 52       		.byte	0x52
 597 015d 03       		.uleb128 0x3
 598 015e F3       		.byte	0xf3
ARM GAS  C:\Users\User\AppData\Local\Temp\ccBs04y4.s 			page 18


 599 015f 01       		.uleb128 0x1
 600 0160 51       		.byte	0x51
 601 0161 0D       		.uleb128 0xd
 602 0162 01       		.uleb128 0x1
 603 0163 51       		.byte	0x51
 604 0164 01       		.uleb128 0x1
 605 0165 30       		.byte	0x30
 606 0166 0D       		.uleb128 0xd
 607 0167 01       		.uleb128 0x1
 608 0168 50       		.byte	0x50
 609 0169 03       		.uleb128 0x3
 610 016a F3       		.byte	0xf3
 611 016b 01       		.uleb128 0x1
 612 016c 50       		.byte	0x50
 613 016d 00       		.byte	0
 614 016e 00       		.byte	0
 615 016f 08       		.uleb128 0x8
 616 0170 44000000 		.4byte	.LASF23
 617 0174 01       		.byte	0x1
 618 0175 9E       		.byte	0x9e
 619 0176 00000000 		.4byte	.LFB4
 620 017a 9C000000 		.4byte	.LFE4-.LFB4
 621 017e 01       		.uleb128 0x1
 622 017f 9C       		.byte	0x9c
 623 0180 C7010000 		.4byte	0x1c7
 624 0184 0A       		.uleb128 0xa
 625 0185 2C000000 		.4byte	.LASF25
 626 0189 01       		.byte	0x1
 627 018a A0       		.byte	0xa0
 628 018b 9E000000 		.4byte	0x9e
 629 018f 60000000 		.4byte	.LLST3
 630 0193 0A       		.uleb128 0xa
 631 0194 62000000 		.4byte	.LASF26
 632 0198 01       		.byte	0x1
 633 0199 A1       		.byte	0xa1
 634 019a 86000000 		.4byte	0x86
 635 019e 7F000000 		.4byte	.LLST4
 636 01a2 0E       		.uleb128 0xe
 637 01a3 4C000000 		.4byte	.LVL10
 638 01a7 85030000 		.4byte	0x385
 639 01ab B7010000 		.4byte	0x1b7
 640 01af 0D       		.uleb128 0xd
 641 01b0 01       		.uleb128 0x1
 642 01b1 50       		.byte	0x50
 643 01b2 03       		.uleb128 0x3
 644 01b3 0A       		.byte	0xa
 645 01b4 E001     		.2byte	0x1e0
 646 01b6 00       		.byte	0
 647 01b7 0C       		.uleb128 0xc
 648 01b8 5C000000 		.4byte	.LVL12
 649 01bc DA000000 		.4byte	0xda
 650 01c0 0D       		.uleb128 0xd
 651 01c1 01       		.uleb128 0x1
 652 01c2 50       		.byte	0x50
 653 01c3 01       		.uleb128 0x1
 654 01c4 33       		.byte	0x33
 655 01c5 00       		.byte	0
ARM GAS  C:\Users\User\AppData\Local\Temp\ccBs04y4.s 			page 19


 656 01c6 00       		.byte	0
 657 01c7 08       		.uleb128 0x8
 658 01c8 AC020000 		.4byte	.LASF27
 659 01cc 01       		.byte	0x1
 660 01cd 46       		.byte	0x46
 661 01ce 00000000 		.4byte	.LFB1
 662 01d2 08000000 		.4byte	.LFE1-.LFB1
 663 01d6 01       		.uleb128 0x1
 664 01d7 9C       		.byte	0x9c
 665 01d8 27020000 		.4byte	0x227
 666 01dc 0F       		.uleb128 0xf
 667 01dd 84000000 		.4byte	.LASF28
 668 01e1 01       		.byte	0x1
 669 01e2 46       		.byte	0x46
 670 01e3 7D000000 		.4byte	0x7d
 671 01e7 A9000000 		.4byte	.LLST5
 672 01eb 0B       		.uleb128 0xb
 673 01ec 73726300 		.ascii	"src\000"
 674 01f0 01       		.byte	0x1
 675 01f1 46       		.byte	0x46
 676 01f2 27020000 		.4byte	0x227
 677 01f6 CA000000 		.4byte	.LLST6
 678 01fa 0B       		.uleb128 0xb
 679 01fb 6E00     		.ascii	"n\000"
 680 01fd 01       		.byte	0x1
 681 01fe 46       		.byte	0x46
 682 01ff 2C000000 		.4byte	0x2c
 683 0203 EB000000 		.4byte	.LLST7
 684 0207 0C       		.uleb128 0xc
 685 0208 06000000 		.4byte	.LVL15
 686 020c 96030000 		.4byte	0x396
 687 0210 0D       		.uleb128 0xd
 688 0211 01       		.uleb128 0x1
 689 0212 52       		.byte	0x52
 690 0213 03       		.uleb128 0x3
 691 0214 F3       		.byte	0xf3
 692 0215 01       		.uleb128 0x1
 693 0216 52       		.byte	0x52
 694 0217 0D       		.uleb128 0xd
 695 0218 01       		.uleb128 0x1
 696 0219 51       		.byte	0x51
 697 021a 03       		.uleb128 0x3
 698 021b F3       		.byte	0xf3
 699 021c 01       		.uleb128 0x1
 700 021d 51       		.byte	0x51
 701 021e 0D       		.uleb128 0xd
 702 021f 01       		.uleb128 0x1
 703 0220 50       		.byte	0x50
 704 0221 03       		.uleb128 0x3
 705 0222 F3       		.byte	0xf3
 706 0223 01       		.uleb128 0x1
 707 0224 50       		.byte	0x50
 708 0225 00       		.byte	0
 709 0226 00       		.byte	0
 710 0227 10       		.uleb128 0x10
 711 0228 04       		.byte	0x4
 712 0229 2D020000 		.4byte	0x22d
ARM GAS  C:\Users\User\AppData\Local\Temp\ccBs04y4.s 			page 20


 713 022d 11       		.uleb128 0x11
 714 022e 12       		.uleb128 0x12
 715 022f B5000000 		.4byte	.LASF31
 716 0233 01       		.byte	0x1
 717 0234 F3       		.byte	0xf3
 718 0235 00000000 		.4byte	.LFB6
 719 0239 10000000 		.4byte	.LFE6-.LFB6
 720 023d 01       		.uleb128 0x1
 721 023e 9C       		.byte	0x9c
 722 023f 5E020000 		.4byte	0x25e
 723 0243 09       		.uleb128 0x9
 724 0244 6F020000 		.4byte	.LASF29
 725 0248 01       		.byte	0x1
 726 0249 F3       		.byte	0xf3
 727 024a 86000000 		.4byte	0x86
 728 024e 01       		.uleb128 0x1
 729 024f 50       		.byte	0x50
 730 0250 13       		.uleb128 0x13
 731 0251 A3020000 		.4byte	.LASF30
 732 0255 01       		.byte	0x1
 733 0256 F5       		.byte	0xf5
 734 0257 86000000 		.4byte	0x86
 735 025b 01       		.uleb128 0x1
 736 025c 53       		.byte	0x53
 737 025d 00       		.byte	0
 738 025e 14       		.uleb128 0x14
 739 025f E7000000 		.4byte	.LASF32
 740 0263 01       		.byte	0x1
 741 0264 1501     		.2byte	0x115
 742 0266 00000000 		.4byte	.LFB7
 743 026a B8000000 		.4byte	.LFE7-.LFB7
 744 026e 01       		.uleb128 0x1
 745 026f 9C       		.byte	0x9c
 746 0270 68030000 		.4byte	0x368
 747 0274 15       		.uleb128 0x15
 748 0275 0E000000 		.4byte	.LBB2
 749 0279 4E000000 		.4byte	.LBE2-.LBB2
 750 027d 14030000 		.4byte	0x314
 751 0281 16       		.uleb128 0x16
 752 0282 06       		.byte	0x6
 753 0283 01       		.byte	0x1
 754 0284 2101     		.2byte	0x121
 755 0286 A5020000 		.4byte	0x2a5
 756 028a 17       		.uleb128 0x17
 757 028b F5010000 		.4byte	.LASF33
 758 028f 01       		.byte	0x1
 759 0290 2201     		.2byte	0x122
 760 0292 7D000000 		.4byte	0x7d
 761 0296 00       		.byte	0
 762 0297 17       		.uleb128 0x17
 763 0298 89000000 		.4byte	.LASF34
 764 029c 01       		.byte	0x1
 765 029d 2301     		.2byte	0x123
 766 029f 92000000 		.4byte	0x92
 767 02a3 04       		.byte	0x4
 768 02a4 00       		.byte	0
 769 02a5 06       		.uleb128 0x6
ARM GAS  C:\Users\User\AppData\Local\Temp\ccBs04y4.s 			page 21


 770 02a6 14020000 		.4byte	.LASF35
 771 02aa 01       		.byte	0x1
 772 02ab 2401     		.2byte	0x124
 773 02ad 81020000 		.4byte	0x281
 774 02b1 18       		.uleb128 0x18
 775 02b2 A5020000 		.4byte	0x2a5
 776 02b6 C1020000 		.4byte	0x2c1
 777 02ba 19       		.uleb128 0x19
 778 02bb 76000000 		.4byte	0x76
 779 02bf 08       		.byte	0x8
 780 02c0 00       		.byte	0
 781 02c1 1A       		.uleb128 0x1a
 782 02c2 34000000 		.4byte	.LASF36
 783 02c6 01       		.byte	0x1
 784 02c7 2601     		.2byte	0x126
 785 02c9 D3020000 		.4byte	0x2d3
 786 02cd 05       		.uleb128 0x5
 787 02ce 03       		.byte	0x3
 788 02cf 00000000 		.4byte	cfg_memset_list.4859
 789 02d3 1B       		.uleb128 0x1b
 790 02d4 B1020000 		.4byte	0x2b1
 791 02d8 1C       		.uleb128 0x1c
 792 02d9 6900     		.ascii	"i\000"
 793 02db 01       		.byte	0x1
 794 02dc 3301     		.2byte	0x133
 795 02de 86000000 		.4byte	0x86
 796 02e2 0C010000 		.4byte	.LLST8
 797 02e6 1D       		.uleb128 0x1d
 798 02e7 12000000 		.4byte	.LBB3
 799 02eb 16000000 		.4byte	.LBE3-.LBB3
 800 02ef 1C       		.uleb128 0x1c
 801 02f0 6D7300   		.ascii	"ms\000"
 802 02f3 01       		.byte	0x1
 803 02f4 3801     		.2byte	0x138
 804 02f6 FE020000 		.4byte	0x2fe
 805 02fa 36010000 		.4byte	.LLST9
 806 02fe 10       		.uleb128 0x10
 807 02ff 04       		.byte	0x4
 808 0300 04030000 		.4byte	0x304
 809 0304 1B       		.uleb128 0x1b
 810 0305 A5020000 		.4byte	0x2a5
 811 0309 1E       		.uleb128 0x1e
 812 030a 28000000 		.4byte	.LVL20
 813 030e 22010000 		.4byte	0x122
 814 0312 00       		.byte	0
 815 0313 00       		.byte	0
 816 0314 0E       		.uleb128 0xe
 817 0315 68000000 		.4byte	.LVL24
 818 0319 C7010000 		.4byte	0x1c7
 819 031d 37030000 		.4byte	0x337
 820 0321 0D       		.uleb128 0xd
 821 0322 01       		.uleb128 0x1
 822 0323 52       		.byte	0x52
 823 0324 01       		.uleb128 0x1
 824 0325 38       		.byte	0x38
 825 0326 0D       		.uleb128 0xd
 826 0327 01       		.uleb128 0x1
ARM GAS  C:\Users\User\AppData\Local\Temp\ccBs04y4.s 			page 22


 827 0328 51       		.byte	0x51
 828 0329 03       		.uleb128 0x3
 829 032a 42       		.byte	0x42
 830 032b 4A       		.byte	0x4a
 831 032c 24       		.byte	0x24
 832 032d 0D       		.uleb128 0xd
 833 032e 01       		.uleb128 0x1
 834 032f 50       		.byte	0x50
 835 0330 05       		.uleb128 0x5
 836 0331 0C       		.byte	0xc
 837 0332 12510040 		.4byte	0x40005112
 838 0336 00       		.byte	0
 839 0337 1E       		.uleb128 0x1e
 840 0338 7C000000 		.4byte	.LVL25
 841 033c 6F010000 		.4byte	0x16f
 842 0340 1E       		.uleb128 0x1e
 843 0341 88000000 		.4byte	.LVL26
 844 0345 FD000000 		.4byte	0xfd
 845 0349 0C       		.uleb128 0xc
 846 034a 92000000 		.4byte	.LVL27
 847 034e C7010000 		.4byte	0x1c7
 848 0352 0D       		.uleb128 0xd
 849 0353 01       		.uleb128 0x1
 850 0354 52       		.byte	0x52
 851 0355 01       		.uleb128 0x1
 852 0356 3E       		.byte	0x3e
 853 0357 0D       		.uleb128 0xd
 854 0358 01       		.uleb128 0x1
 855 0359 51       		.byte	0x51
 856 035a 02       		.uleb128 0x2
 857 035b 74       		.byte	0x74
 858 035c 00       		.sleb128 0
 859 035d 0D       		.uleb128 0xd
 860 035e 01       		.uleb128 0x1
 861 035f 50       		.byte	0x50
 862 0360 05       		.uleb128 0x5
 863 0361 0C       		.byte	0xc
 864 0362 B0430040 		.4byte	0x400043b0
 865 0366 00       		.byte	0
 866 0367 00       		.byte	0
 867 0368 1F       		.uleb128 0x1f
 868 0369 D9000000 		.4byte	.LASF37
 869 036d 7D000000 		.4byte	0x7d
 870 0371 85030000 		.4byte	0x385
 871 0375 20       		.uleb128 0x20
 872 0376 7D000000 		.4byte	0x7d
 873 037a 20       		.uleb128 0x20
 874 037b 25000000 		.4byte	0x25
 875 037f 20       		.uleb128 0x20
 876 0380 76000000 		.4byte	0x76
 877 0384 00       		.byte	0
 878 0385 21       		.uleb128 0x21
 879 0386 06000000 		.4byte	.LASF38
 880 038a 04       		.byte	0x4
 881 038b 79       		.byte	0x79
 882 038c 96030000 		.4byte	0x396
 883 0390 20       		.uleb128 0x20
ARM GAS  C:\Users\User\AppData\Local\Temp\ccBs04y4.s 			page 23


 884 0391 9E000000 		.4byte	0x9e
 885 0395 00       		.byte	0
 886 0396 22       		.uleb128 0x22
 887 0397 5E020000 		.4byte	.LASF42
 888 039b 7D000000 		.4byte	0x7d
 889 039f 20       		.uleb128 0x20
 890 03a0 7D000000 		.4byte	0x7d
 891 03a4 20       		.uleb128 0x20
 892 03a5 27020000 		.4byte	0x227
 893 03a9 20       		.uleb128 0x20
 894 03aa 76000000 		.4byte	0x76
 895 03ae 00       		.byte	0
 896 03af 00       		.byte	0
 897              		.section	.debug_abbrev,"",%progbits
 898              	.Ldebug_abbrev0:
 899 0000 01       		.uleb128 0x1
 900 0001 11       		.uleb128 0x11
 901 0002 01       		.byte	0x1
 902 0003 25       		.uleb128 0x25
 903 0004 0E       		.uleb128 0xe
 904 0005 13       		.uleb128 0x13
 905 0006 0B       		.uleb128 0xb
 906 0007 03       		.uleb128 0x3
 907 0008 0E       		.uleb128 0xe
 908 0009 1B       		.uleb128 0x1b
 909 000a 0E       		.uleb128 0xe
 910 000b 55       		.uleb128 0x55
 911 000c 17       		.uleb128 0x17
 912 000d 11       		.uleb128 0x11
 913 000e 01       		.uleb128 0x1
 914 000f 10       		.uleb128 0x10
 915 0010 17       		.uleb128 0x17
 916 0011 00       		.byte	0
 917 0012 00       		.byte	0
 918 0013 02       		.uleb128 0x2
 919 0014 24       		.uleb128 0x24
 920 0015 00       		.byte	0
 921 0016 0B       		.uleb128 0xb
 922 0017 0B       		.uleb128 0xb
 923 0018 3E       		.uleb128 0x3e
 924 0019 0B       		.uleb128 0xb
 925 001a 03       		.uleb128 0x3
 926 001b 08       		.uleb128 0x8
 927 001c 00       		.byte	0
 928 001d 00       		.byte	0
 929 001e 03       		.uleb128 0x3
 930 001f 16       		.uleb128 0x16
 931 0020 00       		.byte	0
 932 0021 03       		.uleb128 0x3
 933 0022 0E       		.uleb128 0xe
 934 0023 3A       		.uleb128 0x3a
 935 0024 0B       		.uleb128 0xb
 936 0025 3B       		.uleb128 0x3b
 937 0026 0B       		.uleb128 0xb
 938 0027 49       		.uleb128 0x49
 939 0028 13       		.uleb128 0x13
 940 0029 00       		.byte	0
ARM GAS  C:\Users\User\AppData\Local\Temp\ccBs04y4.s 			page 24


 941 002a 00       		.byte	0
 942 002b 04       		.uleb128 0x4
 943 002c 24       		.uleb128 0x24
 944 002d 00       		.byte	0
 945 002e 0B       		.uleb128 0xb
 946 002f 0B       		.uleb128 0xb
 947 0030 3E       		.uleb128 0x3e
 948 0031 0B       		.uleb128 0xb
 949 0032 03       		.uleb128 0x3
 950 0033 0E       		.uleb128 0xe
 951 0034 00       		.byte	0
 952 0035 00       		.byte	0
 953 0036 05       		.uleb128 0x5
 954 0037 0F       		.uleb128 0xf
 955 0038 00       		.byte	0
 956 0039 0B       		.uleb128 0xb
 957 003a 0B       		.uleb128 0xb
 958 003b 00       		.byte	0
 959 003c 00       		.byte	0
 960 003d 06       		.uleb128 0x6
 961 003e 16       		.uleb128 0x16
 962 003f 00       		.byte	0
 963 0040 03       		.uleb128 0x3
 964 0041 0E       		.uleb128 0xe
 965 0042 3A       		.uleb128 0x3a
 966 0043 0B       		.uleb128 0xb
 967 0044 3B       		.uleb128 0x3b
 968 0045 05       		.uleb128 0x5
 969 0046 49       		.uleb128 0x49
 970 0047 13       		.uleb128 0x13
 971 0048 00       		.byte	0
 972 0049 00       		.byte	0
 973 004a 07       		.uleb128 0x7
 974 004b 35       		.uleb128 0x35
 975 004c 00       		.byte	0
 976 004d 49       		.uleb128 0x49
 977 004e 13       		.uleb128 0x13
 978 004f 00       		.byte	0
 979 0050 00       		.byte	0
 980 0051 08       		.uleb128 0x8
 981 0052 2E       		.uleb128 0x2e
 982 0053 01       		.byte	0x1
 983 0054 03       		.uleb128 0x3
 984 0055 0E       		.uleb128 0xe
 985 0056 3A       		.uleb128 0x3a
 986 0057 0B       		.uleb128 0xb
 987 0058 3B       		.uleb128 0x3b
 988 0059 0B       		.uleb128 0xb
 989 005a 27       		.uleb128 0x27
 990 005b 19       		.uleb128 0x19
 991 005c 11       		.uleb128 0x11
 992 005d 01       		.uleb128 0x1
 993 005e 12       		.uleb128 0x12
 994 005f 06       		.uleb128 0x6
 995 0060 40       		.uleb128 0x40
 996 0061 18       		.uleb128 0x18
 997 0062 9742     		.uleb128 0x2117
ARM GAS  C:\Users\User\AppData\Local\Temp\ccBs04y4.s 			page 25


 998 0064 19       		.uleb128 0x19
 999 0065 01       		.uleb128 0x1
 1000 0066 13       		.uleb128 0x13
 1001 0067 00       		.byte	0
 1002 0068 00       		.byte	0
 1003 0069 09       		.uleb128 0x9
 1004 006a 05       		.uleb128 0x5
 1005 006b 00       		.byte	0
 1006 006c 03       		.uleb128 0x3
 1007 006d 0E       		.uleb128 0xe
 1008 006e 3A       		.uleb128 0x3a
 1009 006f 0B       		.uleb128 0xb
 1010 0070 3B       		.uleb128 0x3b
 1011 0071 0B       		.uleb128 0xb
 1012 0072 49       		.uleb128 0x49
 1013 0073 13       		.uleb128 0x13
 1014 0074 02       		.uleb128 0x2
 1015 0075 18       		.uleb128 0x18
 1016 0076 00       		.byte	0
 1017 0077 00       		.byte	0
 1018 0078 0A       		.uleb128 0xa
 1019 0079 34       		.uleb128 0x34
 1020 007a 00       		.byte	0
 1021 007b 03       		.uleb128 0x3
 1022 007c 0E       		.uleb128 0xe
 1023 007d 3A       		.uleb128 0x3a
 1024 007e 0B       		.uleb128 0xb
 1025 007f 3B       		.uleb128 0x3b
 1026 0080 0B       		.uleb128 0xb
 1027 0081 49       		.uleb128 0x49
 1028 0082 13       		.uleb128 0x13
 1029 0083 02       		.uleb128 0x2
 1030 0084 17       		.uleb128 0x17
 1031 0085 00       		.byte	0
 1032 0086 00       		.byte	0
 1033 0087 0B       		.uleb128 0xb
 1034 0088 05       		.uleb128 0x5
 1035 0089 00       		.byte	0
 1036 008a 03       		.uleb128 0x3
 1037 008b 08       		.uleb128 0x8
 1038 008c 3A       		.uleb128 0x3a
 1039 008d 0B       		.uleb128 0xb
 1040 008e 3B       		.uleb128 0x3b
 1041 008f 0B       		.uleb128 0xb
 1042 0090 49       		.uleb128 0x49
 1043 0091 13       		.uleb128 0x13
 1044 0092 02       		.uleb128 0x2
 1045 0093 17       		.uleb128 0x17
 1046 0094 00       		.byte	0
 1047 0095 00       		.byte	0
 1048 0096 0C       		.uleb128 0xc
 1049 0097 898201   		.uleb128 0x4109
 1050 009a 01       		.byte	0x1
 1051 009b 11       		.uleb128 0x11
 1052 009c 01       		.uleb128 0x1
 1053 009d 31       		.uleb128 0x31
 1054 009e 13       		.uleb128 0x13
ARM GAS  C:\Users\User\AppData\Local\Temp\ccBs04y4.s 			page 26


 1055 009f 00       		.byte	0
 1056 00a0 00       		.byte	0
 1057 00a1 0D       		.uleb128 0xd
 1058 00a2 8A8201   		.uleb128 0x410a
 1059 00a5 00       		.byte	0
 1060 00a6 02       		.uleb128 0x2
 1061 00a7 18       		.uleb128 0x18
 1062 00a8 9142     		.uleb128 0x2111
 1063 00aa 18       		.uleb128 0x18
 1064 00ab 00       		.byte	0
 1065 00ac 00       		.byte	0
 1066 00ad 0E       		.uleb128 0xe
 1067 00ae 898201   		.uleb128 0x4109
 1068 00b1 01       		.byte	0x1
 1069 00b2 11       		.uleb128 0x11
 1070 00b3 01       		.uleb128 0x1
 1071 00b4 31       		.uleb128 0x31
 1072 00b5 13       		.uleb128 0x13
 1073 00b6 01       		.uleb128 0x1
 1074 00b7 13       		.uleb128 0x13
 1075 00b8 00       		.byte	0
 1076 00b9 00       		.byte	0
 1077 00ba 0F       		.uleb128 0xf
 1078 00bb 05       		.uleb128 0x5
 1079 00bc 00       		.byte	0
 1080 00bd 03       		.uleb128 0x3
 1081 00be 0E       		.uleb128 0xe
 1082 00bf 3A       		.uleb128 0x3a
 1083 00c0 0B       		.uleb128 0xb
 1084 00c1 3B       		.uleb128 0x3b
 1085 00c2 0B       		.uleb128 0xb
 1086 00c3 49       		.uleb128 0x49
 1087 00c4 13       		.uleb128 0x13
 1088 00c5 02       		.uleb128 0x2
 1089 00c6 17       		.uleb128 0x17
 1090 00c7 00       		.byte	0
 1091 00c8 00       		.byte	0
 1092 00c9 10       		.uleb128 0x10
 1093 00ca 0F       		.uleb128 0xf
 1094 00cb 00       		.byte	0
 1095 00cc 0B       		.uleb128 0xb
 1096 00cd 0B       		.uleb128 0xb
 1097 00ce 49       		.uleb128 0x49
 1098 00cf 13       		.uleb128 0x13
 1099 00d0 00       		.byte	0
 1100 00d1 00       		.byte	0
 1101 00d2 11       		.uleb128 0x11
 1102 00d3 26       		.uleb128 0x26
 1103 00d4 00       		.byte	0
 1104 00d5 00       		.byte	0
 1105 00d6 00       		.byte	0
 1106 00d7 12       		.uleb128 0x12
 1107 00d8 2E       		.uleb128 0x2e
 1108 00d9 01       		.byte	0x1
 1109 00da 3F       		.uleb128 0x3f
 1110 00db 19       		.uleb128 0x19
 1111 00dc 03       		.uleb128 0x3
ARM GAS  C:\Users\User\AppData\Local\Temp\ccBs04y4.s 			page 27


 1112 00dd 0E       		.uleb128 0xe
 1113 00de 3A       		.uleb128 0x3a
 1114 00df 0B       		.uleb128 0xb
 1115 00e0 3B       		.uleb128 0x3b
 1116 00e1 0B       		.uleb128 0xb
 1117 00e2 27       		.uleb128 0x27
 1118 00e3 19       		.uleb128 0x19
 1119 00e4 11       		.uleb128 0x11
 1120 00e5 01       		.uleb128 0x1
 1121 00e6 12       		.uleb128 0x12
 1122 00e7 06       		.uleb128 0x6
 1123 00e8 40       		.uleb128 0x40
 1124 00e9 18       		.uleb128 0x18
 1125 00ea 9742     		.uleb128 0x2117
 1126 00ec 19       		.uleb128 0x19
 1127 00ed 01       		.uleb128 0x1
 1128 00ee 13       		.uleb128 0x13
 1129 00ef 00       		.byte	0
 1130 00f0 00       		.byte	0
 1131 00f1 13       		.uleb128 0x13
 1132 00f2 34       		.uleb128 0x34
 1133 00f3 00       		.byte	0
 1134 00f4 03       		.uleb128 0x3
 1135 00f5 0E       		.uleb128 0xe
 1136 00f6 3A       		.uleb128 0x3a
 1137 00f7 0B       		.uleb128 0xb
 1138 00f8 3B       		.uleb128 0x3b
 1139 00f9 0B       		.uleb128 0xb
 1140 00fa 49       		.uleb128 0x49
 1141 00fb 13       		.uleb128 0x13
 1142 00fc 02       		.uleb128 0x2
 1143 00fd 18       		.uleb128 0x18
 1144 00fe 00       		.byte	0
 1145 00ff 00       		.byte	0
 1146 0100 14       		.uleb128 0x14
 1147 0101 2E       		.uleb128 0x2e
 1148 0102 01       		.byte	0x1
 1149 0103 3F       		.uleb128 0x3f
 1150 0104 19       		.uleb128 0x19
 1151 0105 03       		.uleb128 0x3
 1152 0106 0E       		.uleb128 0xe
 1153 0107 3A       		.uleb128 0x3a
 1154 0108 0B       		.uleb128 0xb
 1155 0109 3B       		.uleb128 0x3b
 1156 010a 05       		.uleb128 0x5
 1157 010b 27       		.uleb128 0x27
 1158 010c 19       		.uleb128 0x19
 1159 010d 11       		.uleb128 0x11
 1160 010e 01       		.uleb128 0x1
 1161 010f 12       		.uleb128 0x12
 1162 0110 06       		.uleb128 0x6
 1163 0111 40       		.uleb128 0x40
 1164 0112 18       		.uleb128 0x18
 1165 0113 9742     		.uleb128 0x2117
 1166 0115 19       		.uleb128 0x19
 1167 0116 01       		.uleb128 0x1
 1168 0117 13       		.uleb128 0x13
ARM GAS  C:\Users\User\AppData\Local\Temp\ccBs04y4.s 			page 28


 1169 0118 00       		.byte	0
 1170 0119 00       		.byte	0
 1171 011a 15       		.uleb128 0x15
 1172 011b 0B       		.uleb128 0xb
 1173 011c 01       		.byte	0x1
 1174 011d 11       		.uleb128 0x11
 1175 011e 01       		.uleb128 0x1
 1176 011f 12       		.uleb128 0x12
 1177 0120 06       		.uleb128 0x6
 1178 0121 01       		.uleb128 0x1
 1179 0122 13       		.uleb128 0x13
 1180 0123 00       		.byte	0
 1181 0124 00       		.byte	0
 1182 0125 16       		.uleb128 0x16
 1183 0126 13       		.uleb128 0x13
 1184 0127 01       		.byte	0x1
 1185 0128 0B       		.uleb128 0xb
 1186 0129 0B       		.uleb128 0xb
 1187 012a 3A       		.uleb128 0x3a
 1188 012b 0B       		.uleb128 0xb
 1189 012c 3B       		.uleb128 0x3b
 1190 012d 05       		.uleb128 0x5
 1191 012e 01       		.uleb128 0x1
 1192 012f 13       		.uleb128 0x13
 1193 0130 00       		.byte	0
 1194 0131 00       		.byte	0
 1195 0132 17       		.uleb128 0x17
 1196 0133 0D       		.uleb128 0xd
 1197 0134 00       		.byte	0
 1198 0135 03       		.uleb128 0x3
 1199 0136 0E       		.uleb128 0xe
 1200 0137 3A       		.uleb128 0x3a
 1201 0138 0B       		.uleb128 0xb
 1202 0139 3B       		.uleb128 0x3b
 1203 013a 05       		.uleb128 0x5
 1204 013b 49       		.uleb128 0x49
 1205 013c 13       		.uleb128 0x13
 1206 013d 38       		.uleb128 0x38
 1207 013e 0B       		.uleb128 0xb
 1208 013f 00       		.byte	0
 1209 0140 00       		.byte	0
 1210 0141 18       		.uleb128 0x18
 1211 0142 01       		.uleb128 0x1
 1212 0143 01       		.byte	0x1
 1213 0144 49       		.uleb128 0x49
 1214 0145 13       		.uleb128 0x13
 1215 0146 01       		.uleb128 0x1
 1216 0147 13       		.uleb128 0x13
 1217 0148 00       		.byte	0
 1218 0149 00       		.byte	0
 1219 014a 19       		.uleb128 0x19
 1220 014b 21       		.uleb128 0x21
 1221 014c 00       		.byte	0
 1222 014d 49       		.uleb128 0x49
 1223 014e 13       		.uleb128 0x13
 1224 014f 2F       		.uleb128 0x2f
 1225 0150 0B       		.uleb128 0xb
ARM GAS  C:\Users\User\AppData\Local\Temp\ccBs04y4.s 			page 29


 1226 0151 00       		.byte	0
 1227 0152 00       		.byte	0
 1228 0153 1A       		.uleb128 0x1a
 1229 0154 34       		.uleb128 0x34
 1230 0155 00       		.byte	0
 1231 0156 03       		.uleb128 0x3
 1232 0157 0E       		.uleb128 0xe
 1233 0158 3A       		.uleb128 0x3a
 1234 0159 0B       		.uleb128 0xb
 1235 015a 3B       		.uleb128 0x3b
 1236 015b 05       		.uleb128 0x5
 1237 015c 49       		.uleb128 0x49
 1238 015d 13       		.uleb128 0x13
 1239 015e 02       		.uleb128 0x2
 1240 015f 18       		.uleb128 0x18
 1241 0160 00       		.byte	0
 1242 0161 00       		.byte	0
 1243 0162 1B       		.uleb128 0x1b
 1244 0163 26       		.uleb128 0x26
 1245 0164 00       		.byte	0
 1246 0165 49       		.uleb128 0x49
 1247 0166 13       		.uleb128 0x13
 1248 0167 00       		.byte	0
 1249 0168 00       		.byte	0
 1250 0169 1C       		.uleb128 0x1c
 1251 016a 34       		.uleb128 0x34
 1252 016b 00       		.byte	0
 1253 016c 03       		.uleb128 0x3
 1254 016d 08       		.uleb128 0x8
 1255 016e 3A       		.uleb128 0x3a
 1256 016f 0B       		.uleb128 0xb
 1257 0170 3B       		.uleb128 0x3b
 1258 0171 05       		.uleb128 0x5
 1259 0172 49       		.uleb128 0x49
 1260 0173 13       		.uleb128 0x13
 1261 0174 02       		.uleb128 0x2
 1262 0175 17       		.uleb128 0x17
 1263 0176 00       		.byte	0
 1264 0177 00       		.byte	0
 1265 0178 1D       		.uleb128 0x1d
 1266 0179 0B       		.uleb128 0xb
 1267 017a 01       		.byte	0x1
 1268 017b 11       		.uleb128 0x11
 1269 017c 01       		.uleb128 0x1
 1270 017d 12       		.uleb128 0x12
 1271 017e 06       		.uleb128 0x6
 1272 017f 00       		.byte	0
 1273 0180 00       		.byte	0
 1274 0181 1E       		.uleb128 0x1e
 1275 0182 898201   		.uleb128 0x4109
 1276 0185 00       		.byte	0
 1277 0186 11       		.uleb128 0x11
 1278 0187 01       		.uleb128 0x1
 1279 0188 31       		.uleb128 0x31
 1280 0189 13       		.uleb128 0x13
 1281 018a 00       		.byte	0
 1282 018b 00       		.byte	0
ARM GAS  C:\Users\User\AppData\Local\Temp\ccBs04y4.s 			page 30


 1283 018c 1F       		.uleb128 0x1f
 1284 018d 2E       		.uleb128 0x2e
 1285 018e 01       		.byte	0x1
 1286 018f 3F       		.uleb128 0x3f
 1287 0190 19       		.uleb128 0x19
 1288 0191 03       		.uleb128 0x3
 1289 0192 0E       		.uleb128 0xe
 1290 0193 27       		.uleb128 0x27
 1291 0194 19       		.uleb128 0x19
 1292 0195 49       		.uleb128 0x49
 1293 0196 13       		.uleb128 0x13
 1294 0197 34       		.uleb128 0x34
 1295 0198 19       		.uleb128 0x19
 1296 0199 3C       		.uleb128 0x3c
 1297 019a 19       		.uleb128 0x19
 1298 019b 01       		.uleb128 0x1
 1299 019c 13       		.uleb128 0x13
 1300 019d 00       		.byte	0
 1301 019e 00       		.byte	0
 1302 019f 20       		.uleb128 0x20
 1303 01a0 05       		.uleb128 0x5
 1304 01a1 00       		.byte	0
 1305 01a2 49       		.uleb128 0x49
 1306 01a3 13       		.uleb128 0x13
 1307 01a4 00       		.byte	0
 1308 01a5 00       		.byte	0
 1309 01a6 21       		.uleb128 0x21
 1310 01a7 2E       		.uleb128 0x2e
 1311 01a8 01       		.byte	0x1
 1312 01a9 3F       		.uleb128 0x3f
 1313 01aa 19       		.uleb128 0x19
 1314 01ab 03       		.uleb128 0x3
 1315 01ac 0E       		.uleb128 0xe
 1316 01ad 3A       		.uleb128 0x3a
 1317 01ae 0B       		.uleb128 0xb
 1318 01af 3B       		.uleb128 0x3b
 1319 01b0 0B       		.uleb128 0xb
 1320 01b1 27       		.uleb128 0x27
 1321 01b2 19       		.uleb128 0x19
 1322 01b3 3C       		.uleb128 0x3c
 1323 01b4 19       		.uleb128 0x19
 1324 01b5 01       		.uleb128 0x1
 1325 01b6 13       		.uleb128 0x13
 1326 01b7 00       		.byte	0
 1327 01b8 00       		.byte	0
 1328 01b9 22       		.uleb128 0x22
 1329 01ba 2E       		.uleb128 0x2e
 1330 01bb 01       		.byte	0x1
 1331 01bc 3F       		.uleb128 0x3f
 1332 01bd 19       		.uleb128 0x19
 1333 01be 03       		.uleb128 0x3
 1334 01bf 0E       		.uleb128 0xe
 1335 01c0 27       		.uleb128 0x27
 1336 01c1 19       		.uleb128 0x19
 1337 01c2 49       		.uleb128 0x49
 1338 01c3 13       		.uleb128 0x13
 1339 01c4 34       		.uleb128 0x34
ARM GAS  C:\Users\User\AppData\Local\Temp\ccBs04y4.s 			page 31


 1340 01c5 19       		.uleb128 0x19
 1341 01c6 3C       		.uleb128 0x3c
 1342 01c7 19       		.uleb128 0x19
 1343 01c8 00       		.byte	0
 1344 01c9 00       		.byte	0
 1345 01ca 00       		.byte	0
 1346              		.section	.debug_loc,"",%progbits
 1347              	.Ldebug_loc0:
 1348              	.LLST0:
 1349 0000 06000000 		.4byte	.LVL1
 1350 0004 10000000 		.4byte	.LVL2
 1351 0008 0100     		.2byte	0x1
 1352 000a 53       		.byte	0x53
 1353 000b 00000000 		.4byte	0
 1354 000f 00000000 		.4byte	0
 1355              	.LLST1:
 1356 0013 00000000 		.4byte	.LVL3
 1357 0017 09000000 		.4byte	.LVL5-1
 1358 001b 0100     		.2byte	0x1
 1359 001d 50       		.byte	0x50
 1360 001e 09000000 		.4byte	.LVL5-1
 1361 0022 0C000000 		.4byte	.LFE0
 1362 0026 0400     		.2byte	0x4
 1363 0028 F3       		.byte	0xf3
 1364 0029 01       		.uleb128 0x1
 1365 002a 50       		.byte	0x50
 1366 002b 9F       		.byte	0x9f
 1367 002c 00000000 		.4byte	0
 1368 0030 00000000 		.4byte	0
 1369              	.LLST2:
 1370 0034 00000000 		.4byte	.LVL3
 1371 0038 06000000 		.4byte	.LVL4
 1372 003c 0100     		.2byte	0x1
 1373 003e 51       		.byte	0x51
 1374 003f 06000000 		.4byte	.LVL4
 1375 0043 09000000 		.4byte	.LVL5-1
 1376 0047 0100     		.2byte	0x1
 1377 0049 52       		.byte	0x52
 1378 004a 09000000 		.4byte	.LVL5-1
 1379 004e 0C000000 		.4byte	.LFE0
 1380 0052 0400     		.2byte	0x4
 1381 0054 F3       		.byte	0xf3
 1382 0055 01       		.uleb128 0x1
 1383 0056 51       		.byte	0x51
 1384 0057 9F       		.byte	0x9f
 1385 0058 00000000 		.4byte	0
 1386 005c 00000000 		.4byte	0
 1387              	.LLST3:
 1388 0060 2E000000 		.4byte	.LVL6
 1389 0064 34000000 		.4byte	.LVL7
 1390 0068 0200     		.2byte	0x2
 1391 006a 49       		.byte	0x49
 1392 006b 9F       		.byte	0x9f
 1393 006c 34000000 		.4byte	.LVL7
 1394 0070 7E000000 		.4byte	.LVL13
 1395 0074 0100     		.2byte	0x1
 1396 0076 55       		.byte	0x55
ARM GAS  C:\Users\User\AppData\Local\Temp\ccBs04y4.s 			page 32


 1397 0077 00000000 		.4byte	0
 1398 007b 00000000 		.4byte	0
 1399              	.LLST4:
 1400 007f 2E000000 		.4byte	.LVL6
 1401 0083 34000000 		.4byte	.LVL7
 1402 0087 0200     		.2byte	0x2
 1403 0089 30       		.byte	0x30
 1404 008a 9F       		.byte	0x9f
 1405 008b 34000000 		.4byte	.LVL7
 1406 008f 40000000 		.4byte	.LVL8
 1407 0093 0100     		.2byte	0x1
 1408 0095 54       		.byte	0x54
 1409 0096 44000000 		.4byte	.LVL9
 1410 009a 7E000000 		.4byte	.LVL13
 1411 009e 0100     		.2byte	0x1
 1412 00a0 54       		.byte	0x54
 1413 00a1 00000000 		.4byte	0
 1414 00a5 00000000 		.4byte	0
 1415              	.LLST5:
 1416 00a9 00000000 		.4byte	.LVL14
 1417 00ad 05000000 		.4byte	.LVL15-1
 1418 00b1 0100     		.2byte	0x1
 1419 00b3 50       		.byte	0x50
 1420 00b4 05000000 		.4byte	.LVL15-1
 1421 00b8 08000000 		.4byte	.LFE1
 1422 00bc 0400     		.2byte	0x4
 1423 00be F3       		.byte	0xf3
 1424 00bf 01       		.uleb128 0x1
 1425 00c0 50       		.byte	0x50
 1426 00c1 9F       		.byte	0x9f
 1427 00c2 00000000 		.4byte	0
 1428 00c6 00000000 		.4byte	0
 1429              	.LLST6:
 1430 00ca 00000000 		.4byte	.LVL14
 1431 00ce 05000000 		.4byte	.LVL15-1
 1432 00d2 0100     		.2byte	0x1
 1433 00d4 51       		.byte	0x51
 1434 00d5 05000000 		.4byte	.LVL15-1
 1435 00d9 08000000 		.4byte	.LFE1
 1436 00dd 0400     		.2byte	0x4
 1437 00df F3       		.byte	0xf3
 1438 00e0 01       		.uleb128 0x1
 1439 00e1 51       		.byte	0x51
 1440 00e2 9F       		.byte	0x9f
 1441 00e3 00000000 		.4byte	0
 1442 00e7 00000000 		.4byte	0
 1443              	.LLST7:
 1444 00eb 00000000 		.4byte	.LVL14
 1445 00ef 05000000 		.4byte	.LVL15-1
 1446 00f3 0100     		.2byte	0x1
 1447 00f5 52       		.byte	0x52
 1448 00f6 05000000 		.4byte	.LVL15-1
 1449 00fa 08000000 		.4byte	.LFE1
 1450 00fe 0400     		.2byte	0x4
 1451 0100 F3       		.byte	0xf3
 1452 0101 01       		.uleb128 0x1
 1453 0102 52       		.byte	0x52
ARM GAS  C:\Users\User\AppData\Local\Temp\ccBs04y4.s 			page 33


 1454 0103 9F       		.byte	0x9f
 1455 0104 00000000 		.4byte	0
 1456 0108 00000000 		.4byte	0
 1457              	.LLST8:
 1458 010c 0E000000 		.4byte	.LVL18
 1459 0110 12000000 		.4byte	.LVL19
 1460 0114 0200     		.2byte	0x2
 1461 0116 30       		.byte	0x30
 1462 0117 9F       		.byte	0x9f
 1463 0118 12000000 		.4byte	.LVL19
 1464 011c 2A000000 		.4byte	.LVL21
 1465 0120 0100     		.2byte	0x1
 1466 0122 54       		.byte	0x54
 1467 0123 2C000000 		.4byte	.LVL22
 1468 0127 46000000 		.4byte	.LVL23
 1469 012b 0100     		.2byte	0x1
 1470 012d 54       		.byte	0x54
 1471 012e 00000000 		.4byte	0
 1472 0132 00000000 		.4byte	0
 1473              	.LLST9:
 1474 0136 12000000 		.4byte	.LVL19
 1475 013a 2A000000 		.4byte	.LVL21
 1476 013e 0B00     		.2byte	0xb
 1477 0140 74       		.byte	0x74
 1478 0141 00       		.sleb128 0
 1479 0142 36       		.byte	0x36
 1480 0143 1E       		.byte	0x1e
 1481 0144 03       		.byte	0x3
 1482 0145 00000000 		.4byte	cfg_memset_list.4859
 1483 0149 22       		.byte	0x22
 1484 014a 9F       		.byte	0x9f
 1485 014b 2A000000 		.4byte	.LVL21
 1486 014f 2C000000 		.4byte	.LVL22
 1487 0153 0B00     		.2byte	0xb
 1488 0155 74       		.byte	0x74
 1489 0156 7F       		.sleb128 -1
 1490 0157 36       		.byte	0x36
 1491 0158 1E       		.byte	0x1e
 1492 0159 03       		.byte	0x3
 1493 015a 00000000 		.4byte	cfg_memset_list.4859
 1494 015e 22       		.byte	0x22
 1495 015f 9F       		.byte	0x9f
 1496 0160 00000000 		.4byte	0
 1497 0164 00000000 		.4byte	0
 1498              		.section	.debug_aranges,"",%progbits
 1499 0000 4C000000 		.4byte	0x4c
 1500 0004 0200     		.2byte	0x2
 1501 0006 00000000 		.4byte	.Ldebug_info0
 1502 000a 04       		.byte	0x4
 1503 000b 00       		.byte	0
 1504 000c 0000     		.2byte	0
 1505 000e 0000     		.2byte	0
 1506 0010 00000000 		.4byte	.LFB3
 1507 0014 02000000 		.4byte	.LFE3-.LFB3
 1508 0018 00000000 		.4byte	.LFB5
 1509 001c 28000000 		.4byte	.LFE5-.LFB5
 1510 0020 00000000 		.4byte	.LFB0
ARM GAS  C:\Users\User\AppData\Local\Temp\ccBs04y4.s 			page 34


 1511 0024 0C000000 		.4byte	.LFE0-.LFB0
 1512 0028 00000000 		.4byte	.LFB4
 1513 002c 9C000000 		.4byte	.LFE4-.LFB4
 1514 0030 00000000 		.4byte	.LFB1
 1515 0034 08000000 		.4byte	.LFE1-.LFB1
 1516 0038 00000000 		.4byte	.LFB6
 1517 003c 10000000 		.4byte	.LFE6-.LFB6
 1518 0040 00000000 		.4byte	.LFB7
 1519 0044 B8000000 		.4byte	.LFE7-.LFB7
 1520 0048 00000000 		.4byte	0
 1521 004c 00000000 		.4byte	0
 1522              		.section	.debug_ranges,"",%progbits
 1523              	.Ldebug_ranges0:
 1524 0000 00000000 		.4byte	.LFB3
 1525 0004 02000000 		.4byte	.LFE3
 1526 0008 00000000 		.4byte	.LFB5
 1527 000c 28000000 		.4byte	.LFE5
 1528 0010 00000000 		.4byte	.LFB0
 1529 0014 0C000000 		.4byte	.LFE0
 1530 0018 00000000 		.4byte	.LFB4
 1531 001c 9C000000 		.4byte	.LFE4
 1532 0020 00000000 		.4byte	.LFB1
 1533 0024 08000000 		.4byte	.LFE1
 1534 0028 00000000 		.4byte	.LFB6
 1535 002c 10000000 		.4byte	.LFE6
 1536 0030 00000000 		.4byte	.LFB7
 1537 0034 B8000000 		.4byte	.LFE7
 1538 0038 00000000 		.4byte	0
 1539 003c 00000000 		.4byte	0
 1540              		.section	.debug_line,"",%progbits
 1541              	.Ldebug_line0:
 1542 0000 A9010000 		.section	.debug_str,"MS",%progbits,1
 1542      0200D600 
 1542      00000201 
 1542      FB0E0D00 
 1542      01010101 
 1543              	.LASF18:
 1544 0000 72656731 		.ascii	"reg16\000"
 1544      3600
 1545              	.LASF38:
 1546 0006 43794465 		.ascii	"CyDelayCycles\000"
 1546      6C617943 
 1546      79636C65 
 1546      7300
 1547              	.LASF11:
 1548 0014 73697A65 		.ascii	"size_t\000"
 1548      5F7400
 1549              	.LASF20:
 1550 001b 416E616C 		.ascii	"AnalogSetDefault\000"
 1550      6F675365 
 1550      74446566 
 1550      61756C74 
 1550      00
 1551              	.LASF25:
 1552 002c 74696D65 		.ascii	"timeout\000"
 1552      6F757400 
 1553              	.LASF36:
ARM GAS  C:\Users\User\AppData\Local\Temp\ccBs04y4.s 			page 35


 1554 0034 6366675F 		.ascii	"cfg_memset_list\000"
 1554      6D656D73 
 1554      65745F6C 
 1554      69737400 
 1555              	.LASF23:
 1556 0044 436C6F63 		.ascii	"ClockSetup\000"
 1556      6B536574 
 1556      757000
 1557              	.LASF4:
 1558 004f 73686F72 		.ascii	"short unsigned int\000"
 1558      7420756E 
 1558      7369676E 
 1558      65642069 
 1558      6E7400
 1559              	.LASF26:
 1560 0062 706C6C4C 		.ascii	"pllLock\000"
 1560      6F636B00 
 1561              	.LASF15:
 1562 006a 666C6F61 		.ascii	"float\000"
 1562      7400
 1563              	.LASF19:
 1564 0070 4379436C 		.ascii	"CyClockStartupError\000"
 1564      6F636B53 
 1564      74617274 
 1564      75704572 
 1564      726F7200 
 1565              	.LASF28:
 1566 0084 64657374 		.ascii	"dest\000"
 1566      00
 1567              	.LASF34:
 1568 0089 73697A65 		.ascii	"size\000"
 1568      00
 1569              	.LASF17:
 1570 008e 72656738 		.ascii	"reg8\000"
 1570      00
 1571              	.LASF6:
 1572 0093 6C6F6E67 		.ascii	"long unsigned int\000"
 1572      20756E73 
 1572      69676E65 
 1572      6420696E 
 1572      7400
 1573              	.LASF12:
 1574 00a5 75696E74 		.ascii	"uint8\000"
 1574      3800
 1575              	.LASF21:
 1576 00ab 43594D45 		.ascii	"CYMEMZERO\000"
 1576      4D5A4552 
 1576      4F00
 1577              	.LASF31:
 1578 00b5 53657441 		.ascii	"SetAnalogRoutingPumps\000"
 1578      6E616C6F 
 1578      67526F75 
 1578      74696E67 
 1578      50756D70 
 1579              	.LASF2:
 1580 00cb 756E7369 		.ascii	"unsigned char\000"
 1580      676E6564 
ARM GAS  C:\Users\User\AppData\Local\Temp\ccBs04y4.s 			page 36


 1580      20636861 
 1580      7200
 1581              	.LASF37:
 1582 00d9 6D656D73 		.ascii	"memset\000"
 1582      657400
 1583              	.LASF16:
 1584 00e0 646F7562 		.ascii	"double\000"
 1584      6C6500
 1585              	.LASF32:
 1586 00e7 63796669 		.ascii	"cyfitter_cfg\000"
 1586      74746572 
 1586      5F636667 
 1586      00
 1587              	.LASF13:
 1588 00f4 75696E74 		.ascii	"uint16\000"
 1588      313600
 1589              	.LASF22:
 1590 00fb 6572726F 		.ascii	"errorCode\000"
 1590      72436F64 
 1590      6500
 1591              	.LASF14:
 1592 0105 75696E74 		.ascii	"uint32\000"
 1592      333200
 1593              	.LASF39:
 1594 010c 474E5520 		.ascii	"GNU C 4.9.3 20150303 (release) [ARM/embedded-4_9-br"
 1594      4320342E 
 1594      392E3320 
 1594      32303135 
 1594      30333033 
 1595 013f 616E6368 		.ascii	"anch revision 221220] -mcpu=cortex-m3 -mthumb -g -O"
 1595      20726576 
 1595      6973696F 
 1595      6E203232 
 1595      31323230 
 1596 0172 67202D66 		.ascii	"g -ffunction-sections -ffat-lto-objects\000"
 1596      66756E63 
 1596      74696F6E 
 1596      2D736563 
 1596      74696F6E 
 1597              	.LASF41:
 1598 019a 433A5C55 		.ascii	"C:\\Users\\User\\Desktop\\GIT\\EE-projekt-4-gruppe-"
 1598      73657273 
 1598      5C557365 
 1598      725C4465 
 1598      736B746F 
 1599 01c8 315C4D61 		.ascii	"1\\Maaleenhed\\fft\\FFT2\\fft.cydsn\000"
 1599      616C6565 
 1599      6E686564 
 1599      5C666674 
 1599      5C464654 
 1600              	.LASF0:
 1601 01e8 756E7369 		.ascii	"unsigned int\000"
 1601      676E6564 
 1601      20696E74 
 1601      00
 1602              	.LASF33:
 1603 01f5 61646472 		.ascii	"address\000"
ARM GAS  C:\Users\User\AppData\Local\Temp\ccBs04y4.s 			page 37


 1603      65737300 
 1604              	.LASF8:
 1605 01fd 6C6F6E67 		.ascii	"long long unsigned int\000"
 1605      206C6F6E 
 1605      6720756E 
 1605      7369676E 
 1605      65642069 
 1606              	.LASF35:
 1607 0214 6366675F 		.ascii	"cfg_memset_t\000"
 1607      6D656D73 
 1607      65745F74 
 1607      00
 1608              	.LASF9:
 1609 0221 73697A65 		.ascii	"sizetype\000"
 1609      74797065 
 1609      00
 1610              	.LASF7:
 1611 022a 6C6F6E67 		.ascii	"long long int\000"
 1611      206C6F6E 
 1611      6720696E 
 1611      7400
 1612              	.LASF40:
 1613 0238 47656E65 		.ascii	"Generated_Source\\PSoC5\\cyfitter_cfg.c\000"
 1613      72617465 
 1613      645F536F 
 1613      75726365 
 1613      5C50536F 
 1614              	.LASF42:
 1615 025e 6D656D63 		.ascii	"memcpy\000"
 1615      707900
 1616              	.LASF3:
 1617 0265 73686F72 		.ascii	"short int\000"
 1617      7420696E 
 1617      7400
 1618              	.LASF29:
 1619 026f 656E6162 		.ascii	"enabled\000"
 1619      6C656400 
 1620              	.LASF5:
 1621 0277 6C6F6E67 		.ascii	"long int\000"
 1621      20696E74 
 1621      00
 1622              	.LASF10:
 1623 0280 63686172 		.ascii	"char\000"
 1623      00
 1624              	.LASF24:
 1625 0285 62675F78 		.ascii	"bg_xover_inl_trim\000"
 1625      6F766572 
 1625      5F696E6C 
 1625      5F747269 
 1625      6D00
 1626              	.LASF1:
 1627 0297 7369676E 		.ascii	"signed char\000"
 1627      65642063 
 1627      68617200 
 1628              	.LASF30:
 1629 02a3 72656756 		.ascii	"regValue\000"
 1629      616C7565 
ARM GAS  C:\Users\User\AppData\Local\Temp\ccBs04y4.s 			page 38


 1629      00
 1630              	.LASF27:
 1631 02ac 4359434F 		.ascii	"CYCONFIGCPY\000"
 1631      4E464947 
 1631      43505900 
 1632              		.ident	"GCC: (GNU Tools for ARM Embedded Processors) 4.9.3 20150303 (release) [ARM/embedded-4_9-br
