ARM GAS  C:\Users\User\AppData\Local\Temp\ccTC1Wj9.s 			page 1


   1              		.syntax unified
   2              		.cpu cortex-m3
   3              		.fpu softvfp
   4              		.eabi_attribute 20, 1
   5              		.eabi_attribute 21, 1
   6              		.eabi_attribute 23, 3
   7              		.eabi_attribute 24, 1
   8              		.eabi_attribute 25, 1
   9              		.eabi_attribute 26, 1
  10              		.eabi_attribute 30, 1
  11              		.eabi_attribute 34, 1
  12              		.eabi_attribute 18, 4
  13              		.thumb
  14              		.file	"fft.c"
  15              		.text
  16              	.Ltext0:
  17              		.cfi_sections	.debug_frame
  18              		.global	__aeabi_ui2d
  19              		.global	__aeabi_ddiv
  20              		.global	__aeabi_dmul
  21              		.global	__aeabi_dsub
  22              		.global	__aeabi_dadd
  23              		.section	.text.FFT,"ax",%progbits
  24              		.align	2
  25              		.global	FFT
  26              		.thumb
  27              		.thumb_func
  28              		.type	FFT, %function
  29              	FFT:
  30              	.LFB0:
  31              		.file 1 "fft.c"
   1:fft.c         **** /* ========================================
   2:fft.c         ****  *
   3:fft.c         ****  * Copyright YOUR COMPANY, THE YEAR
   4:fft.c         ****  * All Rights Reserved
   5:fft.c         ****  * UNPUBLISHED, LICENSED SOFTWARE.
   6:fft.c         ****  *
   7:fft.c         ****  * CONFIDENTIAL AND PROPRIETARY INFORMATION
   8:fft.c         ****  * WHICH IS THE PROPERTY OF your company.
   9:fft.c         ****  *
  10:fft.c         ****  * ========================================
  11:fft.c         **** */
  12:fft.c         **** #include "fft.h"
  13:fft.c         **** #include "math.h"
  14:fft.c         **** 
  15:fft.c         **** #define SWAP(a,b)tempr=(a);(a)=(b);(b)=tempr
  16:fft.c         **** 
  17:fft.c         **** //tempr is a variable from our FFT function  
  18:fft.c         **** //data -> float array that represent the array of complex samples
  19:fft.c         **** //number_of_complex_samples -> number of samples (N^2 order number) 
  20:fft.c         **** //isign -> 1 to calculate FFT and -1 to calculate Reverse FFT
  21:fft.c         **** void FFT (double data[], unsigned long number_of_complex_samples)
  22:fft.c         **** {
  32              		.loc 1 22 0
  33              		.cfi_startproc
  34              		@ args = 0, pretend = 0, frame = 64
  35              		@ frame_needed = 0, uses_anonymous_args = 0
ARM GAS  C:\Users\User\AppData\Local\Temp\ccTC1Wj9.s 			page 2


  36              	.LVL0:
  37 0000 2DE9F04F 		push	{r4, r5, r6, r7, r8, r9, r10, fp, lr}
  38              		.cfi_def_cfa_offset 36
  39              		.cfi_offset 4, -36
  40              		.cfi_offset 5, -32
  41              		.cfi_offset 6, -28
  42              		.cfi_offset 7, -24
  43              		.cfi_offset 8, -20
  44              		.cfi_offset 9, -16
  45              		.cfi_offset 10, -12
  46              		.cfi_offset 11, -8
  47              		.cfi_offset 14, -4
  48 0004 91B0     		sub	sp, sp, #68
  49              		.cfi_def_cfa_offset 104
  50              	.LVL1:
  23:fft.c         ****     //variables for trigonometric recurrences
  24:fft.c         ****     unsigned long n,mmax,m,j,istep,i;
  25:fft.c         ****     double wtemp,wr,wpr,wpi,wi,theta,tempr,tempi;
  26:fft.c         ****     double pi = 3.14159265359;
  27:fft.c         ****     
  28:fft.c         ****     //the complex array is real+complex so the array
  29:fft.c         **** //as a size n = 2* number of complex samples
  30:fft.c         **** // real part is the data[index] and the complex part is the data[index+1]
  31:fft.c         **** n=number_of_complex_samples * 2;
  51              		.loc 1 31 0
  52 0006 4B00     		lsls	r3, r1, #1
  53 0008 0F93     		str	r3, [sp, #60]
  54              	.LVL2:
  32:fft.c         **** 
  33:fft.c         ****     
  34:fft.c         ****   
  35:fft.c         ****     
  36:fft.c         **** //binary inversion (note that
  37:fft.c         **** //the indexes start from 1 witch means that the
  38:fft.c         **** //real part of the complex is on the odd-indexes
  39:fft.c         **** //and the complex part is on the even-indexes
  40:fft.c         **** j=1;
  41:fft.c         **** for (i=1;i<n;i+=2) {
  55              		.loc 1 41 0
  56 000a 0124     		movs	r4, #1
  40:fft.c         **** for (i=1;i<n;i+=2) {
  57              		.loc 1 40 0
  58 000c 2246     		mov	r2, r4
  59 000e 9E46     		mov	lr, r3
  60 0010 8446     		mov	ip, r0
  61              		.loc 1 41 0
  62 0012 26E0     		b	.L2
  63              	.LVL3:
  64              	.L7:
  42:fft.c         ****     if (j > i) {
  65              		.loc 1 42 0
  66 0014 A242     		cmp	r2, r4
  67 0016 19D9     		bls	.L3
  43:fft.c         ****         //swap the real part
  44:fft.c         ****         SWAP(data[j],data[i]);
  68              		.loc 1 44 0
  69 0018 0CEBC205 		add	r5, ip, r2, lsl #3
ARM GAS  C:\Users\User\AppData\Local\Temp\ccTC1Wj9.s 			page 3


  70 001c D5E90067 		ldrd	r6, [r5]
  71              	.LVL4:
  72 0020 0CEBC403 		add	r3, ip, r4, lsl #3
  73 0024 D3E90001 		ldrd	r0, [r3]
  74 0028 C5E90001 		strd	r0, [r5]
  75 002c C3E90067 		strd	r6, [r3]
  45:fft.c         ****         //swap the complex part
  46:fft.c         ****         SWAP(data[j+1],data[i+1]);
  76              		.loc 1 46 0
  77 0030 551C     		adds	r5, r2, #1
  78 0032 0CEBC505 		add	r5, ip, r5, lsl #3
  79 0036 D5E90067 		ldrd	r6, [r5]
  80              	.LVL5:
  81 003a 631C     		adds	r3, r4, #1
  82 003c 0CEBC303 		add	r3, ip, r3, lsl #3
  83 0040 D3E90001 		ldrd	r0, [r3]
  84 0044 C5E90001 		strd	r0, [r5]
  85 0048 C3E90067 		strd	r6, [r3]
  86              	.LVL6:
  87              	.L3:
  47:fft.c         ****     }
  48:fft.c         ****     m=n/2;
  88              		.loc 1 48 0
  89 004c 4FEA5E03 		lsr	r3, lr, #1
  90              	.LVL7:
  49:fft.c         ****     while (m >= 2 && j > m) {
  91              		.loc 1 49 0
  92 0050 01E0     		b	.L4
  93              	.L6:
  50:fft.c         ****         j -= m;
  94              		.loc 1 50 0
  95 0052 D21A     		subs	r2, r2, r3
  96              	.LVL8:
  51:fft.c         ****         m = m/2;
  97              		.loc 1 51 0
  98 0054 5B08     		lsrs	r3, r3, #1
  99              	.LVL9:
 100              	.L4:
  49:fft.c         ****     while (m >= 2 && j > m) {
 101              		.loc 1 49 0
 102 0056 012B     		cmp	r3, #1
 103 0058 01D9     		bls	.L5
  49:fft.c         ****     while (m >= 2 && j > m) {
 104              		.loc 1 49 0 is_stmt 0 discriminator 1
 105 005a 9A42     		cmp	r2, r3
 106 005c F9D8     		bhi	.L6
 107              	.L5:
  52:fft.c         ****     }
  53:fft.c         ****     j += m;
 108              		.loc 1 53 0 is_stmt 1 discriminator 2
 109 005e 1A44     		add	r2, r2, r3
 110              	.LVL10:
  41:fft.c         ****     if (j > i) {
 111              		.loc 1 41 0 discriminator 2
 112 0060 0234     		adds	r4, r4, #2
 113              	.LVL11:
 114              	.L2:
ARM GAS  C:\Users\User\AppData\Local\Temp\ccTC1Wj9.s 			page 4


  41:fft.c         ****     if (j > i) {
 115              		.loc 1 41 0 is_stmt 0 discriminator 1
 116 0062 7445     		cmp	r4, lr
 117 0064 D6D3     		bcc	.L7
 118 0066 6746     		mov	r7, ip
 119 0068 0026     		movs	r6, #0
 120 006a 3246     		mov	r2, r6
 121              	.LVL12:
 122 006c DDF83CE0 		ldr	lr, [sp, #60]
 123              	.LVL13:
 124 0070 51E0     		b	.L8
 125              	.LVL14:
 126              	.L13:
  54:fft.c         **** }
  55:fft.c         **** 
  56:fft.c         **** //the complex array is real+complex so the array
  57:fft.c         **** //as a size n = 2* number of complex samples
  58:fft.c         **** // real part is the data[index] and
  59:fft.c         **** //the complex part is the data[index+1]
  60:fft.c         **** n=number_of_complex_samples * 2;
  61:fft.c         **** 
  62:fft.c         **** //binary inversion (note that the indexes
  63:fft.c         **** //start from 0 witch means that the
  64:fft.c         **** //real part of the complex is on the even-indexes
  65:fft.c         **** //and the complex part is on the odd-indexes
  66:fft.c         **** j=0;
  67:fft.c         **** for (i=0;i<n/2;i+=2) {
  68:fft.c         ****     if (j > i) {
 127              		.loc 1 68 0 is_stmt 1
 128 0072 B242     		cmp	r2, r6
 129 0074 49D9     		bls	.L10
  69:fft.c         ****         //swap the real part
  70:fft.c         ****         SWAP(data[j],data[i]);
 130              		.loc 1 70 0
 131 0076 07EBC208 		add	r8, r7, r2, lsl #3
 132 007a D8E90045 		ldrd	r4, [r8]
 133              	.LVL15:
 134 007e 07EBC60C 		add	ip, r7, r6, lsl #3
 135 0082 DCE90001 		ldrd	r0, [ip]
 136 0086 C8E90001 		strd	r0, [r8]
 137 008a CCE90045 		strd	r4, [ip]
  71:fft.c         ****         //swap the complex part
  72:fft.c         ****         SWAP(data[j+1],data[i+1]);
 138              		.loc 1 72 0
 139 008e 02F10108 		add	r8, r2, #1
 140 0092 07EBC808 		add	r8, r7, r8, lsl #3
 141 0096 D8E90045 		ldrd	r4, [r8]
 142              	.LVL16:
 143 009a 06F1010C 		add	ip, r6, #1
 144 009e 07EBCC0C 		add	ip, r7, ip, lsl #3
 145 00a2 DCE90001 		ldrd	r0, [ip]
 146 00a6 C8E90001 		strd	r0, [r8]
 147 00aa CCE90045 		strd	r4, [ip]
  73:fft.c         ****         // checks if the changes occurs in the first half
  74:fft.c         ****         // and use the mirrored effect on the second half
  75:fft.c         ****         if((j/2)<(n/4)){
 148              		.loc 1 75 0
ARM GAS  C:\Users\User\AppData\Local\Temp\ccTC1Wj9.s 			page 5


 149 00ae 4FEA9E01 		lsr	r1, lr, #2
 150 00b2 B1EB520F 		cmp	r1, r2, lsr #1
 151 00b6 28D9     		bls	.L10
  76:fft.c         ****             //swap the real part
  77:fft.c         ****             SWAP(data[(n-(i+2))],data[(n-(j+2))]);
 152              		.loc 1 77 0
 153 00b8 C6EB0E08 		rsb	r8, r6, lr
 154 00bc 08F10051 		add	r1, r8, #536870912
 155 00c0 0239     		subs	r1, r1, #2
 156 00c2 07EBC10A 		add	r10, r7, r1, lsl #3
 157 00c6 DAE90001 		ldrd	r0, [r10]
 158              	.LVL17:
 159 00ca C2EB0E0C 		rsb	ip, r2, lr
 160 00ce 0CF10054 		add	r4, ip, #536870912
 161 00d2 023C     		subs	r4, r4, #2
 162 00d4 07EBC409 		add	r9, r7, r4, lsl #3
 163 00d8 D9E90045 		ldrd	r4, [r9]
 164 00dc CAE90045 		strd	r4, [r10]
 165 00e0 C9E90001 		strd	r0, [r9]
  78:fft.c         ****             //swap the complex part
  79:fft.c         ****             SWAP(data[(n-(i+2))+1],data[(n-(j+2))+1]);
 166              		.loc 1 79 0
 167 00e4 6FF06044 		mvn	r4, #-536870912
 168 00e8 A044     		add	r8, r8, r4
 169 00ea 07EBC808 		add	r8, r7, r8, lsl #3
 170 00ee D8E90001 		ldrd	r0, [r8]
 171              	.LVL18:
 172 00f2 6444     		add	r4, r4, ip
 173 00f4 07EBC40C 		add	ip, r7, r4, lsl #3
 174 00f8 DCE90045 		ldrd	r4, [ip]
 175 00fc C8E90045 		strd	r4, [r8]
 176 0100 CCE90001 		strd	r0, [ip]
 177              	.LVL19:
  80:fft.c         ****         }
  81:fft.c         ****     }
  82:fft.c         ****     m=n/2;
  83:fft.c         ****     while (m >= 2 && j >= m) {
 178              		.loc 1 83 0
 179 0104 01E0     		b	.L10
 180              	.LVL20:
 181              	.L12:
  84:fft.c         ****         j -= m;
 182              		.loc 1 84 0
 183 0106 D21A     		subs	r2, r2, r3
 184              	.LVL21:
  85:fft.c         ****         m = m/2;
 185              		.loc 1 85 0
 186 0108 5B08     		lsrs	r3, r3, #1
 187              	.LVL22:
 188              	.L10:
  83:fft.c         ****         j -= m;
 189              		.loc 1 83 0
 190 010a 012B     		cmp	r3, #1
 191 010c 01D9     		bls	.L11
  83:fft.c         ****         j -= m;
 192              		.loc 1 83 0 is_stmt 0 discriminator 1
 193 010e 9A42     		cmp	r2, r3
ARM GAS  C:\Users\User\AppData\Local\Temp\ccTC1Wj9.s 			page 6


 194 0110 F9D2     		bcs	.L12
 195              	.L11:
  86:fft.c         ****     }
  87:fft.c         ****     j += m;
 196              		.loc 1 87 0 is_stmt 1 discriminator 2
 197 0112 1A44     		add	r2, r2, r3
 198              	.LVL23:
  67:fft.c         ****     if (j > i) {
 199              		.loc 1 67 0 discriminator 2
 200 0114 0236     		adds	r6, r6, #2
 201              	.LVL24:
 202              	.L8:
  67:fft.c         ****     if (j > i) {
 203              		.loc 1 67 0 is_stmt 0 discriminator 1
 204 0116 4FEA5E03 		lsr	r3, lr, #1
 205 011a B342     		cmp	r3, r6
 206 011c A9D8     		bhi	.L13
 207 011e 0223     		movs	r3, #2
 208 0120 0893     		str	r3, [sp, #32]
 209 0122 B946     		mov	r9, r7
 210 0124 E7E0     		b	.L14
 211              	.LVL25:
 212              	.L18:
  88:fft.c         **** }
  89:fft.c         **** 
  90:fft.c         **** //Danielson-Lanzcos routine
  91:fft.c         **** mmax=2;
  92:fft.c         **** //external loop
  93:fft.c         **** while (n > mmax)
  94:fft.c         **** {
  95:fft.c         ****     istep = mmax<<  1;
 213              		.loc 1 95 0 is_stmt 1
 214 0126 089B     		ldr	r3, [sp, #32]
 215              	.LVL26:
 216 0128 5A00     		lsls	r2, r3, #1
 217 012a 0992     		str	r2, [sp, #36]
 218              	.LVL27:
  96:fft.c         ****     theta=-(2*pi/mmax);
 219              		.loc 1 96 0
 220 012c 1846     		mov	r0, r3
 221 012e FFF7FEFF 		bl	__aeabi_ui2d
 222              	.LVL28:
 223 0132 0246     		mov	r2, r0
 224 0134 0B46     		mov	r3, r1
 225 0136 74A1     		adr	r1, .L21
 226 0138 D1E90001 		ldrd	r0, [r1]
 227 013c FFF7FEFF 		bl	__aeabi_ddiv
 228              	.LVL29:
 229 0140 0746     		mov	r7, r0
 230 0142 01F10046 		add	r6, r1, #-2147483648
 231              	.LVL30:
  97:fft.c         ****     wtemp=sin(0.5*theta);
 232              		.loc 1 97 0
 233 0146 3846     		mov	r0, r7
 234 0148 3146     		mov	r1, r6
 235 014a 0022     		movs	r2, #0
 236 014c 704B     		ldr	r3, .L21+8
ARM GAS  C:\Users\User\AppData\Local\Temp\ccTC1Wj9.s 			page 7


 237 014e FFF7FEFF 		bl	__aeabi_dmul
 238              	.LVL31:
 239 0152 FFF7FEFF 		bl	sin
 240              	.LVL32:
 241 0156 0446     		mov	r4, r0
 242 0158 0D46     		mov	r5, r1
 243              	.LVL33:
  98:fft.c         ****     wpr = -2.0*wtemp*wtemp;
 244              		.loc 1 98 0
 245 015a 0022     		movs	r2, #0
 246 015c 4FF04043 		mov	r3, #-1073741824
 247 0160 FFF7FEFF 		bl	__aeabi_dmul
 248              	.LVL34:
 249 0164 2246     		mov	r2, r4
 250 0166 2B46     		mov	r3, r5
 251 0168 FFF7FEFF 		bl	__aeabi_dmul
 252              	.LVL35:
 253 016c CDE90A01 		strd	r0, [sp, #40]
 254              	.LVL36:
  99:fft.c         ****     wpi=sin(theta);
 255              		.loc 1 99 0
 256 0170 3846     		mov	r0, r7
 257              	.LVL37:
 258 0172 3146     		mov	r1, r6
 259 0174 FFF7FEFF 		bl	sin
 260              	.LVL38:
 261 0178 CDE90C01 		strd	r0, [sp, #48]
 262              	.LVL39:
 100:fft.c         ****     wr=1.0;
 101:fft.c         ****     wi=0.0;
 263              		.loc 1 101 0
 264 017c 0022     		movs	r2, #0
 265 017e 0023     		movs	r3, #0
 266 0180 CDE90423 		strd	r2, [sp, #16]
 100:fft.c         ****     wr=1.0;
 267              		.loc 1 100 0
 268 0184 0022     		movs	r2, #0
 269 0186 634B     		ldr	r3, .L21+12
 270 0188 CDE90223 		strd	r2, [sp, #8]
 102:fft.c         ****     //internal loops
 103:fft.c         ****     for (m=1;m<mmax;m+=2) {
 271              		.loc 1 103 0
 272 018c 0123     		movs	r3, #1
 273 018e 0E93     		str	r3, [sp, #56]
 274 0190 ABE0     		b	.L15
 275              	.LVL40:
 276              	.L16:
 104:fft.c         ****         for (i= m;i<=n;i+=istep) {
 105:fft.c         ****             j=i+mmax;
 277              		.loc 1 105 0 discriminator 3
 278 0192 089B     		ldr	r3, [sp, #32]
 279 0194 0BEB0305 		add	r5, fp, r3
 280              	.LVL41:
 106:fft.c         ****             tempr=wr*data[j-1]-wi*data[j];
 281              		.loc 1 106 0 discriminator 3
 282 0198 6FF06044 		mvn	r4, #-536870912
 283 019c 05EB0408 		add	r8, r5, r4
ARM GAS  C:\Users\User\AppData\Local\Temp\ccTC1Wj9.s 			page 8


 284 01a0 09EBC808 		add	r8, r9, r8, lsl #3
 285 01a4 D8E90023 		ldrd	r2, [r8]
 286 01a8 CDE90623 		strd	r2, [sp, #24]
 287 01ac 1046     		mov	r0, r2
 288 01ae 1946     		mov	r1, r3
 289 01b0 DDE90223 		ldrd	r2, [sp, #8]
 290 01b4 FFF7FEFF 		bl	__aeabi_dmul
 291              	.LVL42:
 292 01b8 CDE90001 		strd	r0, [sp]
 293 01bc 09EBC505 		add	r5, r9, r5, lsl #3
 294              	.LVL43:
 295 01c0 D5E90067 		ldrd	r6, [r5]
 296 01c4 3046     		mov	r0, r6
 297 01c6 3946     		mov	r1, r7
 298 01c8 DDE90423 		ldrd	r2, [sp, #16]
 299 01cc FFF7FEFF 		bl	__aeabi_dmul
 300              	.LVL44:
 301 01d0 0246     		mov	r2, r0
 302 01d2 0B46     		mov	r3, r1
 303 01d4 DDE90001 		ldrd	r0, [sp]
 304 01d8 FFF7FEFF 		bl	__aeabi_dsub
 305              	.LVL45:
 306 01dc CDE90001 		strd	r0, [sp]
 307              	.LVL46:
 107:fft.c         ****             tempi=wr*data[j]+wi*data[j-1];
 308              		.loc 1 107 0 discriminator 3
 309 01e0 DDE90201 		ldrd	r0, [sp, #8]
 310              	.LVL47:
 311 01e4 3246     		mov	r2, r6
 312 01e6 3B46     		mov	r3, r7
 313 01e8 FFF7FEFF 		bl	__aeabi_dmul
 314              	.LVL48:
 315 01ec 0646     		mov	r6, r0
 316 01ee 0F46     		mov	r7, r1
 317 01f0 DDE90401 		ldrd	r0, [sp, #16]
 318 01f4 DDE90623 		ldrd	r2, [sp, #24]
 319 01f8 FFF7FEFF 		bl	__aeabi_dmul
 320              	.LVL49:
 321 01fc 0246     		mov	r2, r0
 322 01fe 0B46     		mov	r3, r1
 323 0200 3046     		mov	r0, r6
 324 0202 3946     		mov	r1, r7
 325 0204 FFF7FEFF 		bl	__aeabi_dadd
 326              	.LVL50:
 327 0208 0646     		mov	r6, r0
 328 020a 0F46     		mov	r7, r1
 329              	.LVL51:
 108:fft.c         ****             data[j-1]=data[i-1]-tempr;
 330              		.loc 1 108 0 discriminator 3
 331 020c 5C44     		add	r4, r4, fp
 332 020e 09EBC404 		add	r4, r9, r4, lsl #3
 333 0212 D4E90001 		ldrd	r0, [r4]
 334 0216 DDE90023 		ldrd	r2, [sp]
 335 021a FFF7FEFF 		bl	__aeabi_dsub
 336              	.LVL52:
 337 021e C8E90001 		strd	r0, [r8]
 109:fft.c         ****             data[j]=data[i]-tempi;
ARM GAS  C:\Users\User\AppData\Local\Temp\ccTC1Wj9.s 			page 9


 338              		.loc 1 109 0 discriminator 3
 339 0222 09EBCB08 		add	r8, r9, fp, lsl #3
 340 0226 D8E90001 		ldrd	r0, [r8]
 341 022a 3246     		mov	r2, r6
 342 022c 3B46     		mov	r3, r7
 343 022e FFF7FEFF 		bl	__aeabi_dsub
 344              	.LVL53:
 345 0232 C5E90001 		strd	r0, [r5]
 110:fft.c         ****             data[i-1] += tempr;
 346              		.loc 1 110 0 discriminator 3
 347 0236 D4E90001 		ldrd	r0, [r4]
 348 023a DDE90023 		ldrd	r2, [sp]
 349 023e FFF7FEFF 		bl	__aeabi_dadd
 350              	.LVL54:
 351 0242 C4E90001 		strd	r0, [r4]
 111:fft.c         ****             data[i] += tempi;
 352              		.loc 1 111 0 discriminator 3
 353 0246 D8E90001 		ldrd	r0, [r8]
 354 024a 3246     		mov	r2, r6
 355 024c 3B46     		mov	r3, r7
 356 024e FFF7FEFF 		bl	__aeabi_dadd
 357              	.LVL55:
 358 0252 C8E90001 		strd	r0, [r8]
 104:fft.c         ****             j=i+mmax;
 359              		.loc 1 104 0 discriminator 3
 360 0256 099B     		ldr	r3, [sp, #36]
 361 0258 9B44     		add	fp, fp, r3
 362              	.LVL56:
 363 025a 03E0     		b	.L17
 364              	.LVL57:
 365              	.L19:
 366 025c DDF838B0 		ldr	fp, [sp, #56]
 367 0260 DDF83CA0 		ldr	r10, [sp, #60]
 368              	.LVL58:
 369              	.L17:
 104:fft.c         ****             j=i+mmax;
 370              		.loc 1 104 0 is_stmt 0 discriminator 1
 371 0264 D345     		cmp	fp, r10
 372 0266 94D9     		bls	.L16
 373              	.LVL59:
 112:fft.c         ****         }
 113:fft.c         ****         wr=(wtemp=wr)*wpr-wi*wpi+wr;
 374              		.loc 1 113 0 is_stmt 1 discriminator 2
 375 0268 DDE90267 		ldrd	r6, [sp, #8]
 376 026c 3046     		mov	r0, r6
 377 026e 3946     		mov	r1, r7
 378 0270 DDE90A23 		ldrd	r2, [sp, #40]
 379 0274 FFF7FEFF 		bl	__aeabi_dmul
 380              	.LVL60:
 381 0278 0446     		mov	r4, r0
 382 027a 0D46     		mov	r5, r1
 383 027c DDE904AB 		ldrd	r10, [sp, #16]
 384 0280 5046     		mov	r0, r10
 385 0282 5946     		mov	r1, fp
 386 0284 DDE90C23 		ldrd	r2, [sp, #48]
 387 0288 FFF7FEFF 		bl	__aeabi_dmul
 388              	.LVL61:
ARM GAS  C:\Users\User\AppData\Local\Temp\ccTC1Wj9.s 			page 10


 389 028c 0246     		mov	r2, r0
 390 028e 0B46     		mov	r3, r1
 391 0290 2046     		mov	r0, r4
 392 0292 2946     		mov	r1, r5
 393 0294 FFF7FEFF 		bl	__aeabi_dsub
 394              	.LVL62:
 395 0298 CDE90267 		strd	r6, [sp, #8]
 396              	.LVL63:
 397 029c 3246     		mov	r2, r6
 398 029e 3B46     		mov	r3, r7
 399 02a0 FFF7FEFF 		bl	__aeabi_dadd
 400              	.LVL64:
 401 02a4 0646     		mov	r6, r0
 402              	.LVL65:
 403 02a6 0F46     		mov	r7, r1
 404              	.LVL66:
 114:fft.c         ****         wi=wi*wpr+wtemp*wpi+wi;
 405              		.loc 1 114 0 discriminator 2
 406 02a8 5046     		mov	r0, r10
 407 02aa 5946     		mov	r1, fp
 408 02ac DDE90A23 		ldrd	r2, [sp, #40]
 409 02b0 FFF7FEFF 		bl	__aeabi_dmul
 410              	.LVL67:
 411 02b4 0446     		mov	r4, r0
 412 02b6 0D46     		mov	r5, r1
 413 02b8 DDE90201 		ldrd	r0, [sp, #8]
 414 02bc DDE90C23 		ldrd	r2, [sp, #48]
 415 02c0 FFF7FEFF 		bl	__aeabi_dmul
 416              	.LVL68:
 417 02c4 0246     		mov	r2, r0
 418 02c6 0B46     		mov	r3, r1
 419 02c8 2046     		mov	r0, r4
 420 02ca 2946     		mov	r1, r5
 421 02cc FFF7FEFF 		bl	__aeabi_dadd
 422              	.LVL69:
 423 02d0 0246     		mov	r2, r0
 424 02d2 0B46     		mov	r3, r1
 425 02d4 5046     		mov	r0, r10
 426 02d6 5946     		mov	r1, fp
 427 02d8 FFF7FEFF 		bl	__aeabi_dadd
 428              	.LVL70:
 429 02dc CDE90401 		strd	r0, [sp, #16]
 430              	.LVL71:
 103:fft.c         ****         for (i= m;i<=n;i+=istep) {
 431              		.loc 1 103 0 discriminator 2
 432 02e0 0E9B     		ldr	r3, [sp, #56]
 433 02e2 0233     		adds	r3, r3, #2
 434 02e4 0E93     		str	r3, [sp, #56]
 435              	.LVL72:
 113:fft.c         ****         wi=wi*wpr+wtemp*wpi+wi;
 436              		.loc 1 113 0 discriminator 2
 437 02e6 CDE90267 		strd	r6, [sp, #8]
 438              	.LVL73:
 439              	.L15:
 103:fft.c         ****         for (i= m;i<=n;i+=istep) {
 440              		.loc 1 103 0 discriminator 1
 441 02ea 0E9B     		ldr	r3, [sp, #56]
ARM GAS  C:\Users\User\AppData\Local\Temp\ccTC1Wj9.s 			page 11


 442 02ec 089A     		ldr	r2, [sp, #32]
 443 02ee 9342     		cmp	r3, r2
 444 02f0 B4D3     		bcc	.L19
 115:fft.c         ****     }
 116:fft.c         ****     mmax=istep;
 445              		.loc 1 116 0
 446 02f2 099B     		ldr	r3, [sp, #36]
 447 02f4 0893     		str	r3, [sp, #32]
 448              	.LVL74:
 449              	.L14:
  93:fft.c         **** {
 450              		.loc 1 93 0
 451 02f6 089B     		ldr	r3, [sp, #32]
 452 02f8 0F9A     		ldr	r2, [sp, #60]
 453 02fa 9342     		cmp	r3, r2
 454 02fc FFF413AF 		bcc	.L18
 117:fft.c         **** }
 118:fft.c         **** 
 119:fft.c         **** }
 455              		.loc 1 119 0
 456 0300 11B0     		add	sp, sp, #68
 457              		.cfi_def_cfa_offset 36
 458              		@ sp needed
 459 0302 BDE8F08F 		pop	{r4, r5, r6, r7, r8, r9, r10, fp, pc}
 460              	.LVL75:
 461              	.L22:
 462 0306 00BF     		.align	3
 463              	.L21:
 464 0308 EA2E4454 		.word	1413754602
 465 030c FB211940 		.word	1075388923
 466 0310 0000E03F 		.word	1071644672
 467 0314 0000F03F 		.word	1072693248
 468              		.cfi_endproc
 469              	.LFE0:
 470              		.size	FFT, .-FFT
 471              		.text
 472              	.Letext0:
 473              		.file 2 "c:\\program files (x86)\\cypress\\psoc creator\\4.0\\psoc creator\\import\\gnu\\arm\\4.9.
 474              		.section	.debug_info,"",%progbits
 475              	.Ldebug_info0:
 476 0000 C3010000 		.4byte	0x1c3
 477 0004 0400     		.2byte	0x4
 478 0006 00000000 		.4byte	.Ldebug_abbrev0
 479 000a 04       		.byte	0x4
 480 000b 01       		.uleb128 0x1
 481 000c 76000000 		.4byte	.LASF22
 482 0010 01       		.byte	0x1
 483 0011 76010000 		.4byte	.LASF23
 484 0015 04010000 		.4byte	.LASF24
 485 0019 00000000 		.4byte	.Ldebug_ranges0+0
 486 001d 00000000 		.4byte	0
 487 0021 00000000 		.4byte	.Ldebug_line0
 488 0025 02       		.uleb128 0x2
 489 0026 04       		.byte	0x4
 490 0027 05       		.byte	0x5
 491 0028 696E7400 		.ascii	"int\000"
 492 002c 03       		.uleb128 0x3
ARM GAS  C:\Users\User\AppData\Local\Temp\ccTC1Wj9.s 			page 12


 493 002d 04       		.byte	0x4
 494 002e 07       		.byte	0x7
 495 002f 52010000 		.4byte	.LASF0
 496 0033 03       		.uleb128 0x3
 497 0034 01       		.byte	0x1
 498 0035 06       		.byte	0x6
 499 0036 C3010000 		.4byte	.LASF1
 500 003a 03       		.uleb128 0x3
 501 003b 01       		.byte	0x1
 502 003c 08       		.byte	0x8
 503 003d 1D000000 		.4byte	.LASF2
 504 0041 03       		.uleb128 0x3
 505 0042 02       		.byte	0x2
 506 0043 05       		.byte	0x5
 507 0044 9E010000 		.4byte	.LASF3
 508 0048 03       		.uleb128 0x3
 509 0049 02       		.byte	0x2
 510 004a 07       		.byte	0x7
 511 004b 3D000000 		.4byte	.LASF4
 512 004f 03       		.uleb128 0x3
 513 0050 04       		.byte	0x4
 514 0051 05       		.byte	0x5
 515 0052 AE010000 		.4byte	.LASF5
 516 0056 03       		.uleb128 0x3
 517 0057 04       		.byte	0x4
 518 0058 07       		.byte	0x7
 519 0059 2B000000 		.4byte	.LASF6
 520 005d 03       		.uleb128 0x3
 521 005e 08       		.byte	0x8
 522 005f 05       		.byte	0x5
 523 0060 85010000 		.4byte	.LASF7
 524 0064 03       		.uleb128 0x3
 525 0065 08       		.byte	0x8
 526 0066 07       		.byte	0x7
 527 0067 5F010000 		.4byte	.LASF8
 528 006b 03       		.uleb128 0x3
 529 006c 04       		.byte	0x4
 530 006d 07       		.byte	0x7
 531 006e 7C010000 		.4byte	.LASF9
 532 0072 03       		.uleb128 0x3
 533 0073 01       		.byte	0x1
 534 0074 08       		.byte	0x8
 535 0075 93010000 		.4byte	.LASF10
 536 0079 03       		.uleb128 0x3
 537 007a 08       		.byte	0x8
 538 007b 04       		.byte	0x4
 539 007c 50000000 		.4byte	.LASF11
 540 0080 03       		.uleb128 0x3
 541 0081 04       		.byte	0x4
 542 0082 04       		.byte	0x4
 543 0083 0C000000 		.4byte	.LASF12
 544 0087 03       		.uleb128 0x3
 545 0088 08       		.byte	0x8
 546 0089 04       		.byte	0x4
 547 008a B7010000 		.4byte	.LASF13
 548 008e 04       		.uleb128 0x4
 549 008f 46465400 		.ascii	"FFT\000"
ARM GAS  C:\Users\User\AppData\Local\Temp\ccTC1Wj9.s 			page 13


 550 0093 01       		.byte	0x1
 551 0094 15       		.byte	0x15
 552 0095 00000000 		.4byte	.LFB0
 553 0099 18030000 		.4byte	.LFE0-.LFB0
 554 009d 01       		.uleb128 0x1
 555 009e 9C       		.byte	0x9c
 556 009f AF010000 		.4byte	0x1af
 557 00a3 05       		.uleb128 0x5
 558 00a4 12000000 		.4byte	.LASF14
 559 00a8 01       		.byte	0x1
 560 00a9 15       		.byte	0x15
 561 00aa AF010000 		.4byte	0x1af
 562 00ae 00000000 		.4byte	.LLST0
 563 00b2 05       		.uleb128 0x5
 564 00b3 57000000 		.4byte	.LASF15
 565 00b7 01       		.byte	0x1
 566 00b8 15       		.byte	0x15
 567 00b9 56000000 		.4byte	0x56
 568 00bd 42000000 		.4byte	.LLST1
 569 00c1 06       		.uleb128 0x6
 570 00c2 6E00     		.ascii	"n\000"
 571 00c4 01       		.byte	0x1
 572 00c5 18       		.byte	0x18
 573 00c6 56000000 		.4byte	0x56
 574 00ca 63000000 		.4byte	.LLST2
 575 00ce 07       		.uleb128 0x7
 576 00cf 71000000 		.4byte	.LASF16
 577 00d3 01       		.byte	0x1
 578 00d4 18       		.byte	0x18
 579 00d5 56000000 		.4byte	0x56
 580 00d9 99000000 		.4byte	.LLST3
 581 00dd 06       		.uleb128 0x6
 582 00de 6D00     		.ascii	"m\000"
 583 00e0 01       		.byte	0x1
 584 00e1 18       		.byte	0x18
 585 00e2 56000000 		.4byte	0x56
 586 00e6 C4000000 		.4byte	.LLST4
 587 00ea 06       		.uleb128 0x6
 588 00eb 6A00     		.ascii	"j\000"
 589 00ed 01       		.byte	0x1
 590 00ee 18       		.byte	0x18
 591 00ef 56000000 		.4byte	0x56
 592 00f3 28010000 		.4byte	.LLST5
 593 00f7 07       		.uleb128 0x7
 594 00f8 17000000 		.4byte	.LASF17
 595 00fc 01       		.byte	0x1
 596 00fd 18       		.byte	0x18
 597 00fe 56000000 		.4byte	0x56
 598 0102 6F010000 		.4byte	.LLST6
 599 0106 06       		.uleb128 0x6
 600 0107 6900     		.ascii	"i\000"
 601 0109 01       		.byte	0x1
 602 010a 18       		.byte	0x18
 603 010b 56000000 		.4byte	0x56
 604 010f 8F010000 		.4byte	.LLST7
 605 0113 07       		.uleb128 0x7
 606 0114 A8010000 		.4byte	.LASF18
ARM GAS  C:\Users\User\AppData\Local\Temp\ccTC1Wj9.s 			page 14


 607 0118 01       		.byte	0x1
 608 0119 19       		.byte	0x19
 609 011a 79000000 		.4byte	0x79
 610 011e CF010000 		.4byte	.LLST8
 611 0122 06       		.uleb128 0x6
 612 0123 777200   		.ascii	"wr\000"
 613 0126 01       		.byte	0x1
 614 0127 19       		.byte	0x19
 615 0128 79000000 		.4byte	0x79
 616 012c 11020000 		.4byte	.LLST9
 617 0130 06       		.uleb128 0x6
 618 0131 77707200 		.ascii	"wpr\000"
 619 0135 01       		.byte	0x1
 620 0136 19       		.byte	0x19
 621 0137 79000000 		.4byte	0x79
 622 013b 57020000 		.4byte	.LLST10
 623 013f 06       		.uleb128 0x6
 624 0140 77706900 		.ascii	"wpi\000"
 625 0144 01       		.byte	0x1
 626 0145 19       		.byte	0x19
 627 0146 79000000 		.4byte	0x79
 628 014a 7B020000 		.4byte	.LLST11
 629 014e 06       		.uleb128 0x6
 630 014f 776900   		.ascii	"wi\000"
 631 0152 01       		.byte	0x1
 632 0153 19       		.byte	0x19
 633 0154 79000000 		.4byte	0x79
 634 0158 9F020000 		.4byte	.LLST12
 635 015c 07       		.uleb128 0x7
 636 015d 00000000 		.4byte	.LASF19
 637 0161 01       		.byte	0x1
 638 0162 19       		.byte	0x19
 639 0163 79000000 		.4byte	0x79
 640 0167 E5020000 		.4byte	.LLST13
 641 016b 07       		.uleb128 0x7
 642 016c 98010000 		.4byte	.LASF20
 643 0170 01       		.byte	0x1
 644 0171 19       		.byte	0x19
 645 0172 79000000 		.4byte	0x79
 646 0176 0D030000 		.4byte	.LLST14
 647 017a 07       		.uleb128 0x7
 648 017b 06000000 		.4byte	.LASF21
 649 017f 01       		.byte	0x1
 650 0180 19       		.byte	0x19
 651 0181 79000000 		.4byte	0x79
 652 0185 61030000 		.4byte	.LLST15
 653 0189 08       		.uleb128 0x8
 654 018a 706900   		.ascii	"pi\000"
 655 018d 01       		.byte	0x1
 656 018e 1A       		.byte	0x1a
 657 018f 79000000 		.4byte	0x79
 658 0193 08       		.byte	0x8
 659 0194 EA2E4454 		.4byte	0x54442eea
 660 0198 FB210940 		.4byte	0x400921fb
 661 019c 09       		.uleb128 0x9
 662 019d 56010000 		.4byte	.LVL32
 663 01a1 B5010000 		.4byte	0x1b5
ARM GAS  C:\Users\User\AppData\Local\Temp\ccTC1Wj9.s 			page 15


 664 01a5 09       		.uleb128 0x9
 665 01a6 78010000 		.4byte	.LVL38
 666 01aa B5010000 		.4byte	0x1b5
 667 01ae 00       		.byte	0
 668 01af 0A       		.uleb128 0xa
 669 01b0 04       		.byte	0x4
 670 01b1 79000000 		.4byte	0x79
 671 01b5 0B       		.uleb128 0xb
 672 01b6 73696E00 		.ascii	"sin\000"
 673 01ba 02       		.byte	0x2
 674 01bb 6E       		.byte	0x6e
 675 01bc 79000000 		.4byte	0x79
 676 01c0 0C       		.uleb128 0xc
 677 01c1 79000000 		.4byte	0x79
 678 01c5 00       		.byte	0
 679 01c6 00       		.byte	0
 680              		.section	.debug_abbrev,"",%progbits
 681              	.Ldebug_abbrev0:
 682 0000 01       		.uleb128 0x1
 683 0001 11       		.uleb128 0x11
 684 0002 01       		.byte	0x1
 685 0003 25       		.uleb128 0x25
 686 0004 0E       		.uleb128 0xe
 687 0005 13       		.uleb128 0x13
 688 0006 0B       		.uleb128 0xb
 689 0007 03       		.uleb128 0x3
 690 0008 0E       		.uleb128 0xe
 691 0009 1B       		.uleb128 0x1b
 692 000a 0E       		.uleb128 0xe
 693 000b 55       		.uleb128 0x55
 694 000c 17       		.uleb128 0x17
 695 000d 11       		.uleb128 0x11
 696 000e 01       		.uleb128 0x1
 697 000f 10       		.uleb128 0x10
 698 0010 17       		.uleb128 0x17
 699 0011 00       		.byte	0
 700 0012 00       		.byte	0
 701 0013 02       		.uleb128 0x2
 702 0014 24       		.uleb128 0x24
 703 0015 00       		.byte	0
 704 0016 0B       		.uleb128 0xb
 705 0017 0B       		.uleb128 0xb
 706 0018 3E       		.uleb128 0x3e
 707 0019 0B       		.uleb128 0xb
 708 001a 03       		.uleb128 0x3
 709 001b 08       		.uleb128 0x8
 710 001c 00       		.byte	0
 711 001d 00       		.byte	0
 712 001e 03       		.uleb128 0x3
 713 001f 24       		.uleb128 0x24
 714 0020 00       		.byte	0
 715 0021 0B       		.uleb128 0xb
 716 0022 0B       		.uleb128 0xb
 717 0023 3E       		.uleb128 0x3e
 718 0024 0B       		.uleb128 0xb
 719 0025 03       		.uleb128 0x3
 720 0026 0E       		.uleb128 0xe
ARM GAS  C:\Users\User\AppData\Local\Temp\ccTC1Wj9.s 			page 16


 721 0027 00       		.byte	0
 722 0028 00       		.byte	0
 723 0029 04       		.uleb128 0x4
 724 002a 2E       		.uleb128 0x2e
 725 002b 01       		.byte	0x1
 726 002c 3F       		.uleb128 0x3f
 727 002d 19       		.uleb128 0x19
 728 002e 03       		.uleb128 0x3
 729 002f 08       		.uleb128 0x8
 730 0030 3A       		.uleb128 0x3a
 731 0031 0B       		.uleb128 0xb
 732 0032 3B       		.uleb128 0x3b
 733 0033 0B       		.uleb128 0xb
 734 0034 27       		.uleb128 0x27
 735 0035 19       		.uleb128 0x19
 736 0036 11       		.uleb128 0x11
 737 0037 01       		.uleb128 0x1
 738 0038 12       		.uleb128 0x12
 739 0039 06       		.uleb128 0x6
 740 003a 40       		.uleb128 0x40
 741 003b 18       		.uleb128 0x18
 742 003c 9642     		.uleb128 0x2116
 743 003e 19       		.uleb128 0x19
 744 003f 01       		.uleb128 0x1
 745 0040 13       		.uleb128 0x13
 746 0041 00       		.byte	0
 747 0042 00       		.byte	0
 748 0043 05       		.uleb128 0x5
 749 0044 05       		.uleb128 0x5
 750 0045 00       		.byte	0
 751 0046 03       		.uleb128 0x3
 752 0047 0E       		.uleb128 0xe
 753 0048 3A       		.uleb128 0x3a
 754 0049 0B       		.uleb128 0xb
 755 004a 3B       		.uleb128 0x3b
 756 004b 0B       		.uleb128 0xb
 757 004c 49       		.uleb128 0x49
 758 004d 13       		.uleb128 0x13
 759 004e 02       		.uleb128 0x2
 760 004f 17       		.uleb128 0x17
 761 0050 00       		.byte	0
 762 0051 00       		.byte	0
 763 0052 06       		.uleb128 0x6
 764 0053 34       		.uleb128 0x34
 765 0054 00       		.byte	0
 766 0055 03       		.uleb128 0x3
 767 0056 08       		.uleb128 0x8
 768 0057 3A       		.uleb128 0x3a
 769 0058 0B       		.uleb128 0xb
 770 0059 3B       		.uleb128 0x3b
 771 005a 0B       		.uleb128 0xb
 772 005b 49       		.uleb128 0x49
 773 005c 13       		.uleb128 0x13
 774 005d 02       		.uleb128 0x2
 775 005e 17       		.uleb128 0x17
 776 005f 00       		.byte	0
 777 0060 00       		.byte	0
ARM GAS  C:\Users\User\AppData\Local\Temp\ccTC1Wj9.s 			page 17


 778 0061 07       		.uleb128 0x7
 779 0062 34       		.uleb128 0x34
 780 0063 00       		.byte	0
 781 0064 03       		.uleb128 0x3
 782 0065 0E       		.uleb128 0xe
 783 0066 3A       		.uleb128 0x3a
 784 0067 0B       		.uleb128 0xb
 785 0068 3B       		.uleb128 0x3b
 786 0069 0B       		.uleb128 0xb
 787 006a 49       		.uleb128 0x49
 788 006b 13       		.uleb128 0x13
 789 006c 02       		.uleb128 0x2
 790 006d 17       		.uleb128 0x17
 791 006e 00       		.byte	0
 792 006f 00       		.byte	0
 793 0070 08       		.uleb128 0x8
 794 0071 34       		.uleb128 0x34
 795 0072 00       		.byte	0
 796 0073 03       		.uleb128 0x3
 797 0074 08       		.uleb128 0x8
 798 0075 3A       		.uleb128 0x3a
 799 0076 0B       		.uleb128 0xb
 800 0077 3B       		.uleb128 0x3b
 801 0078 0B       		.uleb128 0xb
 802 0079 49       		.uleb128 0x49
 803 007a 13       		.uleb128 0x13
 804 007b 1C       		.uleb128 0x1c
 805 007c 0A       		.uleb128 0xa
 806 007d 00       		.byte	0
 807 007e 00       		.byte	0
 808 007f 09       		.uleb128 0x9
 809 0080 898201   		.uleb128 0x4109
 810 0083 00       		.byte	0
 811 0084 11       		.uleb128 0x11
 812 0085 01       		.uleb128 0x1
 813 0086 31       		.uleb128 0x31
 814 0087 13       		.uleb128 0x13
 815 0088 00       		.byte	0
 816 0089 00       		.byte	0
 817 008a 0A       		.uleb128 0xa
 818 008b 0F       		.uleb128 0xf
 819 008c 00       		.byte	0
 820 008d 0B       		.uleb128 0xb
 821 008e 0B       		.uleb128 0xb
 822 008f 49       		.uleb128 0x49
 823 0090 13       		.uleb128 0x13
 824 0091 00       		.byte	0
 825 0092 00       		.byte	0
 826 0093 0B       		.uleb128 0xb
 827 0094 2E       		.uleb128 0x2e
 828 0095 01       		.byte	0x1
 829 0096 3F       		.uleb128 0x3f
 830 0097 19       		.uleb128 0x19
 831 0098 03       		.uleb128 0x3
 832 0099 08       		.uleb128 0x8
 833 009a 3A       		.uleb128 0x3a
 834 009b 0B       		.uleb128 0xb
ARM GAS  C:\Users\User\AppData\Local\Temp\ccTC1Wj9.s 			page 18


 835 009c 3B       		.uleb128 0x3b
 836 009d 0B       		.uleb128 0xb
 837 009e 27       		.uleb128 0x27
 838 009f 19       		.uleb128 0x19
 839 00a0 49       		.uleb128 0x49
 840 00a1 13       		.uleb128 0x13
 841 00a2 3C       		.uleb128 0x3c
 842 00a3 19       		.uleb128 0x19
 843 00a4 00       		.byte	0
 844 00a5 00       		.byte	0
 845 00a6 0C       		.uleb128 0xc
 846 00a7 05       		.uleb128 0x5
 847 00a8 00       		.byte	0
 848 00a9 49       		.uleb128 0x49
 849 00aa 13       		.uleb128 0x13
 850 00ab 00       		.byte	0
 851 00ac 00       		.byte	0
 852 00ad 00       		.byte	0
 853              		.section	.debug_loc,"",%progbits
 854              	.Ldebug_loc0:
 855              	.LLST0:
 856 0000 00000000 		.4byte	.LVL0
 857 0004 14000000 		.4byte	.LVL3
 858 0008 0100     		.2byte	0x1
 859 000a 50       		.byte	0x50
 860 000b 14000000 		.4byte	.LVL3
 861 000f 72000000 		.4byte	.LVL14
 862 0013 0100     		.2byte	0x1
 863 0015 5C       		.byte	0x5c
 864 0016 72000000 		.4byte	.LVL14
 865 001a 26010000 		.4byte	.LVL25
 866 001e 0100     		.2byte	0x1
 867 0020 57       		.byte	0x57
 868 0021 26010000 		.4byte	.LVL25
 869 0025 06030000 		.4byte	.LVL75
 870 0029 0100     		.2byte	0x1
 871 002b 59       		.byte	0x59
 872 002c 06030000 		.4byte	.LVL75
 873 0030 18030000 		.4byte	.LFE0
 874 0034 0400     		.2byte	0x4
 875 0036 F3       		.byte	0xf3
 876 0037 01       		.uleb128 0x1
 877 0038 50       		.byte	0x50
 878 0039 9F       		.byte	0x9f
 879 003a 00000000 		.4byte	0
 880 003e 00000000 		.4byte	0
 881              	.LLST1:
 882 0042 00000000 		.4byte	.LVL0
 883 0046 72000000 		.4byte	.LVL14
 884 004a 0100     		.2byte	0x1
 885 004c 51       		.byte	0x51
 886 004d 72000000 		.4byte	.LVL14
 887 0051 18030000 		.4byte	.LFE0
 888 0055 0400     		.2byte	0x4
 889 0057 F3       		.byte	0xf3
 890 0058 01       		.uleb128 0x1
 891 0059 51       		.byte	0x51
ARM GAS  C:\Users\User\AppData\Local\Temp\ccTC1Wj9.s 			page 19


 892 005a 9F       		.byte	0x9f
 893 005b 00000000 		.4byte	0
 894 005f 00000000 		.4byte	0
 895              	.LLST2:
 896 0063 0A000000 		.4byte	.LVL2
 897 0067 14000000 		.4byte	.LVL3
 898 006b 0100     		.2byte	0x1
 899 006d 53       		.byte	0x53
 900 006e 14000000 		.4byte	.LVL3
 901 0072 70000000 		.4byte	.LVL13
 902 0076 0100     		.2byte	0x1
 903 0078 5E       		.byte	0x5e
 904 0079 70000000 		.4byte	.LVL13
 905 007d 06030000 		.4byte	.LVL75
 906 0081 0200     		.2byte	0x2
 907 0083 91       		.byte	0x91
 908 0084 54       		.sleb128 -44
 909 0085 06030000 		.4byte	.LVL75
 910 0089 18030000 		.4byte	.LFE0
 911 008d 0200     		.2byte	0x2
 912 008f 7D       		.byte	0x7d
 913 0090 54       		.sleb128 -44
 914 0091 00000000 		.4byte	0
 915 0095 00000000 		.4byte	0
 916              	.LLST3:
 917 0099 26010000 		.4byte	.LVL25
 918 009d 28010000 		.4byte	.LVL26
 919 00a1 0100     		.2byte	0x1
 920 00a3 53       		.byte	0x53
 921 00a4 28010000 		.4byte	.LVL26
 922 00a8 06030000 		.4byte	.LVL75
 923 00ac 0300     		.2byte	0x3
 924 00ae 91       		.byte	0x91
 925 00af B87F     		.sleb128 -72
 926 00b1 06030000 		.4byte	.LVL75
 927 00b5 18030000 		.4byte	.LFE0
 928 00b9 0100     		.2byte	0x1
 929 00bb 53       		.byte	0x53
 930 00bc 00000000 		.4byte	0
 931 00c0 00000000 		.4byte	0
 932              	.LLST4:
 933 00c4 50000000 		.4byte	.LVL7
 934 00c8 62000000 		.4byte	.LVL11
 935 00cc 0100     		.2byte	0x1
 936 00ce 53       		.byte	0x53
 937 00cf 04010000 		.4byte	.LVL19
 938 00d3 16010000 		.4byte	.LVL24
 939 00d7 0100     		.2byte	0x1
 940 00d9 53       		.byte	0x53
 941 00da 7C010000 		.4byte	.LVL39
 942 00de 92010000 		.4byte	.LVL40
 943 00e2 0200     		.2byte	0x2
 944 00e4 31       		.byte	0x31
 945 00e5 9F       		.byte	0x9f
 946 00e6 92010000 		.4byte	.LVL40
 947 00ea 5C020000 		.4byte	.LVL57
 948 00ee 0200     		.2byte	0x2
ARM GAS  C:\Users\User\AppData\Local\Temp\ccTC1Wj9.s 			page 20


 949 00f0 91       		.byte	0x91
 950 00f1 50       		.sleb128 -48
 951 00f2 5C020000 		.4byte	.LVL57
 952 00f6 64020000 		.4byte	.LVL58
 953 00fa 0100     		.2byte	0x1
 954 00fc 53       		.byte	0x53
 955 00fd 64020000 		.4byte	.LVL58
 956 0101 E6020000 		.4byte	.LVL72
 957 0105 0200     		.2byte	0x2
 958 0107 91       		.byte	0x91
 959 0108 50       		.sleb128 -48
 960 0109 E6020000 		.4byte	.LVL72
 961 010d EA020000 		.4byte	.LVL73
 962 0111 0100     		.2byte	0x1
 963 0113 53       		.byte	0x53
 964 0114 EA020000 		.4byte	.LVL73
 965 0118 F6020000 		.4byte	.LVL74
 966 011c 0200     		.2byte	0x2
 967 011e 91       		.byte	0x91
 968 011f 50       		.sleb128 -48
 969 0120 00000000 		.4byte	0
 970 0124 00000000 		.4byte	0
 971              	.LLST5:
 972 0128 0A000000 		.4byte	.LVL2
 973 012c 14000000 		.4byte	.LVL3
 974 0130 0200     		.2byte	0x2
 975 0132 31       		.byte	0x31
 976 0133 9F       		.byte	0x9f
 977 0134 14000000 		.4byte	.LVL3
 978 0138 6C000000 		.4byte	.LVL12
 979 013c 0100     		.2byte	0x1
 980 013e 52       		.byte	0x52
 981 013f 72000000 		.4byte	.LVL14
 982 0143 26010000 		.4byte	.LVL25
 983 0147 0100     		.2byte	0x1
 984 0149 52       		.byte	0x52
 985 014a 98010000 		.4byte	.LVL41
 986 014e C0010000 		.4byte	.LVL43
 987 0152 0100     		.2byte	0x1
 988 0154 55       		.byte	0x55
 989 0155 C0010000 		.4byte	.LVL43
 990 0159 5A020000 		.4byte	.LVL56
 991 015d 0800     		.2byte	0x8
 992 015f 7B       		.byte	0x7b
 993 0160 00       		.sleb128 0
 994 0161 91       		.byte	0x91
 995 0162 B87F     		.sleb128 -72
 996 0164 06       		.byte	0x6
 997 0165 22       		.byte	0x22
 998 0166 9F       		.byte	0x9f
 999 0167 00000000 		.4byte	0
 1000 016b 00000000 		.4byte	0
 1001              	.LLST6:
 1002 016f 2C010000 		.4byte	.LVL27
 1003 0173 31010000 		.4byte	.LVL28-1
 1004 0177 0100     		.2byte	0x1
 1005 0179 52       		.byte	0x52
ARM GAS  C:\Users\User\AppData\Local\Temp\ccTC1Wj9.s 			page 21


 1006 017a 31010000 		.4byte	.LVL28-1
 1007 017e F6020000 		.4byte	.LVL74
 1008 0182 0300     		.2byte	0x3
 1009 0184 91       		.byte	0x91
 1010 0185 BC7F     		.sleb128 -68
 1011 0187 00000000 		.4byte	0
 1012 018b 00000000 		.4byte	0
 1013              	.LLST7:
 1014 018f 0A000000 		.4byte	.LVL2
 1015 0193 14000000 		.4byte	.LVL3
 1016 0197 0200     		.2byte	0x2
 1017 0199 31       		.byte	0x31
 1018 019a 9F       		.byte	0x9f
 1019 019b 14000000 		.4byte	.LVL3
 1020 019f 72000000 		.4byte	.LVL14
 1021 01a3 0100     		.2byte	0x1
 1022 01a5 54       		.byte	0x54
 1023 01a6 72000000 		.4byte	.LVL14
 1024 01aa 26010000 		.4byte	.LVL25
 1025 01ae 0100     		.2byte	0x1
 1026 01b0 56       		.byte	0x56
 1027 01b1 92010000 		.4byte	.LVL40
 1028 01b5 5C020000 		.4byte	.LVL57
 1029 01b9 0100     		.2byte	0x1
 1030 01bb 5B       		.byte	0x5b
 1031 01bc 64020000 		.4byte	.LVL58
 1032 01c0 EA020000 		.4byte	.LVL73
 1033 01c4 0100     		.2byte	0x1
 1034 01c6 5B       		.byte	0x5b
 1035 01c7 00000000 		.4byte	0
 1036 01cb 00000000 		.4byte	0
 1037              	.LLST8:
 1038 01cf 5A010000 		.4byte	.LVL33
 1039 01d3 92010000 		.4byte	.LVL40
 1040 01d7 0600     		.2byte	0x6
 1041 01d9 54       		.byte	0x54
 1042 01da 93       		.byte	0x93
 1043 01db 04       		.uleb128 0x4
 1044 01dc 55       		.byte	0x55
 1045 01dd 93       		.byte	0x93
 1046 01de 04       		.uleb128 0x4
 1047 01df 68020000 		.4byte	.LVL59
 1048 01e3 9C020000 		.4byte	.LVL63
 1049 01e7 0300     		.2byte	0x3
 1050 01e9 91       		.byte	0x91
 1051 01ea A07F     		.sleb128 -96
 1052 01ec 9C020000 		.4byte	.LVL63
 1053 01f0 A6020000 		.4byte	.LVL65
 1054 01f4 0600     		.2byte	0x6
 1055 01f6 56       		.byte	0x56
 1056 01f7 93       		.byte	0x93
 1057 01f8 04       		.uleb128 0x4
 1058 01f9 57       		.byte	0x57
 1059 01fa 93       		.byte	0x93
 1060 01fb 04       		.uleb128 0x4
 1061 01fc A6020000 		.4byte	.LVL65
 1062 0200 EA020000 		.4byte	.LVL73
ARM GAS  C:\Users\User\AppData\Local\Temp\ccTC1Wj9.s 			page 22


 1063 0204 0300     		.2byte	0x3
 1064 0206 91       		.byte	0x91
 1065 0207 A07F     		.sleb128 -96
 1066 0209 00000000 		.4byte	0
 1067 020d 00000000 		.4byte	0
 1068              	.LLST9:
 1069 0211 7C010000 		.4byte	.LVL39
 1070 0215 92010000 		.4byte	.LVL40
 1071 0219 0A00     		.2byte	0xa
 1072 021b 9E       		.byte	0x9e
 1073 021c 08       		.uleb128 0x8
 1074 021d 00000000 		.4byte	0
 1075 0221 0000F03F 		.4byte	0x3ff00000
 1076 0225 92010000 		.4byte	.LVL40
 1077 0229 9C020000 		.4byte	.LVL63
 1078 022d 0300     		.2byte	0x3
 1079 022f 91       		.byte	0x91
 1080 0230 A07F     		.sleb128 -96
 1081 0232 A8020000 		.4byte	.LVL66
 1082 0236 EA020000 		.4byte	.LVL73
 1083 023a 0600     		.2byte	0x6
 1084 023c 56       		.byte	0x56
 1085 023d 93       		.byte	0x93
 1086 023e 04       		.uleb128 0x4
 1087 023f 57       		.byte	0x57
 1088 0240 93       		.byte	0x93
 1089 0241 04       		.uleb128 0x4
 1090 0242 EA020000 		.4byte	.LVL73
 1091 0246 F6020000 		.4byte	.LVL74
 1092 024a 0300     		.2byte	0x3
 1093 024c 91       		.byte	0x91
 1094 024d A07F     		.sleb128 -96
 1095 024f 00000000 		.4byte	0
 1096 0253 00000000 		.4byte	0
 1097              	.LLST10:
 1098 0257 70010000 		.4byte	.LVL36
 1099 025b 72010000 		.4byte	.LVL37
 1100 025f 0600     		.2byte	0x6
 1101 0261 50       		.byte	0x50
 1102 0262 93       		.byte	0x93
 1103 0263 04       		.uleb128 0x4
 1104 0264 51       		.byte	0x51
 1105 0265 93       		.byte	0x93
 1106 0266 04       		.uleb128 0x4
 1107 0267 72010000 		.4byte	.LVL37
 1108 026b F6020000 		.4byte	.LVL74
 1109 026f 0200     		.2byte	0x2
 1110 0271 91       		.byte	0x91
 1111 0272 40       		.sleb128 -64
 1112 0273 00000000 		.4byte	0
 1113 0277 00000000 		.4byte	0
 1114              	.LLST11:
 1115 027b 7C010000 		.4byte	.LVL39
 1116 027f 92010000 		.4byte	.LVL40
 1117 0283 0600     		.2byte	0x6
 1118 0285 50       		.byte	0x50
 1119 0286 93       		.byte	0x93
ARM GAS  C:\Users\User\AppData\Local\Temp\ccTC1Wj9.s 			page 23


 1120 0287 04       		.uleb128 0x4
 1121 0288 51       		.byte	0x51
 1122 0289 93       		.byte	0x93
 1123 028a 04       		.uleb128 0x4
 1124 028b 92010000 		.4byte	.LVL40
 1125 028f F6020000 		.4byte	.LVL74
 1126 0293 0200     		.2byte	0x2
 1127 0295 91       		.byte	0x91
 1128 0296 48       		.sleb128 -56
 1129 0297 00000000 		.4byte	0
 1130 029b 00000000 		.4byte	0
 1131              	.LLST12:
 1132 029f 7C010000 		.4byte	.LVL39
 1133 02a3 92010000 		.4byte	.LVL40
 1134 02a7 0A00     		.2byte	0xa
 1135 02a9 9E       		.byte	0x9e
 1136 02aa 08       		.uleb128 0x8
 1137 02ab 00000000 		.4byte	0
 1138 02af 00000000 		.4byte	0
 1139 02b3 92010000 		.4byte	.LVL40
 1140 02b7 E0020000 		.4byte	.LVL71
 1141 02bb 0300     		.2byte	0x3
 1142 02bd 91       		.byte	0x91
 1143 02be A87F     		.sleb128 -88
 1144 02c0 E0020000 		.4byte	.LVL71
 1145 02c4 EA020000 		.4byte	.LVL73
 1146 02c8 0600     		.2byte	0x6
 1147 02ca 50       		.byte	0x50
 1148 02cb 93       		.byte	0x93
 1149 02cc 04       		.uleb128 0x4
 1150 02cd 51       		.byte	0x51
 1151 02ce 93       		.byte	0x93
 1152 02cf 04       		.uleb128 0x4
 1153 02d0 EA020000 		.4byte	.LVL73
 1154 02d4 F6020000 		.4byte	.LVL74
 1155 02d8 0300     		.2byte	0x3
 1156 02da 91       		.byte	0x91
 1157 02db A87F     		.sleb128 -88
 1158 02dd 00000000 		.4byte	0
 1159 02e1 00000000 		.4byte	0
 1160              	.LLST13:
 1161 02e5 46010000 		.4byte	.LVL30
 1162 02e9 51010000 		.4byte	.LVL31-1
 1163 02ed 0600     		.2byte	0x6
 1164 02ef 50       		.byte	0x50
 1165 02f0 93       		.byte	0x93
 1166 02f1 04       		.uleb128 0x4
 1167 02f2 56       		.byte	0x56
 1168 02f3 93       		.byte	0x93
 1169 02f4 04       		.uleb128 0x4
 1170 02f5 51010000 		.4byte	.LVL31-1
 1171 02f9 92010000 		.4byte	.LVL40
 1172 02fd 0600     		.2byte	0x6
 1173 02ff 57       		.byte	0x57
 1174 0300 93       		.byte	0x93
 1175 0301 04       		.uleb128 0x4
 1176 0302 56       		.byte	0x56
ARM GAS  C:\Users\User\AppData\Local\Temp\ccTC1Wj9.s 			page 24


 1177 0303 93       		.byte	0x93
 1178 0304 04       		.uleb128 0x4
 1179 0305 00000000 		.4byte	0
 1180 0309 00000000 		.4byte	0
 1181              	.LLST14:
 1182 030d 20000000 		.4byte	.LVL4
 1183 0311 4C000000 		.4byte	.LVL6
 1184 0315 0600     		.2byte	0x6
 1185 0317 56       		.byte	0x56
 1186 0318 93       		.byte	0x93
 1187 0319 04       		.uleb128 0x4
 1188 031a 57       		.byte	0x57
 1189 031b 93       		.byte	0x93
 1190 031c 04       		.uleb128 0x4
 1191 031d 7E000000 		.4byte	.LVL15
 1192 0321 CA000000 		.4byte	.LVL17
 1193 0325 0600     		.2byte	0x6
 1194 0327 54       		.byte	0x54
 1195 0328 93       		.byte	0x93
 1196 0329 04       		.uleb128 0x4
 1197 032a 55       		.byte	0x55
 1198 032b 93       		.byte	0x93
 1199 032c 04       		.uleb128 0x4
 1200 032d CA000000 		.4byte	.LVL17
 1201 0331 06010000 		.4byte	.LVL20
 1202 0335 0600     		.2byte	0x6
 1203 0337 50       		.byte	0x50
 1204 0338 93       		.byte	0x93
 1205 0339 04       		.uleb128 0x4
 1206 033a 51       		.byte	0x51
 1207 033b 93       		.byte	0x93
 1208 033c 04       		.uleb128 0x4
 1209 033d E0010000 		.4byte	.LVL46
 1210 0341 E4010000 		.4byte	.LVL47
 1211 0345 0600     		.2byte	0x6
 1212 0347 50       		.byte	0x50
 1213 0348 93       		.byte	0x93
 1214 0349 04       		.uleb128 0x4
 1215 034a 51       		.byte	0x51
 1216 034b 93       		.byte	0x93
 1217 034c 04       		.uleb128 0x4
 1218 034d E4010000 		.4byte	.LVL47
 1219 0351 5C020000 		.4byte	.LVL57
 1220 0355 0200     		.2byte	0x2
 1221 0357 7D       		.byte	0x7d
 1222 0358 00       		.sleb128 0
 1223 0359 00000000 		.4byte	0
 1224 035d 00000000 		.4byte	0
 1225              	.LLST15:
 1226 0361 0C020000 		.4byte	.LVL51
 1227 0365 5C020000 		.4byte	.LVL57
 1228 0369 0600     		.2byte	0x6
 1229 036b 56       		.byte	0x56
 1230 036c 93       		.byte	0x93
 1231 036d 04       		.uleb128 0x4
 1232 036e 57       		.byte	0x57
 1233 036f 93       		.byte	0x93
ARM GAS  C:\Users\User\AppData\Local\Temp\ccTC1Wj9.s 			page 25


 1234 0370 04       		.uleb128 0x4
 1235 0371 00000000 		.4byte	0
 1236 0375 00000000 		.4byte	0
 1237              		.section	.debug_aranges,"",%progbits
 1238 0000 1C000000 		.4byte	0x1c
 1239 0004 0200     		.2byte	0x2
 1240 0006 00000000 		.4byte	.Ldebug_info0
 1241 000a 04       		.byte	0x4
 1242 000b 00       		.byte	0
 1243 000c 0000     		.2byte	0
 1244 000e 0000     		.2byte	0
 1245 0010 00000000 		.4byte	.LFB0
 1246 0014 18030000 		.4byte	.LFE0-.LFB0
 1247 0018 00000000 		.4byte	0
 1248 001c 00000000 		.4byte	0
 1249              		.section	.debug_ranges,"",%progbits
 1250              	.Ldebug_ranges0:
 1251 0000 00000000 		.4byte	.LFB0
 1252 0004 18030000 		.4byte	.LFE0
 1253 0008 00000000 		.4byte	0
 1254 000c 00000000 		.4byte	0
 1255              		.section	.debug_line,"",%progbits
 1256              	.Ldebug_line0:
 1257 0000 5E010000 		.section	.debug_str,"MS",%progbits,1
 1257      02008E00 
 1257      00000201 
 1257      FB0E0D00 
 1257      01010101 
 1258              	.LASF19:
 1259 0000 74686574 		.ascii	"theta\000"
 1259      6100
 1260              	.LASF21:
 1261 0006 74656D70 		.ascii	"tempi\000"
 1261      6900
 1262              	.LASF12:
 1263 000c 666C6F61 		.ascii	"float\000"
 1263      7400
 1264              	.LASF14:
 1265 0012 64617461 		.ascii	"data\000"
 1265      00
 1266              	.LASF17:
 1267 0017 69737465 		.ascii	"istep\000"
 1267      7000
 1268              	.LASF2:
 1269 001d 756E7369 		.ascii	"unsigned char\000"
 1269      676E6564 
 1269      20636861 
 1269      7200
 1270              	.LASF6:
 1271 002b 6C6F6E67 		.ascii	"long unsigned int\000"
 1271      20756E73 
 1271      69676E65 
 1271      6420696E 
 1271      7400
 1272              	.LASF4:
 1273 003d 73686F72 		.ascii	"short unsigned int\000"
 1273      7420756E 
ARM GAS  C:\Users\User\AppData\Local\Temp\ccTC1Wj9.s 			page 26


 1273      7369676E 
 1273      65642069 
 1273      6E7400
 1274              	.LASF11:
 1275 0050 646F7562 		.ascii	"double\000"
 1275      6C6500
 1276              	.LASF15:
 1277 0057 6E756D62 		.ascii	"number_of_complex_samples\000"
 1277      65725F6F 
 1277      665F636F 
 1277      6D706C65 
 1277      785F7361 
 1278              	.LASF16:
 1279 0071 6D6D6178 		.ascii	"mmax\000"
 1279      00
 1280              	.LASF22:
 1281 0076 474E5520 		.ascii	"GNU C 4.9.3 20150303 (release) [ARM/embedded-4_9-br"
 1281      4320342E 
 1281      392E3320 
 1281      32303135 
 1281      30333033 
 1282 00a9 616E6368 		.ascii	"anch revision 221220] -mcpu=cortex-m3 -mthumb -g -O"
 1282      20726576 
 1282      6973696F 
 1282      6E203232 
 1282      31323230 
 1283 00dc 67202D66 		.ascii	"g -ffunction-sections -ffat-lto-objects\000"
 1283      66756E63 
 1283      74696F6E 
 1283      2D736563 
 1283      74696F6E 
 1284              	.LASF24:
 1285 0104 433A5C55 		.ascii	"C:\\Users\\User\\Desktop\\GIT\\EE-projekt-4-gruppe-"
 1285      73657273 
 1285      5C557365 
 1285      725C4465 
 1285      736B746F 
 1286 0132 315C4D61 		.ascii	"1\\Maaleenhed\\fft\\FFT2\\fft.cydsn\000"
 1286      616C6565 
 1286      6E686564 
 1286      5C666674 
 1286      5C464654 
 1287              	.LASF0:
 1288 0152 756E7369 		.ascii	"unsigned int\000"
 1288      676E6564 
 1288      20696E74 
 1288      00
 1289              	.LASF8:
 1290 015f 6C6F6E67 		.ascii	"long long unsigned int\000"
 1290      206C6F6E 
 1290      6720756E 
 1290      7369676E 
 1290      65642069 
 1291              	.LASF23:
 1292 0176 6666742E 		.ascii	"fft.c\000"
 1292      6300
 1293              	.LASF9:
ARM GAS  C:\Users\User\AppData\Local\Temp\ccTC1Wj9.s 			page 27


 1294 017c 73697A65 		.ascii	"sizetype\000"
 1294      74797065 
 1294      00
 1295              	.LASF7:
 1296 0185 6C6F6E67 		.ascii	"long long int\000"
 1296      206C6F6E 
 1296      6720696E 
 1296      7400
 1297              	.LASF10:
 1298 0193 63686172 		.ascii	"char\000"
 1298      00
 1299              	.LASF20:
 1300 0198 74656D70 		.ascii	"tempr\000"
 1300      7200
 1301              	.LASF3:
 1302 019e 73686F72 		.ascii	"short int\000"
 1302      7420696E 
 1302      7400
 1303              	.LASF18:
 1304 01a8 7774656D 		.ascii	"wtemp\000"
 1304      7000
 1305              	.LASF5:
 1306 01ae 6C6F6E67 		.ascii	"long int\000"
 1306      20696E74 
 1306      00
 1307              	.LASF13:
 1308 01b7 6C6F6E67 		.ascii	"long double\000"
 1308      20646F75 
 1308      626C6500 
 1309              	.LASF1:
 1310 01c3 7369676E 		.ascii	"signed char\000"
 1310      65642063 
 1310      68617200 
 1311              		.ident	"GCC: (GNU Tools for ARM Embedded Processors) 4.9.3 20150303 (release) [ARM/embedded-4_9-br
