ARM GAS  C:\Users\User\AppData\Local\Temp\ccCVs8Md.s 			page 1


   1              		.syntax unified
   2              		.cpu cortex-m3
   3              		.fpu softvfp
   4              		.eabi_attribute 20, 1
   5              		.eabi_attribute 21, 1
   6              		.eabi_attribute 23, 3
   7              		.eabi_attribute 24, 1
   8              		.eabi_attribute 25, 1
   9              		.eabi_attribute 26, 1
  10              		.eabi_attribute 30, 1
  11              		.eabi_attribute 34, 1
  12              		.eabi_attribute 18, 4
  13              		.thumb
  14              		.file	"main.c"
  15              		.text
  16              	.Ltext0:
  17              		.cfi_sections	.debug_frame
  18              		.section	.text.main,"ax",%progbits
  19              		.align	2
  20              		.global	main
  21              		.thumb
  22              		.thumb_func
  23              		.type	main, %function
  24              	main:
  25              	.LFB63:
  26              		.file 1 "main.c"
   1:main.c        **** /* ========================================
   2:main.c        ****  *
   3:main.c        ****  * Copyright YOUR COMPANY, THE YEAR
   4:main.c        ****  * All Rights Reserved
   5:main.c        ****  * UNPUBLISHED, LICENSED SOFTWARE.
   6:main.c        ****  *
   7:main.c        ****  * CONFIDENTIAL AND PROPRIETARY INFORMATION
   8:main.c        ****  * WHICH IS THE PROPERTY OF your company.
   9:main.c        ****  *
  10:main.c        ****  * ========================================
  11:main.c        **** */
  12:main.c        **** #include "project.h"
  13:main.c        **** #include "fft.h"
  14:main.c        **** #define SIZE 20
  15:main.c        **** 
  16:main.c        **** int main(void)
  17:main.c        **** {
  27              		.loc 1 17 0
  28              		.cfi_startproc
  29              		@ args = 0, pretend = 0, frame = 160
  30              		@ frame_needed = 0, uses_anonymous_args = 0
  31 0000 00B5     		push	{lr}
  32              		.cfi_def_cfa_offset 4
  33              		.cfi_offset 14, -4
  34 0002 A9B0     		sub	sp, sp, #164
  35              		.cfi_def_cfa_offset 168
  18:main.c        ****     CyGlobalIntEnable; /* Enable global interrupts. */
  36              		.loc 1 18 0
  37              	@ 18 "main.c" 1
  38 0004 62B6     		CPSIE   i
  39              	@ 0 "" 2
ARM GAS  C:\Users\User\AppData\Local\Temp\ccCVs8Md.s 			page 2


  19:main.c        **** 
  20:main.c        ****     /* Place your initialization/startup code here (e.g. MyInst_Start()) */
  21:main.c        ****     double samples_voltage[SIZE] = {3452,3579,3599,3509,3319,3048,2726,2386,2063,1792,1600,1510,152
  40              		.loc 1 21 0
  41              		.thumb
  42 0006 6846     		mov	r0, sp
  43 0008 0549     		ldr	r1, .L3
  44 000a A022     		movs	r2, #160
  45 000c FFF7FEFF 		bl	memcpy
  46              	.LVL0:
  22:main.c        **** };
  23:main.c        **** 
  24:main.c        ****     FFT(samples_voltage,SIZE);
  47              		.loc 1 24 0
  48 0010 6846     		mov	r0, sp
  49 0012 1421     		movs	r1, #20
  50 0014 FFF7FEFF 		bl	FFT
  51              	.LVL1:
  25:main.c        **** 
  26:main.c        **** }
  52              		.loc 1 26 0
  53 0018 29B0     		add	sp, sp, #164
  54              		.cfi_def_cfa_offset 4
  55              		@ sp needed
  56 001a 5DF804FB 		ldr	pc, [sp], #4
  57              	.L4:
  58 001e 00BF     		.align	2
  59              	.L3:
  60 0020 00000000 		.word	.LANCHOR0
  61              		.cfi_endproc
  62              	.LFE63:
  63              		.size	main, .-main
  64              		.section	.rodata
  65              		.align	3
  66              		.set	.LANCHOR0,. + 0
  67              	.LC0:
  68 0000 00000000 		.word	0
  69 0004 00F8AA40 		.word	1084946432
  70 0008 00000000 		.word	0
  71 000c 00F6AB40 		.word	1085011456
  72 0010 00000000 		.word	0
  73 0014 001EAC40 		.word	1085021696
  74 0018 00000000 		.word	0
  75 001c 006AAB40 		.word	1084975616
  76 0020 00000000 		.word	0
  77 0024 00EEA940 		.word	1084878336
  78 0028 00000000 		.word	0
  79 002c 00D0A740 		.word	1084739584
  80 0030 00000000 		.word	0
  81 0034 004CA540 		.word	1084574720
  82 0038 00000000 		.word	0
  83 003c 00A4A240 		.word	1084400640
  84 0040 00000000 		.word	0
  85 0044 001EA040 		.word	1084235264
  86 0048 00000000 		.word	0
  87 004c 00009C40 		.word	1083965440
  88 0050 00000000 		.word	0
ARM GAS  C:\Users\User\AppData\Local\Temp\ccCVs8Md.s 			page 3


  89 0054 00009940 		.word	1083768832
  90 0058 00000000 		.word	0
  91 005c 00989740 		.word	1083676672
  92 0060 00000000 		.word	0
  93 0064 00E09740 		.word	1083695104
  94 0068 00000000 		.word	0
  95 006c 00D89940 		.word	1083824128
  96 0070 00000000 		.word	0
  97 0074 004C9D40 		.word	1084050432
  98 0078 00000000 		.word	0
  99 007c 00F0A040 		.word	1084289024
 100 0080 00000000 		.word	0
 101 0084 0088A340 		.word	1084459008
 102 0088 00000000 		.word	0
 103 008c 002CA640 		.word	1084632064
 104 0090 00000000 		.word	0
 105 0094 0096A840 		.word	1084790272
 106 0098 00000000 		.word	0
 107 009c 0082AA40 		.word	1084916224
 108              		.text
 109              	.Letext0:
 110              		.file 2 "c:\\program files (x86)\\cypress\\psoc creator\\4.0\\psoc creator\\import\\gnu\\arm\\4.9.
 111              		.file 3 "c:\\program files (x86)\\cypress\\psoc creator\\4.0\\psoc creator\\import\\gnu\\arm\\4.9.
 112              		.file 4 "Generated_Source\\PSoC5/core_cm3.h"
 113              		.file 5 "fft.h"
 114              		.section	.debug_info,"",%progbits
 115              	.Ldebug_info0:
 116 0000 65010000 		.4byte	0x165
 117 0004 0400     		.2byte	0x4
 118 0006 00000000 		.4byte	.Ldebug_abbrev0
 119 000a 04       		.byte	0x4
 120 000b 01       		.uleb128 0x1
 121 000c B8000000 		.4byte	.LASF17
 122 0010 01       		.byte	0x1
 123 0011 2E000000 		.4byte	.LASF18
 124 0015 41000000 		.4byte	.LASF19
 125 0019 00000000 		.4byte	.Ldebug_ranges0+0
 126 001d 00000000 		.4byte	0
 127 0021 00000000 		.4byte	.Ldebug_line0
 128 0025 02       		.uleb128 0x2
 129 0026 01       		.byte	0x1
 130 0027 06       		.byte	0x6
 131 0028 86010000 		.4byte	.LASF0
 132 002c 02       		.uleb128 0x2
 133 002d 01       		.byte	0x1
 134 002e 08       		.byte	0x8
 135 002f 46010000 		.4byte	.LASF1
 136 0033 02       		.uleb128 0x2
 137 0034 02       		.byte	0x2
 138 0035 05       		.byte	0x5
 139 0036 AE010000 		.4byte	.LASF2
 140 003a 02       		.uleb128 0x2
 141 003b 02       		.byte	0x2
 142 003c 07       		.byte	0x7
 143 003d 0E000000 		.4byte	.LASF3
 144 0041 03       		.uleb128 0x3
 145 0042 9E010000 		.4byte	.LASF9
ARM GAS  C:\Users\User\AppData\Local\Temp\ccCVs8Md.s 			page 4


 146 0046 02       		.byte	0x2
 147 0047 3F       		.byte	0x3f
 148 0048 4C000000 		.4byte	0x4c
 149 004c 02       		.uleb128 0x2
 150 004d 04       		.byte	0x4
 151 004e 05       		.byte	0x5
 152 004f 59010000 		.4byte	.LASF4
 153 0053 02       		.uleb128 0x2
 154 0054 04       		.byte	0x4
 155 0055 07       		.byte	0x7
 156 0056 8F000000 		.4byte	.LASF5
 157 005a 02       		.uleb128 0x2
 158 005b 08       		.byte	0x8
 159 005c 05       		.byte	0x5
 160 005d 00000000 		.4byte	.LASF6
 161 0061 02       		.uleb128 0x2
 162 0062 08       		.byte	0x8
 163 0063 07       		.byte	0x7
 164 0064 A1000000 		.4byte	.LASF7
 165 0068 04       		.uleb128 0x4
 166 0069 04       		.byte	0x4
 167 006a 05       		.byte	0x5
 168 006b 696E7400 		.ascii	"int\000"
 169 006f 02       		.uleb128 0x2
 170 0070 04       		.byte	0x4
 171 0071 07       		.byte	0x7
 172 0072 21000000 		.4byte	.LASF8
 173 0076 03       		.uleb128 0x3
 174 0077 B8010000 		.4byte	.LASF10
 175 007b 03       		.byte	0x3
 176 007c 2C       		.byte	0x2c
 177 007d 41000000 		.4byte	0x41
 178 0081 02       		.uleb128 0x2
 179 0082 04       		.byte	0x4
 180 0083 04       		.byte	0x4
 181 0084 A8010000 		.4byte	.LASF11
 182 0088 02       		.uleb128 0x2
 183 0089 08       		.byte	0x8
 184 008a 04       		.byte	0x4
 185 008b 62010000 		.4byte	.LASF12
 186 008f 02       		.uleb128 0x2
 187 0090 01       		.byte	0x1
 188 0091 08       		.byte	0x8
 189 0092 54010000 		.4byte	.LASF13
 190 0096 02       		.uleb128 0x2
 191 0097 04       		.byte	0x4
 192 0098 07       		.byte	0x7
 193 0099 C0010000 		.4byte	.LASF14
 194 009d 05       		.uleb128 0x5
 195 009e 04       		.byte	0x4
 196 009f 02       		.uleb128 0x2
 197 00a0 08       		.byte	0x8
 198 00a1 04       		.byte	0x4
 199 00a2 92010000 		.4byte	.LASF15
 200 00a6 06       		.uleb128 0x6
 201 00a7 35000000 		.4byte	.LASF20
 202 00ab 01       		.byte	0x1
ARM GAS  C:\Users\User\AppData\Local\Temp\ccCVs8Md.s 			page 5


 203 00ac 10       		.byte	0x10
 204 00ad 68000000 		.4byte	0x68
 205 00b1 00000000 		.4byte	.LFB63
 206 00b5 24000000 		.4byte	.LFE63-.LFB63
 207 00b9 01       		.uleb128 0x1
 208 00ba 9C       		.byte	0x9c
 209 00bb 07010000 		.4byte	0x107
 210 00bf 07       		.uleb128 0x7
 211 00c0 69010000 		.4byte	.LASF21
 212 00c4 01       		.byte	0x1
 213 00c5 15       		.byte	0x15
 214 00c6 07010000 		.4byte	0x107
 215 00ca 03       		.uleb128 0x3
 216 00cb 91       		.byte	0x91
 217 00cc D87E     		.sleb128 -168
 218 00ce 08       		.uleb128 0x8
 219 00cf 10000000 		.4byte	.LVL0
 220 00d3 28010000 		.4byte	0x128
 221 00d7 F1000000 		.4byte	0xf1
 222 00db 09       		.uleb128 0x9
 223 00dc 01       		.uleb128 0x1
 224 00dd 52       		.byte	0x52
 225 00de 02       		.uleb128 0x2
 226 00df 08       		.byte	0x8
 227 00e0 A0       		.byte	0xa0
 228 00e1 09       		.uleb128 0x9
 229 00e2 01       		.uleb128 0x1
 230 00e3 51       		.byte	0x51
 231 00e4 05       		.uleb128 0x5
 232 00e5 03       		.byte	0x3
 233 00e6 00000000 		.4byte	.LANCHOR0
 234 00ea 09       		.uleb128 0x9
 235 00eb 01       		.uleb128 0x1
 236 00ec 50       		.byte	0x50
 237 00ed 02       		.uleb128 0x2
 238 00ee 7D       		.byte	0x7d
 239 00ef 00       		.sleb128 0
 240 00f0 00       		.byte	0
 241 00f1 0A       		.uleb128 0xa
 242 00f2 18000000 		.4byte	.LVL1
 243 00f6 4C010000 		.4byte	0x14c
 244 00fa 09       		.uleb128 0x9
 245 00fb 01       		.uleb128 0x1
 246 00fc 51       		.byte	0x51
 247 00fd 01       		.uleb128 0x1
 248 00fe 44       		.byte	0x44
 249 00ff 09       		.uleb128 0x9
 250 0100 01       		.uleb128 0x1
 251 0101 50       		.byte	0x50
 252 0102 02       		.uleb128 0x2
 253 0103 7D       		.byte	0x7d
 254 0104 00       		.sleb128 0
 255 0105 00       		.byte	0
 256 0106 00       		.byte	0
 257 0107 0B       		.uleb128 0xb
 258 0108 88000000 		.4byte	0x88
 259 010c 17010000 		.4byte	0x117
ARM GAS  C:\Users\User\AppData\Local\Temp\ccCVs8Md.s 			page 6


 260 0110 0C       		.uleb128 0xc
 261 0111 96000000 		.4byte	0x96
 262 0115 13       		.byte	0x13
 263 0116 00       		.byte	0
 264 0117 0D       		.uleb128 0xd
 265 0118 79010000 		.4byte	.LASF22
 266 011c 04       		.byte	0x4
 267 011d 9606     		.2byte	0x696
 268 011f 23010000 		.4byte	0x123
 269 0123 0E       		.uleb128 0xe
 270 0124 76000000 		.4byte	0x76
 271 0128 0F       		.uleb128 0xf
 272 0129 3A000000 		.4byte	.LASF16
 273 012d 9D000000 		.4byte	0x9d
 274 0131 45010000 		.4byte	0x145
 275 0135 10       		.uleb128 0x10
 276 0136 9D000000 		.4byte	0x9d
 277 013a 10       		.uleb128 0x10
 278 013b 45010000 		.4byte	0x145
 279 013f 10       		.uleb128 0x10
 280 0140 96000000 		.4byte	0x96
 281 0144 00       		.byte	0
 282 0145 11       		.uleb128 0x11
 283 0146 04       		.byte	0x4
 284 0147 4B010000 		.4byte	0x14b
 285 014b 12       		.uleb128 0x12
 286 014c 13       		.uleb128 0x13
 287 014d 46465400 		.ascii	"FFT\000"
 288 0151 05       		.byte	0x5
 289 0152 0F       		.byte	0xf
 290 0153 62010000 		.4byte	0x162
 291 0157 10       		.uleb128 0x10
 292 0158 62010000 		.4byte	0x162
 293 015c 10       		.uleb128 0x10
 294 015d 53000000 		.4byte	0x53
 295 0161 00       		.byte	0
 296 0162 11       		.uleb128 0x11
 297 0163 04       		.byte	0x4
 298 0164 88000000 		.4byte	0x88
 299 0168 00       		.byte	0
 300              		.section	.debug_abbrev,"",%progbits
 301              	.Ldebug_abbrev0:
 302 0000 01       		.uleb128 0x1
 303 0001 11       		.uleb128 0x11
 304 0002 01       		.byte	0x1
 305 0003 25       		.uleb128 0x25
 306 0004 0E       		.uleb128 0xe
 307 0005 13       		.uleb128 0x13
 308 0006 0B       		.uleb128 0xb
 309 0007 03       		.uleb128 0x3
 310 0008 0E       		.uleb128 0xe
 311 0009 1B       		.uleb128 0x1b
 312 000a 0E       		.uleb128 0xe
 313 000b 55       		.uleb128 0x55
 314 000c 17       		.uleb128 0x17
 315 000d 11       		.uleb128 0x11
 316 000e 01       		.uleb128 0x1
ARM GAS  C:\Users\User\AppData\Local\Temp\ccCVs8Md.s 			page 7


 317 000f 10       		.uleb128 0x10
 318 0010 17       		.uleb128 0x17
 319 0011 00       		.byte	0
 320 0012 00       		.byte	0
 321 0013 02       		.uleb128 0x2
 322 0014 24       		.uleb128 0x24
 323 0015 00       		.byte	0
 324 0016 0B       		.uleb128 0xb
 325 0017 0B       		.uleb128 0xb
 326 0018 3E       		.uleb128 0x3e
 327 0019 0B       		.uleb128 0xb
 328 001a 03       		.uleb128 0x3
 329 001b 0E       		.uleb128 0xe
 330 001c 00       		.byte	0
 331 001d 00       		.byte	0
 332 001e 03       		.uleb128 0x3
 333 001f 16       		.uleb128 0x16
 334 0020 00       		.byte	0
 335 0021 03       		.uleb128 0x3
 336 0022 0E       		.uleb128 0xe
 337 0023 3A       		.uleb128 0x3a
 338 0024 0B       		.uleb128 0xb
 339 0025 3B       		.uleb128 0x3b
 340 0026 0B       		.uleb128 0xb
 341 0027 49       		.uleb128 0x49
 342 0028 13       		.uleb128 0x13
 343 0029 00       		.byte	0
 344 002a 00       		.byte	0
 345 002b 04       		.uleb128 0x4
 346 002c 24       		.uleb128 0x24
 347 002d 00       		.byte	0
 348 002e 0B       		.uleb128 0xb
 349 002f 0B       		.uleb128 0xb
 350 0030 3E       		.uleb128 0x3e
 351 0031 0B       		.uleb128 0xb
 352 0032 03       		.uleb128 0x3
 353 0033 08       		.uleb128 0x8
 354 0034 00       		.byte	0
 355 0035 00       		.byte	0
 356 0036 05       		.uleb128 0x5
 357 0037 0F       		.uleb128 0xf
 358 0038 00       		.byte	0
 359 0039 0B       		.uleb128 0xb
 360 003a 0B       		.uleb128 0xb
 361 003b 00       		.byte	0
 362 003c 00       		.byte	0
 363 003d 06       		.uleb128 0x6
 364 003e 2E       		.uleb128 0x2e
 365 003f 01       		.byte	0x1
 366 0040 3F       		.uleb128 0x3f
 367 0041 19       		.uleb128 0x19
 368 0042 03       		.uleb128 0x3
 369 0043 0E       		.uleb128 0xe
 370 0044 3A       		.uleb128 0x3a
 371 0045 0B       		.uleb128 0xb
 372 0046 3B       		.uleb128 0x3b
 373 0047 0B       		.uleb128 0xb
ARM GAS  C:\Users\User\AppData\Local\Temp\ccCVs8Md.s 			page 8


 374 0048 27       		.uleb128 0x27
 375 0049 19       		.uleb128 0x19
 376 004a 49       		.uleb128 0x49
 377 004b 13       		.uleb128 0x13
 378 004c 11       		.uleb128 0x11
 379 004d 01       		.uleb128 0x1
 380 004e 12       		.uleb128 0x12
 381 004f 06       		.uleb128 0x6
 382 0050 40       		.uleb128 0x40
 383 0051 18       		.uleb128 0x18
 384 0052 9742     		.uleb128 0x2117
 385 0054 19       		.uleb128 0x19
 386 0055 01       		.uleb128 0x1
 387 0056 13       		.uleb128 0x13
 388 0057 00       		.byte	0
 389 0058 00       		.byte	0
 390 0059 07       		.uleb128 0x7
 391 005a 34       		.uleb128 0x34
 392 005b 00       		.byte	0
 393 005c 03       		.uleb128 0x3
 394 005d 0E       		.uleb128 0xe
 395 005e 3A       		.uleb128 0x3a
 396 005f 0B       		.uleb128 0xb
 397 0060 3B       		.uleb128 0x3b
 398 0061 0B       		.uleb128 0xb
 399 0062 49       		.uleb128 0x49
 400 0063 13       		.uleb128 0x13
 401 0064 02       		.uleb128 0x2
 402 0065 18       		.uleb128 0x18
 403 0066 00       		.byte	0
 404 0067 00       		.byte	0
 405 0068 08       		.uleb128 0x8
 406 0069 898201   		.uleb128 0x4109
 407 006c 01       		.byte	0x1
 408 006d 11       		.uleb128 0x11
 409 006e 01       		.uleb128 0x1
 410 006f 31       		.uleb128 0x31
 411 0070 13       		.uleb128 0x13
 412 0071 01       		.uleb128 0x1
 413 0072 13       		.uleb128 0x13
 414 0073 00       		.byte	0
 415 0074 00       		.byte	0
 416 0075 09       		.uleb128 0x9
 417 0076 8A8201   		.uleb128 0x410a
 418 0079 00       		.byte	0
 419 007a 02       		.uleb128 0x2
 420 007b 18       		.uleb128 0x18
 421 007c 9142     		.uleb128 0x2111
 422 007e 18       		.uleb128 0x18
 423 007f 00       		.byte	0
 424 0080 00       		.byte	0
 425 0081 0A       		.uleb128 0xa
 426 0082 898201   		.uleb128 0x4109
 427 0085 01       		.byte	0x1
 428 0086 11       		.uleb128 0x11
 429 0087 01       		.uleb128 0x1
 430 0088 31       		.uleb128 0x31
ARM GAS  C:\Users\User\AppData\Local\Temp\ccCVs8Md.s 			page 9


 431 0089 13       		.uleb128 0x13
 432 008a 00       		.byte	0
 433 008b 00       		.byte	0
 434 008c 0B       		.uleb128 0xb
 435 008d 01       		.uleb128 0x1
 436 008e 01       		.byte	0x1
 437 008f 49       		.uleb128 0x49
 438 0090 13       		.uleb128 0x13
 439 0091 01       		.uleb128 0x1
 440 0092 13       		.uleb128 0x13
 441 0093 00       		.byte	0
 442 0094 00       		.byte	0
 443 0095 0C       		.uleb128 0xc
 444 0096 21       		.uleb128 0x21
 445 0097 00       		.byte	0
 446 0098 49       		.uleb128 0x49
 447 0099 13       		.uleb128 0x13
 448 009a 2F       		.uleb128 0x2f
 449 009b 0B       		.uleb128 0xb
 450 009c 00       		.byte	0
 451 009d 00       		.byte	0
 452 009e 0D       		.uleb128 0xd
 453 009f 34       		.uleb128 0x34
 454 00a0 00       		.byte	0
 455 00a1 03       		.uleb128 0x3
 456 00a2 0E       		.uleb128 0xe
 457 00a3 3A       		.uleb128 0x3a
 458 00a4 0B       		.uleb128 0xb
 459 00a5 3B       		.uleb128 0x3b
 460 00a6 05       		.uleb128 0x5
 461 00a7 49       		.uleb128 0x49
 462 00a8 13       		.uleb128 0x13
 463 00a9 3F       		.uleb128 0x3f
 464 00aa 19       		.uleb128 0x19
 465 00ab 3C       		.uleb128 0x3c
 466 00ac 19       		.uleb128 0x19
 467 00ad 00       		.byte	0
 468 00ae 00       		.byte	0
 469 00af 0E       		.uleb128 0xe
 470 00b0 35       		.uleb128 0x35
 471 00b1 00       		.byte	0
 472 00b2 49       		.uleb128 0x49
 473 00b3 13       		.uleb128 0x13
 474 00b4 00       		.byte	0
 475 00b5 00       		.byte	0
 476 00b6 0F       		.uleb128 0xf
 477 00b7 2E       		.uleb128 0x2e
 478 00b8 01       		.byte	0x1
 479 00b9 3F       		.uleb128 0x3f
 480 00ba 19       		.uleb128 0x19
 481 00bb 03       		.uleb128 0x3
 482 00bc 0E       		.uleb128 0xe
 483 00bd 27       		.uleb128 0x27
 484 00be 19       		.uleb128 0x19
 485 00bf 49       		.uleb128 0x49
 486 00c0 13       		.uleb128 0x13
 487 00c1 34       		.uleb128 0x34
ARM GAS  C:\Users\User\AppData\Local\Temp\ccCVs8Md.s 			page 10


 488 00c2 19       		.uleb128 0x19
 489 00c3 3C       		.uleb128 0x3c
 490 00c4 19       		.uleb128 0x19
 491 00c5 01       		.uleb128 0x1
 492 00c6 13       		.uleb128 0x13
 493 00c7 00       		.byte	0
 494 00c8 00       		.byte	0
 495 00c9 10       		.uleb128 0x10
 496 00ca 05       		.uleb128 0x5
 497 00cb 00       		.byte	0
 498 00cc 49       		.uleb128 0x49
 499 00cd 13       		.uleb128 0x13
 500 00ce 00       		.byte	0
 501 00cf 00       		.byte	0
 502 00d0 11       		.uleb128 0x11
 503 00d1 0F       		.uleb128 0xf
 504 00d2 00       		.byte	0
 505 00d3 0B       		.uleb128 0xb
 506 00d4 0B       		.uleb128 0xb
 507 00d5 49       		.uleb128 0x49
 508 00d6 13       		.uleb128 0x13
 509 00d7 00       		.byte	0
 510 00d8 00       		.byte	0
 511 00d9 12       		.uleb128 0x12
 512 00da 26       		.uleb128 0x26
 513 00db 00       		.byte	0
 514 00dc 00       		.byte	0
 515 00dd 00       		.byte	0
 516 00de 13       		.uleb128 0x13
 517 00df 2E       		.uleb128 0x2e
 518 00e0 01       		.byte	0x1
 519 00e1 3F       		.uleb128 0x3f
 520 00e2 19       		.uleb128 0x19
 521 00e3 03       		.uleb128 0x3
 522 00e4 08       		.uleb128 0x8
 523 00e5 3A       		.uleb128 0x3a
 524 00e6 0B       		.uleb128 0xb
 525 00e7 3B       		.uleb128 0x3b
 526 00e8 0B       		.uleb128 0xb
 527 00e9 27       		.uleb128 0x27
 528 00ea 19       		.uleb128 0x19
 529 00eb 3C       		.uleb128 0x3c
 530 00ec 19       		.uleb128 0x19
 531 00ed 01       		.uleb128 0x1
 532 00ee 13       		.uleb128 0x13
 533 00ef 00       		.byte	0
 534 00f0 00       		.byte	0
 535 00f1 00       		.byte	0
 536              		.section	.debug_aranges,"",%progbits
 537 0000 1C000000 		.4byte	0x1c
 538 0004 0200     		.2byte	0x2
 539 0006 00000000 		.4byte	.Ldebug_info0
 540 000a 04       		.byte	0x4
 541 000b 00       		.byte	0
 542 000c 0000     		.2byte	0
 543 000e 0000     		.2byte	0
 544 0010 00000000 		.4byte	.LFB63
ARM GAS  C:\Users\User\AppData\Local\Temp\ccCVs8Md.s 			page 11


 545 0014 24000000 		.4byte	.LFE63-.LFB63
 546 0018 00000000 		.4byte	0
 547 001c 00000000 		.4byte	0
 548              		.section	.debug_ranges,"",%progbits
 549              	.Ldebug_ranges0:
 550 0000 00000000 		.4byte	.LFB63
 551 0004 24000000 		.4byte	.LFE63
 552 0008 00000000 		.4byte	0
 553 000c 00000000 		.4byte	0
 554              		.section	.debug_line,"",%progbits
 555              	.Ldebug_line0:
 556 0000 5C010000 		.section	.debug_str,"MS",%progbits,1
 556      02004301 
 556      00000201 
 556      FB0E0D00 
 556      01010101 
 557              	.LASF6:
 558 0000 6C6F6E67 		.ascii	"long long int\000"
 558      206C6F6E 
 558      6720696E 
 558      7400
 559              	.LASF3:
 560 000e 73686F72 		.ascii	"short unsigned int\000"
 560      7420756E 
 560      7369676E 
 560      65642069 
 560      6E7400
 561              	.LASF8:
 562 0021 756E7369 		.ascii	"unsigned int\000"
 562      676E6564 
 562      20696E74 
 562      00
 563              	.LASF18:
 564 002e 6D61696E 		.ascii	"main.c\000"
 564      2E6300
 565              	.LASF20:
 566 0035 6D61696E 		.ascii	"main\000"
 566      00
 567              	.LASF16:
 568 003a 6D656D63 		.ascii	"memcpy\000"
 568      707900
 569              	.LASF19:
 570 0041 433A5C55 		.ascii	"C:\\Users\\User\\Desktop\\GIT\\EE-projekt-4-gruppe-"
 570      73657273 
 570      5C557365 
 570      725C4465 
 570      736B746F 
 571 006f 315C4D61 		.ascii	"1\\Maaleenhed\\fft\\FFT2\\fft.cydsn\000"
 571      616C6565 
 571      6E686564 
 571      5C666674 
 571      5C464654 
 572              	.LASF5:
 573 008f 6C6F6E67 		.ascii	"long unsigned int\000"
 573      20756E73 
 573      69676E65 
 573      6420696E 
ARM GAS  C:\Users\User\AppData\Local\Temp\ccCVs8Md.s 			page 12


 573      7400
 574              	.LASF7:
 575 00a1 6C6F6E67 		.ascii	"long long unsigned int\000"
 575      206C6F6E 
 575      6720756E 
 575      7369676E 
 575      65642069 
 576              	.LASF17:
 577 00b8 474E5520 		.ascii	"GNU C 4.9.3 20150303 (release) [ARM/embedded-4_9-br"
 577      4320342E 
 577      392E3320 
 577      32303135 
 577      30333033 
 578 00eb 616E6368 		.ascii	"anch revision 221220] -mcpu=cortex-m3 -mthumb -g -O"
 578      20726576 
 578      6973696F 
 578      6E203232 
 578      31323230 
 579 011e 67202D66 		.ascii	"g -ffunction-sections -ffat-lto-objects\000"
 579      66756E63 
 579      74696F6E 
 579      2D736563 
 579      74696F6E 
 580              	.LASF1:
 581 0146 756E7369 		.ascii	"unsigned char\000"
 581      676E6564 
 581      20636861 
 581      7200
 582              	.LASF13:
 583 0154 63686172 		.ascii	"char\000"
 583      00
 584              	.LASF4:
 585 0159 6C6F6E67 		.ascii	"long int\000"
 585      20696E74 
 585      00
 586              	.LASF12:
 587 0162 646F7562 		.ascii	"double\000"
 587      6C6500
 588              	.LASF21:
 589 0169 73616D70 		.ascii	"samples_voltage\000"
 589      6C65735F 
 589      766F6C74 
 589      61676500 
 590              	.LASF22:
 591 0179 49544D5F 		.ascii	"ITM_RxBuffer\000"
 591      52784275 
 591      66666572 
 591      00
 592              	.LASF0:
 593 0186 7369676E 		.ascii	"signed char\000"
 593      65642063 
 593      68617200 
 594              	.LASF15:
 595 0192 6C6F6E67 		.ascii	"long double\000"
 595      20646F75 
 595      626C6500 
 596              	.LASF9:
ARM GAS  C:\Users\User\AppData\Local\Temp\ccCVs8Md.s 			page 13


 597 019e 5F5F696E 		.ascii	"__int32_t\000"
 597      7433325F 
 597      7400
 598              	.LASF11:
 599 01a8 666C6F61 		.ascii	"float\000"
 599      7400
 600              	.LASF2:
 601 01ae 73686F72 		.ascii	"short int\000"
 601      7420696E 
 601      7400
 602              	.LASF10:
 603 01b8 696E7433 		.ascii	"int32_t\000"
 603      325F7400 
 604              	.LASF14:
 605 01c0 73697A65 		.ascii	"sizetype\000"
 605      74797065 
 605      00
 606              		.ident	"GCC: (GNU Tools for ARM Embedded Processors) 4.9.3 20150303 (release) [ARM/embedded-4_9-br
