ARM GAS  C:\Users\Soren\AppData\Local\Temp\ccaZCkcF.s 			page 1


   1              		.syntax unified
   2              		.cpu cortex-m3
   3              		.fpu softvfp
   4              		.eabi_attribute 20, 1
   5              		.eabi_attribute 21, 1
   6              		.eabi_attribute 23, 3
   7              		.eabi_attribute 24, 1
   8              		.eabi_attribute 25, 1
   9              		.eabi_attribute 26, 1
  10              		.eabi_attribute 30, 1
  11              		.eabi_attribute 34, 1
  12              		.eabi_attribute 18, 4
  13              		.thumb
  14              		.file	"main.c"
  15              		.text
  16              	.Ltext0:
  17              		.cfi_sections	.debug_frame
  18              		.section	.text.main,"ax",%progbits
  19              		.align	2
  20              		.global	main
  21              		.thumb
  22              		.thumb_func
  23              		.type	main, %function
  24              	main:
  25              	.LFB63:
  26              		.file 1 "main.c"
   1:main.c        **** /* ========================================
   2:main.c        ****  *
   3:main.c        ****  * Copyright YOUR COMPANY, THE YEAR
   4:main.c        ****  * All Rights Reserved
   5:main.c        ****  * UNPUBLISHED, LICENSED SOFTWARE.
   6:main.c        ****  *
   7:main.c        ****  * CONFIDENTIAL AND PROPRIETARY INFORMATION
   8:main.c        ****  * WHICH IS THE PROPERTY OF your company.
   9:main.c        ****  *
  10:main.c        ****  * ========================================
  11:main.c        **** */
  12:main.c        **** #include "project.h"
  13:main.c        **** #include "stdio.h"
  14:main.c        **** #define SIZE 40
  15:main.c        **** 
  16:main.c        **** int main(void)
  17:main.c        **** {
  27              		.loc 1 17 0
  28              		.cfi_startproc
  29              		@ args = 0, pretend = 0, frame = 160
  30              		@ frame_needed = 0, uses_anonymous_args = 0
  31 0000 2DE9F041 		push	{r4, r5, r6, r7, r8, lr}
  32              		.cfi_def_cfa_offset 24
  33              		.cfi_offset 4, -24
  34              		.cfi_offset 5, -20
  35              		.cfi_offset 6, -16
  36              		.cfi_offset 7, -12
  37              		.cfi_offset 8, -8
  38              		.cfi_offset 14, -4
  39 0004 A8B0     		sub	sp, sp, #160
  40              		.cfi_def_cfa_offset 184
ARM GAS  C:\Users\Soren\AppData\Local\Temp\ccaZCkcF.s 			page 2


  18:main.c        ****     //CyGlobalIntEnable; /* Enable global interrupts. */
  19:main.c        **** 
  20:main.c        ****     /* Place your initialization/startup code here (e.g. MyInst_Start()) */
  21:main.c        ****     
  22:main.c        ****     ADC_DelSig_1_Start();
  41              		.loc 1 22 0
  42 0006 FFF7FEFF 		bl	ADC_DelSig_1_Start
  43              	.LVL0:
  23:main.c        ****     ADC_DelSig_1_StartConvert();
  44              		.loc 1 23 0
  45 000a FFF7FEFF 		bl	ADC_DelSig_1_StartConvert
  46              	.LVL1:
  24:main.c        ****     
  25:main.c        ****     AMux_1_Start();
  47              		.loc 1 25 0
  48 000e FFF7FEFF 		bl	AMux_1_Start
  49              	.LVL2:
  26:main.c        ****     AMux_2_Start();
  50              		.loc 1 26 0
  51 0012 FFF7FEFF 		bl	AMux_2_Start
  52              	.LVL3:
  27:main.c        ****     
  28:main.c        ****     int SampleArrayU[SIZE/2]={0};
  53              		.loc 1 28 0
  54 0016 5024     		movs	r4, #80
  55 0018 0DEB0400 		add	r0, sp, r4
  56 001c 0021     		movs	r1, #0
  57 001e 2246     		mov	r2, r4
  58 0020 FFF7FEFF 		bl	memset
  59              	.LVL4:
  29:main.c        ****     int SampleArrayI[SIZE/2]={0};
  60              		.loc 1 29 0
  61 0024 6846     		mov	r0, sp
  62 0026 0021     		movs	r1, #0
  63 0028 2246     		mov	r2, r4
  64 002a FFF7FEFF 		bl	memset
  65              	.LVL5:
  66              	.L8:
  67              	.LBB2:
  30:main.c        ****     
  31:main.c        ****     int i, debugValue, dV;
  32:main.c        ****     for(;;)
  33:main.c        ****     {
  34:main.c        ****         /* Place your application code here. */
  35:main.c        ****         test_Write(1);
  68              		.loc 1 35 0
  69 002e 0120     		movs	r0, #1
  70 0030 FFF7FEFF 		bl	test_Write
  71              	.LVL6:
  36:main.c        ****          int indexU = 0, indexI = 0;
  72              		.loc 1 36 0
  73 0034 0027     		movs	r7, #0
  74 0036 3D46     		mov	r5, r7
  37:main.c        ****         for(i=0;i<SIZE;i++)
  75              		.loc 1 37 0
  76 0038 3C46     		mov	r4, r7
  77 003a 3AE0     		b	.L2
ARM GAS  C:\Users\Soren\AppData\Local\Temp\ccaZCkcF.s 			page 3


  78              	.LVL7:
  79              	.L7:
  38:main.c        ****         {
  39:main.c        ****            //CyDelay(1);
  40:main.c        ****             if(i%2 == 0)
  80              		.loc 1 40 0
  81 003c 14F0010F 		tst	r4, #1
  82 0040 16D1     		bne	.L3
  41:main.c        ****             {
  42:main.c        ****                 //Skriver spændingsmålong i ArrayU
  43:main.c        ****                 AMux_1_FastSelect(0);
  83              		.loc 1 43 0
  84 0042 0020     		movs	r0, #0
  85 0044 FFF7FEFF 		bl	AMux_1_FastSelect
  86              	.LVL8:
  44:main.c        ****                 AMux_2_FastSelect(0);
  87              		.loc 1 44 0
  88 0048 0020     		movs	r0, #0
  89 004a FFF7FEFF 		bl	AMux_2_FastSelect
  90              	.LVL9:
  91              	.L4:
  45:main.c        ****                 while(!ADC_DelSig_1_IsEndConversion(ADC_DelSig_1_RETURN_STATUS));
  92              		.loc 1 45 0 discriminator 1
  93 004e 0120     		movs	r0, #1
  94 0050 FFF7FEFF 		bl	ADC_DelSig_1_IsEndConversion
  95              	.LVL10:
  96 0054 0028     		cmp	r0, #0
  97 0056 FAD0     		beq	.L4
  46:main.c        ****                 SampleArrayU[indexU++] = ADC_DelSig_1_CountsTo_mVolts( ADC_DelSig_1_GetResult16());
  98              		.loc 1 46 0
  99 0058 6E1C     		adds	r6, r5, #1
 100              	.LVL11:
 101 005a FFF7FEFF 		bl	ADC_DelSig_1_GetResult16
 102              	.LVL12:
 103 005e FFF7FEFF 		bl	ADC_DelSig_1_CountsTo_mVolts
 104              	.LVL13:
 105 0062 28AB     		add	r3, sp, #160
 106 0064 03EB8505 		add	r5, r3, r5, lsl #2
 107 0068 45F8500C 		str	r0, [r5, #-80]
 108 006c 3546     		mov	r5, r6
 109 006e 15E0     		b	.L5
 110              	.LVL14:
 111              	.L3:
  47:main.c        ****             }else
  48:main.c        ****             {
  49:main.c        ****                 //Skriver strømmåling i ArrayI
  50:main.c        ****                 AMux_1_FastSelect(1);
 112              		.loc 1 50 0
 113 0070 0120     		movs	r0, #1
 114 0072 FFF7FEFF 		bl	AMux_1_FastSelect
 115              	.LVL15:
  51:main.c        ****                 AMux_2_FastSelect(1);
 116              		.loc 1 51 0
 117 0076 0120     		movs	r0, #1
 118 0078 FFF7FEFF 		bl	AMux_2_FastSelect
 119              	.LVL16:
 120              	.L6:
ARM GAS  C:\Users\Soren\AppData\Local\Temp\ccaZCkcF.s 			page 4


  52:main.c        ****                 while(!ADC_DelSig_1_IsEndConversion(ADC_DelSig_1_RETURN_STATUS));
 121              		.loc 1 52 0 discriminator 1
 122 007c 0120     		movs	r0, #1
 123 007e FFF7FEFF 		bl	ADC_DelSig_1_IsEndConversion
 124              	.LVL17:
 125 0082 0028     		cmp	r0, #0
 126 0084 FAD0     		beq	.L6
  53:main.c        ****                 SampleArrayI[indexI++] = ADC_DelSig_1_CountsTo_mVolts( ADC_DelSig_1_GetResult16());
 127              		.loc 1 53 0
 128 0086 7E1C     		adds	r6, r7, #1
 129              	.LVL18:
 130 0088 FFF7FEFF 		bl	ADC_DelSig_1_GetResult16
 131              	.LVL19:
 132 008c FFF7FEFF 		bl	ADC_DelSig_1_CountsTo_mVolts
 133              	.LVL20:
 134 0090 28AB     		add	r3, sp, #160
 135 0092 03EB8707 		add	r7, r3, r7, lsl #2
 136 0096 47F8A00C 		str	r0, [r7, #-160]
 137 009a 3746     		mov	r7, r6
 138              	.LVL21:
 139              	.L5:
  54:main.c        ****             }
  55:main.c        **** 
  56:main.c        ****             debugValue = SampleArrayU[i];
 140              		.loc 1 56 0 discriminator 2
 141 009c 28AB     		add	r3, sp, #160
 142 009e 03EB8403 		add	r3, r3, r4, lsl #2
 143 00a2 53F8506C 		ldr	r6, [r3, #-80]
 144              	.LVL22:
  57:main.c        ****             dV = SampleArrayI[i];
 145              		.loc 1 57 0 discriminator 2
 146 00a6 53F8A08C 		ldr	r8, [r3, #-160]
 147              	.LVL23:
  58:main.c        ****             CyDelay(1);
 148              		.loc 1 58 0 discriminator 2
 149 00aa 0120     		movs	r0, #1
 150 00ac FFF7FEFF 		bl	CyDelay
 151              	.LVL24:
  37:main.c        ****         {
 152              		.loc 1 37 0 discriminator 2
 153 00b0 0134     		adds	r4, r4, #1
 154              	.LVL25:
 155              	.L2:
  37:main.c        ****         {
 156              		.loc 1 37 0 is_stmt 0 discriminator 1
 157 00b2 272C     		cmp	r4, #39
 158 00b4 C2DD     		ble	.L7
  59:main.c        ****         }
  60:main.c        ****         printf("Hello %d %d",debugValue,dV);
 159              		.loc 1 60 0 is_stmt 1
 160 00b6 0448     		ldr	r0, .L10
 161 00b8 3146     		mov	r1, r6
 162 00ba 4246     		mov	r2, r8
 163 00bc FFF7FEFF 		bl	printf
 164              	.LVL26:
  61:main.c        ****         //CyDelay(1000);
  62:main.c        ****         test_Write(0);
ARM GAS  C:\Users\Soren\AppData\Local\Temp\ccaZCkcF.s 			page 5


 165              		.loc 1 62 0
 166 00c0 0020     		movs	r0, #0
 167 00c2 FFF7FEFF 		bl	test_Write
 168              	.LVL27:
 169              	.LBE2:
  63:main.c        ****     }
 170              		.loc 1 63 0
 171 00c6 B2E7     		b	.L8
 172              	.L11:
 173              		.align	2
 174              	.L10:
 175 00c8 00000000 		.word	.LC0
 176              		.cfi_endproc
 177              	.LFE63:
 178              		.size	main, .-main
 179              		.section	.rodata.str1.4,"aMS",%progbits,1
 180              		.align	2
 181              	.LC0:
 182 0000 48656C6C 		.ascii	"Hello %d %d\000"
 182      6F202564 
 182      20256400 
 183              		.text
 184              	.Letext0:
 185              		.file 2 "c:\\program files (x86)\\cypress\\psoc creator\\4.0\\psoc creator\\import\\gnu\\arm\\4.9.
 186              		.file 3 "c:\\program files (x86)\\cypress\\psoc creator\\4.0\\psoc creator\\import\\gnu\\arm\\4.9.
 187              		.file 4 "Generated_Source\\PSoC5/cytypes.h"
 188              		.file 5 "Generated_Source\\PSoC5/test.h"
 189              		.file 6 "Generated_Source\\PSoC5/AMux_1.h"
 190              		.file 7 "Generated_Source\\PSoC5/AMux_2.h"
 191              		.file 8 "Generated_Source\\PSoC5/ADC_DelSig_1.h"
 192              		.file 9 "Generated_Source\\PSoC5/CyLib.h"
 193              		.file 10 "c:\\program files (x86)\\cypress\\psoc creator\\4.0\\psoc creator\\import\\gnu\\arm\\4.9
 194              		.file 11 "Generated_Source\\PSoC5/core_cm3.h"
 195              		.section	.debug_info,"",%progbits
 196              	.Ldebug_info0:
 197 0000 9A030000 		.4byte	0x39a
 198 0004 0400     		.2byte	0x4
 199 0006 00000000 		.4byte	.Ldebug_abbrev0
 200 000a 04       		.byte	0x4
 201 000b 01       		.uleb128 0x1
 202 000c A4010000 		.4byte	.LASF35
 203 0010 01       		.byte	0x1
 204 0011 56020000 		.4byte	.LASF36
 205 0015 8F000000 		.4byte	.LASF37
 206 0019 00000000 		.4byte	.Ldebug_ranges0+0
 207 001d 00000000 		.4byte	0
 208 0021 00000000 		.4byte	.Ldebug_line0
 209 0025 02       		.uleb128 0x2
 210 0026 01       		.byte	0x1
 211 0027 06       		.byte	0x6
 212 0028 D0020000 		.4byte	.LASF0
 213 002c 02       		.uleb128 0x2
 214 002d 01       		.byte	0x1
 215 002e 08       		.byte	0x8
 216 002f 3D000000 		.4byte	.LASF1
 217 0033 02       		.uleb128 0x2
 218 0034 02       		.byte	0x2
ARM GAS  C:\Users\Soren\AppData\Local\Temp\ccaZCkcF.s 			page 6


 219 0035 05       		.byte	0x5
 220 0036 7B020000 		.4byte	.LASF2
 221 003a 02       		.uleb128 0x2
 222 003b 02       		.byte	0x2
 223 003c 07       		.byte	0x7
 224 003d 0A000000 		.4byte	.LASF3
 225 0041 03       		.uleb128 0x3
 226 0042 00000000 		.4byte	.LASF9
 227 0046 02       		.byte	0x2
 228 0047 3F       		.byte	0x3f
 229 0048 4C000000 		.4byte	0x4c
 230 004c 02       		.uleb128 0x2
 231 004d 04       		.byte	0x4
 232 004e 05       		.byte	0x5
 233 004f AD020000 		.4byte	.LASF4
 234 0053 02       		.uleb128 0x2
 235 0054 04       		.byte	0x4
 236 0055 07       		.byte	0x7
 237 0056 63000000 		.4byte	.LASF5
 238 005a 02       		.uleb128 0x2
 239 005b 08       		.byte	0x8
 240 005c 05       		.byte	0x5
 241 005d 48020000 		.4byte	.LASF6
 242 0061 02       		.uleb128 0x2
 243 0062 08       		.byte	0x8
 244 0063 07       		.byte	0x7
 245 0064 8D010000 		.4byte	.LASF7
 246 0068 04       		.uleb128 0x4
 247 0069 04       		.byte	0x4
 248 006a 05       		.byte	0x5
 249 006b 696E7400 		.ascii	"int\000"
 250 006f 02       		.uleb128 0x2
 251 0070 04       		.byte	0x4
 252 0071 07       		.byte	0x7
 253 0072 56010000 		.4byte	.LASF8
 254 0076 03       		.uleb128 0x3
 255 0077 37020000 		.4byte	.LASF10
 256 007b 03       		.byte	0x3
 257 007c 2C       		.byte	0x2c
 258 007d 41000000 		.4byte	0x41
 259 0081 05       		.uleb128 0x5
 260 0082 37000000 		.4byte	.LASF11
 261 0086 04       		.byte	0x4
 262 0087 9201     		.2byte	0x192
 263 0089 2C000000 		.4byte	0x2c
 264 008d 05       		.uleb128 0x5
 265 008e 18010000 		.4byte	.LASF12
 266 0092 04       		.byte	0x4
 267 0093 9401     		.2byte	0x194
 268 0095 53000000 		.4byte	0x53
 269 0099 05       		.uleb128 0x5
 270 009a 5D000000 		.4byte	.LASF13
 271 009e 04       		.byte	0x4
 272 009f 9601     		.2byte	0x196
 273 00a1 33000000 		.4byte	0x33
 274 00a5 05       		.uleb128 0x5
 275 00a6 7C000000 		.4byte	.LASF14
ARM GAS  C:\Users\Soren\AppData\Local\Temp\ccaZCkcF.s 			page 7


 276 00aa 04       		.byte	0x4
 277 00ab 9701     		.2byte	0x197
 278 00ad 4C000000 		.4byte	0x4c
 279 00b1 02       		.uleb128 0x2
 280 00b2 04       		.byte	0x4
 281 00b3 04       		.byte	0x4
 282 00b4 31000000 		.4byte	.LASF15
 283 00b8 02       		.uleb128 0x2
 284 00b9 08       		.byte	0x8
 285 00ba 04       		.byte	0x4
 286 00bb F7000000 		.4byte	.LASF16
 287 00bf 02       		.uleb128 0x2
 288 00c0 01       		.byte	0x1
 289 00c1 08       		.byte	0x8
 290 00c2 5D020000 		.4byte	.LASF17
 291 00c6 02       		.uleb128 0x2
 292 00c7 04       		.byte	0x4
 293 00c8 07       		.byte	0x7
 294 00c9 3F020000 		.4byte	.LASF18
 295 00cd 06       		.uleb128 0x6
 296 00ce 04       		.byte	0x4
 297 00cf 07       		.uleb128 0x7
 298 00d0 04       		.byte	0x4
 299 00d1 D5000000 		.4byte	0xd5
 300 00d5 08       		.uleb128 0x8
 301 00d6 BF000000 		.4byte	0xbf
 302 00da 09       		.uleb128 0x9
 303 00db 32020000 		.4byte	.LASF38
 304 00df 01       		.byte	0x1
 305 00e0 10       		.byte	0x10
 306 00e1 68000000 		.4byte	0x68
 307 00e5 00000000 		.4byte	.LFB63
 308 00e9 CC000000 		.4byte	.LFE63-.LFB63
 309 00ed 01       		.uleb128 0x1
 310 00ee 9C       		.byte	0x9c
 311 00ef B8020000 		.4byte	0x2b8
 312 00f3 0A       		.uleb128 0xa
 313 00f4 0B010000 		.4byte	.LASF19
 314 00f8 01       		.byte	0x1
 315 00f9 1C       		.byte	0x1c
 316 00fa B8020000 		.4byte	0x2b8
 317 00fe 03       		.uleb128 0x3
 318 00ff 91       		.byte	0x91
 319 0100 987F     		.sleb128 -104
 320 0102 0A       		.uleb128 0xa
 321 0103 1D000000 		.4byte	.LASF20
 322 0107 01       		.byte	0x1
 323 0108 1D       		.byte	0x1d
 324 0109 B8020000 		.4byte	0x2b8
 325 010d 03       		.uleb128 0x3
 326 010e 91       		.byte	0x91
 327 010f C87E     		.sleb128 -184
 328 0111 0B       		.uleb128 0xb
 329 0112 6900     		.ascii	"i\000"
 330 0114 01       		.byte	0x1
 331 0115 1F       		.byte	0x1f
 332 0116 68000000 		.4byte	0x68
ARM GAS  C:\Users\Soren\AppData\Local\Temp\ccaZCkcF.s 			page 8


 333 011a 00000000 		.4byte	.LLST0
 334 011e 0C       		.uleb128 0xc
 335 011f 1F010000 		.4byte	.LASF21
 336 0123 01       		.byte	0x1
 337 0124 1F       		.byte	0x1f
 338 0125 68000000 		.4byte	0x68
 339 0129 1F000000 		.4byte	.LLST1
 340 012d 0D       		.uleb128 0xd
 341 012e 645600   		.ascii	"dV\000"
 342 0131 01       		.byte	0x1
 343 0132 1F       		.byte	0x1f
 344 0133 68000000 		.4byte	0x68
 345 0137 01       		.uleb128 0x1
 346 0138 58       		.byte	0x58
 347 0139 0E       		.uleb128 0xe
 348 013a 2E000000 		.4byte	.LBB2
 349 013e 98000000 		.4byte	.LBE2-.LBB2
 350 0142 53020000 		.4byte	0x253
 351 0146 0C       		.uleb128 0xc
 352 0147 75000000 		.4byte	.LASF22
 353 014b 01       		.byte	0x1
 354 014c 24       		.byte	0x24
 355 014d 68000000 		.4byte	0x68
 356 0151 48000000 		.4byte	.LLST2
 357 0155 0C       		.uleb128 0xc
 358 0156 2A000000 		.4byte	.LASF23
 359 015a 01       		.byte	0x1
 360 015b 24       		.byte	0x24
 361 015c 68000000 		.4byte	0x68
 362 0160 7D000000 		.4byte	.LLST3
 363 0164 0F       		.uleb128 0xf
 364 0165 34000000 		.4byte	.LVL6
 365 0169 D9020000 		.4byte	0x2d9
 366 016d 77010000 		.4byte	0x177
 367 0171 10       		.uleb128 0x10
 368 0172 01       		.uleb128 0x1
 369 0173 50       		.byte	0x50
 370 0174 01       		.uleb128 0x1
 371 0175 31       		.byte	0x31
 372 0176 00       		.byte	0
 373 0177 0F       		.uleb128 0xf
 374 0178 48000000 		.4byte	.LVL8
 375 017c EA020000 		.4byte	0x2ea
 376 0180 8A010000 		.4byte	0x18a
 377 0184 10       		.uleb128 0x10
 378 0185 01       		.uleb128 0x1
 379 0186 50       		.byte	0x50
 380 0187 01       		.uleb128 0x1
 381 0188 30       		.byte	0x30
 382 0189 00       		.byte	0
 383 018a 0F       		.uleb128 0xf
 384 018b 4E000000 		.4byte	.LVL9
 385 018f FB020000 		.4byte	0x2fb
 386 0193 9D010000 		.4byte	0x19d
 387 0197 10       		.uleb128 0x10
 388 0198 01       		.uleb128 0x1
 389 0199 50       		.byte	0x50
ARM GAS  C:\Users\Soren\AppData\Local\Temp\ccaZCkcF.s 			page 9


 390 019a 01       		.uleb128 0x1
 391 019b 30       		.byte	0x30
 392 019c 00       		.byte	0
 393 019d 0F       		.uleb128 0xf
 394 019e 54000000 		.4byte	.LVL10
 395 01a2 0C030000 		.4byte	0x30c
 396 01a6 B0010000 		.4byte	0x1b0
 397 01aa 10       		.uleb128 0x10
 398 01ab 01       		.uleb128 0x1
 399 01ac 50       		.byte	0x50
 400 01ad 01       		.uleb128 0x1
 401 01ae 31       		.byte	0x31
 402 01af 00       		.byte	0
 403 01b0 11       		.uleb128 0x11
 404 01b1 5E000000 		.4byte	.LVL12
 405 01b5 21030000 		.4byte	0x321
 406 01b9 11       		.uleb128 0x11
 407 01ba 62000000 		.4byte	.LVL13
 408 01be 2C030000 		.4byte	0x32c
 409 01c2 0F       		.uleb128 0xf
 410 01c3 76000000 		.4byte	.LVL15
 411 01c7 EA020000 		.4byte	0x2ea
 412 01cb D5010000 		.4byte	0x1d5
 413 01cf 10       		.uleb128 0x10
 414 01d0 01       		.uleb128 0x1
 415 01d1 50       		.byte	0x50
 416 01d2 01       		.uleb128 0x1
 417 01d3 31       		.byte	0x31
 418 01d4 00       		.byte	0
 419 01d5 0F       		.uleb128 0xf
 420 01d6 7C000000 		.4byte	.LVL16
 421 01da FB020000 		.4byte	0x2fb
 422 01de E8010000 		.4byte	0x1e8
 423 01e2 10       		.uleb128 0x10
 424 01e3 01       		.uleb128 0x1
 425 01e4 50       		.byte	0x50
 426 01e5 01       		.uleb128 0x1
 427 01e6 31       		.byte	0x31
 428 01e7 00       		.byte	0
 429 01e8 0F       		.uleb128 0xf
 430 01e9 82000000 		.4byte	.LVL17
 431 01ed 0C030000 		.4byte	0x30c
 432 01f1 FB010000 		.4byte	0x1fb
 433 01f5 10       		.uleb128 0x10
 434 01f6 01       		.uleb128 0x1
 435 01f7 50       		.byte	0x50
 436 01f8 01       		.uleb128 0x1
 437 01f9 31       		.byte	0x31
 438 01fa 00       		.byte	0
 439 01fb 11       		.uleb128 0x11
 440 01fc 8C000000 		.4byte	.LVL19
 441 0200 21030000 		.4byte	0x321
 442 0204 11       		.uleb128 0x11
 443 0205 90000000 		.4byte	.LVL20
 444 0209 2C030000 		.4byte	0x32c
 445 020d 0F       		.uleb128 0xf
 446 020e B0000000 		.4byte	.LVL24
ARM GAS  C:\Users\Soren\AppData\Local\Temp\ccaZCkcF.s 			page 10


 447 0212 41030000 		.4byte	0x341
 448 0216 20020000 		.4byte	0x220
 449 021a 10       		.uleb128 0x10
 450 021b 01       		.uleb128 0x1
 451 021c 50       		.byte	0x50
 452 021d 01       		.uleb128 0x1
 453 021e 31       		.byte	0x31
 454 021f 00       		.byte	0
 455 0220 0F       		.uleb128 0xf
 456 0221 C0000000 		.4byte	.LVL26
 457 0225 52030000 		.4byte	0x352
 458 0229 43020000 		.4byte	0x243
 459 022d 10       		.uleb128 0x10
 460 022e 01       		.uleb128 0x1
 461 022f 52       		.byte	0x52
 462 0230 02       		.uleb128 0x2
 463 0231 78       		.byte	0x78
 464 0232 00       		.sleb128 0
 465 0233 10       		.uleb128 0x10
 466 0234 01       		.uleb128 0x1
 467 0235 51       		.byte	0x51
 468 0236 02       		.uleb128 0x2
 469 0237 76       		.byte	0x76
 470 0238 00       		.sleb128 0
 471 0239 10       		.uleb128 0x10
 472 023a 01       		.uleb128 0x1
 473 023b 50       		.byte	0x50
 474 023c 05       		.uleb128 0x5
 475 023d 03       		.byte	0x3
 476 023e 00000000 		.4byte	.LC0
 477 0242 00       		.byte	0
 478 0243 12       		.uleb128 0x12
 479 0244 C6000000 		.4byte	.LVL27
 480 0248 D9020000 		.4byte	0x2d9
 481 024c 10       		.uleb128 0x10
 482 024d 01       		.uleb128 0x1
 483 024e 50       		.byte	0x50
 484 024f 01       		.uleb128 0x1
 485 0250 30       		.byte	0x30
 486 0251 00       		.byte	0
 487 0252 00       		.byte	0
 488 0253 11       		.uleb128 0x11
 489 0254 0A000000 		.4byte	.LVL0
 490 0258 68030000 		.4byte	0x368
 491 025c 11       		.uleb128 0x11
 492 025d 0E000000 		.4byte	.LVL1
 493 0261 6F030000 		.4byte	0x36f
 494 0265 11       		.uleb128 0x11
 495 0266 12000000 		.4byte	.LVL2
 496 026a 76030000 		.4byte	0x376
 497 026e 11       		.uleb128 0x11
 498 026f 16000000 		.4byte	.LVL3
 499 0273 7D030000 		.4byte	0x37d
 500 0277 0F       		.uleb128 0xf
 501 0278 24000000 		.4byte	.LVL4
 502 027c 84030000 		.4byte	0x384
 503 0280 9C020000 		.4byte	0x29c
ARM GAS  C:\Users\Soren\AppData\Local\Temp\ccaZCkcF.s 			page 11


 504 0284 10       		.uleb128 0x10
 505 0285 01       		.uleb128 0x1
 506 0286 52       		.byte	0x52
 507 0287 02       		.uleb128 0x2
 508 0288 74       		.byte	0x74
 509 0289 00       		.sleb128 0
 510 028a 10       		.uleb128 0x10
 511 028b 01       		.uleb128 0x1
 512 028c 51       		.byte	0x51
 513 028d 01       		.uleb128 0x1
 514 028e 30       		.byte	0x30
 515 028f 10       		.uleb128 0x10
 516 0290 01       		.uleb128 0x1
 517 0291 50       		.byte	0x50
 518 0292 08       		.uleb128 0x8
 519 0293 91       		.byte	0x91
 520 0294 00       		.sleb128 0
 521 0295 74       		.byte	0x74
 522 0296 00       		.sleb128 0
 523 0297 22       		.byte	0x22
 524 0298 08       		.byte	0x8
 525 0299 B8       		.byte	0xb8
 526 029a 1C       		.byte	0x1c
 527 029b 00       		.byte	0
 528 029c 12       		.uleb128 0x12
 529 029d 2E000000 		.4byte	.LVL5
 530 02a1 84030000 		.4byte	0x384
 531 02a5 10       		.uleb128 0x10
 532 02a6 01       		.uleb128 0x1
 533 02a7 52       		.byte	0x52
 534 02a8 02       		.uleb128 0x2
 535 02a9 74       		.byte	0x74
 536 02aa 00       		.sleb128 0
 537 02ab 10       		.uleb128 0x10
 538 02ac 01       		.uleb128 0x1
 539 02ad 51       		.byte	0x51
 540 02ae 01       		.uleb128 0x1
 541 02af 30       		.byte	0x30
 542 02b0 10       		.uleb128 0x10
 543 02b1 01       		.uleb128 0x1
 544 02b2 50       		.byte	0x50
 545 02b3 02       		.uleb128 0x2
 546 02b4 7D       		.byte	0x7d
 547 02b5 00       		.sleb128 0
 548 02b6 00       		.byte	0
 549 02b7 00       		.byte	0
 550 02b8 13       		.uleb128 0x13
 551 02b9 68000000 		.4byte	0x68
 552 02bd C8020000 		.4byte	0x2c8
 553 02c1 14       		.uleb128 0x14
 554 02c2 C6000000 		.4byte	0xc6
 555 02c6 13       		.byte	0x13
 556 02c7 00       		.byte	0
 557 02c8 15       		.uleb128 0x15
 558 02c9 82000000 		.4byte	.LASF39
 559 02cd 0B       		.byte	0xb
 560 02ce 9606     		.2byte	0x696
ARM GAS  C:\Users\Soren\AppData\Local\Temp\ccaZCkcF.s 			page 12


 561 02d0 D4020000 		.4byte	0x2d4
 562 02d4 16       		.uleb128 0x16
 563 02d5 76000000 		.4byte	0x76
 564 02d9 17       		.uleb128 0x17
 565 02da 85020000 		.4byte	.LASF24
 566 02de 05       		.byte	0x5
 567 02df 26       		.byte	0x26
 568 02e0 EA020000 		.4byte	0x2ea
 569 02e4 18       		.uleb128 0x18
 570 02e5 81000000 		.4byte	0x81
 571 02e9 00       		.byte	0
 572 02ea 17       		.uleb128 0x17
 573 02eb 4B000000 		.4byte	.LASF25
 574 02ef 06       		.byte	0x6
 575 02f0 20       		.byte	0x20
 576 02f1 FB020000 		.4byte	0x2fb
 577 02f5 18       		.uleb128 0x18
 578 02f6 81000000 		.4byte	0x81
 579 02fa 00       		.byte	0
 580 02fb 17       		.uleb128 0x17
 581 02fc 62020000 		.4byte	.LASF26
 582 0300 07       		.byte	0x7
 583 0301 20       		.byte	0x20
 584 0302 0C030000 		.4byte	0x30c
 585 0306 18       		.uleb128 0x18
 586 0307 81000000 		.4byte	0x81
 587 030b 00       		.byte	0
 588 030c 19       		.uleb128 0x19
 589 030d 90020000 		.4byte	.LASF27
 590 0311 08       		.byte	0x8
 591 0312 3F       		.byte	0x3f
 592 0313 81000000 		.4byte	0x81
 593 0317 21030000 		.4byte	0x321
 594 031b 18       		.uleb128 0x18
 595 031c 81000000 		.4byte	0x81
 596 0320 00       		.byte	0
 597 0321 1A       		.uleb128 0x1a
 598 0322 2A010000 		.4byte	.LASF40
 599 0326 08       		.byte	0x8
 600 0327 41       		.byte	0x41
 601 0328 99000000 		.4byte	0x99
 602 032c 19       		.uleb128 0x19
 603 032d 70010000 		.4byte	.LASF28
 604 0331 08       		.byte	0x8
 605 0332 47       		.byte	0x47
 606 0333 99000000 		.4byte	0x99
 607 0337 41030000 		.4byte	0x341
 608 033b 18       		.uleb128 0x18
 609 033c A5000000 		.4byte	0xa5
 610 0340 00       		.byte	0
 611 0341 17       		.uleb128 0x17
 612 0342 DC020000 		.4byte	.LASF29
 613 0346 09       		.byte	0x9
 614 0347 76       		.byte	0x76
 615 0348 52030000 		.4byte	0x352
 616 034c 18       		.uleb128 0x18
 617 034d 8D000000 		.4byte	0x8d
ARM GAS  C:\Users\Soren\AppData\Local\Temp\ccaZCkcF.s 			page 13


 618 0351 00       		.byte	0
 619 0352 19       		.uleb128 0x19
 620 0353 74020000 		.4byte	.LASF30
 621 0357 0A       		.byte	0xa
 622 0358 B2       		.byte	0xb2
 623 0359 68000000 		.4byte	0x68
 624 035d 68030000 		.4byte	0x368
 625 0361 18       		.uleb128 0x18
 626 0362 CF000000 		.4byte	0xcf
 627 0366 1B       		.uleb128 0x1b
 628 0367 00       		.byte	0
 629 0368 1C       		.uleb128 0x1c
 630 0369 43010000 		.4byte	.LASF31
 631 036d 08       		.byte	0x8
 632 036e 3A       		.byte	0x3a
 633 036f 1C       		.uleb128 0x1c
 634 0370 B6020000 		.4byte	.LASF32
 635 0374 08       		.byte	0x8
 636 0375 3D       		.byte	0x3d
 637 0376 1C       		.uleb128 0x1c
 638 0377 FE000000 		.4byte	.LASF33
 639 037b 06       		.byte	0x6
 640 037c 1E       		.byte	0x1e
 641 037d 1C       		.uleb128 0x1c
 642 037e 63010000 		.4byte	.LASF34
 643 0382 07       		.byte	0x7
 644 0383 1E       		.byte	0x1e
 645 0384 1D       		.uleb128 0x1d
 646 0385 F0000000 		.4byte	.LASF41
 647 0389 CD000000 		.4byte	0xcd
 648 038d 18       		.uleb128 0x18
 649 038e CD000000 		.4byte	0xcd
 650 0392 18       		.uleb128 0x18
 651 0393 68000000 		.4byte	0x68
 652 0397 18       		.uleb128 0x18
 653 0398 C6000000 		.4byte	0xc6
 654 039c 00       		.byte	0
 655 039d 00       		.byte	0
 656              		.section	.debug_abbrev,"",%progbits
 657              	.Ldebug_abbrev0:
 658 0000 01       		.uleb128 0x1
 659 0001 11       		.uleb128 0x11
 660 0002 01       		.byte	0x1
 661 0003 25       		.uleb128 0x25
 662 0004 0E       		.uleb128 0xe
 663 0005 13       		.uleb128 0x13
 664 0006 0B       		.uleb128 0xb
 665 0007 03       		.uleb128 0x3
 666 0008 0E       		.uleb128 0xe
 667 0009 1B       		.uleb128 0x1b
 668 000a 0E       		.uleb128 0xe
 669 000b 55       		.uleb128 0x55
 670 000c 17       		.uleb128 0x17
 671 000d 11       		.uleb128 0x11
 672 000e 01       		.uleb128 0x1
 673 000f 10       		.uleb128 0x10
 674 0010 17       		.uleb128 0x17
ARM GAS  C:\Users\Soren\AppData\Local\Temp\ccaZCkcF.s 			page 14


 675 0011 00       		.byte	0
 676 0012 00       		.byte	0
 677 0013 02       		.uleb128 0x2
 678 0014 24       		.uleb128 0x24
 679 0015 00       		.byte	0
 680 0016 0B       		.uleb128 0xb
 681 0017 0B       		.uleb128 0xb
 682 0018 3E       		.uleb128 0x3e
 683 0019 0B       		.uleb128 0xb
 684 001a 03       		.uleb128 0x3
 685 001b 0E       		.uleb128 0xe
 686 001c 00       		.byte	0
 687 001d 00       		.byte	0
 688 001e 03       		.uleb128 0x3
 689 001f 16       		.uleb128 0x16
 690 0020 00       		.byte	0
 691 0021 03       		.uleb128 0x3
 692 0022 0E       		.uleb128 0xe
 693 0023 3A       		.uleb128 0x3a
 694 0024 0B       		.uleb128 0xb
 695 0025 3B       		.uleb128 0x3b
 696 0026 0B       		.uleb128 0xb
 697 0027 49       		.uleb128 0x49
 698 0028 13       		.uleb128 0x13
 699 0029 00       		.byte	0
 700 002a 00       		.byte	0
 701 002b 04       		.uleb128 0x4
 702 002c 24       		.uleb128 0x24
 703 002d 00       		.byte	0
 704 002e 0B       		.uleb128 0xb
 705 002f 0B       		.uleb128 0xb
 706 0030 3E       		.uleb128 0x3e
 707 0031 0B       		.uleb128 0xb
 708 0032 03       		.uleb128 0x3
 709 0033 08       		.uleb128 0x8
 710 0034 00       		.byte	0
 711 0035 00       		.byte	0
 712 0036 05       		.uleb128 0x5
 713 0037 16       		.uleb128 0x16
 714 0038 00       		.byte	0
 715 0039 03       		.uleb128 0x3
 716 003a 0E       		.uleb128 0xe
 717 003b 3A       		.uleb128 0x3a
 718 003c 0B       		.uleb128 0xb
 719 003d 3B       		.uleb128 0x3b
 720 003e 05       		.uleb128 0x5
 721 003f 49       		.uleb128 0x49
 722 0040 13       		.uleb128 0x13
 723 0041 00       		.byte	0
 724 0042 00       		.byte	0
 725 0043 06       		.uleb128 0x6
 726 0044 0F       		.uleb128 0xf
 727 0045 00       		.byte	0
 728 0046 0B       		.uleb128 0xb
 729 0047 0B       		.uleb128 0xb
 730 0048 00       		.byte	0
 731 0049 00       		.byte	0
ARM GAS  C:\Users\Soren\AppData\Local\Temp\ccaZCkcF.s 			page 15


 732 004a 07       		.uleb128 0x7
 733 004b 0F       		.uleb128 0xf
 734 004c 00       		.byte	0
 735 004d 0B       		.uleb128 0xb
 736 004e 0B       		.uleb128 0xb
 737 004f 49       		.uleb128 0x49
 738 0050 13       		.uleb128 0x13
 739 0051 00       		.byte	0
 740 0052 00       		.byte	0
 741 0053 08       		.uleb128 0x8
 742 0054 26       		.uleb128 0x26
 743 0055 00       		.byte	0
 744 0056 49       		.uleb128 0x49
 745 0057 13       		.uleb128 0x13
 746 0058 00       		.byte	0
 747 0059 00       		.byte	0
 748 005a 09       		.uleb128 0x9
 749 005b 2E       		.uleb128 0x2e
 750 005c 01       		.byte	0x1
 751 005d 3F       		.uleb128 0x3f
 752 005e 19       		.uleb128 0x19
 753 005f 03       		.uleb128 0x3
 754 0060 0E       		.uleb128 0xe
 755 0061 3A       		.uleb128 0x3a
 756 0062 0B       		.uleb128 0xb
 757 0063 3B       		.uleb128 0x3b
 758 0064 0B       		.uleb128 0xb
 759 0065 27       		.uleb128 0x27
 760 0066 19       		.uleb128 0x19
 761 0067 49       		.uleb128 0x49
 762 0068 13       		.uleb128 0x13
 763 0069 11       		.uleb128 0x11
 764 006a 01       		.uleb128 0x1
 765 006b 12       		.uleb128 0x12
 766 006c 06       		.uleb128 0x6
 767 006d 40       		.uleb128 0x40
 768 006e 18       		.uleb128 0x18
 769 006f 9742     		.uleb128 0x2117
 770 0071 19       		.uleb128 0x19
 771 0072 01       		.uleb128 0x1
 772 0073 13       		.uleb128 0x13
 773 0074 00       		.byte	0
 774 0075 00       		.byte	0
 775 0076 0A       		.uleb128 0xa
 776 0077 34       		.uleb128 0x34
 777 0078 00       		.byte	0
 778 0079 03       		.uleb128 0x3
 779 007a 0E       		.uleb128 0xe
 780 007b 3A       		.uleb128 0x3a
 781 007c 0B       		.uleb128 0xb
 782 007d 3B       		.uleb128 0x3b
 783 007e 0B       		.uleb128 0xb
 784 007f 49       		.uleb128 0x49
 785 0080 13       		.uleb128 0x13
 786 0081 02       		.uleb128 0x2
 787 0082 18       		.uleb128 0x18
 788 0083 00       		.byte	0
ARM GAS  C:\Users\Soren\AppData\Local\Temp\ccaZCkcF.s 			page 16


 789 0084 00       		.byte	0
 790 0085 0B       		.uleb128 0xb
 791 0086 34       		.uleb128 0x34
 792 0087 00       		.byte	0
 793 0088 03       		.uleb128 0x3
 794 0089 08       		.uleb128 0x8
 795 008a 3A       		.uleb128 0x3a
 796 008b 0B       		.uleb128 0xb
 797 008c 3B       		.uleb128 0x3b
 798 008d 0B       		.uleb128 0xb
 799 008e 49       		.uleb128 0x49
 800 008f 13       		.uleb128 0x13
 801 0090 02       		.uleb128 0x2
 802 0091 17       		.uleb128 0x17
 803 0092 00       		.byte	0
 804 0093 00       		.byte	0
 805 0094 0C       		.uleb128 0xc
 806 0095 34       		.uleb128 0x34
 807 0096 00       		.byte	0
 808 0097 03       		.uleb128 0x3
 809 0098 0E       		.uleb128 0xe
 810 0099 3A       		.uleb128 0x3a
 811 009a 0B       		.uleb128 0xb
 812 009b 3B       		.uleb128 0x3b
 813 009c 0B       		.uleb128 0xb
 814 009d 49       		.uleb128 0x49
 815 009e 13       		.uleb128 0x13
 816 009f 02       		.uleb128 0x2
 817 00a0 17       		.uleb128 0x17
 818 00a1 00       		.byte	0
 819 00a2 00       		.byte	0
 820 00a3 0D       		.uleb128 0xd
 821 00a4 34       		.uleb128 0x34
 822 00a5 00       		.byte	0
 823 00a6 03       		.uleb128 0x3
 824 00a7 08       		.uleb128 0x8
 825 00a8 3A       		.uleb128 0x3a
 826 00a9 0B       		.uleb128 0xb
 827 00aa 3B       		.uleb128 0x3b
 828 00ab 0B       		.uleb128 0xb
 829 00ac 49       		.uleb128 0x49
 830 00ad 13       		.uleb128 0x13
 831 00ae 02       		.uleb128 0x2
 832 00af 18       		.uleb128 0x18
 833 00b0 00       		.byte	0
 834 00b1 00       		.byte	0
 835 00b2 0E       		.uleb128 0xe
 836 00b3 0B       		.uleb128 0xb
 837 00b4 01       		.byte	0x1
 838 00b5 11       		.uleb128 0x11
 839 00b6 01       		.uleb128 0x1
 840 00b7 12       		.uleb128 0x12
 841 00b8 06       		.uleb128 0x6
 842 00b9 01       		.uleb128 0x1
 843 00ba 13       		.uleb128 0x13
 844 00bb 00       		.byte	0
 845 00bc 00       		.byte	0
ARM GAS  C:\Users\Soren\AppData\Local\Temp\ccaZCkcF.s 			page 17


 846 00bd 0F       		.uleb128 0xf
 847 00be 898201   		.uleb128 0x4109
 848 00c1 01       		.byte	0x1
 849 00c2 11       		.uleb128 0x11
 850 00c3 01       		.uleb128 0x1
 851 00c4 31       		.uleb128 0x31
 852 00c5 13       		.uleb128 0x13
 853 00c6 01       		.uleb128 0x1
 854 00c7 13       		.uleb128 0x13
 855 00c8 00       		.byte	0
 856 00c9 00       		.byte	0
 857 00ca 10       		.uleb128 0x10
 858 00cb 8A8201   		.uleb128 0x410a
 859 00ce 00       		.byte	0
 860 00cf 02       		.uleb128 0x2
 861 00d0 18       		.uleb128 0x18
 862 00d1 9142     		.uleb128 0x2111
 863 00d3 18       		.uleb128 0x18
 864 00d4 00       		.byte	0
 865 00d5 00       		.byte	0
 866 00d6 11       		.uleb128 0x11
 867 00d7 898201   		.uleb128 0x4109
 868 00da 00       		.byte	0
 869 00db 11       		.uleb128 0x11
 870 00dc 01       		.uleb128 0x1
 871 00dd 31       		.uleb128 0x31
 872 00de 13       		.uleb128 0x13
 873 00df 00       		.byte	0
 874 00e0 00       		.byte	0
 875 00e1 12       		.uleb128 0x12
 876 00e2 898201   		.uleb128 0x4109
 877 00e5 01       		.byte	0x1
 878 00e6 11       		.uleb128 0x11
 879 00e7 01       		.uleb128 0x1
 880 00e8 31       		.uleb128 0x31
 881 00e9 13       		.uleb128 0x13
 882 00ea 00       		.byte	0
 883 00eb 00       		.byte	0
 884 00ec 13       		.uleb128 0x13
 885 00ed 01       		.uleb128 0x1
 886 00ee 01       		.byte	0x1
 887 00ef 49       		.uleb128 0x49
 888 00f0 13       		.uleb128 0x13
 889 00f1 01       		.uleb128 0x1
 890 00f2 13       		.uleb128 0x13
 891 00f3 00       		.byte	0
 892 00f4 00       		.byte	0
 893 00f5 14       		.uleb128 0x14
 894 00f6 21       		.uleb128 0x21
 895 00f7 00       		.byte	0
 896 00f8 49       		.uleb128 0x49
 897 00f9 13       		.uleb128 0x13
 898 00fa 2F       		.uleb128 0x2f
 899 00fb 0B       		.uleb128 0xb
 900 00fc 00       		.byte	0
 901 00fd 00       		.byte	0
 902 00fe 15       		.uleb128 0x15
ARM GAS  C:\Users\Soren\AppData\Local\Temp\ccaZCkcF.s 			page 18


 903 00ff 34       		.uleb128 0x34
 904 0100 00       		.byte	0
 905 0101 03       		.uleb128 0x3
 906 0102 0E       		.uleb128 0xe
 907 0103 3A       		.uleb128 0x3a
 908 0104 0B       		.uleb128 0xb
 909 0105 3B       		.uleb128 0x3b
 910 0106 05       		.uleb128 0x5
 911 0107 49       		.uleb128 0x49
 912 0108 13       		.uleb128 0x13
 913 0109 3F       		.uleb128 0x3f
 914 010a 19       		.uleb128 0x19
 915 010b 3C       		.uleb128 0x3c
 916 010c 19       		.uleb128 0x19
 917 010d 00       		.byte	0
 918 010e 00       		.byte	0
 919 010f 16       		.uleb128 0x16
 920 0110 35       		.uleb128 0x35
 921 0111 00       		.byte	0
 922 0112 49       		.uleb128 0x49
 923 0113 13       		.uleb128 0x13
 924 0114 00       		.byte	0
 925 0115 00       		.byte	0
 926 0116 17       		.uleb128 0x17
 927 0117 2E       		.uleb128 0x2e
 928 0118 01       		.byte	0x1
 929 0119 3F       		.uleb128 0x3f
 930 011a 19       		.uleb128 0x19
 931 011b 03       		.uleb128 0x3
 932 011c 0E       		.uleb128 0xe
 933 011d 3A       		.uleb128 0x3a
 934 011e 0B       		.uleb128 0xb
 935 011f 3B       		.uleb128 0x3b
 936 0120 0B       		.uleb128 0xb
 937 0121 27       		.uleb128 0x27
 938 0122 19       		.uleb128 0x19
 939 0123 3C       		.uleb128 0x3c
 940 0124 19       		.uleb128 0x19
 941 0125 01       		.uleb128 0x1
 942 0126 13       		.uleb128 0x13
 943 0127 00       		.byte	0
 944 0128 00       		.byte	0
 945 0129 18       		.uleb128 0x18
 946 012a 05       		.uleb128 0x5
 947 012b 00       		.byte	0
 948 012c 49       		.uleb128 0x49
 949 012d 13       		.uleb128 0x13
 950 012e 00       		.byte	0
 951 012f 00       		.byte	0
 952 0130 19       		.uleb128 0x19
 953 0131 2E       		.uleb128 0x2e
 954 0132 01       		.byte	0x1
 955 0133 3F       		.uleb128 0x3f
 956 0134 19       		.uleb128 0x19
 957 0135 03       		.uleb128 0x3
 958 0136 0E       		.uleb128 0xe
 959 0137 3A       		.uleb128 0x3a
ARM GAS  C:\Users\Soren\AppData\Local\Temp\ccaZCkcF.s 			page 19


 960 0138 0B       		.uleb128 0xb
 961 0139 3B       		.uleb128 0x3b
 962 013a 0B       		.uleb128 0xb
 963 013b 27       		.uleb128 0x27
 964 013c 19       		.uleb128 0x19
 965 013d 49       		.uleb128 0x49
 966 013e 13       		.uleb128 0x13
 967 013f 3C       		.uleb128 0x3c
 968 0140 19       		.uleb128 0x19
 969 0141 01       		.uleb128 0x1
 970 0142 13       		.uleb128 0x13
 971 0143 00       		.byte	0
 972 0144 00       		.byte	0
 973 0145 1A       		.uleb128 0x1a
 974 0146 2E       		.uleb128 0x2e
 975 0147 00       		.byte	0
 976 0148 3F       		.uleb128 0x3f
 977 0149 19       		.uleb128 0x19
 978 014a 03       		.uleb128 0x3
 979 014b 0E       		.uleb128 0xe
 980 014c 3A       		.uleb128 0x3a
 981 014d 0B       		.uleb128 0xb
 982 014e 3B       		.uleb128 0x3b
 983 014f 0B       		.uleb128 0xb
 984 0150 27       		.uleb128 0x27
 985 0151 19       		.uleb128 0x19
 986 0152 49       		.uleb128 0x49
 987 0153 13       		.uleb128 0x13
 988 0154 3C       		.uleb128 0x3c
 989 0155 19       		.uleb128 0x19
 990 0156 00       		.byte	0
 991 0157 00       		.byte	0
 992 0158 1B       		.uleb128 0x1b
 993 0159 18       		.uleb128 0x18
 994 015a 00       		.byte	0
 995 015b 00       		.byte	0
 996 015c 00       		.byte	0
 997 015d 1C       		.uleb128 0x1c
 998 015e 2E       		.uleb128 0x2e
 999 015f 00       		.byte	0
 1000 0160 3F       		.uleb128 0x3f
 1001 0161 19       		.uleb128 0x19
 1002 0162 03       		.uleb128 0x3
 1003 0163 0E       		.uleb128 0xe
 1004 0164 3A       		.uleb128 0x3a
 1005 0165 0B       		.uleb128 0xb
 1006 0166 3B       		.uleb128 0x3b
 1007 0167 0B       		.uleb128 0xb
 1008 0168 27       		.uleb128 0x27
 1009 0169 19       		.uleb128 0x19
 1010 016a 3C       		.uleb128 0x3c
 1011 016b 19       		.uleb128 0x19
 1012 016c 00       		.byte	0
 1013 016d 00       		.byte	0
 1014 016e 1D       		.uleb128 0x1d
 1015 016f 2E       		.uleb128 0x2e
 1016 0170 01       		.byte	0x1
ARM GAS  C:\Users\Soren\AppData\Local\Temp\ccaZCkcF.s 			page 20


 1017 0171 3F       		.uleb128 0x3f
 1018 0172 19       		.uleb128 0x19
 1019 0173 03       		.uleb128 0x3
 1020 0174 0E       		.uleb128 0xe
 1021 0175 27       		.uleb128 0x27
 1022 0176 19       		.uleb128 0x19
 1023 0177 49       		.uleb128 0x49
 1024 0178 13       		.uleb128 0x13
 1025 0179 34       		.uleb128 0x34
 1026 017a 19       		.uleb128 0x19
 1027 017b 3C       		.uleb128 0x3c
 1028 017c 19       		.uleb128 0x19
 1029 017d 00       		.byte	0
 1030 017e 00       		.byte	0
 1031 017f 00       		.byte	0
 1032              		.section	.debug_loc,"",%progbits
 1033              	.Ldebug_loc0:
 1034              	.LLST0:
 1035 0000 34000000 		.4byte	.LVL6
 1036 0004 3C000000 		.4byte	.LVL7
 1037 0008 0200     		.2byte	0x2
 1038 000a 30       		.byte	0x30
 1039 000b 9F       		.byte	0x9f
 1040 000c 3C000000 		.4byte	.LVL7
 1041 0010 CC000000 		.4byte	.LFE63
 1042 0014 0100     		.2byte	0x1
 1043 0016 54       		.byte	0x54
 1044 0017 00000000 		.4byte	0
 1045 001b 00000000 		.4byte	0
 1046              	.LLST1:
 1047 001f 2E000000 		.4byte	.LVL5
 1048 0023 5A000000 		.4byte	.LVL11
 1049 0027 0100     		.2byte	0x1
 1050 0029 56       		.byte	0x56
 1051 002a 70000000 		.4byte	.LVL14
 1052 002e 88000000 		.4byte	.LVL18
 1053 0032 0100     		.2byte	0x1
 1054 0034 56       		.byte	0x56
 1055 0035 A6000000 		.4byte	.LVL22
 1056 0039 CC000000 		.4byte	.LFE63
 1057 003d 0100     		.2byte	0x1
 1058 003f 56       		.byte	0x56
 1059 0040 00000000 		.4byte	0
 1060 0044 00000000 		.4byte	0
 1061              	.LLST2:
 1062 0048 34000000 		.4byte	.LVL6
 1063 004c 3C000000 		.4byte	.LVL7
 1064 0050 0200     		.2byte	0x2
 1065 0052 30       		.byte	0x30
 1066 0053 9F       		.byte	0x9f
 1067 0054 3C000000 		.4byte	.LVL7
 1068 0058 5A000000 		.4byte	.LVL11
 1069 005c 0100     		.2byte	0x1
 1070 005e 55       		.byte	0x55
 1071 005f 5A000000 		.4byte	.LVL11
 1072 0063 70000000 		.4byte	.LVL14
 1073 0067 0100     		.2byte	0x1
ARM GAS  C:\Users\Soren\AppData\Local\Temp\ccaZCkcF.s 			page 21


 1074 0069 56       		.byte	0x56
 1075 006a 70000000 		.4byte	.LVL14
 1076 006e CC000000 		.4byte	.LFE63
 1077 0072 0100     		.2byte	0x1
 1078 0074 55       		.byte	0x55
 1079 0075 00000000 		.4byte	0
 1080 0079 00000000 		.4byte	0
 1081              	.LLST3:
 1082 007d 34000000 		.4byte	.LVL6
 1083 0081 3C000000 		.4byte	.LVL7
 1084 0085 0200     		.2byte	0x2
 1085 0087 30       		.byte	0x30
 1086 0088 9F       		.byte	0x9f
 1087 0089 3C000000 		.4byte	.LVL7
 1088 008d 88000000 		.4byte	.LVL18
 1089 0091 0100     		.2byte	0x1
 1090 0093 57       		.byte	0x57
 1091 0094 88000000 		.4byte	.LVL18
 1092 0098 9C000000 		.4byte	.LVL21
 1093 009c 0100     		.2byte	0x1
 1094 009e 56       		.byte	0x56
 1095 009f 9C000000 		.4byte	.LVL21
 1096 00a3 CC000000 		.4byte	.LFE63
 1097 00a7 0100     		.2byte	0x1
 1098 00a9 57       		.byte	0x57
 1099 00aa 00000000 		.4byte	0
 1100 00ae 00000000 		.4byte	0
 1101              		.section	.debug_aranges,"",%progbits
 1102 0000 1C000000 		.4byte	0x1c
 1103 0004 0200     		.2byte	0x2
 1104 0006 00000000 		.4byte	.Ldebug_info0
 1105 000a 04       		.byte	0x4
 1106 000b 00       		.byte	0
 1107 000c 0000     		.2byte	0
 1108 000e 0000     		.2byte	0
 1109 0010 00000000 		.4byte	.LFB63
 1110 0014 CC000000 		.4byte	.LFE63-.LFB63
 1111 0018 00000000 		.4byte	0
 1112 001c 00000000 		.4byte	0
 1113              		.section	.debug_ranges,"",%progbits
 1114              	.Ldebug_ranges0:
 1115 0000 00000000 		.4byte	.LFB63
 1116 0004 CC000000 		.4byte	.LFE63
 1117 0008 00000000 		.4byte	0
 1118 000c 00000000 		.4byte	0
 1119              		.section	.debug_line,"",%progbits
 1120              	.Ldebug_line0:
 1121 0000 E2010000 		.section	.debug_str,"MS",%progbits,1
 1121      02009101 
 1121      00000201 
 1121      FB0E0D00 
 1121      01010101 
 1122              	.LASF9:
 1123 0000 5F5F696E 		.ascii	"__int32_t\000"
 1123      7433325F 
 1123      7400
 1124              	.LASF3:
ARM GAS  C:\Users\Soren\AppData\Local\Temp\ccaZCkcF.s 			page 22


 1125 000a 73686F72 		.ascii	"short unsigned int\000"
 1125      7420756E 
 1125      7369676E 
 1125      65642069 
 1125      6E7400
 1126              	.LASF20:
 1127 001d 53616D70 		.ascii	"SampleArrayI\000"
 1127      6C654172 
 1127      72617949 
 1127      00
 1128              	.LASF23:
 1129 002a 696E6465 		.ascii	"indexI\000"
 1129      784900
 1130              	.LASF15:
 1131 0031 666C6F61 		.ascii	"float\000"
 1131      7400
 1132              	.LASF11:
 1133 0037 75696E74 		.ascii	"uint8\000"
 1133      3800
 1134              	.LASF1:
 1135 003d 756E7369 		.ascii	"unsigned char\000"
 1135      676E6564 
 1135      20636861 
 1135      7200
 1136              	.LASF25:
 1137 004b 414D7578 		.ascii	"AMux_1_FastSelect\000"
 1137      5F315F46 
 1137      61737453 
 1137      656C6563 
 1137      7400
 1138              	.LASF13:
 1139 005d 696E7431 		.ascii	"int16\000"
 1139      3600
 1140              	.LASF5:
 1141 0063 6C6F6E67 		.ascii	"long unsigned int\000"
 1141      20756E73 
 1141      69676E65 
 1141      6420696E 
 1141      7400
 1142              	.LASF22:
 1143 0075 696E6465 		.ascii	"indexU\000"
 1143      785500
 1144              	.LASF14:
 1145 007c 696E7433 		.ascii	"int32\000"
 1145      3200
 1146              	.LASF39:
 1147 0082 49544D5F 		.ascii	"ITM_RxBuffer\000"
 1147      52784275 
 1147      66666572 
 1147      00
 1148              	.LASF37:
 1149 008f 5C5C4D61 		.ascii	"\\\\Mac\\iCloud\\SKOLE\\4. Semester\\PRJ4 - Semeste"
 1149      635C6943 
 1149      6C6F7564 
 1149      5C534B4F 
 1149      4C455C34 
 1150 00bc 7270726F 		.ascii	"rprojekt 4\\Maaleenhed\\Spaendingsmaaler\\Maaler.cy"
ARM GAS  C:\Users\Soren\AppData\Local\Temp\ccaZCkcF.s 			page 23


 1150      6A656B74 
 1150      20345C4D 
 1150      61616C65 
 1150      656E6865 
 1151 00ec 64736E00 		.ascii	"dsn\000"
 1152              	.LASF41:
 1153 00f0 6D656D73 		.ascii	"memset\000"
 1153      657400
 1154              	.LASF16:
 1155 00f7 646F7562 		.ascii	"double\000"
 1155      6C6500
 1156              	.LASF33:
 1157 00fe 414D7578 		.ascii	"AMux_1_Start\000"
 1157      5F315F53 
 1157      74617274 
 1157      00
 1158              	.LASF19:
 1159 010b 53616D70 		.ascii	"SampleArrayU\000"
 1159      6C654172 
 1159      72617955 
 1159      00
 1160              	.LASF12:
 1161 0118 75696E74 		.ascii	"uint32\000"
 1161      333200
 1162              	.LASF21:
 1163 011f 64656275 		.ascii	"debugValue\000"
 1163      6756616C 
 1163      756500
 1164              	.LASF40:
 1165 012a 4144435F 		.ascii	"ADC_DelSig_1_GetResult16\000"
 1165      44656C53 
 1165      69675F31 
 1165      5F476574 
 1165      52657375 
 1166              	.LASF31:
 1167 0143 4144435F 		.ascii	"ADC_DelSig_1_Start\000"
 1167      44656C53 
 1167      69675F31 
 1167      5F537461 
 1167      727400
 1168              	.LASF8:
 1169 0156 756E7369 		.ascii	"unsigned int\000"
 1169      676E6564 
 1169      20696E74 
 1169      00
 1170              	.LASF34:
 1171 0163 414D7578 		.ascii	"AMux_2_Start\000"
 1171      5F325F53 
 1171      74617274 
 1171      00
 1172              	.LASF28:
 1173 0170 4144435F 		.ascii	"ADC_DelSig_1_CountsTo_mVolts\000"
 1173      44656C53 
 1173      69675F31 
 1173      5F436F75 
 1173      6E747354 
 1174              	.LASF7:
ARM GAS  C:\Users\Soren\AppData\Local\Temp\ccaZCkcF.s 			page 24


 1175 018d 6C6F6E67 		.ascii	"long long unsigned int\000"
 1175      206C6F6E 
 1175      6720756E 
 1175      7369676E 
 1175      65642069 
 1176              	.LASF35:
 1177 01a4 474E5520 		.ascii	"GNU C 4.9.3 20150303 (release) [ARM/embedded-4_9-br"
 1177      4320342E 
 1177      392E3320 
 1177      32303135 
 1177      30333033 
 1178 01d7 616E6368 		.ascii	"anch revision 221220] -mcpu=cortex-m3 -mthumb -g -O"
 1178      20726576 
 1178      6973696F 
 1178      6E203232 
 1178      31323230 
 1179 020a 67202D66 		.ascii	"g -ffunction-sections -ffat-lto-objects\000"
 1179      66756E63 
 1179      74696F6E 
 1179      2D736563 
 1179      74696F6E 
 1180              	.LASF38:
 1181 0232 6D61696E 		.ascii	"main\000"
 1181      00
 1182              	.LASF10:
 1183 0237 696E7433 		.ascii	"int32_t\000"
 1183      325F7400 
 1184              	.LASF18:
 1185 023f 73697A65 		.ascii	"sizetype\000"
 1185      74797065 
 1185      00
 1186              	.LASF6:
 1187 0248 6C6F6E67 		.ascii	"long long int\000"
 1187      206C6F6E 
 1187      6720696E 
 1187      7400
 1188              	.LASF36:
 1189 0256 6D61696E 		.ascii	"main.c\000"
 1189      2E6300
 1190              	.LASF17:
 1191 025d 63686172 		.ascii	"char\000"
 1191      00
 1192              	.LASF26:
 1193 0262 414D7578 		.ascii	"AMux_2_FastSelect\000"
 1193      5F325F46 
 1193      61737453 
 1193      656C6563 
 1193      7400
 1194              	.LASF30:
 1195 0274 7072696E 		.ascii	"printf\000"
 1195      746600
 1196              	.LASF2:
 1197 027b 73686F72 		.ascii	"short int\000"
 1197      7420696E 
 1197      7400
 1198              	.LASF24:
 1199 0285 74657374 		.ascii	"test_Write\000"
ARM GAS  C:\Users\Soren\AppData\Local\Temp\ccaZCkcF.s 			page 25


 1199      5F577269 
 1199      746500
 1200              	.LASF27:
 1201 0290 4144435F 		.ascii	"ADC_DelSig_1_IsEndConversion\000"
 1201      44656C53 
 1201      69675F31 
 1201      5F497345 
 1201      6E64436F 
 1202              	.LASF4:
 1203 02ad 6C6F6E67 		.ascii	"long int\000"
 1203      20696E74 
 1203      00
 1204              	.LASF32:
 1205 02b6 4144435F 		.ascii	"ADC_DelSig_1_StartConvert\000"
 1205      44656C53 
 1205      69675F31 
 1205      5F537461 
 1205      7274436F 
 1206              	.LASF0:
 1207 02d0 7369676E 		.ascii	"signed char\000"
 1207      65642063 
 1207      68617200 
 1208              	.LASF29:
 1209 02dc 43794465 		.ascii	"CyDelay\000"
 1209      6C617900 
 1210              		.ident	"GCC: (GNU Tools for ARM Embedded Processors) 4.9.3 20150303 (release) [ARM/embedded-4_9-br
