ARM GAS  C:\Users\Soren\AppData\Local\Temp\ccG4ZSFt.s 			page 1


   1              		.syntax unified
   2              		.cpu cortex-m3
   3              		.fpu softvfp
   4              		.eabi_attribute 20, 1
   5              		.eabi_attribute 21, 1
   6              		.eabi_attribute 23, 3
   7              		.eabi_attribute 24, 1
   8              		.eabi_attribute 25, 1
   9              		.eabi_attribute 26, 1
  10              		.eabi_attribute 30, 6
  11              		.eabi_attribute 34, 1
  12              		.eabi_attribute 18, 4
  13              		.thumb
  14              		.file	"main.c"
  15              		.text
  16              	.Ltext0:
  17              		.cfi_sections	.debug_frame
  18              		.section	.text.main,"ax",%progbits
  19              		.align	2
  20              		.global	main
  21              		.thumb
  22              		.thumb_func
  23              		.type	main, %function
  24              	main:
  25              	.LFB63:
  26              		.file 1 "main.c"
   1:main.c        **** /* ========================================
   2:main.c        ****  *
   3:main.c        ****  * Copyright YOUR COMPANY, THE YEAR
   4:main.c        ****  * All Rights Reserved
   5:main.c        ****  * UNPUBLISHED, LICENSED SOFTWARE.
   6:main.c        ****  *
   7:main.c        ****  * CONFIDENTIAL AND PROPRIETARY INFORMATION
   8:main.c        ****  * WHICH IS THE PROPERTY OF your company.
   9:main.c        ****  *
  10:main.c        ****  * ========================================
  11:main.c        **** */
  12:main.c        **** #include "project.h"
  13:main.c        **** #include "stdio.h"
  14:main.c        **** #include "sample.h"
  15:main.c        **** #define SIZE 128
  16:main.c        **** 
  17:main.c        **** int main(void)
  18:main.c        **** {
  27              		.loc 1 18 0
  28              		.cfi_startproc
  29              		@ args = 0, pretend = 0, frame = 512
  30              		@ frame_needed = 1, uses_anonymous_args = 0
  31 0000 80B5     		push	{r7, lr}
  32              		.cfi_def_cfa_offset 8
  33              		.cfi_offset 7, -8
  34              		.cfi_offset 14, -4
  35 0002 ADF5007D 		sub	sp, sp, #512
  36              		.cfi_def_cfa_offset 520
  37 0006 00AF     		add	r7, sp, #0
  38              		.cfi_def_cfa_register 7
  19:main.c        ****     //CyGlobalIntEnable; /* Enable global interrupts. */
ARM GAS  C:\Users\Soren\AppData\Local\Temp\ccG4ZSFt.s 			page 2


  20:main.c        **** 
  21:main.c        ****     /* Place your initialization/startup code here (e.g. MyInst_Start()) */
  22:main.c        ****     
  23:main.c        ****     ADC_DelSig_1_Start();
  39              		.loc 1 23 0
  40 0008 FFF7FEFF 		bl	ADC_DelSig_1_Start
  24:main.c        ****     ADC_DelSig_1_StartConvert();
  41              		.loc 1 24 0
  42 000c FFF7FEFF 		bl	ADC_DelSig_1_StartConvert
  25:main.c        ****     
  26:main.c        ****     AMux_1_Start();
  43              		.loc 1 26 0
  44 0010 FFF7FEFF 		bl	AMux_1_Start
  27:main.c        ****     AMux_2_Start();
  45              		.loc 1 27 0
  46 0014 FFF7FEFF 		bl	AMux_2_Start
  28:main.c        ****     
  29:main.c        ****     int SampleArrayU[SIZE/2]={0};
  47              		.loc 1 29 0
  48 0018 07F58073 		add	r3, r7, #256
  49 001c 1A46     		mov	r2, r3
  50 001e 4FF48073 		mov	r3, #256
  51 0022 1046     		mov	r0, r2
  52 0024 0021     		movs	r1, #0
  53 0026 1A46     		mov	r2, r3
  54 0028 FFF7FEFF 		bl	memset
  30:main.c        ****     int SampleArrayI[SIZE/2]={0};
  55              		.loc 1 30 0
  56 002c 3B46     		mov	r3, r7
  57 002e 1A46     		mov	r2, r3
  58 0030 4FF48073 		mov	r3, #256
  59 0034 1046     		mov	r0, r2
  60 0036 0021     		movs	r1, #0
  61 0038 1A46     		mov	r2, r3
  62 003a FFF7FEFF 		bl	memset
  63              	.L2:
  31:main.c        **** 
  32:main.c        ****     while(1)
  33:main.c        ****     {
  34:main.c        ****     /*Samplefunktion*/
  35:main.c        ****     
  36:main.c        ****     sampleUandI(SampleArrayU,SampleArrayI,SIZE);
  64              		.loc 1 36 0 discriminator 1
  65 003e 07F58072 		add	r2, r7, #256
  66 0042 3B46     		mov	r3, r7
  67 0044 1046     		mov	r0, r2
  68 0046 1946     		mov	r1, r3
  69 0048 8022     		movs	r2, #128
  70 004a FFF7FEFF 		bl	sampleUandI
  37:main.c        ****     }
  71              		.loc 1 37 0 discriminator 1
  72 004e F6E7     		b	.L2
  73              		.cfi_endproc
  74              	.LFE63:
  75              		.size	main, .-main
  76              		.text
  77              	.Letext0:
ARM GAS  C:\Users\Soren\AppData\Local\Temp\ccG4ZSFt.s 			page 3


  78              		.file 2 "c:\\program files (x86)\\cypress\\psoc creator\\4.0\\psoc creator\\import\\gnu\\arm\\4.9.
  79              		.file 3 "c:\\program files (x86)\\cypress\\psoc creator\\4.0\\psoc creator\\import\\gnu\\arm\\4.9.
  80              		.file 4 "Generated_Source\\PSoC5/core_cm3.h"
  81              		.section	.debug_info,"",%progbits
  82              	.Ldebug_info0:
  83 0000 F3000000 		.4byte	0xf3
  84 0004 0400     		.2byte	0x4
  85 0006 00000000 		.4byte	.Ldebug_abbrev0
  86 000a 04       		.byte	0x4
  87 000b 01       		.uleb128 0x1
  88 000c 0A010000 		.4byte	.LASF17
  89 0010 01       		.byte	0x1
  90 0011 AD000000 		.4byte	.LASF18
  91 0015 21000000 		.4byte	.LASF19
  92 0019 00000000 		.4byte	.Ldebug_ranges0+0
  93 001d 00000000 		.4byte	0
  94 0021 00000000 		.4byte	.Ldebug_line0
  95 0025 02       		.uleb128 0x2
  96 0026 01       		.byte	0x1
  97 0027 06       		.byte	0x6
  98 0028 B9000000 		.4byte	.LASF0
  99 002c 02       		.uleb128 0x2
 100 002d 01       		.byte	0x1
 101 002e 08       		.byte	0x8
 102 002f EE000000 		.4byte	.LASF1
 103 0033 02       		.uleb128 0x2
 104 0034 02       		.byte	0x2
 105 0035 05       		.byte	0x5
 106 0036 C9010000 		.4byte	.LASF2
 107 003a 02       		.uleb128 0x2
 108 003b 02       		.byte	0x2
 109 003c 07       		.byte	0x7
 110 003d 0E000000 		.4byte	.LASF3
 111 0041 03       		.uleb128 0x3
 112 0042 B9010000 		.4byte	.LASF9
 113 0046 02       		.byte	0x2
 114 0047 3F       		.byte	0x3f
 115 0048 4C000000 		.4byte	0x4c
 116 004c 02       		.uleb128 0x2
 117 004d 04       		.byte	0x4
 118 004e 05       		.byte	0x5
 119 004f 01010000 		.4byte	.LASF4
 120 0053 02       		.uleb128 0x2
 121 0054 04       		.byte	0x4
 122 0055 07       		.byte	0x7
 123 0056 C5000000 		.4byte	.LASF5
 124 005a 02       		.uleb128 0x2
 125 005b 08       		.byte	0x8
 126 005c 05       		.byte	0x5
 127 005d 00000000 		.4byte	.LASF6
 128 0061 02       		.uleb128 0x2
 129 0062 08       		.byte	0x8
 130 0063 07       		.byte	0x7
 131 0064 D7000000 		.4byte	.LASF7
 132 0068 04       		.uleb128 0x4
 133 0069 04       		.byte	0x4
 134 006a 05       		.byte	0x5
ARM GAS  C:\Users\Soren\AppData\Local\Temp\ccG4ZSFt.s 			page 4


 135 006b 696E7400 		.ascii	"int\000"
 136 006f 02       		.uleb128 0x2
 137 0070 04       		.byte	0x4
 138 0071 07       		.byte	0x7
 139 0072 A0000000 		.4byte	.LASF8
 140 0076 03       		.uleb128 0x3
 141 0077 D3010000 		.4byte	.LASF10
 142 007b 03       		.byte	0x3
 143 007c 2C       		.byte	0x2c
 144 007d 41000000 		.4byte	0x41
 145 0081 02       		.uleb128 0x2
 146 0082 04       		.byte	0x4
 147 0083 04       		.byte	0x4
 148 0084 C3010000 		.4byte	.LASF11
 149 0088 02       		.uleb128 0x2
 150 0089 08       		.byte	0x8
 151 008a 04       		.byte	0x4
 152 008b 98010000 		.4byte	.LASF12
 153 008f 02       		.uleb128 0x2
 154 0090 01       		.byte	0x1
 155 0091 08       		.byte	0x8
 156 0092 FC000000 		.4byte	.LASF13
 157 0096 02       		.uleb128 0x2
 158 0097 04       		.byte	0x4
 159 0098 07       		.byte	0x7
 160 0099 E8010000 		.4byte	.LASF14
 161 009d 05       		.uleb128 0x5
 162 009e B4000000 		.4byte	.LASF20
 163 00a2 01       		.byte	0x1
 164 00a3 11       		.byte	0x11
 165 00a4 68000000 		.4byte	0x68
 166 00a8 00000000 		.4byte	.LFB63
 167 00ac 50000000 		.4byte	.LFE63-.LFB63
 168 00b0 01       		.uleb128 0x1
 169 00b1 9C       		.byte	0x9c
 170 00b2 D5000000 		.4byte	0xd5
 171 00b6 06       		.uleb128 0x6
 172 00b7 DB010000 		.4byte	.LASF15
 173 00bb 01       		.byte	0x1
 174 00bc 1D       		.byte	0x1d
 175 00bd D5000000 		.4byte	0xd5
 176 00c1 03       		.uleb128 0x3
 177 00c2 91       		.byte	0x91
 178 00c3 F87D     		.sleb128 -264
 179 00c5 06       		.uleb128 0x6
 180 00c6 AC010000 		.4byte	.LASF16
 181 00ca 01       		.byte	0x1
 182 00cb 1E       		.byte	0x1e
 183 00cc D5000000 		.4byte	0xd5
 184 00d0 03       		.uleb128 0x3
 185 00d1 91       		.byte	0x91
 186 00d2 F87B     		.sleb128 -520
 187 00d4 00       		.byte	0
 188 00d5 07       		.uleb128 0x7
 189 00d6 68000000 		.4byte	0x68
 190 00da E5000000 		.4byte	0xe5
 191 00de 08       		.uleb128 0x8
ARM GAS  C:\Users\Soren\AppData\Local\Temp\ccG4ZSFt.s 			page 5


 192 00df 96000000 		.4byte	0x96
 193 00e3 3F       		.byte	0x3f
 194 00e4 00       		.byte	0
 195 00e5 09       		.uleb128 0x9
 196 00e6 9F010000 		.4byte	.LASF21
 197 00ea 04       		.byte	0x4
 198 00eb 9606     		.2byte	0x696
 199 00ed F1000000 		.4byte	0xf1
 200 00f1 0A       		.uleb128 0xa
 201 00f2 76000000 		.4byte	0x76
 202 00f6 00       		.byte	0
 203              		.section	.debug_abbrev,"",%progbits
 204              	.Ldebug_abbrev0:
 205 0000 01       		.uleb128 0x1
 206 0001 11       		.uleb128 0x11
 207 0002 01       		.byte	0x1
 208 0003 25       		.uleb128 0x25
 209 0004 0E       		.uleb128 0xe
 210 0005 13       		.uleb128 0x13
 211 0006 0B       		.uleb128 0xb
 212 0007 03       		.uleb128 0x3
 213 0008 0E       		.uleb128 0xe
 214 0009 1B       		.uleb128 0x1b
 215 000a 0E       		.uleb128 0xe
 216 000b 55       		.uleb128 0x55
 217 000c 17       		.uleb128 0x17
 218 000d 11       		.uleb128 0x11
 219 000e 01       		.uleb128 0x1
 220 000f 10       		.uleb128 0x10
 221 0010 17       		.uleb128 0x17
 222 0011 00       		.byte	0
 223 0012 00       		.byte	0
 224 0013 02       		.uleb128 0x2
 225 0014 24       		.uleb128 0x24
 226 0015 00       		.byte	0
 227 0016 0B       		.uleb128 0xb
 228 0017 0B       		.uleb128 0xb
 229 0018 3E       		.uleb128 0x3e
 230 0019 0B       		.uleb128 0xb
 231 001a 03       		.uleb128 0x3
 232 001b 0E       		.uleb128 0xe
 233 001c 00       		.byte	0
 234 001d 00       		.byte	0
 235 001e 03       		.uleb128 0x3
 236 001f 16       		.uleb128 0x16
 237 0020 00       		.byte	0
 238 0021 03       		.uleb128 0x3
 239 0022 0E       		.uleb128 0xe
 240 0023 3A       		.uleb128 0x3a
 241 0024 0B       		.uleb128 0xb
 242 0025 3B       		.uleb128 0x3b
 243 0026 0B       		.uleb128 0xb
 244 0027 49       		.uleb128 0x49
 245 0028 13       		.uleb128 0x13
 246 0029 00       		.byte	0
 247 002a 00       		.byte	0
 248 002b 04       		.uleb128 0x4
ARM GAS  C:\Users\Soren\AppData\Local\Temp\ccG4ZSFt.s 			page 6


 249 002c 24       		.uleb128 0x24
 250 002d 00       		.byte	0
 251 002e 0B       		.uleb128 0xb
 252 002f 0B       		.uleb128 0xb
 253 0030 3E       		.uleb128 0x3e
 254 0031 0B       		.uleb128 0xb
 255 0032 03       		.uleb128 0x3
 256 0033 08       		.uleb128 0x8
 257 0034 00       		.byte	0
 258 0035 00       		.byte	0
 259 0036 05       		.uleb128 0x5
 260 0037 2E       		.uleb128 0x2e
 261 0038 01       		.byte	0x1
 262 0039 3F       		.uleb128 0x3f
 263 003a 19       		.uleb128 0x19
 264 003b 03       		.uleb128 0x3
 265 003c 0E       		.uleb128 0xe
 266 003d 3A       		.uleb128 0x3a
 267 003e 0B       		.uleb128 0xb
 268 003f 3B       		.uleb128 0x3b
 269 0040 0B       		.uleb128 0xb
 270 0041 27       		.uleb128 0x27
 271 0042 19       		.uleb128 0x19
 272 0043 49       		.uleb128 0x49
 273 0044 13       		.uleb128 0x13
 274 0045 11       		.uleb128 0x11
 275 0046 01       		.uleb128 0x1
 276 0047 12       		.uleb128 0x12
 277 0048 06       		.uleb128 0x6
 278 0049 40       		.uleb128 0x40
 279 004a 18       		.uleb128 0x18
 280 004b 9642     		.uleb128 0x2116
 281 004d 19       		.uleb128 0x19
 282 004e 01       		.uleb128 0x1
 283 004f 13       		.uleb128 0x13
 284 0050 00       		.byte	0
 285 0051 00       		.byte	0
 286 0052 06       		.uleb128 0x6
 287 0053 34       		.uleb128 0x34
 288 0054 00       		.byte	0
 289 0055 03       		.uleb128 0x3
 290 0056 0E       		.uleb128 0xe
 291 0057 3A       		.uleb128 0x3a
 292 0058 0B       		.uleb128 0xb
 293 0059 3B       		.uleb128 0x3b
 294 005a 0B       		.uleb128 0xb
 295 005b 49       		.uleb128 0x49
 296 005c 13       		.uleb128 0x13
 297 005d 02       		.uleb128 0x2
 298 005e 18       		.uleb128 0x18
 299 005f 00       		.byte	0
 300 0060 00       		.byte	0
 301 0061 07       		.uleb128 0x7
 302 0062 01       		.uleb128 0x1
 303 0063 01       		.byte	0x1
 304 0064 49       		.uleb128 0x49
 305 0065 13       		.uleb128 0x13
ARM GAS  C:\Users\Soren\AppData\Local\Temp\ccG4ZSFt.s 			page 7


 306 0066 01       		.uleb128 0x1
 307 0067 13       		.uleb128 0x13
 308 0068 00       		.byte	0
 309 0069 00       		.byte	0
 310 006a 08       		.uleb128 0x8
 311 006b 21       		.uleb128 0x21
 312 006c 00       		.byte	0
 313 006d 49       		.uleb128 0x49
 314 006e 13       		.uleb128 0x13
 315 006f 2F       		.uleb128 0x2f
 316 0070 0B       		.uleb128 0xb
 317 0071 00       		.byte	0
 318 0072 00       		.byte	0
 319 0073 09       		.uleb128 0x9
 320 0074 34       		.uleb128 0x34
 321 0075 00       		.byte	0
 322 0076 03       		.uleb128 0x3
 323 0077 0E       		.uleb128 0xe
 324 0078 3A       		.uleb128 0x3a
 325 0079 0B       		.uleb128 0xb
 326 007a 3B       		.uleb128 0x3b
 327 007b 05       		.uleb128 0x5
 328 007c 49       		.uleb128 0x49
 329 007d 13       		.uleb128 0x13
 330 007e 3F       		.uleb128 0x3f
 331 007f 19       		.uleb128 0x19
 332 0080 3C       		.uleb128 0x3c
 333 0081 19       		.uleb128 0x19
 334 0082 00       		.byte	0
 335 0083 00       		.byte	0
 336 0084 0A       		.uleb128 0xa
 337 0085 35       		.uleb128 0x35
 338 0086 00       		.byte	0
 339 0087 49       		.uleb128 0x49
 340 0088 13       		.uleb128 0x13
 341 0089 00       		.byte	0
 342 008a 00       		.byte	0
 343 008b 00       		.byte	0
 344              		.section	.debug_aranges,"",%progbits
 345 0000 1C000000 		.4byte	0x1c
 346 0004 0200     		.2byte	0x2
 347 0006 00000000 		.4byte	.Ldebug_info0
 348 000a 04       		.byte	0x4
 349 000b 00       		.byte	0
 350 000c 0000     		.2byte	0
 351 000e 0000     		.2byte	0
 352 0010 00000000 		.4byte	.LFB63
 353 0014 50000000 		.4byte	.LFE63-.LFB63
 354 0018 00000000 		.4byte	0
 355 001c 00000000 		.4byte	0
 356              		.section	.debug_ranges,"",%progbits
 357              	.Ldebug_ranges0:
 358 0000 00000000 		.4byte	.LFB63
 359 0004 50000000 		.4byte	.LFE63
 360 0008 00000000 		.4byte	0
 361 000c 00000000 		.4byte	0
 362              		.section	.debug_line,"",%progbits
ARM GAS  C:\Users\Soren\AppData\Local\Temp\ccG4ZSFt.s 			page 8


 363              	.Ldebug_line0:
 364 0000 5F010000 		.section	.debug_str,"MS",%progbits,1
 364      02003A01 
 364      00000201 
 364      FB0E0D00 
 364      01010101 
 365              	.LASF6:
 366 0000 6C6F6E67 		.ascii	"long long int\000"
 366      206C6F6E 
 366      6720696E 
 366      7400
 367              	.LASF3:
 368 000e 73686F72 		.ascii	"short unsigned int\000"
 368      7420756E 
 368      7369676E 
 368      65642069 
 368      6E7400
 369              	.LASF19:
 370 0021 5C5C4D61 		.ascii	"\\\\Mac\\iCloud\\SKOLE\\4. Semester\\PRJ4 - Semeste"
 370      635C6943 
 370      6C6F7564 
 370      5C534B4F 
 370      4C455C34 
 371 004e 7270726F 		.ascii	"rprojekt 4\\Maaleenhed\\Maaleenhed med samplefunkti"
 371      6A656B74 
 371      20345C4D 
 371      61616C65 
 371      656E6865 
 372 007f 6F6E5C53 		.ascii	"on\\Spaendingsmaaler\\Maaler.cydsn\000"
 372      7061656E 
 372      64696E67 
 372      736D6161 
 372      6C65725C 
 373              	.LASF8:
 374 00a0 756E7369 		.ascii	"unsigned int\000"
 374      676E6564 
 374      20696E74 
 374      00
 375              	.LASF18:
 376 00ad 6D61696E 		.ascii	"main.c\000"
 376      2E6300
 377              	.LASF20:
 378 00b4 6D61696E 		.ascii	"main\000"
 378      00
 379              	.LASF0:
 380 00b9 7369676E 		.ascii	"signed char\000"
 380      65642063 
 380      68617200 
 381              	.LASF5:
 382 00c5 6C6F6E67 		.ascii	"long unsigned int\000"
 382      20756E73 
 382      69676E65 
 382      6420696E 
 382      7400
 383              	.LASF7:
 384 00d7 6C6F6E67 		.ascii	"long long unsigned int\000"
 384      206C6F6E 
ARM GAS  C:\Users\Soren\AppData\Local\Temp\ccG4ZSFt.s 			page 9


 384      6720756E 
 384      7369676E 
 384      65642069 
 385              	.LASF1:
 386 00ee 756E7369 		.ascii	"unsigned char\000"
 386      676E6564 
 386      20636861 
 386      7200
 387              	.LASF13:
 388 00fc 63686172 		.ascii	"char\000"
 388      00
 389              	.LASF4:
 390 0101 6C6F6E67 		.ascii	"long int\000"
 390      20696E74 
 390      00
 391              	.LASF17:
 392 010a 474E5520 		.ascii	"GNU C 4.9.3 20150303 (release) [ARM/embedded-4_9-br"
 392      4320342E 
 392      392E3320 
 392      32303135 
 392      30333033 
 393 013d 616E6368 		.ascii	"anch revision 221220] -mcpu=cortex-m3 -mthumb -g -O"
 393      20726576 
 393      6973696F 
 393      6E203232 
 393      31323230 
 394 0170 30202D66 		.ascii	"0 -ffunction-sections -ffat-lto-objects\000"
 394      66756E63 
 394      74696F6E 
 394      2D736563 
 394      74696F6E 
 395              	.LASF12:
 396 0198 646F7562 		.ascii	"double\000"
 396      6C6500
 397              	.LASF21:
 398 019f 49544D5F 		.ascii	"ITM_RxBuffer\000"
 398      52784275 
 398      66666572 
 398      00
 399              	.LASF16:
 400 01ac 53616D70 		.ascii	"SampleArrayI\000"
 400      6C654172 
 400      72617949 
 400      00
 401              	.LASF9:
 402 01b9 5F5F696E 		.ascii	"__int32_t\000"
 402      7433325F 
 402      7400
 403              	.LASF11:
 404 01c3 666C6F61 		.ascii	"float\000"
 404      7400
 405              	.LASF2:
 406 01c9 73686F72 		.ascii	"short int\000"
 406      7420696E 
 406      7400
 407              	.LASF10:
 408 01d3 696E7433 		.ascii	"int32_t\000"
ARM GAS  C:\Users\Soren\AppData\Local\Temp\ccG4ZSFt.s 			page 10


 408      325F7400 
 409              	.LASF15:
 410 01db 53616D70 		.ascii	"SampleArrayU\000"
 410      6C654172 
 410      72617955 
 410      00
 411              	.LASF14:
 412 01e8 73697A65 		.ascii	"sizetype\000"
 412      74797065 
 412      00
 413              		.ident	"GCC: (GNU Tools for ARM Embedded Processors) 4.9.3 20150303 (release) [ARM/embedded-4_9-br
