ARM GAS  C:\Users\Soren\AppData\Local\Temp\ccWVX4k9.s 			page 1


   1              		.syntax unified
   2              		.cpu cortex-m3
   3              		.fpu softvfp
   4              		.eabi_attribute 20, 1
   5              		.eabi_attribute 21, 1
   6              		.eabi_attribute 23, 3
   7              		.eabi_attribute 24, 1
   8              		.eabi_attribute 25, 1
   9              		.eabi_attribute 26, 1
  10              		.eabi_attribute 30, 6
  11              		.eabi_attribute 34, 1
  12              		.eabi_attribute 18, 4
  13              		.thumb
  14              		.file	"sample.c"
  15              		.text
  16              	.Ltext0:
  17              		.cfi_sections	.debug_frame
  18              		.section	.text.sampleUandI,"ax",%progbits
  19              		.align	2
  20              		.global	sampleUandI
  21              		.thumb
  22              		.thumb_func
  23              		.type	sampleUandI, %function
  24              	sampleUandI:
  25              	.LFB63:
  26              		.file 1 "sample.c"
   1:sample.c      **** /* ========================================
   2:sample.c      ****  *
   3:sample.c      ****  * Copyright YOUR COMPANY, THE YEAR
   4:sample.c      ****  * All Rights Reserved
   5:sample.c      ****  * UNPUBLISHED, LICENSED SOFTWARE.
   6:sample.c      ****  *
   7:sample.c      ****  * CONFIDENTIAL AND PROPRIETARY INFORMATION
   8:sample.c      ****  * WHICH IS THE PROPERTY OF your company.
   9:sample.c      ****  *
  10:sample.c      ****  * ========================================
  11:sample.c      **** */
  12:sample.c      **** #include "sample.h"
  13:sample.c      **** /* [] END OF FILE */
  14:sample.c      **** 
  15:sample.c      **** void sampleUandI(int *Uarray, int *Iarray, int size)
  16:sample.c      **** {       
  27              		.loc 1 16 0
  28              		.cfi_startproc
  29              		@ args = 0, pretend = 0, frame = 32
  30              		@ frame_needed = 1, uses_anonymous_args = 0
  31 0000 90B5     		push	{r4, r7, lr}
  32              		.cfi_def_cfa_offset 12
  33              		.cfi_offset 4, -12
  34              		.cfi_offset 7, -8
  35              		.cfi_offset 14, -4
  36 0002 89B0     		sub	sp, sp, #36
  37              		.cfi_def_cfa_offset 48
  38 0004 00AF     		add	r7, sp, #0
  39              		.cfi_def_cfa_register 7
  40 0006 F860     		str	r0, [r7, #12]
  41 0008 B960     		str	r1, [r7, #8]
ARM GAS  C:\Users\Soren\AppData\Local\Temp\ccWVX4k9.s 			page 2


  42 000a 7A60     		str	r2, [r7, #4]
  17:sample.c      ****     /*Oprettelse af interne variabler*/
  18:sample.c      ****         int indexU = 0, indexI = 0, i;
  43              		.loc 1 18 0
  44 000c 0023     		movs	r3, #0
  45 000e FB61     		str	r3, [r7, #28]
  46 0010 0023     		movs	r3, #0
  47 0012 BB61     		str	r3, [r7, #24]
  19:sample.c      ****     /*for-løkke som tager 64 samples af spænding og af strøm målingerne.
  20:sample.c      ****     Disse samples ligges i de arrays, som er givet med funktione som parametre*/
  21:sample.c      ****         for(i=0;i<size;i++)
  48              		.loc 1 21 0
  49 0014 0023     		movs	r3, #0
  50 0016 7B61     		str	r3, [r7, #20]
  51 0018 3BE0     		b	.L2
  52              	.L6:
  22:sample.c      ****         {
  23:sample.c      ****            /*Test bruges til at måle sampletiden*/
  24:sample.c      ****             test_Write(1);
  53              		.loc 1 24 0
  54 001a 0120     		movs	r0, #1
  55 001c FFF7FEFF 		bl	test_Write
  25:sample.c      ****             /*Tager sample af spændingen ved alle lige værdier af i*/
  26:sample.c      ****             if(i%2 == 0)
  56              		.loc 1 26 0
  57 0020 7B69     		ldr	r3, [r7, #20]
  58 0022 03F00103 		and	r3, r3, #1
  59 0026 002B     		cmp	r3, #0
  60 0028 14D1     		bne	.L3
  27:sample.c      ****             {
  28:sample.c      ****                 AMux_1_FastSelect(0u);
  61              		.loc 1 28 0
  62 002a 0020     		movs	r0, #0
  63 002c FFF7FEFF 		bl	AMux_1_FastSelect
  29:sample.c      ****                 AMux_2_FastSelect(0u);
  64              		.loc 1 29 0
  65 0030 0020     		movs	r0, #0
  66 0032 FFF7FEFF 		bl	AMux_2_FastSelect
  30:sample.c      ****                 Uarray[indexU++] = ADC_DelSig_1_CountsTo_mVolts( ADC_DelSig_1_Read16());
  67              		.loc 1 30 0
  68 0036 FB69     		ldr	r3, [r7, #28]
  69 0038 5A1C     		adds	r2, r3, #1
  70 003a FA61     		str	r2, [r7, #28]
  71 003c 9B00     		lsls	r3, r3, #2
  72 003e FA68     		ldr	r2, [r7, #12]
  73 0040 D418     		adds	r4, r2, r3
  74 0042 FFF7FEFF 		bl	ADC_DelSig_1_Read16
  75 0046 0346     		mov	r3, r0
  76 0048 1846     		mov	r0, r3
  77 004a FFF7FEFF 		bl	ADC_DelSig_1_CountsTo_mVolts
  78 004e 0346     		mov	r3, r0
  79 0050 2360     		str	r3, [r4]
  80 0052 13E0     		b	.L4
  81              	.L3:
  31:sample.c      ****             }
  32:sample.c      ****             /*Tager sample af strømmen ved alle ulige værdier af i*/
  33:sample.c      ****             else
ARM GAS  C:\Users\Soren\AppData\Local\Temp\ccWVX4k9.s 			page 3


  34:sample.c      ****             {
  35:sample.c      ****                 AMux_1_FastSelect(1u);
  82              		.loc 1 35 0
  83 0054 0120     		movs	r0, #1
  84 0056 FFF7FEFF 		bl	AMux_1_FastSelect
  36:sample.c      ****                 AMux_2_FastSelect(1u);
  85              		.loc 1 36 0
  86 005a 0120     		movs	r0, #1
  87 005c FFF7FEFF 		bl	AMux_2_FastSelect
  37:sample.c      ****                 Iarray[indexI++] = ADC_DelSig_1_CountsTo_mVolts( ADC_DelSig_1_Read16());
  88              		.loc 1 37 0
  89 0060 BB69     		ldr	r3, [r7, #24]
  90 0062 5A1C     		adds	r2, r3, #1
  91 0064 BA61     		str	r2, [r7, #24]
  92 0066 9B00     		lsls	r3, r3, #2
  93 0068 BA68     		ldr	r2, [r7, #8]
  94 006a D418     		adds	r4, r2, r3
  95 006c FFF7FEFF 		bl	ADC_DelSig_1_Read16
  96 0070 0346     		mov	r3, r0
  97 0072 1846     		mov	r0, r3
  98 0074 FFF7FEFF 		bl	ADC_DelSig_1_CountsTo_mVolts
  99 0078 0346     		mov	r3, r0
 100 007a 2360     		str	r3, [r4]
 101              	.L4:
  38:sample.c      ****             }
  39:sample.c      ****             /*Efter hvert andet sample indsættes et delay, som er udregnet således sampletiden pa
  40:sample.c      ****             20ms. Se udregninger i mathcad*/
  41:sample.c      ****             if(i%2 != 0)
 102              		.loc 1 41 0
 103 007c 7B69     		ldr	r3, [r7, #20]
 104 007e 03F00103 		and	r3, r3, #1
 105 0082 002B     		cmp	r3, #0
 106 0084 02D0     		beq	.L5
  42:sample.c      ****             CyDelayUs(40);
 107              		.loc 1 42 0
 108 0086 2820     		movs	r0, #40
 109 0088 FFF7FEFF 		bl	CyDelayUs
 110              	.L5:
  21:sample.c      ****         {
 111              		.loc 1 21 0 discriminator 2
 112 008c 7B69     		ldr	r3, [r7, #20]
 113 008e 0133     		adds	r3, r3, #1
 114 0090 7B61     		str	r3, [r7, #20]
 115              	.L2:
  21:sample.c      ****         {
 116              		.loc 1 21 0 is_stmt 0 discriminator 1
 117 0092 7A69     		ldr	r2, [r7, #20]
 118 0094 7B68     		ldr	r3, [r7, #4]
 119 0096 9A42     		cmp	r2, r3
 120 0098 BFDB     		blt	.L6
  43:sample.c      ****         }
  44:sample.c      **** }
 121              		.loc 1 44 0 is_stmt 1
 122 009a 2437     		adds	r7, r7, #36
 123              		.cfi_def_cfa_offset 12
 124 009c BD46     		mov	sp, r7
 125              		.cfi_def_cfa_register 13
ARM GAS  C:\Users\Soren\AppData\Local\Temp\ccWVX4k9.s 			page 4


 126              		@ sp needed
 127 009e 90BD     		pop	{r4, r7, pc}
 128              		.cfi_endproc
 129              	.LFE63:
 130              		.size	sampleUandI, .-sampleUandI
 131              		.text
 132              	.Letext0:
 133              		.file 2 "c:\\program files (x86)\\cypress\\psoc creator\\4.0\\psoc creator\\import\\gnu\\arm\\4.9.
 134              		.file 3 "c:\\program files (x86)\\cypress\\psoc creator\\4.0\\psoc creator\\import\\gnu\\arm\\4.9.
 135              		.file 4 "Generated_Source\\PSoC5/core_cm3.h"
 136              		.section	.debug_info,"",%progbits
 137              	.Ldebug_info0:
 138 0000 19010000 		.4byte	0x119
 139 0004 0400     		.2byte	0x4
 140 0006 00000000 		.4byte	.Ldebug_abbrev0
 141 000a 04       		.byte	0x4
 142 000b 01       		.uleb128 0x1
 143 000c D0000000 		.4byte	.LASF20
 144 0010 01       		.byte	0x1
 145 0011 65010000 		.4byte	.LASF21
 146 0015 65000000 		.4byte	.LASF22
 147 0019 00000000 		.4byte	.Ldebug_ranges0+0
 148 001d 00000000 		.4byte	0
 149 0021 00000000 		.4byte	.Ldebug_line0
 150 0025 02       		.uleb128 0x2
 151 0026 01       		.byte	0x1
 152 0027 06       		.byte	0x6
 153 0028 7B010000 		.4byte	.LASF0
 154 002c 02       		.uleb128 0x2
 155 002d 01       		.byte	0x1
 156 002e 08       		.byte	0x8
 157 002f B4000000 		.4byte	.LASF1
 158 0033 02       		.uleb128 0x2
 159 0034 02       		.byte	0x2
 160 0035 05       		.byte	0x5
 161 0036 A3010000 		.4byte	.LASF2
 162 003a 02       		.uleb128 0x2
 163 003b 02       		.byte	0x2
 164 003c 07       		.byte	0x7
 165 003d 0E000000 		.4byte	.LASF3
 166 0041 03       		.uleb128 0x3
 167 0042 8C010000 		.4byte	.LASF9
 168 0046 02       		.byte	0x2
 169 0047 3F       		.byte	0x3f
 170 0048 4C000000 		.4byte	0x4c
 171 004c 02       		.uleb128 0x2
 172 004d 04       		.byte	0x4
 173 004e 05       		.byte	0x5
 174 004f C7000000 		.4byte	.LASF4
 175 0053 02       		.uleb128 0x2
 176 0054 04       		.byte	0x4
 177 0055 07       		.byte	0x7
 178 0056 35000000 		.4byte	.LASF5
 179 005a 02       		.uleb128 0x2
 180 005b 08       		.byte	0x8
 181 005c 05       		.byte	0x5
 182 005d 00000000 		.4byte	.LASF6
ARM GAS  C:\Users\Soren\AppData\Local\Temp\ccWVX4k9.s 			page 5


 183 0061 02       		.uleb128 0x2
 184 0062 08       		.byte	0x8
 185 0063 07       		.byte	0x7
 186 0064 47000000 		.4byte	.LASF7
 187 0068 04       		.uleb128 0x4
 188 0069 04       		.byte	0x4
 189 006a 05       		.byte	0x5
 190 006b 696E7400 		.ascii	"int\000"
 191 006f 02       		.uleb128 0x2
 192 0070 04       		.byte	0x4
 193 0071 07       		.byte	0x7
 194 0072 21000000 		.4byte	.LASF8
 195 0076 03       		.uleb128 0x3
 196 0077 B4010000 		.4byte	.LASF10
 197 007b 03       		.byte	0x3
 198 007c 2C       		.byte	0x2c
 199 007d 41000000 		.4byte	0x41
 200 0081 02       		.uleb128 0x2
 201 0082 04       		.byte	0x4
 202 0083 04       		.byte	0x4
 203 0084 96010000 		.4byte	.LASF11
 204 0088 02       		.uleb128 0x2
 205 0089 08       		.byte	0x8
 206 008a 04       		.byte	0x4
 207 008b 5E010000 		.4byte	.LASF12
 208 008f 02       		.uleb128 0x2
 209 0090 01       		.byte	0x1
 210 0091 08       		.byte	0x8
 211 0092 C2000000 		.4byte	.LASF13
 212 0096 02       		.uleb128 0x2
 213 0097 04       		.byte	0x4
 214 0098 07       		.byte	0x7
 215 0099 C8010000 		.4byte	.LASF14
 216 009d 05       		.uleb128 0x5
 217 009e BC010000 		.4byte	.LASF23
 218 00a2 01       		.byte	0x1
 219 00a3 0F       		.byte	0xf
 220 00a4 00000000 		.4byte	.LFB63
 221 00a8 A0000000 		.4byte	.LFE63-.LFB63
 222 00ac 01       		.uleb128 0x1
 223 00ad 9C       		.byte	0x9c
 224 00ae 05010000 		.4byte	0x105
 225 00b2 06       		.uleb128 0x6
 226 00b3 9C010000 		.4byte	.LASF15
 227 00b7 01       		.byte	0x1
 228 00b8 0F       		.byte	0xf
 229 00b9 05010000 		.4byte	0x105
 230 00bd 02       		.uleb128 0x2
 231 00be 91       		.byte	0x91
 232 00bf 5C       		.sleb128 -36
 233 00c0 06       		.uleb128 0x6
 234 00c1 AD010000 		.4byte	.LASF16
 235 00c5 01       		.byte	0x1
 236 00c6 0F       		.byte	0xf
 237 00c7 05010000 		.4byte	0x105
 238 00cb 02       		.uleb128 0x2
 239 00cc 91       		.byte	0x91
ARM GAS  C:\Users\Soren\AppData\Local\Temp\ccWVX4k9.s 			page 6


 240 00cd 58       		.sleb128 -40
 241 00ce 06       		.uleb128 0x6
 242 00cf 87010000 		.4byte	.LASF17
 243 00d3 01       		.byte	0x1
 244 00d4 0F       		.byte	0xf
 245 00d5 68000000 		.4byte	0x68
 246 00d9 02       		.uleb128 0x2
 247 00da 91       		.byte	0x91
 248 00db 54       		.sleb128 -44
 249 00dc 07       		.uleb128 0x7
 250 00dd 5E000000 		.4byte	.LASF18
 251 00e1 01       		.byte	0x1
 252 00e2 12       		.byte	0x12
 253 00e3 68000000 		.4byte	0x68
 254 00e7 02       		.uleb128 0x2
 255 00e8 91       		.byte	0x91
 256 00e9 6C       		.sleb128 -20
 257 00ea 07       		.uleb128 0x7
 258 00eb 2E000000 		.4byte	.LASF19
 259 00ef 01       		.byte	0x1
 260 00f0 12       		.byte	0x12
 261 00f1 68000000 		.4byte	0x68
 262 00f5 02       		.uleb128 0x2
 263 00f6 91       		.byte	0x91
 264 00f7 68       		.sleb128 -24
 265 00f8 08       		.uleb128 0x8
 266 00f9 6900     		.ascii	"i\000"
 267 00fb 01       		.byte	0x1
 268 00fc 12       		.byte	0x12
 269 00fd 68000000 		.4byte	0x68
 270 0101 02       		.uleb128 0x2
 271 0102 91       		.byte	0x91
 272 0103 64       		.sleb128 -28
 273 0104 00       		.byte	0
 274 0105 09       		.uleb128 0x9
 275 0106 04       		.byte	0x4
 276 0107 68000000 		.4byte	0x68
 277 010b 0A       		.uleb128 0xa
 278 010c 6E010000 		.4byte	.LASF24
 279 0110 04       		.byte	0x4
 280 0111 9606     		.2byte	0x696
 281 0113 17010000 		.4byte	0x117
 282 0117 0B       		.uleb128 0xb
 283 0118 76000000 		.4byte	0x76
 284 011c 00       		.byte	0
 285              		.section	.debug_abbrev,"",%progbits
 286              	.Ldebug_abbrev0:
 287 0000 01       		.uleb128 0x1
 288 0001 11       		.uleb128 0x11
 289 0002 01       		.byte	0x1
 290 0003 25       		.uleb128 0x25
 291 0004 0E       		.uleb128 0xe
 292 0005 13       		.uleb128 0x13
 293 0006 0B       		.uleb128 0xb
 294 0007 03       		.uleb128 0x3
 295 0008 0E       		.uleb128 0xe
 296 0009 1B       		.uleb128 0x1b
ARM GAS  C:\Users\Soren\AppData\Local\Temp\ccWVX4k9.s 			page 7


 297 000a 0E       		.uleb128 0xe
 298 000b 55       		.uleb128 0x55
 299 000c 17       		.uleb128 0x17
 300 000d 11       		.uleb128 0x11
 301 000e 01       		.uleb128 0x1
 302 000f 10       		.uleb128 0x10
 303 0010 17       		.uleb128 0x17
 304 0011 00       		.byte	0
 305 0012 00       		.byte	0
 306 0013 02       		.uleb128 0x2
 307 0014 24       		.uleb128 0x24
 308 0015 00       		.byte	0
 309 0016 0B       		.uleb128 0xb
 310 0017 0B       		.uleb128 0xb
 311 0018 3E       		.uleb128 0x3e
 312 0019 0B       		.uleb128 0xb
 313 001a 03       		.uleb128 0x3
 314 001b 0E       		.uleb128 0xe
 315 001c 00       		.byte	0
 316 001d 00       		.byte	0
 317 001e 03       		.uleb128 0x3
 318 001f 16       		.uleb128 0x16
 319 0020 00       		.byte	0
 320 0021 03       		.uleb128 0x3
 321 0022 0E       		.uleb128 0xe
 322 0023 3A       		.uleb128 0x3a
 323 0024 0B       		.uleb128 0xb
 324 0025 3B       		.uleb128 0x3b
 325 0026 0B       		.uleb128 0xb
 326 0027 49       		.uleb128 0x49
 327 0028 13       		.uleb128 0x13
 328 0029 00       		.byte	0
 329 002a 00       		.byte	0
 330 002b 04       		.uleb128 0x4
 331 002c 24       		.uleb128 0x24
 332 002d 00       		.byte	0
 333 002e 0B       		.uleb128 0xb
 334 002f 0B       		.uleb128 0xb
 335 0030 3E       		.uleb128 0x3e
 336 0031 0B       		.uleb128 0xb
 337 0032 03       		.uleb128 0x3
 338 0033 08       		.uleb128 0x8
 339 0034 00       		.byte	0
 340 0035 00       		.byte	0
 341 0036 05       		.uleb128 0x5
 342 0037 2E       		.uleb128 0x2e
 343 0038 01       		.byte	0x1
 344 0039 3F       		.uleb128 0x3f
 345 003a 19       		.uleb128 0x19
 346 003b 03       		.uleb128 0x3
 347 003c 0E       		.uleb128 0xe
 348 003d 3A       		.uleb128 0x3a
 349 003e 0B       		.uleb128 0xb
 350 003f 3B       		.uleb128 0x3b
 351 0040 0B       		.uleb128 0xb
 352 0041 27       		.uleb128 0x27
 353 0042 19       		.uleb128 0x19
ARM GAS  C:\Users\Soren\AppData\Local\Temp\ccWVX4k9.s 			page 8


 354 0043 11       		.uleb128 0x11
 355 0044 01       		.uleb128 0x1
 356 0045 12       		.uleb128 0x12
 357 0046 06       		.uleb128 0x6
 358 0047 40       		.uleb128 0x40
 359 0048 18       		.uleb128 0x18
 360 0049 9642     		.uleb128 0x2116
 361 004b 19       		.uleb128 0x19
 362 004c 01       		.uleb128 0x1
 363 004d 13       		.uleb128 0x13
 364 004e 00       		.byte	0
 365 004f 00       		.byte	0
 366 0050 06       		.uleb128 0x6
 367 0051 05       		.uleb128 0x5
 368 0052 00       		.byte	0
 369 0053 03       		.uleb128 0x3
 370 0054 0E       		.uleb128 0xe
 371 0055 3A       		.uleb128 0x3a
 372 0056 0B       		.uleb128 0xb
 373 0057 3B       		.uleb128 0x3b
 374 0058 0B       		.uleb128 0xb
 375 0059 49       		.uleb128 0x49
 376 005a 13       		.uleb128 0x13
 377 005b 02       		.uleb128 0x2
 378 005c 18       		.uleb128 0x18
 379 005d 00       		.byte	0
 380 005e 00       		.byte	0
 381 005f 07       		.uleb128 0x7
 382 0060 34       		.uleb128 0x34
 383 0061 00       		.byte	0
 384 0062 03       		.uleb128 0x3
 385 0063 0E       		.uleb128 0xe
 386 0064 3A       		.uleb128 0x3a
 387 0065 0B       		.uleb128 0xb
 388 0066 3B       		.uleb128 0x3b
 389 0067 0B       		.uleb128 0xb
 390 0068 49       		.uleb128 0x49
 391 0069 13       		.uleb128 0x13
 392 006a 02       		.uleb128 0x2
 393 006b 18       		.uleb128 0x18
 394 006c 00       		.byte	0
 395 006d 00       		.byte	0
 396 006e 08       		.uleb128 0x8
 397 006f 34       		.uleb128 0x34
 398 0070 00       		.byte	0
 399 0071 03       		.uleb128 0x3
 400 0072 08       		.uleb128 0x8
 401 0073 3A       		.uleb128 0x3a
 402 0074 0B       		.uleb128 0xb
 403 0075 3B       		.uleb128 0x3b
 404 0076 0B       		.uleb128 0xb
 405 0077 49       		.uleb128 0x49
 406 0078 13       		.uleb128 0x13
 407 0079 02       		.uleb128 0x2
 408 007a 18       		.uleb128 0x18
 409 007b 00       		.byte	0
 410 007c 00       		.byte	0
ARM GAS  C:\Users\Soren\AppData\Local\Temp\ccWVX4k9.s 			page 9


 411 007d 09       		.uleb128 0x9
 412 007e 0F       		.uleb128 0xf
 413 007f 00       		.byte	0
 414 0080 0B       		.uleb128 0xb
 415 0081 0B       		.uleb128 0xb
 416 0082 49       		.uleb128 0x49
 417 0083 13       		.uleb128 0x13
 418 0084 00       		.byte	0
 419 0085 00       		.byte	0
 420 0086 0A       		.uleb128 0xa
 421 0087 34       		.uleb128 0x34
 422 0088 00       		.byte	0
 423 0089 03       		.uleb128 0x3
 424 008a 0E       		.uleb128 0xe
 425 008b 3A       		.uleb128 0x3a
 426 008c 0B       		.uleb128 0xb
 427 008d 3B       		.uleb128 0x3b
 428 008e 05       		.uleb128 0x5
 429 008f 49       		.uleb128 0x49
 430 0090 13       		.uleb128 0x13
 431 0091 3F       		.uleb128 0x3f
 432 0092 19       		.uleb128 0x19
 433 0093 3C       		.uleb128 0x3c
 434 0094 19       		.uleb128 0x19
 435 0095 00       		.byte	0
 436 0096 00       		.byte	0
 437 0097 0B       		.uleb128 0xb
 438 0098 35       		.uleb128 0x35
 439 0099 00       		.byte	0
 440 009a 49       		.uleb128 0x49
 441 009b 13       		.uleb128 0x13
 442 009c 00       		.byte	0
 443 009d 00       		.byte	0
 444 009e 00       		.byte	0
 445              		.section	.debug_aranges,"",%progbits
 446 0000 1C000000 		.4byte	0x1c
 447 0004 0200     		.2byte	0x2
 448 0006 00000000 		.4byte	.Ldebug_info0
 449 000a 04       		.byte	0x4
 450 000b 00       		.byte	0
 451 000c 0000     		.2byte	0
 452 000e 0000     		.2byte	0
 453 0010 00000000 		.4byte	.LFB63
 454 0014 A0000000 		.4byte	.LFE63-.LFB63
 455 0018 00000000 		.4byte	0
 456 001c 00000000 		.4byte	0
 457              		.section	.debug_ranges,"",%progbits
 458              	.Ldebug_ranges0:
 459 0000 00000000 		.4byte	.LFB63
 460 0004 A0000000 		.4byte	.LFE63
 461 0008 00000000 		.4byte	0
 462 000c 00000000 		.4byte	0
 463              		.section	.debug_line,"",%progbits
 464              	.Ldebug_line0:
 465 0000 6E010000 		.section	.debug_str,"MS",%progbits,1
 465      02003C01 
 465      00000201 
ARM GAS  C:\Users\Soren\AppData\Local\Temp\ccWVX4k9.s 			page 10


 465      FB0E0D00 
 465      01010101 
 466              	.LASF6:
 467 0000 6C6F6E67 		.ascii	"long long int\000"
 467      206C6F6E 
 467      6720696E 
 467      7400
 468              	.LASF3:
 469 000e 73686F72 		.ascii	"short unsigned int\000"
 469      7420756E 
 469      7369676E 
 469      65642069 
 469      6E7400
 470              	.LASF8:
 471 0021 756E7369 		.ascii	"unsigned int\000"
 471      676E6564 
 471      20696E74 
 471      00
 472              	.LASF19:
 473 002e 696E6465 		.ascii	"indexI\000"
 473      784900
 474              	.LASF5:
 475 0035 6C6F6E67 		.ascii	"long unsigned int\000"
 475      20756E73 
 475      69676E65 
 475      6420696E 
 475      7400
 476              	.LASF7:
 477 0047 6C6F6E67 		.ascii	"long long unsigned int\000"
 477      206C6F6E 
 477      6720756E 
 477      7369676E 
 477      65642069 
 478              	.LASF18:
 479 005e 696E6465 		.ascii	"indexU\000"
 479      785500
 480              	.LASF22:
 481 0065 5C5C4D61 		.ascii	"\\\\Mac\\Home\\Desktop\\Projekt\\Maaleenhed\\Maalee"
 481      635C486F 
 481      6D655C44 
 481      65736B74 
 481      6F705C50 
 482 0091 6E686564 		.ascii	"nhed\\Spaendingsmaaler\\Maaler.cydsn\000"
 482      5C537061 
 482      656E6469 
 482      6E67736D 
 482      61616C65 
 483              	.LASF1:
 484 00b4 756E7369 		.ascii	"unsigned char\000"
 484      676E6564 
 484      20636861 
 484      7200
 485              	.LASF13:
 486 00c2 63686172 		.ascii	"char\000"
 486      00
 487              	.LASF4:
 488 00c7 6C6F6E67 		.ascii	"long int\000"
ARM GAS  C:\Users\Soren\AppData\Local\Temp\ccWVX4k9.s 			page 11


 488      20696E74 
 488      00
 489              	.LASF20:
 490 00d0 474E5520 		.ascii	"GNU C 4.9.3 20150303 (release) [ARM/embedded-4_9-br"
 490      4320342E 
 490      392E3320 
 490      32303135 
 490      30333033 
 491 0103 616E6368 		.ascii	"anch revision 221220] -mcpu=cortex-m3 -mthumb -g -O"
 491      20726576 
 491      6973696F 
 491      6E203232 
 491      31323230 
 492 0136 30202D66 		.ascii	"0 -ffunction-sections -ffat-lto-objects\000"
 492      66756E63 
 492      74696F6E 
 492      2D736563 
 492      74696F6E 
 493              	.LASF12:
 494 015e 646F7562 		.ascii	"double\000"
 494      6C6500
 495              	.LASF21:
 496 0165 73616D70 		.ascii	"sample.c\000"
 496      6C652E63 
 496      00
 497              	.LASF24:
 498 016e 49544D5F 		.ascii	"ITM_RxBuffer\000"
 498      52784275 
 498      66666572 
 498      00
 499              	.LASF0:
 500 017b 7369676E 		.ascii	"signed char\000"
 500      65642063 
 500      68617200 
 501              	.LASF17:
 502 0187 73697A65 		.ascii	"size\000"
 502      00
 503              	.LASF9:
 504 018c 5F5F696E 		.ascii	"__int32_t\000"
 504      7433325F 
 504      7400
 505              	.LASF11:
 506 0196 666C6F61 		.ascii	"float\000"
 506      7400
 507              	.LASF15:
 508 019c 55617272 		.ascii	"Uarray\000"
 508      617900
 509              	.LASF2:
 510 01a3 73686F72 		.ascii	"short int\000"
 510      7420696E 
 510      7400
 511              	.LASF16:
 512 01ad 49617272 		.ascii	"Iarray\000"
 512      617900
 513              	.LASF10:
 514 01b4 696E7433 		.ascii	"int32_t\000"
 514      325F7400 
ARM GAS  C:\Users\Soren\AppData\Local\Temp\ccWVX4k9.s 			page 12


 515              	.LASF23:
 516 01bc 73616D70 		.ascii	"sampleUandI\000"
 516      6C655561 
 516      6E644900 
 517              	.LASF14:
 518 01c8 73697A65 		.ascii	"sizetype\000"
 518      74797065 
 518      00
 519              		.ident	"GCC: (GNU Tools for ARM Embedded Processors) 4.9.3 20150303 (release) [ARM/embedded-4_9-br
