ARM GAS  C:\Users\Soren\AppData\Local\Temp\cc5EihE2.s 			page 1


   1              		.syntax unified
   2              		.cpu cortex-m3
   3              		.fpu softvfp
   4              		.eabi_attribute 20, 1
   5              		.eabi_attribute 21, 1
   6              		.eabi_attribute 23, 3
   7              		.eabi_attribute 24, 1
   8              		.eabi_attribute 25, 1
   9              		.eabi_attribute 26, 1
  10              		.eabi_attribute 30, 6
  11              		.eabi_attribute 34, 1
  12              		.eabi_attribute 18, 4
  13              		.thumb
  14              		.file	"cymetadata.c"
  15              		.text
  16              	.Ltext0:
  17              		.cfi_sections	.debug_frame
  18              		.global	cy_meta_configecc
  19              		.section	.cyconfigecc,"a",%progbits
  20              		.align	2
  21              		.type	cy_meta_configecc, %object
  22              		.size	cy_meta_configecc, 1080
  23              	cy_meta_configecc:
  24 0000 03       		.byte	3
  25 0001 52       		.byte	82
  26 0002 00       		.byte	0
  27 0003 40       		.byte	64
  28 0004 03       		.byte	3
  29 0005 64       		.byte	100
  30 0006 00       		.byte	0
  31 0007 40       		.byte	64
  32 0008 16       		.byte	22
  33 0009 00       		.byte	0
  34 000a 01       		.byte	1
  35 000b 40       		.byte	64
  36 000c 33       		.byte	51
  37 000d 01       		.byte	1
  38 000e 01       		.byte	1
  39 000f 40       		.byte	64
  40 0010 41       		.byte	65
  41 0011 02       		.byte	2
  42 0012 01       		.byte	1
  43 0013 40       		.byte	64
  44 0014 46       		.byte	70
  45 0015 03       		.byte	3
  46 0016 01       		.byte	1
  47 0017 40       		.byte	64
  48 0018 1A       		.byte	26
  49 0019 04       		.byte	4
  50 001a 01       		.byte	1
  51 001b 40       		.byte	64
  52 001c 42       		.byte	66
  53 001d 05       		.byte	5
  54 001e 01       		.byte	1
  55 001f 40       		.byte	64
  56 0020 02       		.byte	2
  57 0021 07       		.byte	7
ARM GAS  C:\Users\Soren\AppData\Local\Temp\cc5EihE2.s 			page 2


  58 0022 01       		.byte	1
  59 0023 40       		.byte	64
  60 0024 01       		.byte	1
  61 0025 09       		.byte	9
  62 0026 01       		.byte	1
  63 0027 40       		.byte	64
  64 0028 02       		.byte	2
  65 0029 0B       		.byte	11
  66 002a 01       		.byte	1
  67 002b 40       		.byte	64
  68 002c 01       		.byte	1
  69 002d 0D       		.byte	13
  70 002e 01       		.byte	1
  71 002f 40       		.byte	64
  72 0030 04       		.byte	4
  73 0031 18       		.byte	24
  74 0032 01       		.byte	1
  75 0033 40       		.byte	64
  76 0034 02       		.byte	2
  77 0035 19       		.byte	25
  78 0036 01       		.byte	1
  79 0037 40       		.byte	64
  80 0038 02       		.byte	2
  81 0039 40       		.byte	64
  82 003a 01       		.byte	1
  83 003b 40       		.byte	64
  84 003c 05       		.byte	5
  85 003d 41       		.byte	65
  86 003e 01       		.byte	1
  87 003f 40       		.byte	64
  88 0040 06       		.byte	6
  89 0041 42       		.byte	66
  90 0042 01       		.byte	1
  91 0043 40       		.byte	64
  92 0044 02       		.byte	2
  93 0045 43       		.byte	67
  94 0046 01       		.byte	1
  95 0047 40       		.byte	64
  96 0048 02       		.byte	2
  97 0049 44       		.byte	68
  98 004a 01       		.byte	1
  99 004b 40       		.byte	64
 100 004c 03       		.byte	3
 101 004d 45       		.byte	69
 102 004e 01       		.byte	1
 103 004f 40       		.byte	64
 104 0050 03       		.byte	3
 105 0051 46       		.byte	70
 106 0052 01       		.byte	1
 107 0053 40       		.byte	64
 108 0054 03       		.byte	3
 109 0055 48       		.byte	72
 110 0056 01       		.byte	1
 111 0057 40       		.byte	64
 112 0058 03       		.byte	3
 113 0059 50       		.byte	80
 114 005a 01       		.byte	1
ARM GAS  C:\Users\Soren\AppData\Local\Temp\cc5EihE2.s 			page 3


 115 005b 40       		.byte	64
 116 005c 01       		.byte	1
 117 005d 51       		.byte	81
 118 005e 01       		.byte	1
 119 005f 40       		.byte	64
 120 0060 04       		.byte	4
 121 0061 01       		.byte	1
 122 0062 60       		.byte	96
 123 0063 08       		.byte	8
 124 0064 61       		.byte	97
 125 0065 08       		.byte	8
 126 0066 81       		.byte	-127
 127 0067 72       		.byte	114
 128 0068 82       		.byte	-126
 129 0069 0F       		.byte	15
 130 006a 83       		.byte	-125
 131 006b 38       		.byte	56
 132 006c 03       		.byte	3
 133 006d 01       		.byte	1
 134 006e 0F       		.byte	15
 135 006f 01       		.byte	1
 136 0070 35       		.byte	53
 137 0071 01       		.byte	1
 138 0072 3F       		.byte	63
 139 0073 10       		.byte	16
 140 0074 40       		.byte	64
 141 0075 05       		.byte	5
 142 0076 45       		.byte	69
 143 0077 04       		.byte	4
 144 0078 49       		.byte	73
 145 0079 FF       		.byte	-1
 146 007a 4A       		.byte	74
 147 007b 07       		.byte	7
 148 007c 4B       		.byte	75
 149 007d FF       		.byte	-1
 150 007e 4C       		.byte	76
 151 007f 40       		.byte	64
 152 0080 4D       		.byte	77
 153 0081 20       		.byte	32
 154 0082 4E       		.byte	78
 155 0083 F0       		.byte	-16
 156 0084 4F       		.byte	79
 157 0085 05       		.byte	5
 158 0086 50       		.byte	80
 159 0087 08       		.byte	8
 160 0088 59       		.byte	89
 161 0089 04       		.byte	4
 162 008a 5A       		.byte	90
 163 008b 04       		.byte	4
 164 008c 5D       		.byte	93
 165 008d 01       		.byte	1
 166 008e 5F       		.byte	95
 167 008f 01       		.byte	1
 168 0090 60       		.byte	96
 169 0091 40       		.byte	64
 170 0092 61       		.byte	97
 171 0093 A8       		.byte	-88
ARM GAS  C:\Users\Soren\AppData\Local\Temp\cc5EihE2.s 			page 4


 172 0094 62       		.byte	98
 173 0095 40       		.byte	64
 174 0096 63       		.byte	99
 175 0097 20       		.byte	32
 176 0098 04       		.byte	4
 177 0099 18       		.byte	24
 178 009a 06       		.byte	6
 179 009b 80       		.byte	-128
 180 009c 07       		.byte	7
 181 009d 01       		.byte	1
 182 009e 08       		.byte	8
 183 009f 10       		.byte	16
 184 00a0 09       		.byte	9
 185 00a1 10       		.byte	16
 186 00a2 0D       		.byte	13
 187 00a3 01       		.byte	1
 188 00a4 0E       		.byte	14
 189 00a5 14       		.byte	20
 190 00a6 15       		.byte	21
 191 00a7 50       		.byte	80
 192 00a8 17       		.byte	23
 193 00a9 0A       		.byte	10
 194 00aa 1C       		.byte	28
 195 00ab 10       		.byte	16
 196 00ac 1D       		.byte	29
 197 00ad 2A       		.byte	42
 198 00ae 22       		.byte	34
 199 00af 20       		.byte	32
 200 00b0 24       		.byte	36
 201 00b1 08       		.byte	8
 202 00b2 25       		.byte	37
 203 00b3 10       		.byte	16
 204 00b4 26       		.byte	38
 205 00b5 04       		.byte	4
 206 00b6 27       		.byte	39
 207 00b7 41       		.byte	65
 208 00b8 2D       		.byte	45
 209 00b9 10       		.byte	16
 210 00ba 2E       		.byte	46
 211 00bb 80       		.byte	-128
 212 00bc 2F       		.byte	47
 213 00bd 24       		.byte	36
 214 00be 34       		.byte	52
 215 00bf 02       		.byte	2
 216 00c0 35       		.byte	53
 217 00c1 80       		.byte	-128
 218 00c2 36       		.byte	54
 219 00c3 10       		.byte	16
 220 00c4 37       		.byte	55
 221 00c5 09       		.byte	9
 222 00c6 38       		.byte	56
 223 00c7 02       		.byte	2
 224 00c8 3A       		.byte	58
 225 00c9 40       		.byte	64
 226 00ca 3C       		.byte	60
 227 00cb 08       		.byte	8
 228 00cc 3D       		.byte	61
ARM GAS  C:\Users\Soren\AppData\Local\Temp\cc5EihE2.s 			page 5


 229 00cd A2       		.byte	-94
 230 00ce 45       		.byte	69
 231 00cf 2E       		.byte	46
 232 00d0 46       		.byte	70
 233 00d1 80       		.byte	-128
 234 00d2 47       		.byte	71
 235 00d3 40       		.byte	64
 236 00d4 48       		.byte	72
 237 00d5 21       		.byte	33
 238 00d6 4C       		.byte	76
 239 00d7 84       		.byte	-124
 240 00d8 50       		.byte	80
 241 00d9 10       		.byte	16
 242 00da 56       		.byte	86
 243 00db 40       		.byte	64
 244 00dc 5E       		.byte	94
 245 00dd 08       		.byte	8
 246 00de 6D       		.byte	109
 247 00df 44       		.byte	68
 248 00e0 6E       		.byte	110
 249 00e1 14       		.byte	20
 250 00e2 74       		.byte	116
 251 00e3 04       		.byte	4
 252 00e4 75       		.byte	117
 253 00e5 80       		.byte	-128
 254 00e6 77       		.byte	119
 255 00e7 0A       		.byte	10
 256 00e8 84       		.byte	-124
 257 00e9 01       		.byte	1
 258 00ea 85       		.byte	-123
 259 00eb 48       		.byte	72
 260 00ec C0       		.byte	-64
 261 00ed F0       		.byte	-16
 262 00ee C2       		.byte	-62
 263 00ef 70       		.byte	112
 264 00f0 C4       		.byte	-60
 265 00f1 F0       		.byte	-16
 266 00f2 CA       		.byte	-54
 267 00f3 70       		.byte	112
 268 00f4 CC       		.byte	-52
 269 00f5 F0       		.byte	-16
 270 00f6 CE       		.byte	-50
 271 00f7 F9       		.byte	-7
 272 00f8 D0       		.byte	-48
 273 00f9 F0       		.byte	-16
 274 00fa D2       		.byte	-46
 275 00fb 28       		.byte	40
 276 00fc D6       		.byte	-42
 277 00fd 40       		.byte	64
 278 00fe 01       		.byte	1
 279 00ff 04       		.byte	4
 280 0100 02       		.byte	2
 281 0101 C3       		.byte	-61
 282 0102 04       		.byte	4
 283 0103 C7       		.byte	-57
 284 0104 05       		.byte	5
 285 0105 02       		.byte	2
ARM GAS  C:\Users\Soren\AppData\Local\Temp\cc5EihE2.s 			page 6


 286 0106 06       		.byte	6
 287 0107 18       		.byte	24
 288 0108 0A       		.byte	10
 289 0109 04       		.byte	4
 290 010a 0B       		.byte	11
 291 010b 01       		.byte	1
 292 010c 0C       		.byte	12
 293 010d 10       		.byte	16
 294 010e 0D       		.byte	13
 295 010f 01       		.byte	1
 296 0110 10       		.byte	16
 297 0111 DF       		.byte	-33
 298 0112 13       		.byte	19
 299 0113 02       		.byte	2
 300 0114 14       		.byte	20
 301 0115 C0       		.byte	-64
 302 0116 17       		.byte	23
 303 0117 02       		.byte	2
 304 0118 18       		.byte	24
 305 0119 1C       		.byte	28
 306 011a 1A       		.byte	26
 307 011b C2       		.byte	-62
 308 011c 1C       		.byte	28
 309 011d 80       		.byte	-128
 310 011e 1D       		.byte	29
 311 011f 01       		.byte	1
 312 0120 20       		.byte	32
 313 0121 18       		.byte	24
 314 0122 24       		.byte	36
 315 0123 08       		.byte	8
 316 0124 25       		.byte	37
 317 0125 02       		.byte	2
 318 0126 28       		.byte	40
 319 0127 44       		.byte	68
 320 0128 2A       		.byte	42
 321 0129 20       		.byte	32
 322 012a 2B       		.byte	43
 323 012b 01       		.byte	1
 324 012c 2C       		.byte	44
 325 012d 1C       		.byte	28
 326 012e 2E       		.byte	46
 327 012f C1       		.byte	-63
 328 0130 2F       		.byte	47
 329 0131 01       		.byte	1
 330 0132 31       		.byte	49
 331 0133 01       		.byte	1
 332 0134 32       		.byte	50
 333 0135 1F       		.byte	31
 334 0136 33       		.byte	51
 335 0137 04       		.byte	4
 336 0138 34       		.byte	52
 337 0139 20       		.byte	32
 338 013a 36       		.byte	54
 339 013b C0       		.byte	-64
 340 013c 37       		.byte	55
 341 013d 02       		.byte	2
 342 013e 39       		.byte	57
ARM GAS  C:\Users\Soren\AppData\Local\Temp\cc5EihE2.s 			page 7


 343 013f 80       		.byte	-128
 344 0140 3A       		.byte	58
 345 0141 08       		.byte	8
 346 0142 3F       		.byte	63
 347 0143 05       		.byte	5
 348 0144 54       		.byte	84
 349 0145 01       		.byte	1
 350 0146 58       		.byte	88
 351 0147 04       		.byte	4
 352 0148 59       		.byte	89
 353 0149 04       		.byte	4
 354 014a 5B       		.byte	91
 355 014b 04       		.byte	4
 356 014c 5C       		.byte	92
 357 014d 11       		.byte	17
 358 014e 5D       		.byte	93
 359 014f 10       		.byte	16
 360 0150 5F       		.byte	95
 361 0151 01       		.byte	1
 362 0152 80       		.byte	-128
 363 0153 01       		.byte	1
 364 0154 88       		.byte	-120
 365 0155 02       		.byte	2
 366 0156 8B       		.byte	-117
 367 0157 01       		.byte	1
 368 0158 8F       		.byte	-113
 369 0159 03       		.byte	3
 370 015a 90       		.byte	-112
 371 015b 01       		.byte	1
 372 015c 93       		.byte	-109
 373 015d 06       		.byte	6
 374 015e 9B       		.byte	-101
 375 015f 02       		.byte	2
 376 0160 9F       		.byte	-97
 377 0161 05       		.byte	5
 378 0162 A9       		.byte	-87
 379 0163 06       		.byte	6
 380 0164 AA       		.byte	-86
 381 0165 01       		.byte	1
 382 0166 AB       		.byte	-85
 383 0167 01       		.byte	1
 384 0168 B0       		.byte	-80
 385 0169 03       		.byte	3
 386 016a B7       		.byte	-73
 387 016b 07       		.byte	7
 388 016c B8       		.byte	-72
 389 016d 02       		.byte	2
 390 016e BB       		.byte	-69
 391 016f 80       		.byte	-128
 392 0170 D4       		.byte	-44
 393 0171 18       		.byte	24
 394 0172 D6       		.byte	-42
 395 0173 04       		.byte	4
 396 0174 D8       		.byte	-40
 397 0175 04       		.byte	4
 398 0176 D9       		.byte	-39
 399 0177 04       		.byte	4
ARM GAS  C:\Users\Soren\AppData\Local\Temp\cc5EihE2.s 			page 8


 400 0178 DB       		.byte	-37
 401 0179 04       		.byte	4
 402 017a DC       		.byte	-36
 403 017b 11       		.byte	17
 404 017c DD       		.byte	-35
 405 017d 10       		.byte	16
 406 017e DF       		.byte	-33
 407 017f 01       		.byte	1
 408 0180 00       		.byte	0
 409 0181 10       		.byte	16
 410 0182 02       		.byte	2
 411 0183 80       		.byte	-128
 412 0184 04       		.byte	4
 413 0185 08       		.byte	8
 414 0186 05       		.byte	5
 415 0187 90       		.byte	-112
 416 0188 06       		.byte	6
 417 0189 80       		.byte	-128
 418 018a 0A       		.byte	10
 419 018b 84       		.byte	-124
 420 018c 0B       		.byte	11
 421 018d 08       		.byte	8
 422 018e 0C       		.byte	12
 423 018f 01       		.byte	1
 424 0190 0E       		.byte	14
 425 0191 26       		.byte	38
 426 0192 10       		.byte	16
 427 0193 04       		.byte	4
 428 0194 14       		.byte	20
 429 0195 82       		.byte	-126
 430 0196 15       		.byte	21
 431 0197 10       		.byte	16
 432 0198 17       		.byte	23
 433 0199 08       		.byte	8
 434 019a 19       		.byte	25
 435 019b 01       		.byte	1
 436 019c 1A       		.byte	26
 437 019d 40       		.byte	64
 438 019e 1D       		.byte	29
 439 019f 14       		.byte	20
 440 01a0 1E       		.byte	30
 441 01a1 01       		.byte	1
 442 01a2 1F       		.byte	31
 443 01a3 04       		.byte	4
 444 01a4 21       		.byte	33
 445 01a5 40       		.byte	64
 446 01a6 22       		.byte	34
 447 01a7 40       		.byte	64
 448 01a8 24       		.byte	36
 449 01a9 42       		.byte	66
 450 01aa 26       		.byte	38
 451 01ab 04       		.byte	4
 452 01ac 29       		.byte	41
 453 01ad 20       		.byte	32
 454 01ae 2C       		.byte	44
 455 01af 14       		.byte	20
 456 01b0 2D       		.byte	45
ARM GAS  C:\Users\Soren\AppData\Local\Temp\cc5EihE2.s 			page 9


 457 01b1 20       		.byte	32
 458 01b2 2F       		.byte	47
 459 01b3 02       		.byte	2
 460 01b4 30       		.byte	48
 461 01b5 20       		.byte	32
 462 01b6 31       		.byte	49
 463 01b7 01       		.byte	1
 464 01b8 32       		.byte	50
 465 01b9 80       		.byte	-128
 466 01ba 34       		.byte	52
 467 01bb 02       		.byte	2
 468 01bc 35       		.byte	53
 469 01bd 04       		.byte	4
 470 01be 36       		.byte	54
 471 01bf 80       		.byte	-128
 472 01c0 38       		.byte	56
 473 01c1 30       		.byte	48
 474 01c2 39       		.byte	57
 475 01c3 C0       		.byte	-64
 476 01c4 3C       		.byte	60
 477 01c5 10       		.byte	16
 478 01c6 3D       		.byte	61
 479 01c7 49       		.byte	73
 480 01c8 5A       		.byte	90
 481 01c9 01       		.byte	1
 482 01ca 5C       		.byte	92
 483 01cb 40       		.byte	64
 484 01cc 5D       		.byte	93
 485 01cd 01       		.byte	1
 486 01ce 5E       		.byte	94
 487 01cf 08       		.byte	8
 488 01d0 5F       		.byte	95
 489 01d1 10       		.byte	16
 490 01d2 62       		.byte	98
 491 01d3 20       		.byte	32
 492 01d4 63       		.byte	99
 493 01d5 82       		.byte	-126
 494 01d6 83       		.byte	-125
 495 01d7 40       		.byte	64
 496 01d8 90       		.byte	-112
 497 01d9 28       		.byte	40
 498 01da 91       		.byte	-111
 499 01db 04       		.byte	4
 500 01dc 92       		.byte	-110
 501 01dd 10       		.byte	16
 502 01de 94       		.byte	-108
 503 01df 02       		.byte	2
 504 01e0 97       		.byte	-105
 505 01e1 08       		.byte	8
 506 01e2 98       		.byte	-104
 507 01e3 93       		.byte	-109
 508 01e4 99       		.byte	-103
 509 01e5 80       		.byte	-128
 510 01e6 9A       		.byte	-102
 511 01e7 80       		.byte	-128
 512 01e8 9B       		.byte	-101
 513 01e9 08       		.byte	8
ARM GAS  C:\Users\Soren\AppData\Local\Temp\cc5EihE2.s 			page 10


 514 01ea A0       		.byte	-96
 515 01eb A0       		.byte	-96
 516 01ec A1       		.byte	-95
 517 01ed 24       		.byte	36
 518 01ee A2       		.byte	-94
 519 01ef 20       		.byte	32
 520 01f0 A4       		.byte	-92
 521 01f1 01       		.byte	1
 522 01f2 A5       		.byte	-91
 523 01f3 01       		.byte	1
 524 01f4 A6       		.byte	-90
 525 01f5 10       		.byte	16
 526 01f6 A7       		.byte	-89
 527 01f7 20       		.byte	32
 528 01f8 AC       		.byte	-84
 529 01f9 84       		.byte	-124
 530 01fa AD       		.byte	-83
 531 01fb 01       		.byte	1
 532 01fc C0       		.byte	-64
 533 01fd FA       		.byte	-6
 534 01fe C2       		.byte	-62
 535 01ff F8       		.byte	-8
 536 0200 C4       		.byte	-60
 537 0201 F2       		.byte	-14
 538 0202 CA       		.byte	-54
 539 0203 74       		.byte	116
 540 0204 CC       		.byte	-52
 541 0205 DD       		.byte	-35
 542 0206 CE       		.byte	-50
 543 0207 FC       		.byte	-4
 544 0208 D6       		.byte	-42
 545 0209 F1       		.byte	-15
 546 020a D8       		.byte	-40
 547 020b 0D       		.byte	13
 548 020c 00       		.byte	0
 549 020d 01       		.byte	1
 550 020e 02       		.byte	2
 551 020f 0E       		.byte	14
 552 0210 0B       		.byte	11
 553 0211 01       		.byte	1
 554 0212 0D       		.byte	13
 555 0213 03       		.byte	3
 556 0214 12       		.byte	18
 557 0215 0C       		.byte	12
 558 0216 14       		.byte	20
 559 0217 0C       		.byte	12
 560 0218 16       		.byte	22
 561 0219 03       		.byte	3
 562 021a 1A       		.byte	26
 563 021b 10       		.byte	16
 564 021c 1D       		.byte	29
 565 021d 03       		.byte	3
 566 021e 22       		.byte	34
 567 021f 10       		.byte	16
 568 0220 26       		.byte	38
 569 0221 08       		.byte	8
 570 0222 29       		.byte	41
ARM GAS  C:\Users\Soren\AppData\Local\Temp\cc5EihE2.s 			page 11


 571 0223 02       		.byte	2
 572 0224 2A       		.byte	42
 573 0225 03       		.byte	3
 574 0226 2C       		.byte	44
 575 0227 01       		.byte	1
 576 0228 2E       		.byte	46
 577 0229 06       		.byte	6
 578 022a 30       		.byte	48
 579 022b 10       		.byte	16
 580 022c 34       		.byte	52
 581 022d 0F       		.byte	15
 582 022e 37       		.byte	55
 583 022f 03       		.byte	3
 584 0230 39       		.byte	57
 585 0231 80       		.byte	-128
 586 0232 3A       		.byte	58
 587 0233 20       		.byte	32
 588 0234 3E       		.byte	62
 589 0235 01       		.byte	1
 590 0236 3F       		.byte	63
 591 0237 40       		.byte	64
 592 0238 58       		.byte	88
 593 0239 04       		.byte	4
 594 023a 59       		.byte	89
 595 023b 04       		.byte	4
 596 023c 5C       		.byte	92
 597 023d 01       		.byte	1
 598 023e 5F       		.byte	95
 599 023f 01       		.byte	1
 600 0240 02       		.byte	2
 601 0241 40       		.byte	64
 602 0242 04       		.byte	4
 603 0243 44       		.byte	68
 604 0244 05       		.byte	5
 605 0245 20       		.byte	32
 606 0246 06       		.byte	6
 607 0247 40       		.byte	64
 608 0248 08       		.byte	8
 609 0249 04       		.byte	4
 610 024a 09       		.byte	9
 611 024b 20       		.byte	32
 612 024c 0A       		.byte	10
 613 024d 40       		.byte	64
 614 024e 0C       		.byte	12
 615 024f 10       		.byte	16
 616 0250 0D       		.byte	13
 617 0251 02       		.byte	2
 618 0252 0E       		.byte	14
 619 0253 12       		.byte	18
 620 0254 10       		.byte	16
 621 0255 A0       		.byte	-96
 622 0256 11       		.byte	17
 623 0257 80       		.byte	-128
 624 0258 13       		.byte	19
 625 0259 18       		.byte	24
 626 025a 15       		.byte	21
 627 025b 10       		.byte	16
ARM GAS  C:\Users\Soren\AppData\Local\Temp\cc5EihE2.s 			page 12


 628 025c 16       		.byte	22
 629 025d 82       		.byte	-126
 630 025e 17       		.byte	23
 631 025f 08       		.byte	8
 632 0260 19       		.byte	25
 633 0261 20       		.byte	32
 634 0262 1B       		.byte	27
 635 0263 01       		.byte	1
 636 0264 1D       		.byte	29
 637 0265 02       		.byte	2
 638 0266 1E       		.byte	30
 639 0267 A0       		.byte	-96
 640 0268 20       		.byte	32
 641 0269 02       		.byte	2
 642 026a 25       		.byte	37
 643 026b 41       		.byte	65
 644 026c 26       		.byte	38
 645 026d 85       		.byte	-123
 646 026e 28       		.byte	40
 647 026f 04       		.byte	4
 648 0270 29       		.byte	41
 649 0271 20       		.byte	32
 650 0272 2E       		.byte	46
 651 0273 22       		.byte	34
 652 0274 2F       		.byte	47
 653 0275 22       		.byte	34
 654 0276 32       		.byte	50
 655 0277 80       		.byte	-128
 656 0278 34       		.byte	52
 657 0279 14       		.byte	20
 658 027a 36       		.byte	54
 659 027b 50       		.byte	80
 660 027c 37       		.byte	55
 661 027d 01       		.byte	1
 662 027e 38       		.byte	56
 663 027f 20       		.byte	32
 664 0280 39       		.byte	57
 665 0281 80       		.byte	-128
 666 0282 3A       		.byte	58
 667 0283 60       		.byte	96
 668 0284 3B       		.byte	59
 669 0285 10       		.byte	16
 670 0286 3C       		.byte	60
 671 0287 44       		.byte	68
 672 0288 3D       		.byte	61
 673 0289 06       		.byte	6
 674 028a 3E       		.byte	62
 675 028b 50       		.byte	80
 676 028c 45       		.byte	69
 677 028d 40       		.byte	64
 678 028e 46       		.byte	70
 679 028f 62       		.byte	98
 680 0290 47       		.byte	71
 681 0291 01       		.byte	1
 682 0292 4D       		.byte	77
 683 0293 01       		.byte	1
 684 0294 56       		.byte	86
ARM GAS  C:\Users\Soren\AppData\Local\Temp\cc5EihE2.s 			page 13


 685 0295 80       		.byte	-128
 686 0296 57       		.byte	87
 687 0297 02       		.byte	2
 688 0298 90       		.byte	-112
 689 0299 20       		.byte	32
 690 029a 91       		.byte	-111
 691 029b 94       		.byte	-108
 692 029c 92       		.byte	-110
 693 029d 50       		.byte	80
 694 029e 95       		.byte	-107
 695 029f 01       		.byte	1
 696 02a0 9D       		.byte	-99
 697 02a1 20       		.byte	32
 698 02a2 A0       		.byte	-96
 699 02a3 A0       		.byte	-96
 700 02a4 A1       		.byte	-95
 701 02a5 20       		.byte	32
 702 02a6 A3       		.byte	-93
 703 02a7 20       		.byte	32
 704 02a8 A4       		.byte	-92
 705 02a9 01       		.byte	1
 706 02aa A5       		.byte	-91
 707 02ab 01       		.byte	1
 708 02ac A6       		.byte	-90
 709 02ad 91       		.byte	-111
 710 02ae A7       		.byte	-89
 711 02af 03       		.byte	3
 712 02b0 AD       		.byte	-83
 713 02b1 10       		.byte	16
 714 02b2 AF       		.byte	-81
 715 02b3 32       		.byte	50
 716 02b4 C0       		.byte	-64
 717 02b5 F8       		.byte	-8
 718 02b6 C2       		.byte	-62
 719 02b7 FE       		.byte	-2
 720 02b8 C4       		.byte	-60
 721 02b9 FF       		.byte	-1
 722 02ba CA       		.byte	-54
 723 02bb F4       		.byte	-12
 724 02bc CC       		.byte	-52
 725 02bd D8       		.byte	-40
 726 02be CE       		.byte	-50
 727 02bf FC       		.byte	-4
 728 02c0 D0       		.byte	-48
 729 02c1 D0       		.byte	-48
 730 02c2 E0       		.byte	-32
 731 02c3 02       		.byte	2
 732 02c4 B6       		.byte	-74
 733 02c5 04       		.byte	4
 734 02c6 EA       		.byte	-22
 735 02c7 40       		.byte	64
 736 02c8 9F       		.byte	-97
 737 02c9 20       		.byte	32
 738 02ca 9F       		.byte	-97
 739 02cb 20       		.byte	32
 740 02cc E0       		.byte	-32
 741 02cd 02       		.byte	2
ARM GAS  C:\Users\Soren\AppData\Local\Temp\cc5EihE2.s 			page 14


 742 02ce 8F       		.byte	-113
 743 02cf 20       		.byte	32
 744 02d0 39       		.byte	57
 745 02d1 08       		.byte	8
 746 02d2 3F       		.byte	63
 747 02d3 04       		.byte	4
 748 02d4 59       		.byte	89
 749 02d5 04       		.byte	4
 750 02d6 5F       		.byte	95
 751 02d7 01       		.byte	1
 752 02d8 27       		.byte	39
 753 02d9 20       		.byte	32
 754 02da 9F       		.byte	-97
 755 02db 20       		.byte	32
 756 02dc 33       		.byte	51
 757 02dd 10       		.byte	16
 758 02de CC       		.byte	-52
 759 02df 10       		.byte	16
 760 02e0 03       		.byte	3
 761 02e1 80       		.byte	-128
 762 02e2 83       		.byte	-125
 763 02e3 10       		.byte	16
 764 02e4 9F       		.byte	-97
 765 02e5 10       		.byte	16
 766 02e6 C0       		.byte	-64
 767 02e7 10       		.byte	16
 768 02e8 E2       		.byte	-30
 769 02e9 20       		.byte	32
 770 02ea 57       		.byte	87
 771 02eb 04       		.byte	4
 772 02ec 87       		.byte	-121
 773 02ed 01       		.byte	1
 774 02ee AF       		.byte	-81
 775 02ef 80       		.byte	-128
 776 02f0 D4       		.byte	-44
 777 02f1 40       		.byte	64
 778 02f2 E0       		.byte	-32
 779 02f3 40       		.byte	64
 780 02f4 EC       		.byte	-20
 781 02f5 10       		.byte	16
 782 02f6 9F       		.byte	-97
 783 02f7 01       		.byte	1
 784 02f8 B7       		.byte	-73
 785 02f9 04       		.byte	4
 786 02fa 7C       		.byte	124
 787 02fb 01       		.byte	1
 788 02fc DE       		.byte	-34
 789 02fd 01       		.byte	1
 790 02fe 8C       		.byte	-116
 791 02ff 01       		.byte	1
 792 0300 94       		.byte	-108
 793 0301 01       		.byte	1
 794 0302 E4       		.byte	-28
 795 0303 08       		.byte	8
 796 0304 45       		.byte	69
 797 0305 08       		.byte	8
 798 0306 85       		.byte	-123
ARM GAS  C:\Users\Soren\AppData\Local\Temp\cc5EihE2.s 			page 15


 799 0307 08       		.byte	8
 800 0308 D0       		.byte	-48
 801 0309 01       		.byte	1
 802 030a 27       		.byte	39
 803 030b 01       		.byte	1
 804 030c 9F       		.byte	-97
 805 030d 01       		.byte	1
 806 030e C8       		.byte	-56
 807 030f 20       		.byte	32
 808 0310 00       		.byte	0
 809 0311 02       		.byte	2
 810 0312 08       		.byte	8
 811 0313 02       		.byte	2
 812 0314 0A       		.byte	10
 813 0315 02       		.byte	2
 814 0316 00       		.byte	0
 815 0317 03       		.byte	3
 816 0318 00       		.byte	0
 817 0319 02       		.byte	2
 818 031a 01       		.byte	1
 819 031b 80       		.byte	-128
 820 031c 01       		.byte	1
 821 031d 0C       		.byte	12
 822 031e 06       		.byte	6
 823 031f 00       		.byte	0
 824 0320 07       		.byte	7
 825 0321 33       		.byte	51
 826 0322 00       		.byte	0
 827 0323 0C       		.byte	12
 828 0324 06       		.byte	6
 829 0325 3F       		.byte	63
 830 0326 01       		.byte	1
 831 0327 00       		.byte	0
 832 0328 06       		.byte	6
 833 0329 1F       		.byte	31
 834 032a 00       		.byte	0
 835 032b 20       		.byte	32
 836 032c 08       		.byte	8
 837 032d 04       		.byte	4
 838 032e 00       		.byte	0
 839 032f 00       		.byte	0
 840 0330 08       		.byte	8
 841 0331 03       		.byte	3
 842 0332 00       		.byte	0
 843 0333 40       		.byte	64
 844 0334 00       		.byte	0
 845 0335 08       		.byte	8
 846 0336 00       		.byte	0
 847 0337 00       		.byte	0
 848 0338 04       		.byte	4
 849 0339 00       		.byte	0
 850 033a 00       		.byte	0
 851 033b 00       		.byte	0
 852 033c 02       		.byte	2
 853 033d 01       		.byte	1
 854 033e 00       		.byte	0
 855 033f 80       		.byte	-128
ARM GAS  C:\Users\Soren\AppData\Local\Temp\cc5EihE2.s 			page 16


 856 0340 07       		.byte	7
 857 0341 1C       		.byte	28
 858 0342 00       		.byte	0
 859 0343 23       		.byte	35
 860 0344 08       		.byte	8
 861 0345 00       		.byte	0
 862 0346 00       		.byte	0
 863 0347 23       		.byte	35
 864 0348 08       		.byte	8
 865 0349 C0       		.byte	-64
 866 034a 00       		.byte	0
 867 034b 10       		.byte	16
 868 034c 07       		.byte	7
 869 034d 0F       		.byte	15
 870 034e 00       		.byte	0
 871 034f 2C       		.byte	44
 872 0350 00       		.byte	0
 873 0351 00       		.byte	0
 874 0352 08       		.byte	8
 875 0353 A0       		.byte	-96
 876 0354 00       		.byte	0
 877 0355 00       		.byte	0
 878 0356 00       		.byte	0
 879 0357 05       		.byte	5
 880 0358 64       		.byte	100
 881 0359 03       		.byte	3
 882 035a 02       		.byte	2
 883 035b 00       		.byte	0
 884 035c 01       		.byte	1
 885 035d C0       		.byte	-64
 886 035e 0E       		.byte	14
 887 035f 00       		.byte	0
 888 0360 06       		.byte	6
 889 0361 FF       		.byte	-1
 890 0362 FF       		.byte	-1
 891 0363 FF       		.byte	-1
 892 0364 62       		.byte	98
 893 0365 A0       		.byte	-96
 894 0366 F0       		.byte	-16
 895 0367 41       		.byte	65
 896 0368 0C       		.byte	12
 897 0369 00       		.byte	0
 898 036a 00       		.byte	0
 899 036b 00       		.byte	0
 900 036c 00       		.byte	0
 901 036d 00       		.byte	0
 902 036e 02       		.byte	2
 903 036f 12       		.byte	18
 904 0370 04       		.byte	4
 905 0371 04       		.byte	4
 906 0372 04       		.byte	4
 907 0373 04       		.byte	4
 908 0374 11       		.byte	17
 909 0375 11       		.byte	17
 910 0376 00       		.byte	0
 911 0377 01       		.byte	1
 912 0378 00       		.byte	0
ARM GAS  C:\Users\Soren\AppData\Local\Temp\cc5EihE2.s 			page 17


 913 0379 00       		.byte	0
 914 037a 00       		.byte	0
 915 037b 00       		.byte	0
 916 037c 00       		.byte	0
 917 037d 00       		.byte	0
 918 037e 40       		.byte	64
 919 037f 02       		.byte	2
 920 0380 00       		.byte	0
 921 0381 10       		.byte	16
 922 0382 30       		.byte	48
 923 0383 10       		.byte	16
 924 0384 00       		.byte	0
 925 0385 10       		.byte	16
 926 0386 10       		.byte	16
 927 0387 12       		.byte	18
 928 0388 00       		.byte	0
 929 0389 00       		.byte	0
 930 038a 00       		.byte	0
 931 038b 00       		.byte	0
 932 038c 00       		.byte	0
 933 038d 00       		.byte	0
 934 038e 00       		.byte	0
 935 038f 00       		.byte	0
 936 0390 00       		.byte	0
 937 0391 00       		.byte	0
 938 0392 00       		.byte	0
 939 0393 00       		.byte	0
 940 0394 00       		.byte	0
 941 0395 00       		.byte	0
 942 0396 00       		.byte	0
 943 0397 00       		.byte	0
 944 0398 0C       		.byte	12
 945 0399 40       		.byte	64
 946 039a 11       		.byte	17
 947 039b 20       		.byte	32
 948 039c E0       		.byte	-32
 949 039d 60       		.byte	96
 950 039e 00       		.byte	0
 951 039f 00       		.byte	0
 952 03a0 1C       		.byte	28
 953 03a1 60       		.byte	96
 954 03a2 02       		.byte	2
 955 03a3 00       		.byte	0
 956 03a4 09       		.byte	9
 957 03a5 00       		.byte	0
 958 03a6 10       		.byte	16
 959 03a7 08       		.byte	8
 960 03a8 00       		.byte	0
 961 03a9 03       		.byte	3
 962 03aa 03       		.byte	3
 963 03ab 04       		.byte	4
 964 03ac E0       		.byte	-32
 965 03ad 0A       		.byte	10
 966 03ae 00       		.byte	0
 967 03af 04       		.byte	4
 968 03b0 20       		.byte	32
 969 03b1 00       		.byte	0
ARM GAS  C:\Users\Soren\AppData\Local\Temp\cc5EihE2.s 			page 18


 970 03b2 C0       		.byte	-64
 971 03b3 00       		.byte	0
 972 03b4 80       		.byte	-128
 973 03b5 10       		.byte	16
 974 03b6 20       		.byte	32
 975 03b7 00       		.byte	0
 976 03b8 14       		.byte	20
 977 03b9 03       		.byte	3
 978 03ba 00       		.byte	0
 979 03bb 0C       		.byte	12
 980 03bc 10       		.byte	16
 981 03bd 20       		.byte	32
 982 03be 00       		.byte	0
 983 03bf 40       		.byte	64
 984 03c0 40       		.byte	64
 985 03c1 00       		.byte	0
 986 03c2 20       		.byte	32
 987 03c3 05       		.byte	5
 988 03c4 10       		.byte	16
 989 03c5 03       		.byte	3
 990 03c6 0C       		.byte	12
 991 03c7 04       		.byte	4
 992 03c8 1F       		.byte	31
 993 03c9 60       		.byte	96
 994 03ca E0       		.byte	-32
 995 03cb 10       		.byte	16
 996 03cc 00       		.byte	0
 997 03cd 00       		.byte	0
 998 03ce 00       		.byte	0
 999 03cf 0F       		.byte	15
 1000 03d0 00       		.byte	0
 1001 03d1 00       		.byte	0
 1002 03d2 00       		.byte	0
 1003 03d3 80       		.byte	-128
 1004 03d4 00       		.byte	0
 1005 03d5 00       		.byte	0
 1006 03d6 00       		.byte	0
 1007 03d7 04       		.byte	4
 1008 03d8 13       		.byte	19
 1009 03d9 04       		.byte	4
 1010 03da 00       		.byte	0
 1011 03db 00       		.byte	0
 1012 03dc 00       		.byte	0
 1013 03dd E0       		.byte	-32
 1014 03de 0B       		.byte	11
 1015 03df C0       		.byte	-64
 1016 03e0 26       		.byte	38
 1017 03e1 FF       		.byte	-1
 1018 03e2 FF       		.byte	-1
 1019 03e3 FF       		.byte	-1
 1020 03e4 00       		.byte	0
 1021 03e5 00       		.byte	0
 1022 03e6 F0       		.byte	-16
 1023 03e7 44       		.byte	68
 1024 03e8 0C       		.byte	12
 1025 03e9 00       		.byte	0
 1026 03ea 00       		.byte	0
ARM GAS  C:\Users\Soren\AppData\Local\Temp\cc5EihE2.s 			page 19


 1027 03eb 00       		.byte	0
 1028 03ec 00       		.byte	0
 1029 03ed 00       		.byte	0
 1030 03ee 00       		.byte	0
 1031 03ef 00       		.byte	0
 1032 03f0 04       		.byte	4
 1033 03f1 04       		.byte	4
 1034 03f2 04       		.byte	4
 1035 03f3 00       		.byte	0
 1036 03f4 11       		.byte	17
 1037 03f5 01       		.byte	1
 1038 03f6 00       		.byte	0
 1039 03f7 01       		.byte	1
 1040 03f8 00       		.byte	0
 1041 03f9 00       		.byte	0
 1042 03fa 00       		.byte	0
 1043 03fb 00       		.byte	0
 1044 03fc 00       		.byte	0
 1045 03fd 00       		.byte	0
 1046 03fe C0       		.byte	-64
 1047 03ff 00       		.byte	0
 1048 0400 00       		.byte	0
 1049 0401 00       		.byte	0
 1050 0402 40       		.byte	64
 1051 0403 02       		.byte	2
 1052 0404 00       		.byte	0
 1053 0405 00       		.byte	0
 1054 0406 00       		.byte	0
 1055 0407 00       		.byte	0
 1056 0408 00       		.byte	0
 1057 0409 00       		.byte	0
 1058 040a 00       		.byte	0
 1059 040b 00       		.byte	0
 1060 040c 00       		.byte	0
 1061 040d 00       		.byte	0
 1062 040e 00       		.byte	0
 1063 040f 00       		.byte	0
 1064 0410 00       		.byte	0
 1065 0411 00       		.byte	0
 1066 0412 00       		.byte	0
 1067 0413 00       		.byte	0
 1068 0414 00       		.byte	0
 1069 0415 00       		.byte	0
 1070 0416 00       		.byte	0
 1071 0417 00       		.byte	0
 1072 0418 01       		.byte	1
 1073 0419 00       		.byte	0
 1074 041a 00       		.byte	0
 1075 041b 00       		.byte	0
 1076 041c 00       		.byte	0
 1077 041d 00       		.byte	0
 1078 041e E0       		.byte	-32
 1079 041f 00       		.byte	0
 1080 0420 08       		.byte	8
 1081 0421 00       		.byte	0
 1082 0422 00       		.byte	0
 1083 0423 08       		.byte	8
ARM GAS  C:\Users\Soren\AppData\Local\Temp\cc5EihE2.s 			page 20


 1084 0424 08       		.byte	8
 1085 0425 00       		.byte	0
 1086 0426 08       		.byte	8
 1087 0427 00       		.byte	0
 1088 0428 00       		.byte	0
 1089 0429 00       		.byte	0
 1090 042a 00       		.byte	0
 1091 042b 00       		.byte	0
 1092 042c 00       		.byte	0
 1093 042d 8B       		.byte	-117
 1094 042e 8B       		.byte	-117
 1095 042f 00       		.byte	0
 1096 0430 00       		.byte	0
 1097 0431 00       		.byte	0
 1098 0432 00       		.byte	0
 1099 0433 00       		.byte	0
 1100 0434 08       		.byte	8
 1101 0435 00       		.byte	0
 1102 0436 18       		.byte	24
 1103 0437 01       		.byte	1
 1104              		.global	cy_meta_custnvl
 1105              		.section	.cycustnvl,"a",%progbits
 1106              		.align	2
 1107              		.type	cy_meta_custnvl, %object
 1108              		.size	cy_meta_custnvl, 4
 1109              	cy_meta_custnvl:
 1110 0000 00       		.byte	0
 1111 0001 00       		.byte	0
 1112 0002 40       		.byte	64
 1113 0003 05       		.byte	5
 1114              		.global	cy_meta_wonvl
 1115              		.section	.cywolatch,"a",%progbits
 1116              		.align	2
 1117              		.type	cy_meta_wonvl, %object
 1118              		.size	cy_meta_wonvl, 4
 1119              	cy_meta_wonvl:
 1120 0000 BC       		.byte	-68
 1121 0001 90       		.byte	-112
 1122 0002 AC       		.byte	-84
 1123 0003 AF       		.byte	-81
 1124              		.global	cy_meta_flashprotect
 1125              		.section	.cyflashprotect,"a",%progbits
 1126              		.align	2
 1127              		.type	cy_meta_flashprotect, %object
 1128              		.size	cy_meta_flashprotect, 256
 1129              	cy_meta_flashprotect:
 1130 0000 00000000 		.space	256
 1130      00000000 
 1130      00000000 
 1130      00000000 
 1130      00000000 
 1131              		.global	cy_metadata
 1132              		.section	.cymeta,"a",%progbits
 1133              		.align	2
 1134              		.type	cy_metadata, %object
 1135              		.size	cy_metadata, 12
 1136              	cy_metadata:
ARM GAS  C:\Users\Soren\AppData\Local\Temp\cc5EihE2.s 			page 21


 1137 0000 00       		.byte	0
 1138 0001 01       		.byte	1
 1139 0002 2E       		.byte	46
 1140 0003 16       		.byte	22
 1141 0004 10       		.byte	16
 1142 0005 69       		.byte	105
 1143 0006 00       		.byte	0
 1144 0007 01       		.byte	1
 1145 0008 00       		.byte	0
 1146 0009 00       		.byte	0
 1147 000a 00       		.byte	0
 1148 000b 00       		.byte	0
 1149              		.text
 1150              	.Letext0:
 1151              		.file 1 "Generated_Source\\PSoC5\\cymetadata.c"
 1152              		.file 2 "Generated_Source\\PSoC5\\cytypes.h"
 1153              		.section	.debug_info,"",%progbits
 1154              	.Ldebug_info0:
 1155 0000 37010000 		.4byte	0x137
 1156 0004 0400     		.2byte	0x4
 1157 0006 00000000 		.4byte	.Ldebug_abbrev0
 1158 000a 04       		.byte	0x4
 1159 000b 01       		.uleb128 0x1
 1160 000c 00000000 		.4byte	.LASF18
 1161 0010 01       		.byte	0x1
 1162 0011 DA010000 		.4byte	.LASF19
 1163 0015 09010000 		.4byte	.LASF20
 1164 0019 00000000 		.4byte	.Ldebug_line0
 1165 001d 02       		.uleb128 0x2
 1166 001e 01       		.byte	0x1
 1167 001f 06       		.byte	0x6
 1168 0020 CE010000 		.4byte	.LASF0
 1169 0024 02       		.uleb128 0x2
 1170 0025 01       		.byte	0x1
 1171 0026 08       		.byte	0x8
 1172 0027 AD000000 		.4byte	.LASF1
 1173 002b 02       		.uleb128 0x2
 1174 002c 02       		.byte	0x2
 1175 002d 05       		.byte	0x5
 1176 002e B5010000 		.4byte	.LASF2
 1177 0032 02       		.uleb128 0x2
 1178 0033 02       		.byte	0x2
 1179 0034 07       		.byte	0x7
 1180 0035 CD000000 		.4byte	.LASF3
 1181 0039 02       		.uleb128 0x2
 1182 003a 04       		.byte	0x4
 1183 003b 05       		.byte	0x5
 1184 003c C5010000 		.4byte	.LASF4
 1185 0040 02       		.uleb128 0x2
 1186 0041 04       		.byte	0x4
 1187 0042 07       		.byte	0x7
 1188 0043 BB000000 		.4byte	.LASF5
 1189 0047 02       		.uleb128 0x2
 1190 0048 08       		.byte	0x8
 1191 0049 05       		.byte	0x5
 1192 004a A2010000 		.4byte	.LASF6
 1193 004e 02       		.uleb128 0x2
ARM GAS  C:\Users\Soren\AppData\Local\Temp\cc5EihE2.s 			page 22


 1194 004f 08       		.byte	0x8
 1195 0050 07       		.byte	0x7
 1196 0051 5F010000 		.4byte	.LASF7
 1197 0055 03       		.uleb128 0x3
 1198 0056 04       		.byte	0x4
 1199 0057 05       		.byte	0x5
 1200 0058 696E7400 		.ascii	"int\000"
 1201 005c 02       		.uleb128 0x2
 1202 005d 04       		.byte	0x4
 1203 005e 07       		.byte	0x7
 1204 005f 8E000000 		.4byte	.LASF8
 1205 0063 04       		.uleb128 0x4
 1206 0064 BF010000 		.4byte	.LASF21
 1207 0068 02       		.byte	0x2
 1208 0069 9201     		.2byte	0x192
 1209 006b 24000000 		.4byte	0x24
 1210 006f 02       		.uleb128 0x2
 1211 0070 04       		.byte	0x4
 1212 0071 04       		.byte	0x4
 1213 0072 A7000000 		.4byte	.LASF9
 1214 0076 02       		.uleb128 0x2
 1215 0077 08       		.byte	0x8
 1216 0078 04       		.byte	0x4
 1217 0079 E0000000 		.4byte	.LASF10
 1218 007d 02       		.uleb128 0x2
 1219 007e 01       		.byte	0x1
 1220 007f 08       		.byte	0x8
 1221 0080 B0010000 		.4byte	.LASF11
 1222 0084 05       		.uleb128 0x5
 1223 0085 63000000 		.4byte	0x63
 1224 0089 95000000 		.4byte	0x95
 1225 008d 06       		.uleb128 0x6
 1226 008e 95000000 		.4byte	0x95
 1227 0092 3704     		.2byte	0x437
 1228 0094 00       		.byte	0
 1229 0095 02       		.uleb128 0x2
 1230 0096 04       		.byte	0x4
 1231 0097 07       		.byte	0x7
 1232 0098 99010000 		.4byte	.LASF12
 1233 009c 07       		.uleb128 0x7
 1234 009d F7000000 		.4byte	.LASF13
 1235 00a1 01       		.byte	0x1
 1236 00a2 1F       		.byte	0x1f
 1237 00a3 AD000000 		.4byte	0xad
 1238 00a7 05       		.uleb128 0x5
 1239 00a8 03       		.byte	0x3
 1240 00a9 00000000 		.4byte	cy_meta_configecc
 1241 00ad 08       		.uleb128 0x8
 1242 00ae 84000000 		.4byte	0x84
 1243 00b2 05       		.uleb128 0x5
 1244 00b3 63000000 		.4byte	0x63
 1245 00b7 C2000000 		.4byte	0xc2
 1246 00bb 09       		.uleb128 0x9
 1247 00bc 95000000 		.4byte	0x95
 1248 00c0 03       		.byte	0x3
 1249 00c1 00       		.byte	0
 1250 00c2 07       		.uleb128 0x7
ARM GAS  C:\Users\Soren\AppData\Local\Temp\cc5EihE2.s 			page 23


 1251 00c3 E7000000 		.4byte	.LASF14
 1252 00c7 01       		.byte	0x1
 1253 00c8 B3       		.byte	0xb3
 1254 00c9 D3000000 		.4byte	0xd3
 1255 00cd 05       		.uleb128 0x5
 1256 00ce 03       		.byte	0x3
 1257 00cf 00000000 		.4byte	cy_meta_custnvl
 1258 00d3 08       		.uleb128 0x8
 1259 00d4 B2000000 		.4byte	0xb2
 1260 00d8 07       		.uleb128 0x7
 1261 00d9 8B010000 		.4byte	.LASF15
 1262 00dd 01       		.byte	0x1
 1263 00de C1       		.byte	0xc1
 1264 00df E9000000 		.4byte	0xe9
 1265 00e3 05       		.uleb128 0x5
 1266 00e4 03       		.byte	0x3
 1267 00e5 00000000 		.4byte	cy_meta_wonvl
 1268 00e9 08       		.uleb128 0x8
 1269 00ea B2000000 		.4byte	0xb2
 1270 00ee 05       		.uleb128 0x5
 1271 00ef 63000000 		.4byte	0x63
 1272 00f3 FE000000 		.4byte	0xfe
 1273 00f7 09       		.uleb128 0x9
 1274 00f8 95000000 		.4byte	0x95
 1275 00fc FF       		.byte	0xff
 1276 00fd 00       		.byte	0
 1277 00fe 07       		.uleb128 0x7
 1278 00ff 76010000 		.4byte	.LASF16
 1279 0103 01       		.byte	0x1
 1280 0104 CF       		.byte	0xcf
 1281 0105 0F010000 		.4byte	0x10f
 1282 0109 05       		.uleb128 0x5
 1283 010a 03       		.byte	0x3
 1284 010b 00000000 		.4byte	cy_meta_flashprotect
 1285 010f 08       		.uleb128 0x8
 1286 0110 EE000000 		.4byte	0xee
 1287 0114 05       		.uleb128 0x5
 1288 0115 63000000 		.4byte	0x63
 1289 0119 24010000 		.4byte	0x124
 1290 011d 09       		.uleb128 0x9
 1291 011e 95000000 		.4byte	0x95
 1292 0122 0B       		.byte	0xb
 1293 0123 00       		.byte	0
 1294 0124 07       		.uleb128 0x7
 1295 0125 9B000000 		.4byte	.LASF17
 1296 0129 01       		.byte	0x1
 1297 012a FC       		.byte	0xfc
 1298 012b 35010000 		.4byte	0x135
 1299 012f 05       		.uleb128 0x5
 1300 0130 03       		.byte	0x3
 1301 0131 00000000 		.4byte	cy_metadata
 1302 0135 08       		.uleb128 0x8
 1303 0136 14010000 		.4byte	0x114
 1304 013a 00       		.byte	0
 1305              		.section	.debug_abbrev,"",%progbits
 1306              	.Ldebug_abbrev0:
 1307 0000 01       		.uleb128 0x1
ARM GAS  C:\Users\Soren\AppData\Local\Temp\cc5EihE2.s 			page 24


 1308 0001 11       		.uleb128 0x11
 1309 0002 01       		.byte	0x1
 1310 0003 25       		.uleb128 0x25
 1311 0004 0E       		.uleb128 0xe
 1312 0005 13       		.uleb128 0x13
 1313 0006 0B       		.uleb128 0xb
 1314 0007 03       		.uleb128 0x3
 1315 0008 0E       		.uleb128 0xe
 1316 0009 1B       		.uleb128 0x1b
 1317 000a 0E       		.uleb128 0xe
 1318 000b 10       		.uleb128 0x10
 1319 000c 17       		.uleb128 0x17
 1320 000d 00       		.byte	0
 1321 000e 00       		.byte	0
 1322 000f 02       		.uleb128 0x2
 1323 0010 24       		.uleb128 0x24
 1324 0011 00       		.byte	0
 1325 0012 0B       		.uleb128 0xb
 1326 0013 0B       		.uleb128 0xb
 1327 0014 3E       		.uleb128 0x3e
 1328 0015 0B       		.uleb128 0xb
 1329 0016 03       		.uleb128 0x3
 1330 0017 0E       		.uleb128 0xe
 1331 0018 00       		.byte	0
 1332 0019 00       		.byte	0
 1333 001a 03       		.uleb128 0x3
 1334 001b 24       		.uleb128 0x24
 1335 001c 00       		.byte	0
 1336 001d 0B       		.uleb128 0xb
 1337 001e 0B       		.uleb128 0xb
 1338 001f 3E       		.uleb128 0x3e
 1339 0020 0B       		.uleb128 0xb
 1340 0021 03       		.uleb128 0x3
 1341 0022 08       		.uleb128 0x8
 1342 0023 00       		.byte	0
 1343 0024 00       		.byte	0
 1344 0025 04       		.uleb128 0x4
 1345 0026 16       		.uleb128 0x16
 1346 0027 00       		.byte	0
 1347 0028 03       		.uleb128 0x3
 1348 0029 0E       		.uleb128 0xe
 1349 002a 3A       		.uleb128 0x3a
 1350 002b 0B       		.uleb128 0xb
 1351 002c 3B       		.uleb128 0x3b
 1352 002d 05       		.uleb128 0x5
 1353 002e 49       		.uleb128 0x49
 1354 002f 13       		.uleb128 0x13
 1355 0030 00       		.byte	0
 1356 0031 00       		.byte	0
 1357 0032 05       		.uleb128 0x5
 1358 0033 01       		.uleb128 0x1
 1359 0034 01       		.byte	0x1
 1360 0035 49       		.uleb128 0x49
 1361 0036 13       		.uleb128 0x13
 1362 0037 01       		.uleb128 0x1
 1363 0038 13       		.uleb128 0x13
 1364 0039 00       		.byte	0
ARM GAS  C:\Users\Soren\AppData\Local\Temp\cc5EihE2.s 			page 25


 1365 003a 00       		.byte	0
 1366 003b 06       		.uleb128 0x6
 1367 003c 21       		.uleb128 0x21
 1368 003d 00       		.byte	0
 1369 003e 49       		.uleb128 0x49
 1370 003f 13       		.uleb128 0x13
 1371 0040 2F       		.uleb128 0x2f
 1372 0041 05       		.uleb128 0x5
 1373 0042 00       		.byte	0
 1374 0043 00       		.byte	0
 1375 0044 07       		.uleb128 0x7
 1376 0045 34       		.uleb128 0x34
 1377 0046 00       		.byte	0
 1378 0047 03       		.uleb128 0x3
 1379 0048 0E       		.uleb128 0xe
 1380 0049 3A       		.uleb128 0x3a
 1381 004a 0B       		.uleb128 0xb
 1382 004b 3B       		.uleb128 0x3b
 1383 004c 0B       		.uleb128 0xb
 1384 004d 49       		.uleb128 0x49
 1385 004e 13       		.uleb128 0x13
 1386 004f 3F       		.uleb128 0x3f
 1387 0050 19       		.uleb128 0x19
 1388 0051 02       		.uleb128 0x2
 1389 0052 18       		.uleb128 0x18
 1390 0053 00       		.byte	0
 1391 0054 00       		.byte	0
 1392 0055 08       		.uleb128 0x8
 1393 0056 26       		.uleb128 0x26
 1394 0057 00       		.byte	0
 1395 0058 49       		.uleb128 0x49
 1396 0059 13       		.uleb128 0x13
 1397 005a 00       		.byte	0
 1398 005b 00       		.byte	0
 1399 005c 09       		.uleb128 0x9
 1400 005d 21       		.uleb128 0x21
 1401 005e 00       		.byte	0
 1402 005f 49       		.uleb128 0x49
 1403 0060 13       		.uleb128 0x13
 1404 0061 2F       		.uleb128 0x2f
 1405 0062 0B       		.uleb128 0xb
 1406 0063 00       		.byte	0
 1407 0064 00       		.byte	0
 1408 0065 00       		.byte	0
 1409              		.section	.debug_aranges,"",%progbits
 1410 0000 14000000 		.4byte	0x14
 1411 0004 0200     		.2byte	0x2
 1412 0006 00000000 		.4byte	.Ldebug_info0
 1413 000a 04       		.byte	0x4
 1414 000b 00       		.byte	0
 1415 000c 0000     		.2byte	0
 1416 000e 0000     		.2byte	0
 1417 0010 00000000 		.4byte	0
 1418 0014 00000000 		.4byte	0
 1419              		.section	.debug_line,"",%progbits
 1420              	.Ldebug_line0:
 1421 0000 4D000000 		.section	.debug_str,"MS",%progbits,1
ARM GAS  C:\Users\Soren\AppData\Local\Temp\cc5EihE2.s 			page 26


 1421      02004700 
 1421      00000201 
 1421      FB0E0D00 
 1421      01010101 
 1422              	.LASF18:
 1423 0000 474E5520 		.ascii	"GNU C 4.9.3 20150303 (release) [ARM/embedded-4_9-br"
 1423      4320342E 
 1423      392E3320 
 1423      32303135 
 1423      30333033 
 1424 0033 616E6368 		.ascii	"anch revision 221220] -mcpu=cortex-m3 -mthumb -g -O"
 1424      20726576 
 1424      6973696F 
 1424      6E203232 
 1424      31323230 
 1425 0066 30202D66 		.ascii	"0 -ffunction-sections -ffat-lto-objects\000"
 1425      66756E63 
 1425      74696F6E 
 1425      2D736563 
 1425      74696F6E 
 1426              	.LASF8:
 1427 008e 756E7369 		.ascii	"unsigned int\000"
 1427      676E6564 
 1427      20696E74 
 1427      00
 1428              	.LASF17:
 1429 009b 63795F6D 		.ascii	"cy_metadata\000"
 1429      65746164 
 1429      61746100 
 1430              	.LASF9:
 1431 00a7 666C6F61 		.ascii	"float\000"
 1431      7400
 1432              	.LASF1:
 1433 00ad 756E7369 		.ascii	"unsigned char\000"
 1433      676E6564 
 1433      20636861 
 1433      7200
 1434              	.LASF5:
 1435 00bb 6C6F6E67 		.ascii	"long unsigned int\000"
 1435      20756E73 
 1435      69676E65 
 1435      6420696E 
 1435      7400
 1436              	.LASF3:
 1437 00cd 73686F72 		.ascii	"short unsigned int\000"
 1437      7420756E 
 1437      7369676E 
 1437      65642069 
 1437      6E7400
 1438              	.LASF10:
 1439 00e0 646F7562 		.ascii	"double\000"
 1439      6C6500
 1440              	.LASF14:
 1441 00e7 63795F6D 		.ascii	"cy_meta_custnvl\000"
 1441      6574615F 
 1441      63757374 
 1441      6E766C00 
ARM GAS  C:\Users\Soren\AppData\Local\Temp\cc5EihE2.s 			page 27


 1442              	.LASF13:
 1443 00f7 63795F6D 		.ascii	"cy_meta_configecc\000"
 1443      6574615F 
 1443      636F6E66 
 1443      69676563 
 1443      6300
 1444              	.LASF20:
 1445 0109 5C5C4D61 		.ascii	"\\\\Mac\\Home\\Desktop\\Projekt\\Maaleenhed\\Maalee"
 1445      635C486F 
 1445      6D655C44 
 1445      65736B74 
 1445      6F705C50 
 1446 0135 6E686564 		.ascii	"nhed\\Spaendingsmaaler - UART\\Maaler.cydsn\000"
 1446      5C537061 
 1446      656E6469 
 1446      6E67736D 
 1446      61616C65 
 1447              	.LASF7:
 1448 015f 6C6F6E67 		.ascii	"long long unsigned int\000"
 1448      206C6F6E 
 1448      6720756E 
 1448      7369676E 
 1448      65642069 
 1449              	.LASF16:
 1450 0176 63795F6D 		.ascii	"cy_meta_flashprotect\000"
 1450      6574615F 
 1450      666C6173 
 1450      6870726F 
 1450      74656374 
 1451              	.LASF15:
 1452 018b 63795F6D 		.ascii	"cy_meta_wonvl\000"
 1452      6574615F 
 1452      776F6E76 
 1452      6C00
 1453              	.LASF12:
 1454 0199 73697A65 		.ascii	"sizetype\000"
 1454      74797065 
 1454      00
 1455              	.LASF6:
 1456 01a2 6C6F6E67 		.ascii	"long long int\000"
 1456      206C6F6E 
 1456      6720696E 
 1456      7400
 1457              	.LASF11:
 1458 01b0 63686172 		.ascii	"char\000"
 1458      00
 1459              	.LASF2:
 1460 01b5 73686F72 		.ascii	"short int\000"
 1460      7420696E 
 1460      7400
 1461              	.LASF21:
 1462 01bf 75696E74 		.ascii	"uint8\000"
 1462      3800
 1463              	.LASF4:
 1464 01c5 6C6F6E67 		.ascii	"long int\000"
 1464      20696E74 
 1464      00
ARM GAS  C:\Users\Soren\AppData\Local\Temp\cc5EihE2.s 			page 28


 1465              	.LASF0:
 1466 01ce 7369676E 		.ascii	"signed char\000"
 1466      65642063 
 1466      68617200 
 1467              	.LASF19:
 1468 01da 47656E65 		.ascii	"Generated_Source\\PSoC5\\cymetadata.c\000"
 1468      72617465 
 1468      645F536F 
 1468      75726365 
 1468      5C50536F 
 1469              		.ident	"GCC: (GNU Tools for ARM Embedded Processors) 4.9.3 20150303 (release) [ARM/embedded-4_9-br
