ARM GAS  C:\Users\Soren\AppData\Local\Temp\ccR8iGKg.s 			page 1


   1              		.syntax unified
   2              		.cpu cortex-m3
   3              		.fpu softvfp
   4              		.eabi_attribute 20, 1
   5              		.eabi_attribute 21, 1
   6              		.eabi_attribute 23, 3
   7              		.eabi_attribute 24, 1
   8              		.eabi_attribute 25, 1
   9              		.eabi_attribute 26, 1
  10              		.eabi_attribute 30, 6
  11              		.eabi_attribute 34, 1
  12              		.eabi_attribute 18, 4
  13              		.thumb
  14              		.file	"main.c"
  15              		.text
  16              	.Ltext0:
  17              		.cfi_sections	.debug_frame
  18              		.global	Abs_volt
  19              		.bss
  20              		.align	3
  21              		.type	Abs_volt, %object
  22              		.size	Abs_volt, 512
  23              	Abs_volt:
  24 0000 00000000 		.space	512
  24      00000000 
  24      00000000 
  24      00000000 
  24      00000000 
  25              		.global	Re_volt
  26              		.align	3
  27              		.type	Re_volt, %object
  28              		.size	Re_volt, 512
  29              	Re_volt:
  30 0200 00000000 		.space	512
  30      00000000 
  30      00000000 
  30      00000000 
  30      00000000 
  31              		.global	Im_volt
  32              		.align	3
  33              		.type	Im_volt, %object
  34              		.size	Im_volt, 512
  35              	Im_volt:
  36 0400 00000000 		.space	512
  36      00000000 
  36      00000000 
  36      00000000 
  36      00000000 
  37              		.global	Abs_Ampere
  38              		.align	3
  39              		.type	Abs_Ampere, %object
  40              		.size	Abs_Ampere, 512
  41              	Abs_Ampere:
  42 0600 00000000 		.space	512
  42      00000000 
  42      00000000 
  42      00000000 
ARM GAS  C:\Users\Soren\AppData\Local\Temp\ccR8iGKg.s 			page 2


  42      00000000 
  43              		.global	Re_Ampere
  44              		.align	3
  45              		.type	Re_Ampere, %object
  46              		.size	Re_Ampere, 512
  47              	Re_Ampere:
  48 0800 00000000 		.space	512
  48      00000000 
  48      00000000 
  48      00000000 
  48      00000000 
  49              		.global	Im_Ampere
  50              		.align	3
  51              		.type	Im_Ampere, %object
  52              		.size	Im_Ampere, 512
  53              	Im_Ampere:
  54 0a00 00000000 		.space	512
  54      00000000 
  54      00000000 
  54      00000000 
  54      00000000 
  55              		.global	SampleArrayU
  56              		.align	2
  57              		.type	SampleArrayU, %object
  58              		.size	SampleArrayU, 256
  59              	SampleArrayU:
  60 0c00 00000000 		.space	256
  60      00000000 
  60      00000000 
  60      00000000 
  60      00000000 
  61              		.global	SampleArrayI
  62              		.align	2
  63              		.type	SampleArrayI, %object
  64              		.size	SampleArrayI, 256
  65              	SampleArrayI:
  66 0d00 00000000 		.space	256
  66      00000000 
  66      00000000 
  66      00000000 
  66      00000000 
  67              		.global	p
  68              		.align	2
  69              		.type	p, %object
  70              		.size	p, 4
  71              	p:
  72 0e00 00000000 		.space	4
  73              		.global	Amp_Volt
  74 0e04 00000000 		.align	3
  75              		.type	Amp_Volt, %object
  76              		.size	Amp_Volt, 8
  77              	Amp_Volt:
  78 0e08 00000000 		.space	8
  78      00000000 
  79              		.global	RMS_Volt
  80              		.align	3
  81              		.type	RMS_Volt, %object
ARM GAS  C:\Users\Soren\AppData\Local\Temp\ccR8iGKg.s 			page 3


  82              		.size	RMS_Volt, 8
  83              	RMS_Volt:
  84 0e10 00000000 		.space	8
  84      00000000 
  85              		.global	Amp_Ampere
  86              		.align	3
  87              		.type	Amp_Ampere, %object
  88              		.size	Amp_Ampere, 8
  89              	Amp_Ampere:
  90 0e18 00000000 		.space	8
  90      00000000 
  91              		.global	RMS_Ampere
  92              		.align	3
  93              		.type	RMS_Ampere, %object
  94              		.size	RMS_Ampere, 8
  95              	RMS_Ampere:
  96 0e20 00000000 		.space	8
  96      00000000 
  97              		.global	PF
  98              		.align	3
  99              		.type	PF, %object
 100              		.size	PF, 8
 101              	PF:
 102 0e28 00000000 		.space	8
 102      00000000 
 103              		.global	THD
 104              		.align	3
 105              		.type	THD, %object
 106              		.size	THD, 8
 107              	THD:
 108 0e30 00000000 		.space	8
 108      00000000 
 109              		.global	__aeabi_dmul
 110              		.section	.text.isr_RX,"ax",%progbits
 111              		.align	2
 112              		.global	isr_RX
 113              		.thumb
 114              		.thumb_func
 115              		.type	isr_RX, %function
 116              	isr_RX:
 117              	.LFB63:
 118              		.file 1 "main.c"
   1:main.c        **** /* ========================================
   2:main.c        ****  *
   3:main.c        ****  * Copyright YOUR COMPANY, THE YEAR
   4:main.c        ****  * All Rights Reserved
   5:main.c        ****  * UNPUBLISHED, LICENSED SOFTWARE.
   6:main.c        ****  *
   7:main.c        ****  * CONFIDENTIAL AND PROPRIETARY INFORMATION
   8:main.c        ****  * WHICH IS THE PROPERTY OF your company.
   9:main.c        ****  *
  10:main.c        ****  * ========================================
  11:main.c        **** */
  12:main.c        **** 
  13:main.c        **** #include "sample.h"
  14:main.c        **** 
  15:main.c        **** 
ARM GAS  C:\Users\Soren\AppData\Local\Temp\ccR8iGKg.s 			page 4


  16:main.c        **** 
  17:main.c        **** CY_ISR(isr_RX)
  18:main.c        **** {
 119              		.loc 1 18 0
 120              		.cfi_startproc
 121              		@ args = 0, pretend = 0, frame = 0
 122              		@ frame_needed = 1, uses_anonymous_args = 0
 123 0000 80B5     		push	{r7, lr}
 124              		.cfi_def_cfa_offset 8
 125              		.cfi_offset 7, -8
 126              		.cfi_offset 14, -4
 127 0002 00AF     		add	r7, sp, #0
 128              		.cfi_def_cfa_register 7
  19:main.c        ****     switch (UART_1_ReadRxData()){
 129              		.loc 1 19 0
 130 0004 FFF7FEFF 		bl	UART_1_ReadRxData
 131 0008 0346     		mov	r3, r0
 132 000a 413B     		subs	r3, r3, #65
 133 000c 032B     		cmp	r3, #3
 134 000e 00F28D80 		bhi	.L1
 135 0012 01A2     		adr	r2, .L4
 136 0014 52F823F0 		ldr	pc, [r2, r3, lsl #2]
 137              		.p2align 2
 138              	.L4:
 139 0018 29000000 		.word	.L3+1
 140 001c 5B000000 		.word	.L5+1
 141 0020 89000000 		.word	.L6+1
 142 0024 DB000000 		.word	.L7+1
 143              		.p2align 1
 144              	.L3:
  20:main.c        ****         case 'A':
  21:main.c        ****                     sampleAndCalc();
 145              		.loc 1 21 0
 146 0028 FFF7FEFF 		bl	sampleAndCalc
  22:main.c        ****                     UART_1_WriteTxData(makeMSB(RMS_Ampere));
 147              		.loc 1 22 0
 148 002c 404B     		ldr	r3, .L8
 149 002e D3E90023 		ldrd	r2, [r3]
 150 0032 1046     		mov	r0, r2
 151 0034 1946     		mov	r1, r3
 152 0036 FFF7FEFF 		bl	makeMSB
 153 003a 0346     		mov	r3, r0
 154 003c 1846     		mov	r0, r3
 155 003e FFF7FEFF 		bl	UART_1_WriteTxData
  23:main.c        ****                     UART_1_WriteTxData(makeLSB(RMS_Ampere));
 156              		.loc 1 23 0
 157 0042 3B4B     		ldr	r3, .L8
 158 0044 D3E90023 		ldrd	r2, [r3]
 159 0048 1046     		mov	r0, r2
 160 004a 1946     		mov	r1, r3
 161 004c FFF7FEFF 		bl	makeLSB
 162 0050 0346     		mov	r3, r0
 163 0052 1846     		mov	r0, r3
 164 0054 FFF7FEFF 		bl	UART_1_WriteTxData
  24:main.c        ****                     break;
 165              		.loc 1 24 0
 166 0058 68E0     		b	.L1
ARM GAS  C:\Users\Soren\AppData\Local\Temp\ccR8iGKg.s 			page 5


 167              	.L5:
  25:main.c        ****         case 'B':
  26:main.c        ****                     UART_1_WriteTxData(makeMSB(RMS_Volt));
 168              		.loc 1 26 0
 169 005a 364B     		ldr	r3, .L8+4
 170 005c D3E90023 		ldrd	r2, [r3]
 171 0060 1046     		mov	r0, r2
 172 0062 1946     		mov	r1, r3
 173 0064 FFF7FEFF 		bl	makeMSB
 174 0068 0346     		mov	r3, r0
 175 006a 1846     		mov	r0, r3
 176 006c FFF7FEFF 		bl	UART_1_WriteTxData
  27:main.c        ****                     UART_1_WriteTxData(makeLSB(RMS_Volt));
 177              		.loc 1 27 0
 178 0070 304B     		ldr	r3, .L8+4
 179 0072 D3E90023 		ldrd	r2, [r3]
 180 0076 1046     		mov	r0, r2
 181 0078 1946     		mov	r1, r3
 182 007a FFF7FEFF 		bl	makeLSB
 183 007e 0346     		mov	r3, r0
 184 0080 1846     		mov	r0, r3
 185 0082 FFF7FEFF 		bl	UART_1_WriteTxData
  28:main.c        ****                     break;
 186              		.loc 1 28 0
 187 0086 51E0     		b	.L1
 188              	.L6:
  29:main.c        ****         case 'C':
  30:main.c        ****                     UART_1_WriteTxData(makeMSB(THD*1000));
 189              		.loc 1 30 0
 190 0088 2B4B     		ldr	r3, .L8+8
 191 008a D3E90023 		ldrd	r2, [r3]
 192 008e 1046     		mov	r0, r2
 193 0090 1946     		mov	r1, r3
 194 0092 4FF00002 		mov	r2, #0
 195 0096 294B     		ldr	r3, .L8+12
 196 0098 FFF7FEFF 		bl	__aeabi_dmul
 197 009c 0246     		mov	r2, r0
 198 009e 0B46     		mov	r3, r1
 199 00a0 1046     		mov	r0, r2
 200 00a2 1946     		mov	r1, r3
 201 00a4 FFF7FEFF 		bl	makeMSB
 202 00a8 0346     		mov	r3, r0
 203 00aa 1846     		mov	r0, r3
 204 00ac FFF7FEFF 		bl	UART_1_WriteTxData
  31:main.c        ****                     UART_1_WriteTxData(makeLSB(THD*1000));
 205              		.loc 1 31 0
 206 00b0 214B     		ldr	r3, .L8+8
 207 00b2 D3E90023 		ldrd	r2, [r3]
 208 00b6 1046     		mov	r0, r2
 209 00b8 1946     		mov	r1, r3
 210 00ba 4FF00002 		mov	r2, #0
 211 00be 1F4B     		ldr	r3, .L8+12
 212 00c0 FFF7FEFF 		bl	__aeabi_dmul
 213 00c4 0246     		mov	r2, r0
 214 00c6 0B46     		mov	r3, r1
 215 00c8 1046     		mov	r0, r2
 216 00ca 1946     		mov	r1, r3
ARM GAS  C:\Users\Soren\AppData\Local\Temp\ccR8iGKg.s 			page 6


 217 00cc FFF7FEFF 		bl	makeLSB
 218 00d0 0346     		mov	r3, r0
 219 00d2 1846     		mov	r0, r3
 220 00d4 FFF7FEFF 		bl	UART_1_WriteTxData
  32:main.c        ****                     break;
 221              		.loc 1 32 0
 222 00d8 28E0     		b	.L1
 223              	.L7:
  33:main.c        ****         case 'D':
  34:main.c        ****                     UART_1_WriteTxData(makeMSB(PF*1000));
 224              		.loc 1 34 0
 225 00da 194B     		ldr	r3, .L8+16
 226 00dc D3E90023 		ldrd	r2, [r3]
 227 00e0 1046     		mov	r0, r2
 228 00e2 1946     		mov	r1, r3
 229 00e4 4FF00002 		mov	r2, #0
 230 00e8 144B     		ldr	r3, .L8+12
 231 00ea FFF7FEFF 		bl	__aeabi_dmul
 232 00ee 0246     		mov	r2, r0
 233 00f0 0B46     		mov	r3, r1
 234 00f2 1046     		mov	r0, r2
 235 00f4 1946     		mov	r1, r3
 236 00f6 FFF7FEFF 		bl	makeMSB
 237 00fa 0346     		mov	r3, r0
 238 00fc 1846     		mov	r0, r3
 239 00fe FFF7FEFF 		bl	UART_1_WriteTxData
  35:main.c        ****                     UART_1_WriteTxData(makeLSB(PF*1000));
 240              		.loc 1 35 0
 241 0102 0F4B     		ldr	r3, .L8+16
 242 0104 D3E90023 		ldrd	r2, [r3]
 243 0108 1046     		mov	r0, r2
 244 010a 1946     		mov	r1, r3
 245 010c 4FF00002 		mov	r2, #0
 246 0110 0A4B     		ldr	r3, .L8+12
 247 0112 FFF7FEFF 		bl	__aeabi_dmul
 248 0116 0246     		mov	r2, r0
 249 0118 0B46     		mov	r3, r1
 250 011a 1046     		mov	r0, r2
 251 011c 1946     		mov	r1, r3
 252 011e FFF7FEFF 		bl	makeLSB
 253 0122 0346     		mov	r3, r0
 254 0124 1846     		mov	r0, r3
 255 0126 FFF7FEFF 		bl	UART_1_WriteTxData
  36:main.c        ****                     break;
 256              		.loc 1 36 0
 257 012a 00BF     		nop
 258              	.L1:
  37:main.c        ****     }
  38:main.c        **** }
 259              		.loc 1 38 0
 260 012c 80BD     		pop	{r7, pc}
 261              	.L9:
 262 012e 00BF     		.align	2
 263              	.L8:
 264 0130 00000000 		.word	RMS_Ampere
 265 0134 00000000 		.word	RMS_Volt
 266 0138 00000000 		.word	THD
ARM GAS  C:\Users\Soren\AppData\Local\Temp\ccR8iGKg.s 			page 7


 267 013c 00408F40 		.word	1083129856
 268 0140 00000000 		.word	PF
 269              		.cfi_endproc
 270              	.LFE63:
 271              		.size	isr_RX, .-isr_RX
 272              		.section	.text.main,"ax",%progbits
 273              		.align	2
 274              		.global	main
 275              		.thumb
 276              		.thumb_func
 277              		.type	main, %function
 278              	main:
 279              	.LFB64:
  39:main.c        **** 
  40:main.c        **** int main(void)
  41:main.c        **** {
 280              		.loc 1 41 0
 281              		.cfi_startproc
 282              		@ args = 0, pretend = 0, frame = 0
 283              		@ frame_needed = 1, uses_anonymous_args = 0
 284 0000 80B5     		push	{r7, lr}
 285              		.cfi_def_cfa_offset 8
 286              		.cfi_offset 7, -8
 287              		.cfi_offset 14, -4
 288 0002 00AF     		add	r7, sp, #0
 289              		.cfi_def_cfa_register 7
  42:main.c        ****     CyGlobalIntEnable; /* Enable global interrupts. */
 290              		.loc 1 42 0
 291              	@ 42 "main.c" 1
 292 0004 62B6     		CPSIE   i
 293              	@ 0 "" 2
  43:main.c        **** 
  44:main.c        ****     /* Place your initialization/startup code here (e.g. MyInst_Start()) */
  45:main.c        ****     
  46:main.c        ****     isr_RX_StartEx(isr_RX);
 294              		.loc 1 46 0
 295              		.thumb
 296 0006 0748     		ldr	r0, .L12
 297 0008 FFF7FEFF 		bl	isr_RX_StartEx
  47:main.c        ****     UART_1_Start();
 298              		.loc 1 47 0
 299 000c FFF7FEFF 		bl	UART_1_Start
  48:main.c        ****     
  49:main.c        ****     ADC_DelSig_1_Start();
 300              		.loc 1 49 0
 301 0010 FFF7FEFF 		bl	ADC_DelSig_1_Start
  50:main.c        ****     ADC_DelSig_1_StartConvert();
 302              		.loc 1 50 0
 303 0014 FFF7FEFF 		bl	ADC_DelSig_1_StartConvert
  51:main.c        ****     
  52:main.c        ****     AMux_1_Start();
 304              		.loc 1 52 0
 305 0018 FFF7FEFF 		bl	AMux_1_Start
  53:main.c        ****     AMux_2_Start();
 306              		.loc 1 53 0
 307 001c FFF7FEFF 		bl	AMux_2_Start
 308              	.L11:
ARM GAS  C:\Users\Soren\AppData\Local\Temp\ccR8iGKg.s 			page 8


  54:main.c        ****     
  55:main.c        ****    
  56:main.c        ****     
  57:main.c        **** 
  58:main.c        ****     while(1)
  59:main.c        ****     {
  60:main.c        **** 
  61:main.c        ****     }   
 309              		.loc 1 61 0 discriminator 1
 310 0020 FEE7     		b	.L11
 311              	.L13:
 312 0022 00BF     		.align	2
 313              	.L12:
 314 0024 00000000 		.word	isr_RX
 315              		.cfi_endproc
 316              	.LFE64:
 317              		.size	main, .-main
 318              		.text
 319              	.Letext0:
 320              		.file 2 "c:\\program files (x86)\\cypress\\psoc creator\\4.0\\psoc creator\\import\\gnu\\arm\\4.9.
 321              		.file 3 "c:\\program files (x86)\\cypress\\psoc creator\\4.0\\psoc creator\\import\\gnu\\arm\\4.9.
 322              		.file 4 "Generated_Source\\PSoC5/core_cm3.h"
 323              		.file 5 "GlobalVariables.h"
 324              		.section	.debug_info,"",%progbits
 325              	.Ldebug_info0:
 326 0000 F4010000 		.4byte	0x1f4
 327 0004 0400     		.2byte	0x4
 328 0006 00000000 		.4byte	.Ldebug_abbrev0
 329 000a 04       		.byte	0x4
 330 000b 01       		.uleb128 0x1
 331 000c D7000000 		.4byte	.LASF29
 332 0010 01       		.byte	0x1
 333 0011 D4010000 		.4byte	.LASF30
 334 0015 74000000 		.4byte	.LASF31
 335 0019 00000000 		.4byte	.Ldebug_ranges0+0
 336 001d 00000000 		.4byte	0
 337 0021 00000000 		.4byte	.Ldebug_line0
 338 0025 02       		.uleb128 0x2
 339 0026 04       		.byte	0x4
 340 0027 05       		.byte	0x5
 341 0028 696E7400 		.ascii	"int\000"
 342 002c 03       		.uleb128 0x3
 343 002d 04       		.byte	0x4
 344 002e 07       		.byte	0x7
 345 002f 7E010000 		.4byte	.LASF0
 346 0033 03       		.uleb128 0x3
 347 0034 01       		.byte	0x1
 348 0035 06       		.byte	0x6
 349 0036 35000000 		.4byte	.LASF1
 350 003a 03       		.uleb128 0x3
 351 003b 01       		.byte	0x1
 352 003c 08       		.byte	0x8
 353 003d 41000000 		.4byte	.LASF2
 354 0041 03       		.uleb128 0x3
 355 0042 02       		.byte	0x2
 356 0043 05       		.byte	0x5
 357 0044 F4010000 		.4byte	.LASF3
ARM GAS  C:\Users\Soren\AppData\Local\Temp\ccR8iGKg.s 			page 9


 358 0048 03       		.uleb128 0x3
 359 0049 02       		.byte	0x2
 360 004a 07       		.byte	0x7
 361 004b 61000000 		.4byte	.LASF4
 362 004f 04       		.uleb128 0x4
 363 0050 09000000 		.4byte	.LASF14
 364 0054 02       		.byte	0x2
 365 0055 3F       		.byte	0x3f
 366 0056 5A000000 		.4byte	0x5a
 367 005a 03       		.uleb128 0x3
 368 005b 04       		.byte	0x4
 369 005c 05       		.byte	0x5
 370 005d 12020000 		.4byte	.LASF5
 371 0061 03       		.uleb128 0x3
 372 0062 04       		.byte	0x4
 373 0063 07       		.byte	0x7
 374 0064 4F000000 		.4byte	.LASF6
 375 0068 03       		.uleb128 0x3
 376 0069 08       		.byte	0x8
 377 006a 05       		.byte	0x5
 378 006b C6010000 		.4byte	.LASF7
 379 006f 03       		.uleb128 0x3
 380 0070 08       		.byte	0x8
 381 0071 07       		.byte	0x7
 382 0072 96010000 		.4byte	.LASF8
 383 0076 03       		.uleb128 0x3
 384 0077 04       		.byte	0x4
 385 0078 07       		.byte	0x7
 386 0079 BD010000 		.4byte	.LASF9
 387 007d 03       		.uleb128 0x3
 388 007e 01       		.byte	0x1
 389 007f 08       		.byte	0x8
 390 0080 DB010000 		.4byte	.LASF10
 391 0084 03       		.uleb128 0x3
 392 0085 08       		.byte	0x8
 393 0086 04       		.byte	0x4
 394 0087 1B000000 		.4byte	.LASF11
 395 008b 03       		.uleb128 0x3
 396 008c 04       		.byte	0x4
 397 008d 04       		.byte	0x4
 398 008e 2F000000 		.4byte	.LASF12
 399 0092 03       		.uleb128 0x3
 400 0093 08       		.byte	0x8
 401 0094 04       		.byte	0x4
 402 0095 1B020000 		.4byte	.LASF13
 403 0099 04       		.uleb128 0x4
 404 009a B5010000 		.4byte	.LASF15
 405 009e 03       		.byte	0x3
 406 009f 2C       		.byte	0x2c
 407 00a0 4F000000 		.4byte	0x4f
 408 00a4 05       		.uleb128 0x5
 409 00a5 65010000 		.4byte	.LASF32
 410 00a9 01       		.byte	0x1
 411 00aa 11       		.byte	0x11
 412 00ab 00000000 		.4byte	.LFB63
 413 00af 44010000 		.4byte	.LFE63-.LFB63
 414 00b3 01       		.uleb128 0x1
ARM GAS  C:\Users\Soren\AppData\Local\Temp\ccR8iGKg.s 			page 10


 415 00b4 9C       		.byte	0x9c
 416 00b5 06       		.uleb128 0x6
 417 00b6 6C010000 		.4byte	.LASF33
 418 00ba 01       		.byte	0x1
 419 00bb 28       		.byte	0x28
 420 00bc 25000000 		.4byte	0x25
 421 00c0 00000000 		.4byte	.LFB64
 422 00c4 28000000 		.4byte	.LFE64-.LFB64
 423 00c8 01       		.uleb128 0x1
 424 00c9 9C       		.byte	0x9c
 425 00ca 07       		.uleb128 0x7
 426 00cb CA000000 		.4byte	.LASF16
 427 00cf 04       		.byte	0x4
 428 00d0 9606     		.2byte	0x696
 429 00d2 D6000000 		.4byte	0xd6
 430 00d6 08       		.uleb128 0x8
 431 00d7 99000000 		.4byte	0x99
 432 00db 09       		.uleb128 0x9
 433 00dc 84000000 		.4byte	0x84
 434 00e0 EB000000 		.4byte	0xeb
 435 00e4 0A       		.uleb128 0xa
 436 00e5 76000000 		.4byte	0x76
 437 00e9 3F       		.byte	0x3f
 438 00ea 00       		.byte	0
 439 00eb 0B       		.uleb128 0xb
 440 00ec 09020000 		.4byte	.LASF17
 441 00f0 05       		.byte	0x5
 442 00f1 1D       		.byte	0x1d
 443 00f2 DB000000 		.4byte	0xdb
 444 00f6 05       		.uleb128 0x5
 445 00f7 03       		.byte	0x3
 446 00f8 00000000 		.4byte	Abs_volt
 447 00fc 0B       		.uleb128 0xb
 448 00fd 13000000 		.4byte	.LASF18
 449 0101 05       		.byte	0x5
 450 0102 1E       		.byte	0x1e
 451 0103 DB000000 		.4byte	0xdb
 452 0107 05       		.uleb128 0x5
 453 0108 03       		.byte	0x3
 454 0109 00000000 		.4byte	Re_volt
 455 010d 0B       		.uleb128 0xb
 456 010e AD010000 		.4byte	.LASF19
 457 0112 05       		.byte	0x5
 458 0113 1F       		.byte	0x1f
 459 0114 DB000000 		.4byte	0xdb
 460 0118 05       		.uleb128 0x5
 461 0119 03       		.byte	0x3
 462 011a 00000000 		.4byte	Im_volt
 463 011e 0B       		.uleb128 0xb
 464 011f 30020000 		.4byte	.LASF20
 465 0123 05       		.byte	0x5
 466 0124 21       		.byte	0x21
 467 0125 DB000000 		.4byte	0xdb
 468 0129 05       		.uleb128 0x5
 469 012a 03       		.byte	0x3
 470 012b 00000000 		.4byte	Abs_Ampere
 471 012f 0B       		.uleb128 0xb
ARM GAS  C:\Users\Soren\AppData\Local\Temp\ccR8iGKg.s 			page 11


 472 0130 E0010000 		.4byte	.LASF21
 473 0134 05       		.byte	0x5
 474 0135 22       		.byte	0x22
 475 0136 DB000000 		.4byte	0xdb
 476 013a 05       		.uleb128 0x5
 477 013b 03       		.byte	0x3
 478 013c 00000000 		.4byte	Re_Ampere
 479 0140 0B       		.uleb128 0xb
 480 0141 EA010000 		.4byte	.LASF22
 481 0145 05       		.byte	0x5
 482 0146 23       		.byte	0x23
 483 0147 DB000000 		.4byte	0xdb
 484 014b 05       		.uleb128 0x5
 485 014c 03       		.byte	0x3
 486 014d 00000000 		.4byte	Im_Ampere
 487 0151 09       		.uleb128 0x9
 488 0152 25000000 		.4byte	0x25
 489 0156 61010000 		.4byte	0x161
 490 015a 0A       		.uleb128 0xa
 491 015b 76000000 		.4byte	0x76
 492 015f 3F       		.byte	0x3f
 493 0160 00       		.byte	0
 494 0161 0B       		.uleb128 0xb
 495 0162 71010000 		.4byte	.LASF23
 496 0166 05       		.byte	0x5
 497 0167 2A       		.byte	0x2a
 498 0168 51010000 		.4byte	0x151
 499 016c 05       		.uleb128 0x5
 500 016d 03       		.byte	0x3
 501 016e 00000000 		.4byte	SampleArrayU
 502 0172 0B       		.uleb128 0xb
 503 0173 22000000 		.4byte	.LASF24
 504 0177 05       		.byte	0x5
 505 0178 2B       		.byte	0x2b
 506 0179 51010000 		.4byte	0x151
 507 017d 05       		.uleb128 0x5
 508 017e 03       		.byte	0x3
 509 017f 00000000 		.4byte	SampleArrayI
 510 0183 0C       		.uleb128 0xc
 511 0184 7000     		.ascii	"p\000"
 512 0186 05       		.byte	0x5
 513 0187 2C       		.byte	0x2c
 514 0188 25000000 		.4byte	0x25
 515 018c 05       		.uleb128 0x5
 516 018d 03       		.byte	0x3
 517 018e 00000000 		.4byte	p
 518 0192 0B       		.uleb128 0xb
 519 0193 00000000 		.4byte	.LASF25
 520 0197 05       		.byte	0x5
 521 0198 2D       		.byte	0x2d
 522 0199 84000000 		.4byte	0x84
 523 019d 05       		.uleb128 0x5
 524 019e 03       		.byte	0x3
 525 019f 00000000 		.4byte	Amp_Volt
 526 01a3 0B       		.uleb128 0xb
 527 01a4 27020000 		.4byte	.LASF26
 528 01a8 05       		.byte	0x5
ARM GAS  C:\Users\Soren\AppData\Local\Temp\ccR8iGKg.s 			page 12


 529 01a9 2E       		.byte	0x2e
 530 01aa 84000000 		.4byte	0x84
 531 01ae 05       		.uleb128 0x5
 532 01af 03       		.byte	0x3
 533 01b0 00000000 		.4byte	RMS_Volt
 534 01b4 0B       		.uleb128 0xb
 535 01b5 FE010000 		.4byte	.LASF27
 536 01b9 05       		.byte	0x5
 537 01ba 2F       		.byte	0x2f
 538 01bb 84000000 		.4byte	0x84
 539 01bf 05       		.uleb128 0x5
 540 01c0 03       		.byte	0x3
 541 01c1 00000000 		.4byte	Amp_Ampere
 542 01c5 0B       		.uleb128 0xb
 543 01c6 8B010000 		.4byte	.LASF28
 544 01ca 05       		.byte	0x5
 545 01cb 30       		.byte	0x30
 546 01cc 84000000 		.4byte	0x84
 547 01d0 05       		.uleb128 0x5
 548 01d1 03       		.byte	0x3
 549 01d2 00000000 		.4byte	RMS_Ampere
 550 01d6 0C       		.uleb128 0xc
 551 01d7 504600   		.ascii	"PF\000"
 552 01da 05       		.byte	0x5
 553 01db 31       		.byte	0x31
 554 01dc 84000000 		.4byte	0x84
 555 01e0 05       		.uleb128 0x5
 556 01e1 03       		.byte	0x3
 557 01e2 00000000 		.4byte	PF
 558 01e6 0C       		.uleb128 0xc
 559 01e7 54484400 		.ascii	"THD\000"
 560 01eb 05       		.byte	0x5
 561 01ec 32       		.byte	0x32
 562 01ed 84000000 		.4byte	0x84
 563 01f1 05       		.uleb128 0x5
 564 01f2 03       		.byte	0x3
 565 01f3 00000000 		.4byte	THD
 566 01f7 00       		.byte	0
 567              		.section	.debug_abbrev,"",%progbits
 568              	.Ldebug_abbrev0:
 569 0000 01       		.uleb128 0x1
 570 0001 11       		.uleb128 0x11
 571 0002 01       		.byte	0x1
 572 0003 25       		.uleb128 0x25
 573 0004 0E       		.uleb128 0xe
 574 0005 13       		.uleb128 0x13
 575 0006 0B       		.uleb128 0xb
 576 0007 03       		.uleb128 0x3
 577 0008 0E       		.uleb128 0xe
 578 0009 1B       		.uleb128 0x1b
 579 000a 0E       		.uleb128 0xe
 580 000b 55       		.uleb128 0x55
 581 000c 17       		.uleb128 0x17
 582 000d 11       		.uleb128 0x11
 583 000e 01       		.uleb128 0x1
 584 000f 10       		.uleb128 0x10
 585 0010 17       		.uleb128 0x17
ARM GAS  C:\Users\Soren\AppData\Local\Temp\ccR8iGKg.s 			page 13


 586 0011 00       		.byte	0
 587 0012 00       		.byte	0
 588 0013 02       		.uleb128 0x2
 589 0014 24       		.uleb128 0x24
 590 0015 00       		.byte	0
 591 0016 0B       		.uleb128 0xb
 592 0017 0B       		.uleb128 0xb
 593 0018 3E       		.uleb128 0x3e
 594 0019 0B       		.uleb128 0xb
 595 001a 03       		.uleb128 0x3
 596 001b 08       		.uleb128 0x8
 597 001c 00       		.byte	0
 598 001d 00       		.byte	0
 599 001e 03       		.uleb128 0x3
 600 001f 24       		.uleb128 0x24
 601 0020 00       		.byte	0
 602 0021 0B       		.uleb128 0xb
 603 0022 0B       		.uleb128 0xb
 604 0023 3E       		.uleb128 0x3e
 605 0024 0B       		.uleb128 0xb
 606 0025 03       		.uleb128 0x3
 607 0026 0E       		.uleb128 0xe
 608 0027 00       		.byte	0
 609 0028 00       		.byte	0
 610 0029 04       		.uleb128 0x4
 611 002a 16       		.uleb128 0x16
 612 002b 00       		.byte	0
 613 002c 03       		.uleb128 0x3
 614 002d 0E       		.uleb128 0xe
 615 002e 3A       		.uleb128 0x3a
 616 002f 0B       		.uleb128 0xb
 617 0030 3B       		.uleb128 0x3b
 618 0031 0B       		.uleb128 0xb
 619 0032 49       		.uleb128 0x49
 620 0033 13       		.uleb128 0x13
 621 0034 00       		.byte	0
 622 0035 00       		.byte	0
 623 0036 05       		.uleb128 0x5
 624 0037 2E       		.uleb128 0x2e
 625 0038 00       		.byte	0
 626 0039 3F       		.uleb128 0x3f
 627 003a 19       		.uleb128 0x19
 628 003b 03       		.uleb128 0x3
 629 003c 0E       		.uleb128 0xe
 630 003d 3A       		.uleb128 0x3a
 631 003e 0B       		.uleb128 0xb
 632 003f 3B       		.uleb128 0x3b
 633 0040 0B       		.uleb128 0xb
 634 0041 27       		.uleb128 0x27
 635 0042 19       		.uleb128 0x19
 636 0043 11       		.uleb128 0x11
 637 0044 01       		.uleb128 0x1
 638 0045 12       		.uleb128 0x12
 639 0046 06       		.uleb128 0x6
 640 0047 40       		.uleb128 0x40
 641 0048 18       		.uleb128 0x18
 642 0049 9642     		.uleb128 0x2116
ARM GAS  C:\Users\Soren\AppData\Local\Temp\ccR8iGKg.s 			page 14


 643 004b 19       		.uleb128 0x19
 644 004c 00       		.byte	0
 645 004d 00       		.byte	0
 646 004e 06       		.uleb128 0x6
 647 004f 2E       		.uleb128 0x2e
 648 0050 00       		.byte	0
 649 0051 3F       		.uleb128 0x3f
 650 0052 19       		.uleb128 0x19
 651 0053 03       		.uleb128 0x3
 652 0054 0E       		.uleb128 0xe
 653 0055 3A       		.uleb128 0x3a
 654 0056 0B       		.uleb128 0xb
 655 0057 3B       		.uleb128 0x3b
 656 0058 0B       		.uleb128 0xb
 657 0059 27       		.uleb128 0x27
 658 005a 19       		.uleb128 0x19
 659 005b 49       		.uleb128 0x49
 660 005c 13       		.uleb128 0x13
 661 005d 11       		.uleb128 0x11
 662 005e 01       		.uleb128 0x1
 663 005f 12       		.uleb128 0x12
 664 0060 06       		.uleb128 0x6
 665 0061 40       		.uleb128 0x40
 666 0062 18       		.uleb128 0x18
 667 0063 9642     		.uleb128 0x2116
 668 0065 19       		.uleb128 0x19
 669 0066 00       		.byte	0
 670 0067 00       		.byte	0
 671 0068 07       		.uleb128 0x7
 672 0069 34       		.uleb128 0x34
 673 006a 00       		.byte	0
 674 006b 03       		.uleb128 0x3
 675 006c 0E       		.uleb128 0xe
 676 006d 3A       		.uleb128 0x3a
 677 006e 0B       		.uleb128 0xb
 678 006f 3B       		.uleb128 0x3b
 679 0070 05       		.uleb128 0x5
 680 0071 49       		.uleb128 0x49
 681 0072 13       		.uleb128 0x13
 682 0073 3F       		.uleb128 0x3f
 683 0074 19       		.uleb128 0x19
 684 0075 3C       		.uleb128 0x3c
 685 0076 19       		.uleb128 0x19
 686 0077 00       		.byte	0
 687 0078 00       		.byte	0
 688 0079 08       		.uleb128 0x8
 689 007a 35       		.uleb128 0x35
 690 007b 00       		.byte	0
 691 007c 49       		.uleb128 0x49
 692 007d 13       		.uleb128 0x13
 693 007e 00       		.byte	0
 694 007f 00       		.byte	0
 695 0080 09       		.uleb128 0x9
 696 0081 01       		.uleb128 0x1
 697 0082 01       		.byte	0x1
 698 0083 49       		.uleb128 0x49
 699 0084 13       		.uleb128 0x13
ARM GAS  C:\Users\Soren\AppData\Local\Temp\ccR8iGKg.s 			page 15


 700 0085 01       		.uleb128 0x1
 701 0086 13       		.uleb128 0x13
 702 0087 00       		.byte	0
 703 0088 00       		.byte	0
 704 0089 0A       		.uleb128 0xa
 705 008a 21       		.uleb128 0x21
 706 008b 00       		.byte	0
 707 008c 49       		.uleb128 0x49
 708 008d 13       		.uleb128 0x13
 709 008e 2F       		.uleb128 0x2f
 710 008f 0B       		.uleb128 0xb
 711 0090 00       		.byte	0
 712 0091 00       		.byte	0
 713 0092 0B       		.uleb128 0xb
 714 0093 34       		.uleb128 0x34
 715 0094 00       		.byte	0
 716 0095 03       		.uleb128 0x3
 717 0096 0E       		.uleb128 0xe
 718 0097 3A       		.uleb128 0x3a
 719 0098 0B       		.uleb128 0xb
 720 0099 3B       		.uleb128 0x3b
 721 009a 0B       		.uleb128 0xb
 722 009b 49       		.uleb128 0x49
 723 009c 13       		.uleb128 0x13
 724 009d 3F       		.uleb128 0x3f
 725 009e 19       		.uleb128 0x19
 726 009f 02       		.uleb128 0x2
 727 00a0 18       		.uleb128 0x18
 728 00a1 00       		.byte	0
 729 00a2 00       		.byte	0
 730 00a3 0C       		.uleb128 0xc
 731 00a4 34       		.uleb128 0x34
 732 00a5 00       		.byte	0
 733 00a6 03       		.uleb128 0x3
 734 00a7 08       		.uleb128 0x8
 735 00a8 3A       		.uleb128 0x3a
 736 00a9 0B       		.uleb128 0xb
 737 00aa 3B       		.uleb128 0x3b
 738 00ab 0B       		.uleb128 0xb
 739 00ac 49       		.uleb128 0x49
 740 00ad 13       		.uleb128 0x13
 741 00ae 3F       		.uleb128 0x3f
 742 00af 19       		.uleb128 0x19
 743 00b0 02       		.uleb128 0x2
 744 00b1 18       		.uleb128 0x18
 745 00b2 00       		.byte	0
 746 00b3 00       		.byte	0
 747 00b4 00       		.byte	0
 748              		.section	.debug_aranges,"",%progbits
 749 0000 24000000 		.4byte	0x24
 750 0004 0200     		.2byte	0x2
 751 0006 00000000 		.4byte	.Ldebug_info0
 752 000a 04       		.byte	0x4
 753 000b 00       		.byte	0
 754 000c 0000     		.2byte	0
 755 000e 0000     		.2byte	0
 756 0010 00000000 		.4byte	.LFB63
ARM GAS  C:\Users\Soren\AppData\Local\Temp\ccR8iGKg.s 			page 16


 757 0014 44010000 		.4byte	.LFE63-.LFB63
 758 0018 00000000 		.4byte	.LFB64
 759 001c 28000000 		.4byte	.LFE64-.LFB64
 760 0020 00000000 		.4byte	0
 761 0024 00000000 		.4byte	0
 762              		.section	.debug_ranges,"",%progbits
 763              	.Ldebug_ranges0:
 764 0000 00000000 		.4byte	.LFB63
 765 0004 44010000 		.4byte	.LFE63
 766 0008 00000000 		.4byte	.LFB64
 767 000c 28000000 		.4byte	.LFE64
 768 0010 00000000 		.4byte	0
 769 0014 00000000 		.4byte	0
 770              		.section	.debug_line,"",%progbits
 771              	.Ldebug_line0:
 772 0000 93010000 		.section	.debug_str,"MS",%progbits,1
 772      02004F01 
 772      00000201 
 772      FB0E0D00 
 772      01010101 
 773              	.LASF25:
 774 0000 416D705F 		.ascii	"Amp_Volt\000"
 774      566F6C74 
 774      00
 775              	.LASF14:
 776 0009 5F5F696E 		.ascii	"__int32_t\000"
 776      7433325F 
 776      7400
 777              	.LASF18:
 778 0013 52655F76 		.ascii	"Re_volt\000"
 778      6F6C7400 
 779              	.LASF11:
 780 001b 646F7562 		.ascii	"double\000"
 780      6C6500
 781              	.LASF24:
 782 0022 53616D70 		.ascii	"SampleArrayI\000"
 782      6C654172 
 782      72617949 
 782      00
 783              	.LASF12:
 784 002f 666C6F61 		.ascii	"float\000"
 784      7400
 785              	.LASF1:
 786 0035 7369676E 		.ascii	"signed char\000"
 786      65642063 
 786      68617200 
 787              	.LASF2:
 788 0041 756E7369 		.ascii	"unsigned char\000"
 788      676E6564 
 788      20636861 
 788      7200
 789              	.LASF6:
 790 004f 6C6F6E67 		.ascii	"long unsigned int\000"
 790      20756E73 
 790      69676E65 
 790      6420696E 
 790      7400
ARM GAS  C:\Users\Soren\AppData\Local\Temp\ccR8iGKg.s 			page 17


 791              	.LASF4:
 792 0061 73686F72 		.ascii	"short unsigned int\000"
 792      7420756E 
 792      7369676E 
 792      65642069 
 792      6E7400
 793              	.LASF31:
 794 0074 5C5C4D61 		.ascii	"\\\\Mac\\Home\\Desktop\\Projekt\\Maaleenhed\\Maalee"
 794      635C486F 
 794      6D655C44 
 794      65736B74 
 794      6F705C50 
 795 00a0 6E686564 		.ascii	"nhed\\Spaendingsmaaler - UART\\Maaler.cydsn\000"
 795      5C537061 
 795      656E6469 
 795      6E67736D 
 795      61616C65 
 796              	.LASF16:
 797 00ca 49544D5F 		.ascii	"ITM_RxBuffer\000"
 797      52784275 
 797      66666572 
 797      00
 798              	.LASF29:
 799 00d7 474E5520 		.ascii	"GNU C 4.9.3 20150303 (release) [ARM/embedded-4_9-br"
 799      4320342E 
 799      392E3320 
 799      32303135 
 799      30333033 
 800 010a 616E6368 		.ascii	"anch revision 221220] -mcpu=cortex-m3 -mthumb -g -O"
 800      20726576 
 800      6973696F 
 800      6E203232 
 800      31323230 
 801 013d 30202D66 		.ascii	"0 -ffunction-sections -ffat-lto-objects\000"
 801      66756E63 
 801      74696F6E 
 801      2D736563 
 801      74696F6E 
 802              	.LASF32:
 803 0165 6973725F 		.ascii	"isr_RX\000"
 803      525800
 804              	.LASF33:
 805 016c 6D61696E 		.ascii	"main\000"
 805      00
 806              	.LASF23:
 807 0171 53616D70 		.ascii	"SampleArrayU\000"
 807      6C654172 
 807      72617955 
 807      00
 808              	.LASF0:
 809 017e 756E7369 		.ascii	"unsigned int\000"
 809      676E6564 
 809      20696E74 
 809      00
 810              	.LASF28:
 811 018b 524D535F 		.ascii	"RMS_Ampere\000"
 811      416D7065 
ARM GAS  C:\Users\Soren\AppData\Local\Temp\ccR8iGKg.s 			page 18


 811      726500
 812              	.LASF8:
 813 0196 6C6F6E67 		.ascii	"long long unsigned int\000"
 813      206C6F6E 
 813      6720756E 
 813      7369676E 
 813      65642069 
 814              	.LASF19:
 815 01ad 496D5F76 		.ascii	"Im_volt\000"
 815      6F6C7400 
 816              	.LASF15:
 817 01b5 696E7433 		.ascii	"int32_t\000"
 817      325F7400 
 818              	.LASF9:
 819 01bd 73697A65 		.ascii	"sizetype\000"
 819      74797065 
 819      00
 820              	.LASF7:
 821 01c6 6C6F6E67 		.ascii	"long long int\000"
 821      206C6F6E 
 821      6720696E 
 821      7400
 822              	.LASF30:
 823 01d4 6D61696E 		.ascii	"main.c\000"
 823      2E6300
 824              	.LASF10:
 825 01db 63686172 		.ascii	"char\000"
 825      00
 826              	.LASF21:
 827 01e0 52655F41 		.ascii	"Re_Ampere\000"
 827      6D706572 
 827      6500
 828              	.LASF22:
 829 01ea 496D5F41 		.ascii	"Im_Ampere\000"
 829      6D706572 
 829      6500
 830              	.LASF3:
 831 01f4 73686F72 		.ascii	"short int\000"
 831      7420696E 
 831      7400
 832              	.LASF27:
 833 01fe 416D705F 		.ascii	"Amp_Ampere\000"
 833      416D7065 
 833      726500
 834              	.LASF17:
 835 0209 4162735F 		.ascii	"Abs_volt\000"
 835      766F6C74 
 835      00
 836              	.LASF5:
 837 0212 6C6F6E67 		.ascii	"long int\000"
 837      20696E74 
 837      00
 838              	.LASF13:
 839 021b 6C6F6E67 		.ascii	"long double\000"
 839      20646F75 
 839      626C6500 
 840              	.LASF26:
ARM GAS  C:\Users\Soren\AppData\Local\Temp\ccR8iGKg.s 			page 19


 841 0227 524D535F 		.ascii	"RMS_Volt\000"
 841      566F6C74 
 841      00
 842              	.LASF20:
 843 0230 4162735F 		.ascii	"Abs_Ampere\000"
 843      416D7065 
 843      726500
 844              		.ident	"GCC: (GNU Tools for ARM Embedded Processors) 4.9.3 20150303 (release) [ARM/embedded-4_9-br
