ARM GAS  C:\Users\User\AppData\Local\Temp\ccyvoDPr.s 			page 1


   1              		.syntax unified
   2              		.cpu cortex-m3
   3              		.fpu softvfp
   4              		.eabi_attribute 20, 1
   5              		.eabi_attribute 21, 1
   6              		.eabi_attribute 23, 3
   7              		.eabi_attribute 24, 1
   8              		.eabi_attribute 25, 1
   9              		.eabi_attribute 26, 1
  10              		.eabi_attribute 30, 6
  11              		.eabi_attribute 34, 1
  12              		.eabi_attribute 18, 4
  13              		.thumb
  14              		.file	"main.c"
  15              		.text
  16              	.Ltext0:
  17              		.cfi_sections	.debug_frame
  18              		.global	Abs_volt
  19              		.bss
  20              		.align	3
  21              		.type	Abs_volt, %object
  22              		.size	Abs_volt, 512
  23              	Abs_volt:
  24 0000 00000000 		.space	512
  24      00000000 
  24      00000000 
  24      00000000 
  24      00000000 
  25              		.global	Re_volt
  26              		.align	3
  27              		.type	Re_volt, %object
  28              		.size	Re_volt, 512
  29              	Re_volt:
  30 0200 00000000 		.space	512
  30      00000000 
  30      00000000 
  30      00000000 
  30      00000000 
  31              		.global	Im_volt
  32              		.align	3
  33              		.type	Im_volt, %object
  34              		.size	Im_volt, 512
  35              	Im_volt:
  36 0400 00000000 		.space	512
  36      00000000 
  36      00000000 
  36      00000000 
  36      00000000 
  37              		.global	Abs_Ampere
  38              		.align	3
  39              		.type	Abs_Ampere, %object
  40              		.size	Abs_Ampere, 512
  41              	Abs_Ampere:
  42 0600 00000000 		.space	512
  42      00000000 
  42      00000000 
  42      00000000 
ARM GAS  C:\Users\User\AppData\Local\Temp\ccyvoDPr.s 			page 2


  42      00000000 
  43              		.global	Re_Ampere
  44              		.align	3
  45              		.type	Re_Ampere, %object
  46              		.size	Re_Ampere, 512
  47              	Re_Ampere:
  48 0800 00000000 		.space	512
  48      00000000 
  48      00000000 
  48      00000000 
  48      00000000 
  49              		.global	Im_Ampere
  50              		.align	3
  51              		.type	Im_Ampere, %object
  52              		.size	Im_Ampere, 512
  53              	Im_Ampere:
  54 0a00 00000000 		.space	512
  54      00000000 
  54      00000000 
  54      00000000 
  54      00000000 
  55              		.global	__aeabi_dmul
  56              		.global	__aeabi_dsub
  57              		.global	__aeabi_dadd
  58              		.global	__aeabi_ddiv
  59              		.section	.text.FFT,"ax",%progbits
  60              		.align	2
  61              		.global	FFT
  62              		.thumb
  63              		.thumb_func
  64              		.type	FFT, %function
  65              	FFT:
  66              	.LFB63:
  67              		.file 1 "fft.h"
   1:fft.h         **** #include "math.h"				 //mathematical library
   2:fft.h         **** 
   3:fft.h         **** // FFT parameters
   4:fft.h         **** #define N_points 64              //number of points				
   5:fft.h         **** #define exponent log(64)/log(2)  //log2(N_points); for N_points=64 -> exponent=6
   6:fft.h         **** #define pi 3.14159265359
   7:fft.h         **** #define V_faktor 5.4391
   8:fft.h         **** #define I_faktor 0.3291
   9:fft.h         **** 
  10:fft.h         **** 
  11:fft.h         **** 
  12:fft.h         **** // FFT variables
  13:fft.h         **** double Abs_volt[N_points]={0};        //arrays
  14:fft.h         **** double Re_volt[N_points]={0};
  15:fft.h         **** double Im_volt[N_points]={0};
  16:fft.h         **** 
  17:fft.h         **** double Abs_Ampere[N_points]={0};        //arrays
  18:fft.h         **** double Re_Ampere[N_points]={0};
  19:fft.h         **** double Im_Ampere[N_points]={0};
  20:fft.h         **** 
  21:fft.h         **** 
  22:fft.h         **** // FFT function
  23:fft.h         **** void FFT(int dir,long m,double *x,double *y, double *u)
ARM GAS  C:\Users\User\AppData\Local\Temp\ccyvoDPr.s 			page 3


  24:fft.h         **** {
  68              		.loc 1 24 0
  69              		.cfi_startproc
  70              		@ args = 4, pretend = 0, frame = 128
  71              		@ frame_needed = 1, uses_anonymous_args = 0
  72 0000 2DE9B043 		push	{r4, r5, r7, r8, r9, lr}
  73              		.cfi_def_cfa_offset 24
  74              		.cfi_offset 4, -24
  75              		.cfi_offset 5, -20
  76              		.cfi_offset 7, -16
  77              		.cfi_offset 8, -12
  78              		.cfi_offset 9, -8
  79              		.cfi_offset 14, -4
  80 0004 A0B0     		sub	sp, sp, #128
  81              		.cfi_def_cfa_offset 152
  82 0006 00AF     		add	r7, sp, #0
  83              		.cfi_def_cfa_register 7
  84 0008 F860     		str	r0, [r7, #12]
  85 000a B960     		str	r1, [r7, #8]
  86 000c 7A60     		str	r2, [r7, #4]
  87 000e 3B60     		str	r3, [r7]
  25:fft.h         ****    // dir:  forward (=1) o inverse (!=1) transform; 
  26:fft.h         ****    // m exponent;
  27:fft.h         ****    
  28:fft.h         ****    long n,i,i1,j,k,i2,l,l1,l2;
  29:fft.h         ****    double c1,c2,tx,ty,t1,t2,u1,u2,z;
  30:fft.h         **** 
  31:fft.h         ****    /* Calculate the number of points */
  32:fft.h         ****    n = 1;
  88              		.loc 1 32 0
  89 0010 0123     		movs	r3, #1
  90 0012 FB67     		str	r3, [r7, #124]
  33:fft.h         ****    for (i=0;i<m;i++) 
  91              		.loc 1 33 0
  92 0014 0023     		movs	r3, #0
  93 0016 BB67     		str	r3, [r7, #120]
  94 0018 05E0     		b	.L2
  95              	.L3:
  34:fft.h         ****       n *= 2;
  96              		.loc 1 34 0 discriminator 3
  97 001a FB6F     		ldr	r3, [r7, #124]
  98 001c 5B00     		lsls	r3, r3, #1
  99 001e FB67     		str	r3, [r7, #124]
  33:fft.h         ****    for (i=0;i<m;i++) 
 100              		.loc 1 33 0 discriminator 3
 101 0020 BB6F     		ldr	r3, [r7, #120]
 102 0022 0133     		adds	r3, r3, #1
 103 0024 BB67     		str	r3, [r7, #120]
 104              	.L2:
  33:fft.h         ****    for (i=0;i<m;i++) 
 105              		.loc 1 33 0 is_stmt 0 discriminator 1
 106 0026 BA6F     		ldr	r2, [r7, #120]
 107 0028 BB68     		ldr	r3, [r7, #8]
 108 002a 9A42     		cmp	r2, r3
 109 002c F5DB     		blt	.L3
  35:fft.h         **** 
  36:fft.h         ****    /* Do the bit reversal */
ARM GAS  C:\Users\User\AppData\Local\Temp\ccyvoDPr.s 			page 4


  37:fft.h         ****    i2 = n >> 1;
 110              		.loc 1 37 0 is_stmt 1
 111 002e FB6F     		ldr	r3, [r7, #124]
 112 0030 5B10     		asrs	r3, r3, #1
 113 0032 7B64     		str	r3, [r7, #68]
  38:fft.h         ****    j = 0;
 114              		.loc 1 38 0
 115 0034 0023     		movs	r3, #0
 116 0036 7B67     		str	r3, [r7, #116]
  39:fft.h         ****    for (i=0;i<n-1;i++) {
 117              		.loc 1 39 0
 118 0038 0023     		movs	r3, #0
 119 003a BB67     		str	r3, [r7, #120]
 120 003c 50E0     		b	.L4
 121              	.L8:
  40:fft.h         ****       if (i < j) {
 122              		.loc 1 40 0
 123 003e BA6F     		ldr	r2, [r7, #120]
 124 0040 7B6F     		ldr	r3, [r7, #116]
 125 0042 9A42     		cmp	r2, r3
 126 0044 37DA     		bge	.L5
  41:fft.h         ****          tx = x[i];
 127              		.loc 1 41 0
 128 0046 BB6F     		ldr	r3, [r7, #120]
 129 0048 DB00     		lsls	r3, r3, #3
 130 004a 7A68     		ldr	r2, [r7, #4]
 131 004c 1344     		add	r3, r3, r2
 132 004e D3E90023 		ldrd	r2, [r3]
 133 0052 C7E90E23 		strd	r2, [r7, #56]
  42:fft.h         ****          ty = y[i];
 134              		.loc 1 42 0
 135 0056 BB6F     		ldr	r3, [r7, #120]
 136 0058 DB00     		lsls	r3, r3, #3
 137 005a 3A68     		ldr	r2, [r7]
 138 005c 1344     		add	r3, r3, r2
 139 005e D3E90023 		ldrd	r2, [r3]
 140 0062 C7E90C23 		strd	r2, [r7, #48]
  43:fft.h         ****          x[i] = x[j];
 141              		.loc 1 43 0
 142 0066 BB6F     		ldr	r3, [r7, #120]
 143 0068 DB00     		lsls	r3, r3, #3
 144 006a 7A68     		ldr	r2, [r7, #4]
 145 006c D118     		adds	r1, r2, r3
 146 006e 7B6F     		ldr	r3, [r7, #116]
 147 0070 DB00     		lsls	r3, r3, #3
 148 0072 7A68     		ldr	r2, [r7, #4]
 149 0074 1344     		add	r3, r3, r2
 150 0076 D3E90023 		ldrd	r2, [r3]
 151 007a C1E90023 		strd	r2, [r1]
  44:fft.h         ****          y[i] = y[j];
 152              		.loc 1 44 0
 153 007e BB6F     		ldr	r3, [r7, #120]
 154 0080 DB00     		lsls	r3, r3, #3
 155 0082 3A68     		ldr	r2, [r7]
 156 0084 D118     		adds	r1, r2, r3
 157 0086 7B6F     		ldr	r3, [r7, #116]
 158 0088 DB00     		lsls	r3, r3, #3
ARM GAS  C:\Users\User\AppData\Local\Temp\ccyvoDPr.s 			page 5


 159 008a 3A68     		ldr	r2, [r7]
 160 008c 1344     		add	r3, r3, r2
 161 008e D3E90023 		ldrd	r2, [r3]
 162 0092 C1E90023 		strd	r2, [r1]
  45:fft.h         ****          x[j] = tx;
 163              		.loc 1 45 0
 164 0096 7B6F     		ldr	r3, [r7, #116]
 165 0098 DB00     		lsls	r3, r3, #3
 166 009a 7A68     		ldr	r2, [r7, #4]
 167 009c D118     		adds	r1, r2, r3
 168 009e D7E90E23 		ldrd	r2, [r7, #56]
 169 00a2 C1E90023 		strd	r2, [r1]
  46:fft.h         ****          y[j] = ty;
 170              		.loc 1 46 0
 171 00a6 7B6F     		ldr	r3, [r7, #116]
 172 00a8 DB00     		lsls	r3, r3, #3
 173 00aa 3A68     		ldr	r2, [r7]
 174 00ac D118     		adds	r1, r2, r3
 175 00ae D7E90C23 		ldrd	r2, [r7, #48]
 176 00b2 C1E90023 		strd	r2, [r1]
 177              	.L5:
  47:fft.h         ****       }
  48:fft.h         ****       k = i2;
 178              		.loc 1 48 0
 179 00b6 7B6C     		ldr	r3, [r7, #68]
 180 00b8 3B67     		str	r3, [r7, #112]
  49:fft.h         ****       while (k <= j) {
 181              		.loc 1 49 0
 182 00ba 06E0     		b	.L6
 183              	.L7:
  50:fft.h         ****          j -= k;
 184              		.loc 1 50 0
 185 00bc 7A6F     		ldr	r2, [r7, #116]
 186 00be 3B6F     		ldr	r3, [r7, #112]
 187 00c0 D31A     		subs	r3, r2, r3
 188 00c2 7B67     		str	r3, [r7, #116]
  51:fft.h         ****          k >>= 1;
 189              		.loc 1 51 0
 190 00c4 3B6F     		ldr	r3, [r7, #112]
 191 00c6 5B10     		asrs	r3, r3, #1
 192 00c8 3B67     		str	r3, [r7, #112]
 193              	.L6:
  49:fft.h         ****       while (k <= j) {
 194              		.loc 1 49 0
 195 00ca 3A6F     		ldr	r2, [r7, #112]
 196 00cc 7B6F     		ldr	r3, [r7, #116]
 197 00ce 9A42     		cmp	r2, r3
 198 00d0 F4DD     		ble	.L7
  52:fft.h         ****       }
  53:fft.h         ****       j += k;
 199              		.loc 1 53 0 discriminator 2
 200 00d2 7A6F     		ldr	r2, [r7, #116]
 201 00d4 3B6F     		ldr	r3, [r7, #112]
 202 00d6 1344     		add	r3, r3, r2
 203 00d8 7B67     		str	r3, [r7, #116]
  39:fft.h         ****       if (i < j) {
 204              		.loc 1 39 0 discriminator 2
ARM GAS  C:\Users\User\AppData\Local\Temp\ccyvoDPr.s 			page 6


 205 00da BB6F     		ldr	r3, [r7, #120]
 206 00dc 0133     		adds	r3, r3, #1
 207 00de BB67     		str	r3, [r7, #120]
 208              	.L4:
  39:fft.h         ****       if (i < j) {
 209              		.loc 1 39 0 is_stmt 0 discriminator 1
 210 00e0 FB6F     		ldr	r3, [r7, #124]
 211 00e2 5A1E     		subs	r2, r3, #1
 212 00e4 BB6F     		ldr	r3, [r7, #120]
 213 00e6 9A42     		cmp	r2, r3
 214 00e8 A9DC     		bgt	.L8
  54:fft.h         ****    }
  55:fft.h         **** 
  56:fft.h         ****    /* Compute the FFT */
  57:fft.h         ****    c1 = -1.0; 
 215              		.loc 1 57 0 is_stmt 1
 216 00ea 4FF00002 		mov	r2, #0
 217 00ee A94B     		ldr	r3, .L18
 218 00f0 C7E91823 		strd	r2, [r7, #96]
  58:fft.h         ****    c2 = 0.0;
 219              		.loc 1 58 0
 220 00f4 4FF00002 		mov	r2, #0
 221 00f8 4FF00003 		mov	r3, #0
 222 00fc C7E91623 		strd	r2, [r7, #88]
  59:fft.h         ****    l2 = 1;
 223              		.loc 1 59 0
 224 0100 0123     		movs	r3, #1
 225 0102 BB66     		str	r3, [r7, #104]
  60:fft.h         ****    for (l=0;l<m;l++) {
 226              		.loc 1 60 0
 227 0104 0023     		movs	r3, #0
 228 0106 FB66     		str	r3, [r7, #108]
 229 0108 3CE1     		b	.L9
 230              	.L15:
  61:fft.h         ****       l1 = l2;
 231              		.loc 1 61 0
 232 010a BB6E     		ldr	r3, [r7, #104]
 233 010c FB62     		str	r3, [r7, #44]
  62:fft.h         ****       l2 <<= 1;
 234              		.loc 1 62 0
 235 010e BB6E     		ldr	r3, [r7, #104]
 236 0110 5B00     		lsls	r3, r3, #1
 237 0112 BB66     		str	r3, [r7, #104]
  63:fft.h         ****       u1 = 1.0; 
 238              		.loc 1 63 0
 239 0114 4FF00002 		mov	r2, #0
 240 0118 9F4B     		ldr	r3, .L18+4
 241 011a C7E91423 		strd	r2, [r7, #80]
  64:fft.h         ****       u2 = 0.0;
 242              		.loc 1 64 0
 243 011e 4FF00002 		mov	r2, #0
 244 0122 4FF00003 		mov	r3, #0
 245 0126 C7E91223 		strd	r2, [r7, #72]
  65:fft.h         ****       for (j=0;j<l1;j++) {
 246              		.loc 1 65 0
 247 012a 0023     		movs	r3, #0
 248 012c 7B67     		str	r3, [r7, #116]
ARM GAS  C:\Users\User\AppData\Local\Temp\ccyvoDPr.s 			page 7


 249 012e E6E0     		b	.L10
 250              	.L13:
  66:fft.h         ****          for (i=j;i<n;i+=l2) {
 251              		.loc 1 66 0
 252 0130 7B6F     		ldr	r3, [r7, #116]
 253 0132 BB67     		str	r3, [r7, #120]
 254 0134 A3E0     		b	.L11
 255              	.L12:
  67:fft.h         ****             i1 = i + l1;
 256              		.loc 1 67 0 discriminator 3
 257 0136 BA6F     		ldr	r2, [r7, #120]
 258 0138 FB6A     		ldr	r3, [r7, #44]
 259 013a 1344     		add	r3, r3, r2
 260 013c BB62     		str	r3, [r7, #40]
  68:fft.h         ****             t1 = u1 * x[i1] - u2 * y[i1];
 261              		.loc 1 68 0 discriminator 3
 262 013e BB6A     		ldr	r3, [r7, #40]
 263 0140 DB00     		lsls	r3, r3, #3
 264 0142 7A68     		ldr	r2, [r7, #4]
 265 0144 1344     		add	r3, r3, r2
 266 0146 D3E90023 		ldrd	r2, [r3]
 267 014a 1046     		mov	r0, r2
 268 014c 1946     		mov	r1, r3
 269 014e D7E91423 		ldrd	r2, [r7, #80]
 270 0152 FFF7FEFF 		bl	__aeabi_dmul
 271 0156 0246     		mov	r2, r0
 272 0158 0B46     		mov	r3, r1
 273 015a 1446     		mov	r4, r2
 274 015c 1D46     		mov	r5, r3
 275 015e BB6A     		ldr	r3, [r7, #40]
 276 0160 DB00     		lsls	r3, r3, #3
 277 0162 3A68     		ldr	r2, [r7]
 278 0164 1344     		add	r3, r3, r2
 279 0166 D3E90023 		ldrd	r2, [r3]
 280 016a 1046     		mov	r0, r2
 281 016c 1946     		mov	r1, r3
 282 016e D7E91223 		ldrd	r2, [r7, #72]
 283 0172 FFF7FEFF 		bl	__aeabi_dmul
 284 0176 0246     		mov	r2, r0
 285 0178 0B46     		mov	r3, r1
 286 017a 2046     		mov	r0, r4
 287 017c 2946     		mov	r1, r5
 288 017e FFF7FEFF 		bl	__aeabi_dsub
 289 0182 0246     		mov	r2, r0
 290 0184 0B46     		mov	r3, r1
 291 0186 C7E90823 		strd	r2, [r7, #32]
  69:fft.h         ****             t2 = u1 * y[i1] + u2 * x[i1];
 292              		.loc 1 69 0 discriminator 3
 293 018a BB6A     		ldr	r3, [r7, #40]
 294 018c DB00     		lsls	r3, r3, #3
 295 018e 3A68     		ldr	r2, [r7]
 296 0190 1344     		add	r3, r3, r2
 297 0192 D3E90023 		ldrd	r2, [r3]
 298 0196 1046     		mov	r0, r2
 299 0198 1946     		mov	r1, r3
 300 019a D7E91423 		ldrd	r2, [r7, #80]
 301 019e FFF7FEFF 		bl	__aeabi_dmul
ARM GAS  C:\Users\User\AppData\Local\Temp\ccyvoDPr.s 			page 8


 302 01a2 0246     		mov	r2, r0
 303 01a4 0B46     		mov	r3, r1
 304 01a6 1446     		mov	r4, r2
 305 01a8 1D46     		mov	r5, r3
 306 01aa BB6A     		ldr	r3, [r7, #40]
 307 01ac DB00     		lsls	r3, r3, #3
 308 01ae 7A68     		ldr	r2, [r7, #4]
 309 01b0 1344     		add	r3, r3, r2
 310 01b2 D3E90023 		ldrd	r2, [r3]
 311 01b6 1046     		mov	r0, r2
 312 01b8 1946     		mov	r1, r3
 313 01ba D7E91223 		ldrd	r2, [r7, #72]
 314 01be FFF7FEFF 		bl	__aeabi_dmul
 315 01c2 0246     		mov	r2, r0
 316 01c4 0B46     		mov	r3, r1
 317 01c6 2046     		mov	r0, r4
 318 01c8 2946     		mov	r1, r5
 319 01ca FFF7FEFF 		bl	__aeabi_dadd
 320 01ce 0246     		mov	r2, r0
 321 01d0 0B46     		mov	r3, r1
 322 01d2 C7E90623 		strd	r2, [r7, #24]
  70:fft.h         ****             x[i1] = x[i] - t1; 
 323              		.loc 1 70 0 discriminator 3
 324 01d6 BB6A     		ldr	r3, [r7, #40]
 325 01d8 DB00     		lsls	r3, r3, #3
 326 01da 7A68     		ldr	r2, [r7, #4]
 327 01dc D418     		adds	r4, r2, r3
 328 01de BB6F     		ldr	r3, [r7, #120]
 329 01e0 DB00     		lsls	r3, r3, #3
 330 01e2 7A68     		ldr	r2, [r7, #4]
 331 01e4 1344     		add	r3, r3, r2
 332 01e6 D3E90023 		ldrd	r2, [r3]
 333 01ea 1046     		mov	r0, r2
 334 01ec 1946     		mov	r1, r3
 335 01ee D7E90823 		ldrd	r2, [r7, #32]
 336 01f2 FFF7FEFF 		bl	__aeabi_dsub
 337 01f6 0246     		mov	r2, r0
 338 01f8 0B46     		mov	r3, r1
 339 01fa C4E90023 		strd	r2, [r4]
  71:fft.h         ****             y[i1] = y[i] - t2;
 340              		.loc 1 71 0 discriminator 3
 341 01fe BB6A     		ldr	r3, [r7, #40]
 342 0200 DB00     		lsls	r3, r3, #3
 343 0202 3A68     		ldr	r2, [r7]
 344 0204 D418     		adds	r4, r2, r3
 345 0206 BB6F     		ldr	r3, [r7, #120]
 346 0208 DB00     		lsls	r3, r3, #3
 347 020a 3A68     		ldr	r2, [r7]
 348 020c 1344     		add	r3, r3, r2
 349 020e D3E90023 		ldrd	r2, [r3]
 350 0212 1046     		mov	r0, r2
 351 0214 1946     		mov	r1, r3
 352 0216 D7E90623 		ldrd	r2, [r7, #24]
 353 021a FFF7FEFF 		bl	__aeabi_dsub
 354 021e 0246     		mov	r2, r0
 355 0220 0B46     		mov	r3, r1
 356 0222 C4E90023 		strd	r2, [r4]
ARM GAS  C:\Users\User\AppData\Local\Temp\ccyvoDPr.s 			page 9


  72:fft.h         ****             x[i] += t1;
 357              		.loc 1 72 0 discriminator 3
 358 0226 BB6F     		ldr	r3, [r7, #120]
 359 0228 DB00     		lsls	r3, r3, #3
 360 022a 7A68     		ldr	r2, [r7, #4]
 361 022c D418     		adds	r4, r2, r3
 362 022e BB6F     		ldr	r3, [r7, #120]
 363 0230 DB00     		lsls	r3, r3, #3
 364 0232 7A68     		ldr	r2, [r7, #4]
 365 0234 1344     		add	r3, r3, r2
 366 0236 D3E90023 		ldrd	r2, [r3]
 367 023a 1046     		mov	r0, r2
 368 023c 1946     		mov	r1, r3
 369 023e D7E90823 		ldrd	r2, [r7, #32]
 370 0242 FFF7FEFF 		bl	__aeabi_dadd
 371 0246 0246     		mov	r2, r0
 372 0248 0B46     		mov	r3, r1
 373 024a C4E90023 		strd	r2, [r4]
  73:fft.h         ****             y[i] += t2;
 374              		.loc 1 73 0 discriminator 3
 375 024e BB6F     		ldr	r3, [r7, #120]
 376 0250 DB00     		lsls	r3, r3, #3
 377 0252 3A68     		ldr	r2, [r7]
 378 0254 D418     		adds	r4, r2, r3
 379 0256 BB6F     		ldr	r3, [r7, #120]
 380 0258 DB00     		lsls	r3, r3, #3
 381 025a 3A68     		ldr	r2, [r7]
 382 025c 1344     		add	r3, r3, r2
 383 025e D3E90023 		ldrd	r2, [r3]
 384 0262 1046     		mov	r0, r2
 385 0264 1946     		mov	r1, r3
 386 0266 D7E90623 		ldrd	r2, [r7, #24]
 387 026a FFF7FEFF 		bl	__aeabi_dadd
 388 026e 0246     		mov	r2, r0
 389 0270 0B46     		mov	r3, r1
 390 0272 C4E90023 		strd	r2, [r4]
  66:fft.h         ****             i1 = i + l1;
 391              		.loc 1 66 0 discriminator 3
 392 0276 BA6F     		ldr	r2, [r7, #120]
 393 0278 BB6E     		ldr	r3, [r7, #104]
 394 027a 1344     		add	r3, r3, r2
 395 027c BB67     		str	r3, [r7, #120]
 396              	.L11:
  66:fft.h         ****             i1 = i + l1;
 397              		.loc 1 66 0 is_stmt 0 discriminator 1
 398 027e BA6F     		ldr	r2, [r7, #120]
 399 0280 FB6F     		ldr	r3, [r7, #124]
 400 0282 9A42     		cmp	r2, r3
 401 0284 FFF657AF 		blt	.L12
  74:fft.h         ****          }
  75:fft.h         ****          z =  u1 * c1 - u2 * c2;
 402              		.loc 1 75 0 is_stmt 1 discriminator 2
 403 0288 D7E91401 		ldrd	r0, [r7, #80]
 404 028c D7E91823 		ldrd	r2, [r7, #96]
 405 0290 FFF7FEFF 		bl	__aeabi_dmul
 406 0294 0246     		mov	r2, r0
 407 0296 0B46     		mov	r3, r1
ARM GAS  C:\Users\User\AppData\Local\Temp\ccyvoDPr.s 			page 10


 408 0298 1446     		mov	r4, r2
 409 029a 1D46     		mov	r5, r3
 410 029c D7E91201 		ldrd	r0, [r7, #72]
 411 02a0 D7E91623 		ldrd	r2, [r7, #88]
 412 02a4 FFF7FEFF 		bl	__aeabi_dmul
 413 02a8 0246     		mov	r2, r0
 414 02aa 0B46     		mov	r3, r1
 415 02ac 2046     		mov	r0, r4
 416 02ae 2946     		mov	r1, r5
 417 02b0 FFF7FEFF 		bl	__aeabi_dsub
 418 02b4 0246     		mov	r2, r0
 419 02b6 0B46     		mov	r3, r1
 420 02b8 C7E90423 		strd	r2, [r7, #16]
  76:fft.h         ****          u2 = u1 * c2 + u2 * c1;
 421              		.loc 1 76 0 discriminator 2
 422 02bc D7E91401 		ldrd	r0, [r7, #80]
 423 02c0 D7E91623 		ldrd	r2, [r7, #88]
 424 02c4 FFF7FEFF 		bl	__aeabi_dmul
 425 02c8 0246     		mov	r2, r0
 426 02ca 0B46     		mov	r3, r1
 427 02cc 1446     		mov	r4, r2
 428 02ce 1D46     		mov	r5, r3
 429 02d0 D7E91201 		ldrd	r0, [r7, #72]
 430 02d4 D7E91823 		ldrd	r2, [r7, #96]
 431 02d8 FFF7FEFF 		bl	__aeabi_dmul
 432 02dc 0246     		mov	r2, r0
 433 02de 0B46     		mov	r3, r1
 434 02e0 2046     		mov	r0, r4
 435 02e2 2946     		mov	r1, r5
 436 02e4 FFF7FEFF 		bl	__aeabi_dadd
 437 02e8 0246     		mov	r2, r0
 438 02ea 0B46     		mov	r3, r1
 439 02ec C7E91223 		strd	r2, [r7, #72]
  77:fft.h         ****          u1 = z;
 440              		.loc 1 77 0 discriminator 2
 441 02f0 D7E90423 		ldrd	r2, [r7, #16]
 442 02f4 C7E91423 		strd	r2, [r7, #80]
  65:fft.h         ****          for (i=j;i<n;i+=l2) {
 443              		.loc 1 65 0 discriminator 2
 444 02f8 7B6F     		ldr	r3, [r7, #116]
 445 02fa 0133     		adds	r3, r3, #1
 446 02fc 7B67     		str	r3, [r7, #116]
 447              	.L10:
  65:fft.h         ****          for (i=j;i<n;i+=l2) {
 448              		.loc 1 65 0 is_stmt 0 discriminator 1
 449 02fe 7A6F     		ldr	r2, [r7, #116]
 450 0300 FB6A     		ldr	r3, [r7, #44]
 451 0302 9A42     		cmp	r2, r3
 452 0304 FFF614AF 		blt	.L13
  78:fft.h         ****       }
  79:fft.h         ****       c2 = sqrt((1.0 - c1) / 2.0);
 453              		.loc 1 79 0 is_stmt 1
 454 0308 4FF00000 		mov	r0, #0
 455 030c 2249     		ldr	r1, .L18+4
 456 030e D7E91823 		ldrd	r2, [r7, #96]
 457 0312 FFF7FEFF 		bl	__aeabi_dsub
 458 0316 0246     		mov	r2, r0
ARM GAS  C:\Users\User\AppData\Local\Temp\ccyvoDPr.s 			page 11


 459 0318 0B46     		mov	r3, r1
 460 031a 1046     		mov	r0, r2
 461 031c 1946     		mov	r1, r3
 462 031e 4FF00002 		mov	r2, #0
 463 0322 4FF08043 		mov	r3, #1073741824
 464 0326 FFF7FEFF 		bl	__aeabi_ddiv
 465 032a 0246     		mov	r2, r0
 466 032c 0B46     		mov	r3, r1
 467 032e 1046     		mov	r0, r2
 468 0330 1946     		mov	r1, r3
 469 0332 FFF7FEFF 		bl	sqrt
 470 0336 C7E91601 		strd	r0, [r7, #88]
  80:fft.h         ****       if (dir == 1) 
 471              		.loc 1 80 0
 472 033a FB68     		ldr	r3, [r7, #12]
 473 033c 012B     		cmp	r3, #1
 474 033e 05D1     		bne	.L14
  81:fft.h         ****          c2 = -c2;
 475              		.loc 1 81 0
 476 0340 BB6D     		ldr	r3, [r7, #88]
 477 0342 BB65     		str	r3, [r7, #88]
 478 0344 FB6D     		ldr	r3, [r7, #92]
 479 0346 83F00043 		eor	r3, r3, #-2147483648
 480 034a FB65     		str	r3, [r7, #92]
 481              	.L14:
  82:fft.h         ****       c1 = sqrt((1.0 + c1) / 2.0);
 482              		.loc 1 82 0 discriminator 2
 483 034c D7E91801 		ldrd	r0, [r7, #96]
 484 0350 4FF00002 		mov	r2, #0
 485 0354 104B     		ldr	r3, .L18+4
 486 0356 FFF7FEFF 		bl	__aeabi_dadd
 487 035a 0246     		mov	r2, r0
 488 035c 0B46     		mov	r3, r1
 489 035e 1046     		mov	r0, r2
 490 0360 1946     		mov	r1, r3
 491 0362 4FF00002 		mov	r2, #0
 492 0366 4FF08043 		mov	r3, #1073741824
 493 036a FFF7FEFF 		bl	__aeabi_ddiv
 494 036e 0246     		mov	r2, r0
 495 0370 0B46     		mov	r3, r1
 496 0372 1046     		mov	r0, r2
 497 0374 1946     		mov	r1, r3
 498 0376 FFF7FEFF 		bl	sqrt
 499 037a C7E91801 		strd	r0, [r7, #96]
  60:fft.h         ****       l1 = l2;
 500              		.loc 1 60 0 discriminator 2
 501 037e FB6E     		ldr	r3, [r7, #108]
 502 0380 0133     		adds	r3, r3, #1
 503 0382 FB66     		str	r3, [r7, #108]
 504              	.L9:
  60:fft.h         ****       l1 = l2;
 505              		.loc 1 60 0 is_stmt 0 discriminator 1
 506 0384 FA6E     		ldr	r2, [r7, #108]
 507 0386 BB68     		ldr	r3, [r7, #8]
 508 0388 9A42     		cmp	r2, r3
 509 038a FFF6BEAE 		blt	.L15
  83:fft.h         ****    }
ARM GAS  C:\Users\User\AppData\Local\Temp\ccyvoDPr.s 			page 12


  84:fft.h         **** 
  85:fft.h         ****    /* Scaling factor for forward transform */
  86:fft.h         **** //   if (dir == 1) {
  87:fft.h         **** //      for (i=0;i<n;i++) {
  88:fft.h         **** //         x[i] /= n;
  89:fft.h         **** //         y[i] /= n;
  90:fft.h         **** //      }
  91:fft.h         **** //   }
  92:fft.h         ****    
  93:fft.h         ****    for(i=0;i<N_points;i++)
 510              		.loc 1 93 0 is_stmt 1
 511 038e 0023     		movs	r3, #0
 512 0390 BB67     		str	r3, [r7, #120]
 513 0392 4AE0     		b	.L16
 514              	.L19:
 515              		.align	2
 516              	.L18:
 517 0394 0000F0BF 		.word	-1074790400
 518 0398 0000F03F 		.word	1072693248
 519              	.L17:
  94:fft.h         ****    {
  95:fft.h         ****     /* Absolute value */
  96:fft.h         ****    u[i]=2*sqrt((x[i]*x[i])+(y[i]*y[i]))/N_points;  
 520              		.loc 1 96 0 discriminator 3
 521 039c BB6F     		ldr	r3, [r7, #120]
 522 039e DB00     		lsls	r3, r3, #3
 523 03a0 D7F89820 		ldr	r2, [r7, #152]
 524 03a4 D418     		adds	r4, r2, r3
 525 03a6 BB6F     		ldr	r3, [r7, #120]
 526 03a8 DB00     		lsls	r3, r3, #3
 527 03aa 7A68     		ldr	r2, [r7, #4]
 528 03ac 1344     		add	r3, r3, r2
 529 03ae D3E90001 		ldrd	r0, [r3]
 530 03b2 BB6F     		ldr	r3, [r7, #120]
 531 03b4 DB00     		lsls	r3, r3, #3
 532 03b6 7A68     		ldr	r2, [r7, #4]
 533 03b8 1344     		add	r3, r3, r2
 534 03ba D3E90023 		ldrd	r2, [r3]
 535 03be FFF7FEFF 		bl	__aeabi_dmul
 536 03c2 0246     		mov	r2, r0
 537 03c4 0B46     		mov	r3, r1
 538 03c6 9046     		mov	r8, r2
 539 03c8 9946     		mov	r9, r3
 540 03ca BB6F     		ldr	r3, [r7, #120]
 541 03cc DB00     		lsls	r3, r3, #3
 542 03ce 3A68     		ldr	r2, [r7]
 543 03d0 1344     		add	r3, r3, r2
 544 03d2 D3E90001 		ldrd	r0, [r3]
 545 03d6 BB6F     		ldr	r3, [r7, #120]
 546 03d8 DB00     		lsls	r3, r3, #3
 547 03da 3A68     		ldr	r2, [r7]
 548 03dc 1344     		add	r3, r3, r2
 549 03de D3E90023 		ldrd	r2, [r3]
 550 03e2 FFF7FEFF 		bl	__aeabi_dmul
 551 03e6 0246     		mov	r2, r0
 552 03e8 0B46     		mov	r3, r1
 553 03ea 4046     		mov	r0, r8
ARM GAS  C:\Users\User\AppData\Local\Temp\ccyvoDPr.s 			page 13


 554 03ec 4946     		mov	r1, r9
 555 03ee FFF7FEFF 		bl	__aeabi_dadd
 556 03f2 0246     		mov	r2, r0
 557 03f4 0B46     		mov	r3, r1
 558 03f6 1046     		mov	r0, r2
 559 03f8 1946     		mov	r1, r3
 560 03fa FFF7FEFF 		bl	sqrt
 561 03fe 0246     		mov	r2, r0
 562 0400 0B46     		mov	r3, r1
 563 0402 1046     		mov	r0, r2
 564 0404 1946     		mov	r1, r3
 565 0406 FFF7FEFF 		bl	__aeabi_dadd
 566 040a 0246     		mov	r2, r0
 567 040c 0B46     		mov	r3, r1
 568 040e 1046     		mov	r0, r2
 569 0410 1946     		mov	r1, r3
 570 0412 4FF00002 		mov	r2, #0
 571 0416 084B     		ldr	r3, .L20
 572 0418 FFF7FEFF 		bl	__aeabi_ddiv
 573 041c 0246     		mov	r2, r0
 574 041e 0B46     		mov	r3, r1
 575 0420 C4E90023 		strd	r2, [r4]
  93:fft.h         ****    {
 576              		.loc 1 93 0 discriminator 3
 577 0424 BB6F     		ldr	r3, [r7, #120]
 578 0426 0133     		adds	r3, r3, #1
 579 0428 BB67     		str	r3, [r7, #120]
 580              	.L16:
  93:fft.h         ****    {
 581              		.loc 1 93 0 is_stmt 0 discriminator 1
 582 042a BB6F     		ldr	r3, [r7, #120]
 583 042c 3F2B     		cmp	r3, #63
 584 042e B5DD     		ble	.L17
  97:fft.h         ****    }
  98:fft.h         **** }
 585              		.loc 1 98 0 is_stmt 1
 586 0430 8037     		adds	r7, r7, #128
 587              		.cfi_def_cfa_offset 24
 588 0432 BD46     		mov	sp, r7
 589              		.cfi_def_cfa_register 13
 590              		@ sp needed
 591 0434 BDE8B083 		pop	{r4, r5, r7, r8, r9, pc}
 592              	.L21:
 593              		.align	2
 594              	.L20:
 595 0438 00005040 		.word	1078984704
 596              		.cfi_endproc
 597              	.LFE63:
 598              		.size	FFT, .-FFT
 599              		.section	.text.calculate_50Hz_Amp,"ax",%progbits
 600              		.align	2
 601              		.global	calculate_50Hz_Amp
 602              		.thumb
 603              		.thumb_func
 604              		.type	calculate_50Hz_Amp, %function
 605              	calculate_50Hz_Amp:
 606              	.LFB64:
ARM GAS  C:\Users\User\AppData\Local\Temp\ccyvoDPr.s 			page 14


  99:fft.h         **** 
 100:fft.h         **** double calculate_50Hz_Amp(double *u)
 101:fft.h         **** {
 607              		.loc 1 101 0
 608              		.cfi_startproc
 609              		@ args = 0, pretend = 0, frame = 8
 610              		@ frame_needed = 1, uses_anonymous_args = 0
 611              		@ link register save eliminated.
 612 0000 80B4     		push	{r7}
 613              		.cfi_def_cfa_offset 4
 614              		.cfi_offset 7, -4
 615 0002 83B0     		sub	sp, sp, #12
 616              		.cfi_def_cfa_offset 16
 617 0004 00AF     		add	r7, sp, #0
 618              		.cfi_def_cfa_register 7
 619 0006 7860     		str	r0, [r7, #4]
 102:fft.h         **** //    double fsample = 1067;  
 103:fft.h         **** //    double delta_f_bin = fsample/N_points;
 104:fft.h         **** //    int bin_number = frekvens/delta_f_bin;
 105:fft.h         ****     
 106:fft.h         ****     return u[1];
 620              		.loc 1 106 0
 621 0008 7B68     		ldr	r3, [r7, #4]
 622 000a D3E90223 		ldrd	r2, [r3, #8]
 107:fft.h         ****     
 108:fft.h         ****     
 109:fft.h         **** }
 623              		.loc 1 109 0
 624 000e 1046     		mov	r0, r2
 625 0010 1946     		mov	r1, r3
 626 0012 0C37     		adds	r7, r7, #12
 627              		.cfi_def_cfa_offset 4
 628 0014 BD46     		mov	sp, r7
 629              		.cfi_def_cfa_register 13
 630              		@ sp needed
 631 0016 5DF8047B 		ldr	r7, [sp], #4
 632              		.cfi_restore 7
 633              		.cfi_def_cfa_offset 0
 634 001a 7047     		bx	lr
 635              		.cfi_endproc
 636              	.LFE64:
 637              		.size	calculate_50Hz_Amp, .-calculate_50Hz_Amp
 638              		.section	.text.calculate_50Hz_RMS,"ax",%progbits
 639              		.align	2
 640              		.global	calculate_50Hz_RMS
 641              		.thumb
 642              		.thumb_func
 643              		.type	calculate_50Hz_RMS, %function
 644              	calculate_50Hz_RMS:
 645              	.LFB65:
 110:fft.h         **** 
 111:fft.h         **** double calculate_50Hz_RMS(double *u)
 112:fft.h         **** {
 646              		.loc 1 112 0
 647              		.cfi_startproc
 648              		@ args = 0, pretend = 0, frame = 8
 649              		@ frame_needed = 1, uses_anonymous_args = 0
ARM GAS  C:\Users\User\AppData\Local\Temp\ccyvoDPr.s 			page 15


 650 0000 80B5     		push	{r7, lr}
 651              		.cfi_def_cfa_offset 8
 652              		.cfi_offset 7, -8
 653              		.cfi_offset 14, -4
 654 0002 82B0     		sub	sp, sp, #8
 655              		.cfi_def_cfa_offset 16
 656 0004 00AF     		add	r7, sp, #0
 657              		.cfi_def_cfa_register 7
 658 0006 7860     		str	r0, [r7, #4]
 113:fft.h         ****     return u[1]/sqrt(2);  
 659              		.loc 1 113 0
 660 0008 7B68     		ldr	r3, [r7, #4]
 661 000a 0833     		adds	r3, r3, #8
 662 000c D3E90023 		ldrd	r2, [r3]
 663 0010 1046     		mov	r0, r2
 664 0012 1946     		mov	r1, r3
 665 0014 06A3     		adr	r3, .L26
 666 0016 D3E90023 		ldrd	r2, [r3]
 667 001a FFF7FEFF 		bl	__aeabi_ddiv
 668 001e 0246     		mov	r2, r0
 669 0020 0B46     		mov	r3, r1
 114:fft.h         **** }
 670              		.loc 1 114 0
 671 0022 1046     		mov	r0, r2
 672 0024 1946     		mov	r1, r3
 673 0026 0837     		adds	r7, r7, #8
 674              		.cfi_def_cfa_offset 8
 675 0028 BD46     		mov	sp, r7
 676              		.cfi_def_cfa_register 13
 677              		@ sp needed
 678 002a 80BD     		pop	{r7, pc}
 679              	.L27:
 680 002c AFF30080 		.align	3
 681              	.L26:
 682 0030 CD3B7F66 		.word	1719614413
 683 0034 9EA0F63F 		.word	1073127582
 684              		.cfi_endproc
 685              	.LFE65:
 686              		.size	calculate_50Hz_RMS, .-calculate_50Hz_RMS
 687              		.section	.text.calculate_50Hz_PF,"ax",%progbits
 688              		.align	2
 689              		.global	calculate_50Hz_PF
 690              		.thumb
 691              		.thumb_func
 692              		.type	calculate_50Hz_PF, %function
 693              	calculate_50Hz_PF:
 694              	.LFB66:
 115:fft.h         **** 
 116:fft.h         **** double calculate_50Hz_PF()
 117:fft.h         **** {
 695              		.loc 1 117 0
 696              		.cfi_startproc
 697              		@ args = 0, pretend = 0, frame = 16
 698              		@ frame_needed = 1, uses_anonymous_args = 0
 699 0000 80B5     		push	{r7, lr}
 700              		.cfi_def_cfa_offset 8
 701              		.cfi_offset 7, -8
ARM GAS  C:\Users\User\AppData\Local\Temp\ccyvoDPr.s 			page 16


 702              		.cfi_offset 14, -4
 703 0002 84B0     		sub	sp, sp, #16
 704              		.cfi_def_cfa_offset 24
 705 0004 00AF     		add	r7, sp, #0
 706              		.cfi_def_cfa_register 7
 118:fft.h         ****     double angle_Volt = atan(Im_volt[1]/Re_volt[1]);
 707              		.loc 1 118 0
 708 0006 194B     		ldr	r3, .L30
 709 0008 D3E90201 		ldrd	r0, [r3, #8]
 710 000c 184B     		ldr	r3, .L30+4
 711 000e D3E90223 		ldrd	r2, [r3, #8]
 712 0012 FFF7FEFF 		bl	__aeabi_ddiv
 713 0016 0246     		mov	r2, r0
 714 0018 0B46     		mov	r3, r1
 715 001a 1046     		mov	r0, r2
 716 001c 1946     		mov	r1, r3
 717 001e FFF7FEFF 		bl	atan
 718 0022 C7E90201 		strd	r0, [r7, #8]
 119:fft.h         ****     double angle_Ampere = atan(Im_Ampere[1]/Re_Ampere[1]);
 719              		.loc 1 119 0
 720 0026 134B     		ldr	r3, .L30+8
 721 0028 D3E90201 		ldrd	r0, [r3, #8]
 722 002c 124B     		ldr	r3, .L30+12
 723 002e D3E90223 		ldrd	r2, [r3, #8]
 724 0032 FFF7FEFF 		bl	__aeabi_ddiv
 725 0036 0246     		mov	r2, r0
 726 0038 0B46     		mov	r3, r1
 727 003a 1046     		mov	r0, r2
 728 003c 1946     		mov	r1, r3
 729 003e FFF7FEFF 		bl	atan
 730 0042 C7E90001 		strd	r0, [r7]
 120:fft.h         ****     
 121:fft.h         ****     return cos(angle_Ampere-angle_Volt);
 731              		.loc 1 121 0
 732 0046 D7E90001 		ldrd	r0, [r7]
 733 004a D7E90223 		ldrd	r2, [r7, #8]
 734 004e FFF7FEFF 		bl	__aeabi_dsub
 735 0052 0246     		mov	r2, r0
 736 0054 0B46     		mov	r3, r1
 737 0056 1046     		mov	r0, r2
 738 0058 1946     		mov	r1, r3
 739 005a FFF7FEFF 		bl	cos
 740 005e 0246     		mov	r2, r0
 741 0060 0B46     		mov	r3, r1
 122:fft.h         ****     
 123:fft.h         **** }
 742              		.loc 1 123 0
 743 0062 1046     		mov	r0, r2
 744 0064 1946     		mov	r1, r3
 745 0066 1037     		adds	r7, r7, #16
 746              		.cfi_def_cfa_offset 8
 747 0068 BD46     		mov	sp, r7
 748              		.cfi_def_cfa_register 13
 749              		@ sp needed
 750 006a 80BD     		pop	{r7, pc}
 751              	.L31:
 752              		.align	2
ARM GAS  C:\Users\User\AppData\Local\Temp\ccyvoDPr.s 			page 17


 753              	.L30:
 754 006c 00000000 		.word	Im_volt
 755 0070 00000000 		.word	Re_volt
 756 0074 00000000 		.word	Im_Ampere
 757 0078 00000000 		.word	Re_Ampere
 758              		.cfi_endproc
 759              	.LFE66:
 760              		.size	calculate_50Hz_PF, .-calculate_50Hz_PF
 761              		.section	.text.calculate_THD,"ax",%progbits
 762              		.align	2
 763              		.global	calculate_THD
 764              		.thumb
 765              		.thumb_func
 766              		.type	calculate_THD, %function
 767              	calculate_THD:
 768              	.LFB67:
 124:fft.h         **** 
 125:fft.h         **** double calculate_THD()
 126:fft.h         **** {
 769              		.loc 1 126 0
 770              		.cfi_startproc
 771              		@ args = 0, pretend = 0, frame = 0
 772              		@ frame_needed = 1, uses_anonymous_args = 0
 773 0000 B0B5     		push	{r4, r5, r7, lr}
 774              		.cfi_def_cfa_offset 16
 775              		.cfi_offset 4, -16
 776              		.cfi_offset 5, -12
 777              		.cfi_offset 7, -8
 778              		.cfi_offset 14, -4
 779 0002 00AF     		add	r7, sp, #0
 780              		.cfi_def_cfa_register 7
 127:fft.h         ****    return sqrt(Abs_volt[2]*Abs_volt[2]+Abs_volt[3]*Abs_volt[3]+Abs_volt[4]*Abs_volt[4]+Abs_volt[5]*
 781              		.loc 1 127 0
 782 0004 264B     		ldr	r3, .L34
 783 0006 D3E90401 		ldrd	r0, [r3, #16]
 784 000a 254B     		ldr	r3, .L34
 785 000c D3E90423 		ldrd	r2, [r3, #16]
 786 0010 FFF7FEFF 		bl	__aeabi_dmul
 787 0014 0246     		mov	r2, r0
 788 0016 0B46     		mov	r3, r1
 789 0018 1446     		mov	r4, r2
 790 001a 1D46     		mov	r5, r3
 791 001c 204B     		ldr	r3, .L34
 792 001e D3E90601 		ldrd	r0, [r3, #24]
 793 0022 1F4B     		ldr	r3, .L34
 794 0024 D3E90623 		ldrd	r2, [r3, #24]
 795 0028 FFF7FEFF 		bl	__aeabi_dmul
 796 002c 0246     		mov	r2, r0
 797 002e 0B46     		mov	r3, r1
 798 0030 2046     		mov	r0, r4
 799 0032 2946     		mov	r1, r5
 800 0034 FFF7FEFF 		bl	__aeabi_dadd
 801 0038 0246     		mov	r2, r0
 802 003a 0B46     		mov	r3, r1
 803 003c 1446     		mov	r4, r2
 804 003e 1D46     		mov	r5, r3
 805 0040 174B     		ldr	r3, .L34
ARM GAS  C:\Users\User\AppData\Local\Temp\ccyvoDPr.s 			page 18


 806 0042 D3E90801 		ldrd	r0, [r3, #32]
 807 0046 164B     		ldr	r3, .L34
 808 0048 D3E90823 		ldrd	r2, [r3, #32]
 809 004c FFF7FEFF 		bl	__aeabi_dmul
 810 0050 0246     		mov	r2, r0
 811 0052 0B46     		mov	r3, r1
 812 0054 2046     		mov	r0, r4
 813 0056 2946     		mov	r1, r5
 814 0058 FFF7FEFF 		bl	__aeabi_dadd
 815 005c 0246     		mov	r2, r0
 816 005e 0B46     		mov	r3, r1
 817 0060 1446     		mov	r4, r2
 818 0062 1D46     		mov	r5, r3
 819 0064 0E4B     		ldr	r3, .L34
 820 0066 D3E90A01 		ldrd	r0, [r3, #40]
 821 006a 0D4B     		ldr	r3, .L34
 822 006c D3E90A23 		ldrd	r2, [r3, #40]
 823 0070 FFF7FEFF 		bl	__aeabi_dmul
 824 0074 0246     		mov	r2, r0
 825 0076 0B46     		mov	r3, r1
 826 0078 2046     		mov	r0, r4
 827 007a 2946     		mov	r1, r5
 828 007c FFF7FEFF 		bl	__aeabi_dadd
 829 0080 0246     		mov	r2, r0
 830 0082 0B46     		mov	r3, r1
 831 0084 1046     		mov	r0, r2
 832 0086 1946     		mov	r1, r3
 833 0088 FFF7FEFF 		bl	sqrt
 834 008c 044B     		ldr	r3, .L34
 835 008e D3E90223 		ldrd	r2, [r3, #8]
 836 0092 FFF7FEFF 		bl	__aeabi_ddiv
 837 0096 0246     		mov	r2, r0
 838 0098 0B46     		mov	r3, r1
 128:fft.h         **** }
 839              		.loc 1 128 0
 840 009a 1046     		mov	r0, r2
 841 009c 1946     		mov	r1, r3
 842 009e B0BD     		pop	{r4, r5, r7, pc}
 843              	.L35:
 844              		.align	2
 845              	.L34:
 846 00a0 00000000 		.word	Abs_volt
 847              		.cfi_endproc
 848              	.LFE67:
 849              		.size	calculate_THD, .-calculate_THD
 850              		.global	__aeabi_i2d
 851              		.section	.text.main,"ax",%progbits
 852              		.align	2
 853              		.global	main
 854              		.thumb
 855              		.thumb_func
 856              		.type	main, %function
 857              	main:
 858              	.LFB68:
 859              		.file 2 "main.c"
   1:main.c        **** /* ========================================
   2:main.c        ****  *
ARM GAS  C:\Users\User\AppData\Local\Temp\ccyvoDPr.s 			page 19


   3:main.c        ****  * Copyright YOUR COMPANY, THE YEAR
   4:main.c        ****  * All Rights Reserved
   5:main.c        ****  * UNPUBLISHED, LICENSED SOFTWARE.
   6:main.c        ****  *
   7:main.c        ****  * CONFIDENTIAL AND PROPRIETARY INFORMATION
   8:main.c        ****  * WHICH IS THE PROPERTY OF your company.
   9:main.c        ****  *
  10:main.c        ****  * ========================================
  11:main.c        **** */
  12:main.c        **** #include "project.h"
  13:main.c        **** #include "stdio.h"
  14:main.c        **** #include "sample.h"
  15:main.c        **** #include "fft.h"
  16:main.c        **** #define SIZE 128
  17:main.c        **** 
  18:main.c        **** int main(void)
  19:main.c        **** {
 860              		.loc 2 19 0
 861              		.cfi_startproc
 862              		@ args = 0, pretend = 0, frame = 568
 863              		@ frame_needed = 1, uses_anonymous_args = 0
 864 0000 80B5     		push	{r7, lr}
 865              		.cfi_def_cfa_offset 8
 866              		.cfi_offset 7, -8
 867              		.cfi_offset 14, -4
 868 0002 ADF5107D 		sub	sp, sp, #576
 869              		.cfi_def_cfa_offset 584
 870 0006 02AF     		add	r7, sp, #8
 871              		.cfi_def_cfa 7, 576
  20:main.c        ****     //CyGlobalIntEnable; /* Enable global interrupts. */
  21:main.c        **** 
  22:main.c        ****     /* Place your initialization/startup code here (e.g. MyInst_Start()) */
  23:main.c        ****     
  24:main.c        ****     ADC_DelSig_1_Start();
 872              		.loc 2 24 0
 873 0008 FFF7FEFF 		bl	ADC_DelSig_1_Start
  25:main.c        ****     ADC_DelSig_1_StartConvert();
 874              		.loc 2 25 0
 875 000c FFF7FEFF 		bl	ADC_DelSig_1_StartConvert
  26:main.c        ****     
  27:main.c        ****     AMux_1_Start();
 876              		.loc 2 27 0
 877 0010 FFF7FEFF 		bl	AMux_1_Start
  28:main.c        ****     AMux_2_Start();
 878              		.loc 2 28 0
 879 0014 FFF7FEFF 		bl	AMux_2_Start
  29:main.c        ****     
  30:main.c        ****     int SampleArrayU[SIZE/2]={0};
 880              		.loc 2 30 0
 881 0018 07F58073 		add	r3, r7, #256
 882 001c 1A46     		mov	r2, r3
 883 001e 4FF48073 		mov	r3, #256
 884 0022 1046     		mov	r0, r2
 885 0024 0021     		movs	r1, #0
 886 0026 1A46     		mov	r2, r3
 887 0028 FFF7FEFF 		bl	memset
  31:main.c        ****     int SampleArrayI[SIZE/2]={0};
ARM GAS  C:\Users\User\AppData\Local\Temp\ccyvoDPr.s 			page 20


 888              		.loc 2 31 0
 889 002c 3B46     		mov	r3, r7
 890 002e 1A46     		mov	r2, r3
 891 0030 4FF48073 		mov	r3, #256
 892 0034 1046     		mov	r0, r2
 893 0036 0021     		movs	r1, #0
 894 0038 1A46     		mov	r2, r3
 895 003a FFF7FEFF 		bl	memset
  32:main.c        ****     int p = 0;
 896              		.loc 2 32 0
 897 003e 0023     		movs	r3, #0
 898 0040 C7F83432 		str	r3, [r7, #564]
  33:main.c        ****     double Amp_Volt = 0;
 899              		.loc 2 33 0
 900 0044 4FF00002 		mov	r2, #0
 901 0048 4FF00003 		mov	r3, #0
 902 004c 07F50A71 		add	r1, r7, #552
 903 0050 C1E90023 		strd	r2, [r1]
  34:main.c        ****     double RMS_Volt = 0;
 904              		.loc 2 34 0
 905 0054 4FF00002 		mov	r2, #0
 906 0058 4FF00003 		mov	r3, #0
 907 005c 07F50871 		add	r1, r7, #544
 908 0060 C1E90023 		strd	r2, [r1]
  35:main.c        ****     double Amp_Ampere = 0;
 909              		.loc 2 35 0
 910 0064 4FF00002 		mov	r2, #0
 911 0068 4FF00003 		mov	r3, #0
 912 006c 07F50671 		add	r1, r7, #536
 913 0070 C1E90023 		strd	r2, [r1]
  36:main.c        ****     double RMS_Ampere = 0;
 914              		.loc 2 36 0
 915 0074 4FF00002 		mov	r2, #0
 916 0078 4FF00003 		mov	r3, #0
 917 007c 07F50471 		add	r1, r7, #528
 918 0080 C1E90023 		strd	r2, [r1]
  37:main.c        ****     double PF = 0;
 919              		.loc 2 37 0
 920 0084 4FF00002 		mov	r2, #0
 921 0088 4FF00003 		mov	r3, #0
 922 008c 07F50271 		add	r1, r7, #520
 923 0090 C1E90023 		strd	r2, [r1]
  38:main.c        ****     double THD = 0;
 924              		.loc 2 38 0
 925 0094 4FF00002 		mov	r2, #0
 926 0098 4FF00003 		mov	r3, #0
 927 009c 07F50071 		add	r1, r7, #512
 928 00a0 C1E90023 		strd	r2, [r1]
 929              	.L39:
  39:main.c        **** 
  40:main.c        ****     while(1)
  41:main.c        ****     {
  42:main.c        ****     /*Samplefunktion*/
  43:main.c        ****     
  44:main.c        ****     sampleUandI(SampleArrayU,SampleArrayI,SIZE);
 930              		.loc 2 44 0
 931 00a4 07F58072 		add	r2, r7, #256
ARM GAS  C:\Users\User\AppData\Local\Temp\ccyvoDPr.s 			page 21


 932 00a8 3B46     		mov	r3, r7
 933 00aa 1046     		mov	r0, r2
 934 00ac 1946     		mov	r1, r3
 935 00ae 8022     		movs	r2, #128
 936 00b0 FFF7FEFF 		bl	sampleUandI
  45:main.c        **** 
  46:main.c        ****     
  47:main.c        ****     for(p = 0; p<N_points ; p++)
 937              		.loc 2 47 0
 938 00b4 0023     		movs	r3, #0
 939 00b6 C7F83432 		str	r3, [r7, #564]
 940 00ba 3DE0     		b	.L37
 941              	.L38:
  48:main.c        ****     {
  49:main.c        ****         Re_volt[p] = SampleArrayU[p];
 942              		.loc 2 49 0 discriminator 3
 943 00bc 07F58073 		add	r3, r7, #256
 944 00c0 D7F83422 		ldr	r2, [r7, #564]
 945 00c4 53F82230 		ldr	r3, [r3, r2, lsl #2]
 946 00c8 1846     		mov	r0, r3
 947 00ca FFF7FEFF 		bl	__aeabi_i2d
 948 00ce 0246     		mov	r2, r0
 949 00d0 0B46     		mov	r3, r1
 950 00d2 6748     		ldr	r0, .L40+24
 951 00d4 D7F83412 		ldr	r1, [r7, #564]
 952 00d8 C900     		lsls	r1, r1, #3
 953 00da 0144     		add	r1, r1, r0
 954 00dc C1E90023 		strd	r2, [r1]
  50:main.c        ****         Im_volt[p] = 0;
 955              		.loc 2 50 0 discriminator 3
 956 00e0 644A     		ldr	r2, .L40+28
 957 00e2 D7F83432 		ldr	r3, [r7, #564]
 958 00e6 DB00     		lsls	r3, r3, #3
 959 00e8 D118     		adds	r1, r2, r3
 960 00ea 4FF00002 		mov	r2, #0
 961 00ee 4FF00003 		mov	r3, #0
 962 00f2 C1E90023 		strd	r2, [r1]
  51:main.c        ****         
  52:main.c        ****         Re_Ampere[p] = SampleArrayI[p];
 963              		.loc 2 52 0 discriminator 3
 964 00f6 3B46     		mov	r3, r7
 965 00f8 D7F83422 		ldr	r2, [r7, #564]
 966 00fc 53F82230 		ldr	r3, [r3, r2, lsl #2]
 967 0100 1846     		mov	r0, r3
 968 0102 FFF7FEFF 		bl	__aeabi_i2d
 969 0106 0246     		mov	r2, r0
 970 0108 0B46     		mov	r3, r1
 971 010a 5B48     		ldr	r0, .L40+32
 972 010c D7F83412 		ldr	r1, [r7, #564]
 973 0110 C900     		lsls	r1, r1, #3
 974 0112 0144     		add	r1, r1, r0
 975 0114 C1E90023 		strd	r2, [r1]
  53:main.c        ****         Im_Ampere[p] = 0;
 976              		.loc 2 53 0 discriminator 3
 977 0118 584A     		ldr	r2, .L40+36
 978 011a D7F83432 		ldr	r3, [r7, #564]
 979 011e DB00     		lsls	r3, r3, #3
ARM GAS  C:\Users\User\AppData\Local\Temp\ccyvoDPr.s 			page 22


 980 0120 D118     		adds	r1, r2, r3
 981 0122 4FF00002 		mov	r2, #0
 982 0126 4FF00003 		mov	r3, #0
 983 012a C1E90023 		strd	r2, [r1]
  47:main.c        ****     {
 984              		.loc 2 47 0 discriminator 3
 985 012e D7F83432 		ldr	r3, [r7, #564]
 986 0132 0133     		adds	r3, r3, #1
 987 0134 C7F83432 		str	r3, [r7, #564]
 988              	.L37:
  47:main.c        ****     {
 989              		.loc 2 47 0 is_stmt 0 discriminator 1
 990 0138 D7F83432 		ldr	r3, [r7, #564]
 991 013c 3F2B     		cmp	r3, #63
 992 013e BDDD     		ble	.L38
  54:main.c        ****     }
  55:main.c        ****       
  56:main.c        ****     
  57:main.c        ****     FFT(2,exponent,Re_volt,Im_volt,Abs_volt);
 993              		.loc 2 57 0 is_stmt 1
 994 0140 4F4B     		ldr	r3, .L40+40
 995 0142 0093     		str	r3, [sp]
 996 0144 0220     		movs	r0, #2
 997 0146 0621     		movs	r1, #6
 998 0148 494A     		ldr	r2, .L40+24
 999 014a 4A4B     		ldr	r3, .L40+28
 1000 014c FFF7FEFF 		bl	FFT
  58:main.c        ****     FFT(2,exponent,Re_Ampere,Im_Ampere,Abs_Ampere);
 1001              		.loc 2 58 0
 1002 0150 4C4B     		ldr	r3, .L40+44
 1003 0152 0093     		str	r3, [sp]
 1004 0154 0220     		movs	r0, #2
 1005 0156 0621     		movs	r1, #6
 1006 0158 474A     		ldr	r2, .L40+32
 1007 015a 484B     		ldr	r3, .L40+36
 1008 015c FFF7FEFF 		bl	FFT
  59:main.c        ****     
  60:main.c        ****     
  61:main.c        ****     Amp_Volt = calculate_50Hz_Amp(Abs_volt)*V_faktor-56.9;
 1009              		.loc 2 61 0
 1010 0160 4748     		ldr	r0, .L40+40
 1011 0162 FFF7FEFF 		bl	calculate_50Hz_Amp
 1012 0166 0246     		mov	r2, r0
 1013 0168 0B46     		mov	r3, r1
 1014 016a 1046     		mov	r0, r2
 1015 016c 1946     		mov	r1, r3
 1016 016e 3AA3     		adr	r3, .L40
 1017 0170 D3E90023 		ldrd	r2, [r3]
 1018 0174 FFF7FEFF 		bl	__aeabi_dmul
 1019 0178 0246     		mov	r2, r0
 1020 017a 0B46     		mov	r3, r1
 1021 017c 1046     		mov	r0, r2
 1022 017e 1946     		mov	r1, r3
 1023 0180 37A3     		adr	r3, .L40+8
 1024 0182 D3E90023 		ldrd	r2, [r3]
 1025 0186 FFF7FEFF 		bl	__aeabi_dsub
 1026 018a 0246     		mov	r2, r0
ARM GAS  C:\Users\User\AppData\Local\Temp\ccyvoDPr.s 			page 23


 1027 018c 0B46     		mov	r3, r1
 1028 018e 07F50A71 		add	r1, r7, #552
 1029 0192 C1E90023 		strd	r2, [r1]
  62:main.c        ****     RMS_Volt = calculate_50Hz_RMS(Abs_volt)*V_faktor-56.9;
 1030              		.loc 2 62 0
 1031 0196 3A48     		ldr	r0, .L40+40
 1032 0198 FFF7FEFF 		bl	calculate_50Hz_RMS
 1033 019c 0246     		mov	r2, r0
 1034 019e 0B46     		mov	r3, r1
 1035 01a0 1046     		mov	r0, r2
 1036 01a2 1946     		mov	r1, r3
 1037 01a4 2CA3     		adr	r3, .L40
 1038 01a6 D3E90023 		ldrd	r2, [r3]
 1039 01aa FFF7FEFF 		bl	__aeabi_dmul
 1040 01ae 0246     		mov	r2, r0
 1041 01b0 0B46     		mov	r3, r1
 1042 01b2 1046     		mov	r0, r2
 1043 01b4 1946     		mov	r1, r3
 1044 01b6 2AA3     		adr	r3, .L40+8
 1045 01b8 D3E90023 		ldrd	r2, [r3]
 1046 01bc FFF7FEFF 		bl	__aeabi_dsub
 1047 01c0 0246     		mov	r2, r0
 1048 01c2 0B46     		mov	r3, r1
 1049 01c4 07F50871 		add	r1, r7, #544
 1050 01c8 C1E90023 		strd	r2, [r1]
  63:main.c        ****     Amp_Ampere = calculate_50Hz_Amp(Abs_Ampere)*I_faktor-2.5;
 1051              		.loc 2 63 0
 1052 01cc 2D48     		ldr	r0, .L40+44
 1053 01ce FFF7FEFF 		bl	calculate_50Hz_Amp
 1054 01d2 0246     		mov	r2, r0
 1055 01d4 0B46     		mov	r3, r1
 1056 01d6 1046     		mov	r0, r2
 1057 01d8 1946     		mov	r1, r3
 1058 01da 23A3     		adr	r3, .L40+16
 1059 01dc D3E90023 		ldrd	r2, [r3]
 1060 01e0 FFF7FEFF 		bl	__aeabi_dmul
 1061 01e4 0246     		mov	r2, r0
 1062 01e6 0B46     		mov	r3, r1
 1063 01e8 1046     		mov	r0, r2
 1064 01ea 1946     		mov	r1, r3
 1065 01ec 4FF00002 		mov	r2, #0
 1066 01f0 254B     		ldr	r3, .L40+48
 1067 01f2 FFF7FEFF 		bl	__aeabi_dsub
 1068 01f6 0246     		mov	r2, r0
 1069 01f8 0B46     		mov	r3, r1
 1070 01fa 07F50671 		add	r1, r7, #536
 1071 01fe C1E90023 		strd	r2, [r1]
  64:main.c        ****     RMS_Ampere = calculate_50Hz_RMS(Abs_Ampere)*I_faktor-2.5;
 1072              		.loc 2 64 0
 1073 0202 2048     		ldr	r0, .L40+44
 1074 0204 FFF7FEFF 		bl	calculate_50Hz_RMS
 1075 0208 0246     		mov	r2, r0
 1076 020a 0B46     		mov	r3, r1
 1077 020c 1046     		mov	r0, r2
 1078 020e 1946     		mov	r1, r3
 1079 0210 15A3     		adr	r3, .L40+16
 1080 0212 D3E90023 		ldrd	r2, [r3]
ARM GAS  C:\Users\User\AppData\Local\Temp\ccyvoDPr.s 			page 24


 1081 0216 FFF7FEFF 		bl	__aeabi_dmul
 1082 021a 0246     		mov	r2, r0
 1083 021c 0B46     		mov	r3, r1
 1084 021e 1046     		mov	r0, r2
 1085 0220 1946     		mov	r1, r3
 1086 0222 4FF00002 		mov	r2, #0
 1087 0226 184B     		ldr	r3, .L40+48
 1088 0228 FFF7FEFF 		bl	__aeabi_dsub
 1089 022c 0246     		mov	r2, r0
 1090 022e 0B46     		mov	r3, r1
 1091 0230 07F50471 		add	r1, r7, #528
 1092 0234 C1E90023 		strd	r2, [r1]
  65:main.c        ****     PF = calculate_50Hz_PF();
 1093              		.loc 2 65 0
 1094 0238 FFF7FEFF 		bl	calculate_50Hz_PF
 1095 023c 07F50273 		add	r3, r7, #520
 1096 0240 C3E90001 		strd	r0, [r3]
  66:main.c        ****     THD = calculate_THD();
 1097              		.loc 2 66 0
 1098 0244 FFF7FEFF 		bl	calculate_THD
 1099 0248 07F50073 		add	r3, r7, #512
 1100 024c C3E90001 		strd	r0, [r3]
  67:main.c        ****     }   
 1101              		.loc 2 67 0
 1102 0250 28E7     		b	.L39
 1103              	.L41:
 1104 0252 00BFAFF3 		.align	3
 1104      0080
 1105              	.L40:
 1106 0258 C4B12E6E 		.word	1848553924
 1107 025c A3C11540 		.word	1075167651
 1108 0260 33333333 		.word	858993459
 1109 0264 33734C40 		.word	1078752051
 1110 0268 39454772 		.word	1917273401
 1111 026c F90FD53F 		.word	1070927865
 1112 0270 00000000 		.word	Re_volt
 1113 0274 00000000 		.word	Im_volt
 1114 0278 00000000 		.word	Re_Ampere
 1115 027c 00000000 		.word	Im_Ampere
 1116 0280 00000000 		.word	Abs_volt
 1117 0284 00000000 		.word	Abs_Ampere
 1118 0288 00000440 		.word	1074003968
 1119              		.cfi_endproc
 1120              	.LFE68:
 1121              		.size	main, .-main
 1122 028c AFF30080 		.text
 1123              	.Letext0:
 1124              		.file 3 "c:\\program files (x86)\\cypress\\psoc creator\\4.0\\psoc creator\\import\\gnu\\arm\\4.9.
 1125              		.file 4 "c:\\program files (x86)\\cypress\\psoc creator\\4.0\\psoc creator\\import\\gnu\\arm\\4.9.
 1126              		.file 5 "Generated_Source\\PSoC5/core_cm3.h"
 1127              		.section	.debug_info,"",%progbits
 1128              	.Ldebug_info0:
 1129 0000 B2030000 		.4byte	0x3b2
 1130 0004 0400     		.2byte	0x4
 1131 0006 00000000 		.4byte	.Ldebug_abbrev0
 1132 000a 04       		.byte	0x4
 1133 000b 01       		.uleb128 0x1
ARM GAS  C:\Users\User\AppData\Local\Temp\ccyvoDPr.s 			page 25


 1134 000c 80000000 		.4byte	.LASF35
 1135 0010 01       		.byte	0x1
 1136 0011 46020000 		.4byte	.LASF36
 1137 0015 62010000 		.4byte	.LASF37
 1138 0019 00000000 		.4byte	.Ldebug_ranges0+0
 1139 001d 00000000 		.4byte	0
 1140 0021 00000000 		.4byte	.Ldebug_line0
 1141 0025 02       		.uleb128 0x2
 1142 0026 01       		.byte	0x1
 1143 0027 06       		.byte	0x6
 1144 0028 3F010000 		.4byte	.LASF0
 1145 002c 02       		.uleb128 0x2
 1146 002d 01       		.byte	0x1
 1147 002e 08       		.byte	0x8
 1148 002f 19010000 		.4byte	.LASF1
 1149 0033 02       		.uleb128 0x2
 1150 0034 02       		.byte	0x2
 1151 0035 05       		.byte	0x5
 1152 0036 2A000000 		.4byte	.LASF2
 1153 003a 02       		.uleb128 0x2
 1154 003b 02       		.byte	0x2
 1155 003c 07       		.byte	0x7
 1156 003d D3010000 		.4byte	.LASF3
 1157 0041 03       		.uleb128 0x3
 1158 0042 66020000 		.4byte	.LASF9
 1159 0046 03       		.byte	0x3
 1160 0047 3F       		.byte	0x3f
 1161 0048 4C000000 		.4byte	0x4c
 1162 004c 02       		.uleb128 0x2
 1163 004d 04       		.byte	0x4
 1164 004e 05       		.byte	0x5
 1165 004f 07020000 		.4byte	.LASF4
 1166 0053 02       		.uleb128 0x2
 1167 0054 04       		.byte	0x4
 1168 0055 07       		.byte	0x7
 1169 0056 4D020000 		.4byte	.LASF5
 1170 005a 02       		.uleb128 0x2
 1171 005b 08       		.byte	0x8
 1172 005c 05       		.byte	0x5
 1173 005d 72000000 		.4byte	.LASF6
 1174 0061 02       		.uleb128 0x2
 1175 0062 08       		.byte	0x8
 1176 0063 07       		.byte	0x7
 1177 0064 4B010000 		.4byte	.LASF7
 1178 0068 04       		.uleb128 0x4
 1179 0069 04       		.byte	0x4
 1180 006a 05       		.byte	0x5
 1181 006b 696E7400 		.ascii	"int\000"
 1182 006f 02       		.uleb128 0x2
 1183 0070 04       		.byte	0x4
 1184 0071 07       		.byte	0x7
 1185 0072 C6010000 		.4byte	.LASF8
 1186 0076 03       		.uleb128 0x3
 1187 0077 15020000 		.4byte	.LASF10
 1188 007b 04       		.byte	0x4
 1189 007c 2C       		.byte	0x2c
 1190 007d 41000000 		.4byte	0x41
ARM GAS  C:\Users\User\AppData\Local\Temp\ccyvoDPr.s 			page 26


 1191 0081 02       		.uleb128 0x2
 1192 0082 04       		.byte	0x4
 1193 0083 04       		.byte	0x4
 1194 0084 6C000000 		.4byte	.LASF11
 1195 0088 02       		.uleb128 0x2
 1196 0089 08       		.byte	0x8
 1197 008a 04       		.byte	0x4
 1198 008b 5F020000 		.4byte	.LASF12
 1199 008f 02       		.uleb128 0x2
 1200 0090 01       		.byte	0x1
 1201 0091 08       		.byte	0x8
 1202 0092 02020000 		.4byte	.LASF13
 1203 0096 02       		.uleb128 0x2
 1204 0097 04       		.byte	0x4
 1205 0098 07       		.byte	0x7
 1206 0099 34000000 		.4byte	.LASF14
 1207 009d 02       		.uleb128 0x2
 1208 009e 08       		.byte	0x8
 1209 009f 04       		.byte	0x4
 1210 00a0 00000000 		.4byte	.LASF15
 1211 00a4 05       		.uleb128 0x5
 1212 00a5 46465400 		.ascii	"FFT\000"
 1213 00a9 01       		.byte	0x1
 1214 00aa 17       		.byte	0x17
 1215 00ab 00000000 		.4byte	.LFB63
 1216 00af 3C040000 		.4byte	.LFE63-.LFB63
 1217 00b3 01       		.uleb128 0x1
 1218 00b4 9C       		.byte	0x9c
 1219 00b5 EA010000 		.4byte	0x1ea
 1220 00b9 06       		.uleb128 0x6
 1221 00ba 64697200 		.ascii	"dir\000"
 1222 00be 01       		.byte	0x1
 1223 00bf 17       		.byte	0x17
 1224 00c0 68000000 		.4byte	0x68
 1225 00c4 03       		.uleb128 0x3
 1226 00c5 91       		.byte	0x91
 1227 00c6 F47E     		.sleb128 -140
 1228 00c8 06       		.uleb128 0x6
 1229 00c9 6D00     		.ascii	"m\000"
 1230 00cb 01       		.byte	0x1
 1231 00cc 17       		.byte	0x17
 1232 00cd 4C000000 		.4byte	0x4c
 1233 00d1 03       		.uleb128 0x3
 1234 00d2 91       		.byte	0x91
 1235 00d3 F07E     		.sleb128 -144
 1236 00d5 06       		.uleb128 0x6
 1237 00d6 7800     		.ascii	"x\000"
 1238 00d8 01       		.byte	0x1
 1239 00d9 17       		.byte	0x17
 1240 00da EA010000 		.4byte	0x1ea
 1241 00de 03       		.uleb128 0x3
 1242 00df 91       		.byte	0x91
 1243 00e0 EC7E     		.sleb128 -148
 1244 00e2 06       		.uleb128 0x6
 1245 00e3 7900     		.ascii	"y\000"
 1246 00e5 01       		.byte	0x1
 1247 00e6 17       		.byte	0x17
ARM GAS  C:\Users\User\AppData\Local\Temp\ccyvoDPr.s 			page 27


 1248 00e7 EA010000 		.4byte	0x1ea
 1249 00eb 03       		.uleb128 0x3
 1250 00ec 91       		.byte	0x91
 1251 00ed E87E     		.sleb128 -152
 1252 00ef 06       		.uleb128 0x6
 1253 00f0 7500     		.ascii	"u\000"
 1254 00f2 01       		.byte	0x1
 1255 00f3 17       		.byte	0x17
 1256 00f4 EA010000 		.4byte	0x1ea
 1257 00f8 02       		.uleb128 0x2
 1258 00f9 91       		.byte	0x91
 1259 00fa 00       		.sleb128 0
 1260 00fb 07       		.uleb128 0x7
 1261 00fc 6E00     		.ascii	"n\000"
 1262 00fe 01       		.byte	0x1
 1263 00ff 1C       		.byte	0x1c
 1264 0100 4C000000 		.4byte	0x4c
 1265 0104 02       		.uleb128 0x2
 1266 0105 91       		.byte	0x91
 1267 0106 64       		.sleb128 -28
 1268 0107 07       		.uleb128 0x7
 1269 0108 6900     		.ascii	"i\000"
 1270 010a 01       		.byte	0x1
 1271 010b 1C       		.byte	0x1c
 1272 010c 4C000000 		.4byte	0x4c
 1273 0110 02       		.uleb128 0x2
 1274 0111 91       		.byte	0x91
 1275 0112 60       		.sleb128 -32
 1276 0113 07       		.uleb128 0x7
 1277 0114 693100   		.ascii	"i1\000"
 1278 0117 01       		.byte	0x1
 1279 0118 1C       		.byte	0x1c
 1280 0119 4C000000 		.4byte	0x4c
 1281 011d 03       		.uleb128 0x3
 1282 011e 91       		.byte	0x91
 1283 011f 907F     		.sleb128 -112
 1284 0121 07       		.uleb128 0x7
 1285 0122 6A00     		.ascii	"j\000"
 1286 0124 01       		.byte	0x1
 1287 0125 1C       		.byte	0x1c
 1288 0126 4C000000 		.4byte	0x4c
 1289 012a 02       		.uleb128 0x2
 1290 012b 91       		.byte	0x91
 1291 012c 5C       		.sleb128 -36
 1292 012d 07       		.uleb128 0x7
 1293 012e 6B00     		.ascii	"k\000"
 1294 0130 01       		.byte	0x1
 1295 0131 1C       		.byte	0x1c
 1296 0132 4C000000 		.4byte	0x4c
 1297 0136 02       		.uleb128 0x2
 1298 0137 91       		.byte	0x91
 1299 0138 58       		.sleb128 -40
 1300 0139 07       		.uleb128 0x7
 1301 013a 693200   		.ascii	"i2\000"
 1302 013d 01       		.byte	0x1
 1303 013e 1C       		.byte	0x1c
 1304 013f 4C000000 		.4byte	0x4c
ARM GAS  C:\Users\User\AppData\Local\Temp\ccyvoDPr.s 			page 28


 1305 0143 03       		.uleb128 0x3
 1306 0144 91       		.byte	0x91
 1307 0145 AC7F     		.sleb128 -84
 1308 0147 07       		.uleb128 0x7
 1309 0148 6C00     		.ascii	"l\000"
 1310 014a 01       		.byte	0x1
 1311 014b 1C       		.byte	0x1c
 1312 014c 4C000000 		.4byte	0x4c
 1313 0150 02       		.uleb128 0x2
 1314 0151 91       		.byte	0x91
 1315 0152 54       		.sleb128 -44
 1316 0153 07       		.uleb128 0x7
 1317 0154 6C3100   		.ascii	"l1\000"
 1318 0157 01       		.byte	0x1
 1319 0158 1C       		.byte	0x1c
 1320 0159 4C000000 		.4byte	0x4c
 1321 015d 03       		.uleb128 0x3
 1322 015e 91       		.byte	0x91
 1323 015f 947F     		.sleb128 -108
 1324 0161 07       		.uleb128 0x7
 1325 0162 6C3200   		.ascii	"l2\000"
 1326 0165 01       		.byte	0x1
 1327 0166 1C       		.byte	0x1c
 1328 0167 4C000000 		.4byte	0x4c
 1329 016b 02       		.uleb128 0x2
 1330 016c 91       		.byte	0x91
 1331 016d 50       		.sleb128 -48
 1332 016e 07       		.uleb128 0x7
 1333 016f 633100   		.ascii	"c1\000"
 1334 0172 01       		.byte	0x1
 1335 0173 1D       		.byte	0x1d
 1336 0174 88000000 		.4byte	0x88
 1337 0178 02       		.uleb128 0x2
 1338 0179 91       		.byte	0x91
 1339 017a 48       		.sleb128 -56
 1340 017b 07       		.uleb128 0x7
 1341 017c 633200   		.ascii	"c2\000"
 1342 017f 01       		.byte	0x1
 1343 0180 1D       		.byte	0x1d
 1344 0181 88000000 		.4byte	0x88
 1345 0185 02       		.uleb128 0x2
 1346 0186 91       		.byte	0x91
 1347 0187 40       		.sleb128 -64
 1348 0188 07       		.uleb128 0x7
 1349 0189 747800   		.ascii	"tx\000"
 1350 018c 01       		.byte	0x1
 1351 018d 1D       		.byte	0x1d
 1352 018e 88000000 		.4byte	0x88
 1353 0192 03       		.uleb128 0x3
 1354 0193 91       		.byte	0x91
 1355 0194 A07F     		.sleb128 -96
 1356 0196 07       		.uleb128 0x7
 1357 0197 747900   		.ascii	"ty\000"
 1358 019a 01       		.byte	0x1
 1359 019b 1D       		.byte	0x1d
 1360 019c 88000000 		.4byte	0x88
 1361 01a0 03       		.uleb128 0x3
ARM GAS  C:\Users\User\AppData\Local\Temp\ccyvoDPr.s 			page 29


 1362 01a1 91       		.byte	0x91
 1363 01a2 987F     		.sleb128 -104
 1364 01a4 07       		.uleb128 0x7
 1365 01a5 743100   		.ascii	"t1\000"
 1366 01a8 01       		.byte	0x1
 1367 01a9 1D       		.byte	0x1d
 1368 01aa 88000000 		.4byte	0x88
 1369 01ae 03       		.uleb128 0x3
 1370 01af 91       		.byte	0x91
 1371 01b0 887F     		.sleb128 -120
 1372 01b2 07       		.uleb128 0x7
 1373 01b3 743200   		.ascii	"t2\000"
 1374 01b6 01       		.byte	0x1
 1375 01b7 1D       		.byte	0x1d
 1376 01b8 88000000 		.4byte	0x88
 1377 01bc 03       		.uleb128 0x3
 1378 01bd 91       		.byte	0x91
 1379 01be 807F     		.sleb128 -128
 1380 01c0 07       		.uleb128 0x7
 1381 01c1 753100   		.ascii	"u1\000"
 1382 01c4 01       		.byte	0x1
 1383 01c5 1D       		.byte	0x1d
 1384 01c6 88000000 		.4byte	0x88
 1385 01ca 03       		.uleb128 0x3
 1386 01cb 91       		.byte	0x91
 1387 01cc B87F     		.sleb128 -72
 1388 01ce 07       		.uleb128 0x7
 1389 01cf 753200   		.ascii	"u2\000"
 1390 01d2 01       		.byte	0x1
 1391 01d3 1D       		.byte	0x1d
 1392 01d4 88000000 		.4byte	0x88
 1393 01d8 03       		.uleb128 0x3
 1394 01d9 91       		.byte	0x91
 1395 01da B07F     		.sleb128 -80
 1396 01dc 07       		.uleb128 0x7
 1397 01dd 7A00     		.ascii	"z\000"
 1398 01df 01       		.byte	0x1
 1399 01e0 1D       		.byte	0x1d
 1400 01e1 88000000 		.4byte	0x88
 1401 01e5 03       		.uleb128 0x3
 1402 01e6 91       		.byte	0x91
 1403 01e7 F87E     		.sleb128 -136
 1404 01e9 00       		.byte	0
 1405 01ea 08       		.uleb128 0x8
 1406 01eb 04       		.byte	0x4
 1407 01ec 88000000 		.4byte	0x88
 1408 01f0 09       		.uleb128 0x9
 1409 01f1 EF010000 		.4byte	.LASF16
 1410 01f5 01       		.byte	0x1
 1411 01f6 64       		.byte	0x64
 1412 01f7 88000000 		.4byte	0x88
 1413 01fb 00000000 		.4byte	.LFB64
 1414 01ff 1C000000 		.4byte	.LFE64-.LFB64
 1415 0203 01       		.uleb128 0x1
 1416 0204 9C       		.byte	0x9c
 1417 0205 16020000 		.4byte	0x216
 1418 0209 06       		.uleb128 0x6
ARM GAS  C:\Users\User\AppData\Local\Temp\ccyvoDPr.s 			page 30


 1419 020a 7500     		.ascii	"u\000"
 1420 020c 01       		.byte	0x1
 1421 020d 64       		.byte	0x64
 1422 020e EA010000 		.4byte	0x1ea
 1423 0212 02       		.uleb128 0x2
 1424 0213 91       		.byte	0x91
 1425 0214 74       		.sleb128 -12
 1426 0215 00       		.byte	0
 1427 0216 0A       		.uleb128 0xa
 1428 0217 17000000 		.4byte	.LASF17
 1429 021b 01       		.byte	0x1
 1430 021c 6F       		.byte	0x6f
 1431 021d 88000000 		.4byte	0x88
 1432 0221 00000000 		.4byte	.LFB65
 1433 0225 38000000 		.4byte	.LFE65-.LFB65
 1434 0229 01       		.uleb128 0x1
 1435 022a 9C       		.byte	0x9c
 1436 022b 3C020000 		.4byte	0x23c
 1437 022f 06       		.uleb128 0x6
 1438 0230 7500     		.ascii	"u\000"
 1439 0232 01       		.byte	0x1
 1440 0233 6F       		.byte	0x6f
 1441 0234 EA010000 		.4byte	0x1ea
 1442 0238 02       		.uleb128 0x2
 1443 0239 91       		.byte	0x91
 1444 023a 74       		.sleb128 -12
 1445 023b 00       		.byte	0
 1446 023c 0B       		.uleb128 0xb
 1447 023d 2B020000 		.4byte	.LASF18
 1448 0241 01       		.byte	0x1
 1449 0242 74       		.byte	0x74
 1450 0243 88000000 		.4byte	0x88
 1451 0247 00000000 		.4byte	.LFB66
 1452 024b 7C000000 		.4byte	.LFE66-.LFB66
 1453 024f 01       		.uleb128 0x1
 1454 0250 9C       		.byte	0x9c
 1455 0251 72020000 		.4byte	0x272
 1456 0255 0C       		.uleb128 0xc
 1457 0256 0C000000 		.4byte	.LASF19
 1458 025a 01       		.byte	0x1
 1459 025b 76       		.byte	0x76
 1460 025c 88000000 		.4byte	0x88
 1461 0260 02       		.uleb128 0x2
 1462 0261 91       		.byte	0x91
 1463 0262 70       		.sleb128 -16
 1464 0263 0C       		.uleb128 0xc
 1465 0264 27010000 		.4byte	.LASF20
 1466 0268 01       		.byte	0x1
 1467 0269 77       		.byte	0x77
 1468 026a 88000000 		.4byte	0x88
 1469 026e 02       		.uleb128 0x2
 1470 026f 91       		.byte	0x91
 1471 0270 68       		.sleb128 -24
 1472 0271 00       		.byte	0
 1473 0272 0D       		.uleb128 0xd
 1474 0273 1D020000 		.4byte	.LASF38
 1475 0277 01       		.byte	0x1
ARM GAS  C:\Users\User\AppData\Local\Temp\ccyvoDPr.s 			page 31


 1476 0278 7D       		.byte	0x7d
 1477 0279 88000000 		.4byte	0x88
 1478 027d 00000000 		.4byte	.LFB67
 1479 0281 A4000000 		.4byte	.LFE67-.LFB67
 1480 0285 01       		.uleb128 0x1
 1481 0286 9C       		.byte	0x9c
 1482 0287 0A       		.uleb128 0xa
 1483 0288 10020000 		.4byte	.LASF21
 1484 028c 02       		.byte	0x2
 1485 028d 12       		.byte	0x12
 1486 028e 68000000 		.4byte	0x68
 1487 0292 00000000 		.4byte	.LFB68
 1488 0296 8C020000 		.4byte	.LFE68-.LFB68
 1489 029a 01       		.uleb128 0x1
 1490 029b 9C       		.byte	0x9c
 1491 029c 1E030000 		.4byte	0x31e
 1492 02a0 0C       		.uleb128 0xc
 1493 02a1 93020000 		.4byte	.LASF22
 1494 02a5 02       		.byte	0x2
 1495 02a6 1E       		.byte	0x1e
 1496 02a7 1E030000 		.4byte	0x31e
 1497 02ab 03       		.uleb128 0x3
 1498 02ac 91       		.byte	0x91
 1499 02ad C07D     		.sleb128 -320
 1500 02af 0C       		.uleb128 0xc
 1501 02b0 70020000 		.4byte	.LASF23
 1502 02b4 02       		.byte	0x2
 1503 02b5 1F       		.byte	0x1f
 1504 02b6 1E030000 		.4byte	0x31e
 1505 02ba 03       		.uleb128 0x3
 1506 02bb 91       		.byte	0x91
 1507 02bc C07B     		.sleb128 -576
 1508 02be 07       		.uleb128 0x7
 1509 02bf 7000     		.ascii	"p\000"
 1510 02c1 02       		.byte	0x2
 1511 02c2 20       		.byte	0x20
 1512 02c3 68000000 		.4byte	0x68
 1513 02c7 02       		.uleb128 0x2
 1514 02c8 91       		.byte	0x91
 1515 02c9 74       		.sleb128 -12
 1516 02ca 0C       		.uleb128 0xc
 1517 02cb 8A020000 		.4byte	.LASF24
 1518 02cf 02       		.byte	0x2
 1519 02d0 21       		.byte	0x21
 1520 02d1 88000000 		.4byte	0x88
 1521 02d5 02       		.uleb128 0x2
 1522 02d6 91       		.byte	0x91
 1523 02d7 68       		.sleb128 -24
 1524 02d8 0C       		.uleb128 0xc
 1525 02d9 E6010000 		.4byte	.LASF25
 1526 02dd 02       		.byte	0x2
 1527 02de 22       		.byte	0x22
 1528 02df 88000000 		.4byte	0x88
 1529 02e3 02       		.uleb128 0x2
 1530 02e4 91       		.byte	0x91
 1531 02e5 60       		.sleb128 -32
 1532 02e6 0C       		.uleb128 0xc
ARM GAS  C:\Users\User\AppData\Local\Temp\ccyvoDPr.s 			page 32


 1533 02e7 57000000 		.4byte	.LASF26
 1534 02eb 02       		.byte	0x2
 1535 02ec 23       		.byte	0x23
 1536 02ed 88000000 		.4byte	0x88
 1537 02f1 02       		.uleb128 0x2
 1538 02f2 91       		.byte	0x91
 1539 02f3 58       		.sleb128 -40
 1540 02f4 0C       		.uleb128 0xc
 1541 02f5 34010000 		.4byte	.LASF27
 1542 02f9 02       		.byte	0x2
 1543 02fa 24       		.byte	0x24
 1544 02fb 88000000 		.4byte	0x88
 1545 02ff 02       		.uleb128 0x2
 1546 0300 91       		.byte	0x91
 1547 0301 50       		.sleb128 -48
 1548 0302 07       		.uleb128 0x7
 1549 0303 504600   		.ascii	"PF\000"
 1550 0306 02       		.byte	0x2
 1551 0307 25       		.byte	0x25
 1552 0308 88000000 		.4byte	0x88
 1553 030c 02       		.uleb128 0x2
 1554 030d 91       		.byte	0x91
 1555 030e 48       		.sleb128 -56
 1556 030f 07       		.uleb128 0x7
 1557 0310 54484400 		.ascii	"THD\000"
 1558 0314 02       		.byte	0x2
 1559 0315 26       		.byte	0x26
 1560 0316 88000000 		.4byte	0x88
 1561 031a 02       		.uleb128 0x2
 1562 031b 91       		.byte	0x91
 1563 031c 40       		.sleb128 -64
 1564 031d 00       		.byte	0
 1565 031e 0E       		.uleb128 0xe
 1566 031f 68000000 		.4byte	0x68
 1567 0323 2E030000 		.4byte	0x32e
 1568 0327 0F       		.uleb128 0xf
 1569 0328 96000000 		.4byte	0x96
 1570 032c 3F       		.byte	0x3f
 1571 032d 00       		.byte	0
 1572 032e 10       		.uleb128 0x10
 1573 032f 7D020000 		.4byte	.LASF28
 1574 0333 05       		.byte	0x5
 1575 0334 9606     		.2byte	0x696
 1576 0336 3A030000 		.4byte	0x33a
 1577 033a 11       		.uleb128 0x11
 1578 033b 76000000 		.4byte	0x76
 1579 033f 0E       		.uleb128 0xe
 1580 0340 88000000 		.4byte	0x88
 1581 0344 4F030000 		.4byte	0x34f
 1582 0348 0F       		.uleb128 0xf
 1583 0349 96000000 		.4byte	0x96
 1584 034d 3F       		.byte	0x3f
 1585 034e 00       		.byte	0
 1586 034f 12       		.uleb128 0x12
 1587 0350 3D020000 		.4byte	.LASF29
 1588 0354 01       		.byte	0x1
 1589 0355 0D       		.byte	0xd
ARM GAS  C:\Users\User\AppData\Local\Temp\ccyvoDPr.s 			page 33


 1590 0356 3F030000 		.4byte	0x33f
 1591 035a 05       		.uleb128 0x5
 1592 035b 03       		.byte	0x3
 1593 035c 00000000 		.4byte	Abs_volt
 1594 0360 12       		.uleb128 0x12
 1595 0361 3D000000 		.4byte	.LASF30
 1596 0365 01       		.byte	0x1
 1597 0366 0E       		.byte	0xe
 1598 0367 3F030000 		.4byte	0x33f
 1599 036b 05       		.uleb128 0x5
 1600 036c 03       		.byte	0x3
 1601 036d 00000000 		.4byte	Re_volt
 1602 0371 12       		.uleb128 0x12
 1603 0372 4F000000 		.4byte	.LASF31
 1604 0376 01       		.byte	0x1
 1605 0377 0F       		.byte	0xf
 1606 0378 3F030000 		.4byte	0x33f
 1607 037c 05       		.uleb128 0x5
 1608 037d 03       		.byte	0x3
 1609 037e 00000000 		.4byte	Im_volt
 1610 0382 12       		.uleb128 0x12
 1611 0383 0E010000 		.4byte	.LASF32
 1612 0387 01       		.byte	0x1
 1613 0388 11       		.byte	0x11
 1614 0389 3F030000 		.4byte	0x33f
 1615 038d 05       		.uleb128 0x5
 1616 038e 03       		.byte	0x3
 1617 038f 00000000 		.4byte	Abs_Ampere
 1618 0393 12       		.uleb128 0x12
 1619 0394 62000000 		.4byte	.LASF33
 1620 0398 01       		.byte	0x1
 1621 0399 12       		.byte	0x12
 1622 039a 3F030000 		.4byte	0x33f
 1623 039e 05       		.uleb128 0x5
 1624 039f 03       		.byte	0x3
 1625 03a0 00000000 		.4byte	Re_Ampere
 1626 03a4 12       		.uleb128 0x12
 1627 03a5 45000000 		.4byte	.LASF34
 1628 03a9 01       		.byte	0x1
 1629 03aa 13       		.byte	0x13
 1630 03ab 3F030000 		.4byte	0x33f
 1631 03af 05       		.uleb128 0x5
 1632 03b0 03       		.byte	0x3
 1633 03b1 00000000 		.4byte	Im_Ampere
 1634 03b5 00       		.byte	0
 1635              		.section	.debug_abbrev,"",%progbits
 1636              	.Ldebug_abbrev0:
 1637 0000 01       		.uleb128 0x1
 1638 0001 11       		.uleb128 0x11
 1639 0002 01       		.byte	0x1
 1640 0003 25       		.uleb128 0x25
 1641 0004 0E       		.uleb128 0xe
 1642 0005 13       		.uleb128 0x13
 1643 0006 0B       		.uleb128 0xb
 1644 0007 03       		.uleb128 0x3
 1645 0008 0E       		.uleb128 0xe
 1646 0009 1B       		.uleb128 0x1b
ARM GAS  C:\Users\User\AppData\Local\Temp\ccyvoDPr.s 			page 34


 1647 000a 0E       		.uleb128 0xe
 1648 000b 55       		.uleb128 0x55
 1649 000c 17       		.uleb128 0x17
 1650 000d 11       		.uleb128 0x11
 1651 000e 01       		.uleb128 0x1
 1652 000f 10       		.uleb128 0x10
 1653 0010 17       		.uleb128 0x17
 1654 0011 00       		.byte	0
 1655 0012 00       		.byte	0
 1656 0013 02       		.uleb128 0x2
 1657 0014 24       		.uleb128 0x24
 1658 0015 00       		.byte	0
 1659 0016 0B       		.uleb128 0xb
 1660 0017 0B       		.uleb128 0xb
 1661 0018 3E       		.uleb128 0x3e
 1662 0019 0B       		.uleb128 0xb
 1663 001a 03       		.uleb128 0x3
 1664 001b 0E       		.uleb128 0xe
 1665 001c 00       		.byte	0
 1666 001d 00       		.byte	0
 1667 001e 03       		.uleb128 0x3
 1668 001f 16       		.uleb128 0x16
 1669 0020 00       		.byte	0
 1670 0021 03       		.uleb128 0x3
 1671 0022 0E       		.uleb128 0xe
 1672 0023 3A       		.uleb128 0x3a
 1673 0024 0B       		.uleb128 0xb
 1674 0025 3B       		.uleb128 0x3b
 1675 0026 0B       		.uleb128 0xb
 1676 0027 49       		.uleb128 0x49
 1677 0028 13       		.uleb128 0x13
 1678 0029 00       		.byte	0
 1679 002a 00       		.byte	0
 1680 002b 04       		.uleb128 0x4
 1681 002c 24       		.uleb128 0x24
 1682 002d 00       		.byte	0
 1683 002e 0B       		.uleb128 0xb
 1684 002f 0B       		.uleb128 0xb
 1685 0030 3E       		.uleb128 0x3e
 1686 0031 0B       		.uleb128 0xb
 1687 0032 03       		.uleb128 0x3
 1688 0033 08       		.uleb128 0x8
 1689 0034 00       		.byte	0
 1690 0035 00       		.byte	0
 1691 0036 05       		.uleb128 0x5
 1692 0037 2E       		.uleb128 0x2e
 1693 0038 01       		.byte	0x1
 1694 0039 3F       		.uleb128 0x3f
 1695 003a 19       		.uleb128 0x19
 1696 003b 03       		.uleb128 0x3
 1697 003c 08       		.uleb128 0x8
 1698 003d 3A       		.uleb128 0x3a
 1699 003e 0B       		.uleb128 0xb
 1700 003f 3B       		.uleb128 0x3b
 1701 0040 0B       		.uleb128 0xb
 1702 0041 27       		.uleb128 0x27
 1703 0042 19       		.uleb128 0x19
ARM GAS  C:\Users\User\AppData\Local\Temp\ccyvoDPr.s 			page 35


 1704 0043 11       		.uleb128 0x11
 1705 0044 01       		.uleb128 0x1
 1706 0045 12       		.uleb128 0x12
 1707 0046 06       		.uleb128 0x6
 1708 0047 40       		.uleb128 0x40
 1709 0048 18       		.uleb128 0x18
 1710 0049 9642     		.uleb128 0x2116
 1711 004b 19       		.uleb128 0x19
 1712 004c 01       		.uleb128 0x1
 1713 004d 13       		.uleb128 0x13
 1714 004e 00       		.byte	0
 1715 004f 00       		.byte	0
 1716 0050 06       		.uleb128 0x6
 1717 0051 05       		.uleb128 0x5
 1718 0052 00       		.byte	0
 1719 0053 03       		.uleb128 0x3
 1720 0054 08       		.uleb128 0x8
 1721 0055 3A       		.uleb128 0x3a
 1722 0056 0B       		.uleb128 0xb
 1723 0057 3B       		.uleb128 0x3b
 1724 0058 0B       		.uleb128 0xb
 1725 0059 49       		.uleb128 0x49
 1726 005a 13       		.uleb128 0x13
 1727 005b 02       		.uleb128 0x2
 1728 005c 18       		.uleb128 0x18
 1729 005d 00       		.byte	0
 1730 005e 00       		.byte	0
 1731 005f 07       		.uleb128 0x7
 1732 0060 34       		.uleb128 0x34
 1733 0061 00       		.byte	0
 1734 0062 03       		.uleb128 0x3
 1735 0063 08       		.uleb128 0x8
 1736 0064 3A       		.uleb128 0x3a
 1737 0065 0B       		.uleb128 0xb
 1738 0066 3B       		.uleb128 0x3b
 1739 0067 0B       		.uleb128 0xb
 1740 0068 49       		.uleb128 0x49
 1741 0069 13       		.uleb128 0x13
 1742 006a 02       		.uleb128 0x2
 1743 006b 18       		.uleb128 0x18
 1744 006c 00       		.byte	0
 1745 006d 00       		.byte	0
 1746 006e 08       		.uleb128 0x8
 1747 006f 0F       		.uleb128 0xf
 1748 0070 00       		.byte	0
 1749 0071 0B       		.uleb128 0xb
 1750 0072 0B       		.uleb128 0xb
 1751 0073 49       		.uleb128 0x49
 1752 0074 13       		.uleb128 0x13
 1753 0075 00       		.byte	0
 1754 0076 00       		.byte	0
 1755 0077 09       		.uleb128 0x9
 1756 0078 2E       		.uleb128 0x2e
 1757 0079 01       		.byte	0x1
 1758 007a 3F       		.uleb128 0x3f
 1759 007b 19       		.uleb128 0x19
 1760 007c 03       		.uleb128 0x3
ARM GAS  C:\Users\User\AppData\Local\Temp\ccyvoDPr.s 			page 36


 1761 007d 0E       		.uleb128 0xe
 1762 007e 3A       		.uleb128 0x3a
 1763 007f 0B       		.uleb128 0xb
 1764 0080 3B       		.uleb128 0x3b
 1765 0081 0B       		.uleb128 0xb
 1766 0082 27       		.uleb128 0x27
 1767 0083 19       		.uleb128 0x19
 1768 0084 49       		.uleb128 0x49
 1769 0085 13       		.uleb128 0x13
 1770 0086 11       		.uleb128 0x11
 1771 0087 01       		.uleb128 0x1
 1772 0088 12       		.uleb128 0x12
 1773 0089 06       		.uleb128 0x6
 1774 008a 40       		.uleb128 0x40
 1775 008b 18       		.uleb128 0x18
 1776 008c 9742     		.uleb128 0x2117
 1777 008e 19       		.uleb128 0x19
 1778 008f 01       		.uleb128 0x1
 1779 0090 13       		.uleb128 0x13
 1780 0091 00       		.byte	0
 1781 0092 00       		.byte	0
 1782 0093 0A       		.uleb128 0xa
 1783 0094 2E       		.uleb128 0x2e
 1784 0095 01       		.byte	0x1
 1785 0096 3F       		.uleb128 0x3f
 1786 0097 19       		.uleb128 0x19
 1787 0098 03       		.uleb128 0x3
 1788 0099 0E       		.uleb128 0xe
 1789 009a 3A       		.uleb128 0x3a
 1790 009b 0B       		.uleb128 0xb
 1791 009c 3B       		.uleb128 0x3b
 1792 009d 0B       		.uleb128 0xb
 1793 009e 27       		.uleb128 0x27
 1794 009f 19       		.uleb128 0x19
 1795 00a0 49       		.uleb128 0x49
 1796 00a1 13       		.uleb128 0x13
 1797 00a2 11       		.uleb128 0x11
 1798 00a3 01       		.uleb128 0x1
 1799 00a4 12       		.uleb128 0x12
 1800 00a5 06       		.uleb128 0x6
 1801 00a6 40       		.uleb128 0x40
 1802 00a7 18       		.uleb128 0x18
 1803 00a8 9642     		.uleb128 0x2116
 1804 00aa 19       		.uleb128 0x19
 1805 00ab 01       		.uleb128 0x1
 1806 00ac 13       		.uleb128 0x13
 1807 00ad 00       		.byte	0
 1808 00ae 00       		.byte	0
 1809 00af 0B       		.uleb128 0xb
 1810 00b0 2E       		.uleb128 0x2e
 1811 00b1 01       		.byte	0x1
 1812 00b2 3F       		.uleb128 0x3f
 1813 00b3 19       		.uleb128 0x19
 1814 00b4 03       		.uleb128 0x3
 1815 00b5 0E       		.uleb128 0xe
 1816 00b6 3A       		.uleb128 0x3a
 1817 00b7 0B       		.uleb128 0xb
ARM GAS  C:\Users\User\AppData\Local\Temp\ccyvoDPr.s 			page 37


 1818 00b8 3B       		.uleb128 0x3b
 1819 00b9 0B       		.uleb128 0xb
 1820 00ba 49       		.uleb128 0x49
 1821 00bb 13       		.uleb128 0x13
 1822 00bc 11       		.uleb128 0x11
 1823 00bd 01       		.uleb128 0x1
 1824 00be 12       		.uleb128 0x12
 1825 00bf 06       		.uleb128 0x6
 1826 00c0 40       		.uleb128 0x40
 1827 00c1 18       		.uleb128 0x18
 1828 00c2 9642     		.uleb128 0x2116
 1829 00c4 19       		.uleb128 0x19
 1830 00c5 01       		.uleb128 0x1
 1831 00c6 13       		.uleb128 0x13
 1832 00c7 00       		.byte	0
 1833 00c8 00       		.byte	0
 1834 00c9 0C       		.uleb128 0xc
 1835 00ca 34       		.uleb128 0x34
 1836 00cb 00       		.byte	0
 1837 00cc 03       		.uleb128 0x3
 1838 00cd 0E       		.uleb128 0xe
 1839 00ce 3A       		.uleb128 0x3a
 1840 00cf 0B       		.uleb128 0xb
 1841 00d0 3B       		.uleb128 0x3b
 1842 00d1 0B       		.uleb128 0xb
 1843 00d2 49       		.uleb128 0x49
 1844 00d3 13       		.uleb128 0x13
 1845 00d4 02       		.uleb128 0x2
 1846 00d5 18       		.uleb128 0x18
 1847 00d6 00       		.byte	0
 1848 00d7 00       		.byte	0
 1849 00d8 0D       		.uleb128 0xd
 1850 00d9 2E       		.uleb128 0x2e
 1851 00da 00       		.byte	0
 1852 00db 3F       		.uleb128 0x3f
 1853 00dc 19       		.uleb128 0x19
 1854 00dd 03       		.uleb128 0x3
 1855 00de 0E       		.uleb128 0xe
 1856 00df 3A       		.uleb128 0x3a
 1857 00e0 0B       		.uleb128 0xb
 1858 00e1 3B       		.uleb128 0x3b
 1859 00e2 0B       		.uleb128 0xb
 1860 00e3 49       		.uleb128 0x49
 1861 00e4 13       		.uleb128 0x13
 1862 00e5 11       		.uleb128 0x11
 1863 00e6 01       		.uleb128 0x1
 1864 00e7 12       		.uleb128 0x12
 1865 00e8 06       		.uleb128 0x6
 1866 00e9 40       		.uleb128 0x40
 1867 00ea 18       		.uleb128 0x18
 1868 00eb 9642     		.uleb128 0x2116
 1869 00ed 19       		.uleb128 0x19
 1870 00ee 00       		.byte	0
 1871 00ef 00       		.byte	0
 1872 00f0 0E       		.uleb128 0xe
 1873 00f1 01       		.uleb128 0x1
 1874 00f2 01       		.byte	0x1
ARM GAS  C:\Users\User\AppData\Local\Temp\ccyvoDPr.s 			page 38


 1875 00f3 49       		.uleb128 0x49
 1876 00f4 13       		.uleb128 0x13
 1877 00f5 01       		.uleb128 0x1
 1878 00f6 13       		.uleb128 0x13
 1879 00f7 00       		.byte	0
 1880 00f8 00       		.byte	0
 1881 00f9 0F       		.uleb128 0xf
 1882 00fa 21       		.uleb128 0x21
 1883 00fb 00       		.byte	0
 1884 00fc 49       		.uleb128 0x49
 1885 00fd 13       		.uleb128 0x13
 1886 00fe 2F       		.uleb128 0x2f
 1887 00ff 0B       		.uleb128 0xb
 1888 0100 00       		.byte	0
 1889 0101 00       		.byte	0
 1890 0102 10       		.uleb128 0x10
 1891 0103 34       		.uleb128 0x34
 1892 0104 00       		.byte	0
 1893 0105 03       		.uleb128 0x3
 1894 0106 0E       		.uleb128 0xe
 1895 0107 3A       		.uleb128 0x3a
 1896 0108 0B       		.uleb128 0xb
 1897 0109 3B       		.uleb128 0x3b
 1898 010a 05       		.uleb128 0x5
 1899 010b 49       		.uleb128 0x49
 1900 010c 13       		.uleb128 0x13
 1901 010d 3F       		.uleb128 0x3f
 1902 010e 19       		.uleb128 0x19
 1903 010f 3C       		.uleb128 0x3c
 1904 0110 19       		.uleb128 0x19
 1905 0111 00       		.byte	0
 1906 0112 00       		.byte	0
 1907 0113 11       		.uleb128 0x11
 1908 0114 35       		.uleb128 0x35
 1909 0115 00       		.byte	0
 1910 0116 49       		.uleb128 0x49
 1911 0117 13       		.uleb128 0x13
 1912 0118 00       		.byte	0
 1913 0119 00       		.byte	0
 1914 011a 12       		.uleb128 0x12
 1915 011b 34       		.uleb128 0x34
 1916 011c 00       		.byte	0
 1917 011d 03       		.uleb128 0x3
 1918 011e 0E       		.uleb128 0xe
 1919 011f 3A       		.uleb128 0x3a
 1920 0120 0B       		.uleb128 0xb
 1921 0121 3B       		.uleb128 0x3b
 1922 0122 0B       		.uleb128 0xb
 1923 0123 49       		.uleb128 0x49
 1924 0124 13       		.uleb128 0x13
 1925 0125 3F       		.uleb128 0x3f
 1926 0126 19       		.uleb128 0x19
 1927 0127 02       		.uleb128 0x2
 1928 0128 18       		.uleb128 0x18
 1929 0129 00       		.byte	0
 1930 012a 00       		.byte	0
 1931 012b 00       		.byte	0
ARM GAS  C:\Users\User\AppData\Local\Temp\ccyvoDPr.s 			page 39


 1932              		.section	.debug_aranges,"",%progbits
 1933 0000 44000000 		.4byte	0x44
 1934 0004 0200     		.2byte	0x2
 1935 0006 00000000 		.4byte	.Ldebug_info0
 1936 000a 04       		.byte	0x4
 1937 000b 00       		.byte	0
 1938 000c 0000     		.2byte	0
 1939 000e 0000     		.2byte	0
 1940 0010 00000000 		.4byte	.LFB63
 1941 0014 3C040000 		.4byte	.LFE63-.LFB63
 1942 0018 00000000 		.4byte	.LFB64
 1943 001c 1C000000 		.4byte	.LFE64-.LFB64
 1944 0020 00000000 		.4byte	.LFB65
 1945 0024 38000000 		.4byte	.LFE65-.LFB65
 1946 0028 00000000 		.4byte	.LFB66
 1947 002c 7C000000 		.4byte	.LFE66-.LFB66
 1948 0030 00000000 		.4byte	.LFB67
 1949 0034 A4000000 		.4byte	.LFE67-.LFB67
 1950 0038 00000000 		.4byte	.LFB68
 1951 003c 8C020000 		.4byte	.LFE68-.LFB68
 1952 0040 00000000 		.4byte	0
 1953 0044 00000000 		.4byte	0
 1954              		.section	.debug_ranges,"",%progbits
 1955              	.Ldebug_ranges0:
 1956 0000 00000000 		.4byte	.LFB63
 1957 0004 3C040000 		.4byte	.LFE63
 1958 0008 00000000 		.4byte	.LFB64
 1959 000c 1C000000 		.4byte	.LFE64
 1960 0010 00000000 		.4byte	.LFB65
 1961 0014 38000000 		.4byte	.LFE65
 1962 0018 00000000 		.4byte	.LFB66
 1963 001c 7C000000 		.4byte	.LFE66
 1964 0020 00000000 		.4byte	.LFB67
 1965 0024 A4000000 		.4byte	.LFE67
 1966 0028 00000000 		.4byte	.LFB68
 1967 002c 8C020000 		.4byte	.LFE68
 1968 0030 00000000 		.4byte	0
 1969 0034 00000000 		.4byte	0
 1970              		.section	.debug_line,"",%progbits
 1971              	.Ldebug_line0:
 1972 0000 C3020000 		.section	.debug_str,"MS",%progbits,1
 1972      02004301 
 1972      00000201 
 1972      FB0E0D00 
 1972      01010101 
 1973              	.LASF15:
 1974 0000 6C6F6E67 		.ascii	"long double\000"
 1974      20646F75 
 1974      626C6500 
 1975              	.LASF19:
 1976 000c 616E676C 		.ascii	"angle_Volt\000"
 1976      655F566F 
 1976      6C7400
 1977              	.LASF17:
 1978 0017 63616C63 		.ascii	"calculate_50Hz_RMS\000"
 1978      756C6174 
 1978      655F3530 
ARM GAS  C:\Users\User\AppData\Local\Temp\ccyvoDPr.s 			page 40


 1978      487A5F52 
 1978      4D5300
 1979              	.LASF2:
 1980 002a 73686F72 		.ascii	"short int\000"
 1980      7420696E 
 1980      7400
 1981              	.LASF14:
 1982 0034 73697A65 		.ascii	"sizetype\000"
 1982      74797065 
 1982      00
 1983              	.LASF30:
 1984 003d 52655F76 		.ascii	"Re_volt\000"
 1984      6F6C7400 
 1985              	.LASF34:
 1986 0045 496D5F41 		.ascii	"Im_Ampere\000"
 1986      6D706572 
 1986      6500
 1987              	.LASF31:
 1988 004f 496D5F76 		.ascii	"Im_volt\000"
 1988      6F6C7400 
 1989              	.LASF26:
 1990 0057 416D705F 		.ascii	"Amp_Ampere\000"
 1990      416D7065 
 1990      726500
 1991              	.LASF33:
 1992 0062 52655F41 		.ascii	"Re_Ampere\000"
 1992      6D706572 
 1992      6500
 1993              	.LASF11:
 1994 006c 666C6F61 		.ascii	"float\000"
 1994      7400
 1995              	.LASF6:
 1996 0072 6C6F6E67 		.ascii	"long long int\000"
 1996      206C6F6E 
 1996      6720696E 
 1996      7400
 1997              	.LASF35:
 1998 0080 474E5520 		.ascii	"GNU C 4.9.3 20150303 (release) [ARM/embedded-4_9-br"
 1998      4320342E 
 1998      392E3320 
 1998      32303135 
 1998      30333033 
 1999 00b3 616E6368 		.ascii	"anch revision 221220] -mcpu=cortex-m3 -mthumb -g -O"
 1999      20726576 
 1999      6973696F 
 1999      6E203232 
 1999      31323230 
 2000 00e6 30202D66 		.ascii	"0 -ffunction-sections -ffat-lto-objects\000"
 2000      66756E63 
 2000      74696F6E 
 2000      2D736563 
 2000      74696F6E 
 2001              	.LASF32:
 2002 010e 4162735F 		.ascii	"Abs_Ampere\000"
 2002      416D7065 
 2002      726500
 2003              	.LASF1:
ARM GAS  C:\Users\User\AppData\Local\Temp\ccyvoDPr.s 			page 41


 2004 0119 756E7369 		.ascii	"unsigned char\000"
 2004      676E6564 
 2004      20636861 
 2004      7200
 2005              	.LASF20:
 2006 0127 616E676C 		.ascii	"angle_Ampere\000"
 2006      655F416D 
 2006      70657265 
 2006      00
 2007              	.LASF27:
 2008 0134 524D535F 		.ascii	"RMS_Ampere\000"
 2008      416D7065 
 2008      726500
 2009              	.LASF0:
 2010 013f 7369676E 		.ascii	"signed char\000"
 2010      65642063 
 2010      68617200 
 2011              	.LASF7:
 2012 014b 6C6F6E67 		.ascii	"long long unsigned int\000"
 2012      206C6F6E 
 2012      6720756E 
 2012      7369676E 
 2012      65642069 
 2013              	.LASF37:
 2014 0162 433A5C55 		.ascii	"C:\\Users\\User\\Desktop\\GIT\\EE-projekt-4-gruppe-"
 2014      73657273 
 2014      5C557365 
 2014      725C4465 
 2014      736B746F 
 2015 0190 315C4D61 		.ascii	"1\\Maaleenhed\\Maaleenhed\\Spaendingsmaaler\\Maaler"
 2015      616C6565 
 2015      6E686564 
 2015      5C4D6161 
 2015      6C65656E 
 2016 01bf 2E637964 		.ascii	".cydsn\000"
 2016      736E00
 2017              	.LASF8:
 2018 01c6 756E7369 		.ascii	"unsigned int\000"
 2018      676E6564 
 2018      20696E74 
 2018      00
 2019              	.LASF3:
 2020 01d3 73686F72 		.ascii	"short unsigned int\000"
 2020      7420756E 
 2020      7369676E 
 2020      65642069 
 2020      6E7400
 2021              	.LASF25:
 2022 01e6 524D535F 		.ascii	"RMS_Volt\000"
 2022      566F6C74 
 2022      00
 2023              	.LASF16:
 2024 01ef 63616C63 		.ascii	"calculate_50Hz_Amp\000"
 2024      756C6174 
 2024      655F3530 
 2024      487A5F41 
 2024      6D7000
ARM GAS  C:\Users\User\AppData\Local\Temp\ccyvoDPr.s 			page 42


 2025              	.LASF13:
 2026 0202 63686172 		.ascii	"char\000"
 2026      00
 2027              	.LASF4:
 2028 0207 6C6F6E67 		.ascii	"long int\000"
 2028      20696E74 
 2028      00
 2029              	.LASF21:
 2030 0210 6D61696E 		.ascii	"main\000"
 2030      00
 2031              	.LASF10:
 2032 0215 696E7433 		.ascii	"int32_t\000"
 2032      325F7400 
 2033              	.LASF38:
 2034 021d 63616C63 		.ascii	"calculate_THD\000"
 2034      756C6174 
 2034      655F5448 
 2034      4400
 2035              	.LASF18:
 2036 022b 63616C63 		.ascii	"calculate_50Hz_PF\000"
 2036      756C6174 
 2036      655F3530 
 2036      487A5F50 
 2036      4600
 2037              	.LASF29:
 2038 023d 4162735F 		.ascii	"Abs_volt\000"
 2038      766F6C74 
 2038      00
 2039              	.LASF36:
 2040 0246 6D61696E 		.ascii	"main.c\000"
 2040      2E6300
 2041              	.LASF5:
 2042 024d 6C6F6E67 		.ascii	"long unsigned int\000"
 2042      20756E73 
 2042      69676E65 
 2042      6420696E 
 2042      7400
 2043              	.LASF12:
 2044 025f 646F7562 		.ascii	"double\000"
 2044      6C6500
 2045              	.LASF9:
 2046 0266 5F5F696E 		.ascii	"__int32_t\000"
 2046      7433325F 
 2046      7400
 2047              	.LASF23:
 2048 0270 53616D70 		.ascii	"SampleArrayI\000"
 2048      6C654172 
 2048      72617949 
 2048      00
 2049              	.LASF28:
 2050 027d 49544D5F 		.ascii	"ITM_RxBuffer\000"
 2050      52784275 
 2050      66666572 
 2050      00
 2051              	.LASF24:
 2052 028a 416D705F 		.ascii	"Amp_Volt\000"
 2052      566F6C74 
ARM GAS  C:\Users\User\AppData\Local\Temp\ccyvoDPr.s 			page 43


 2052      00
 2053              	.LASF22:
 2054 0293 53616D70 		.ascii	"SampleArrayU\000"
 2054      6C654172 
 2054      72617955 
 2054      00
 2055              		.ident	"GCC: (GNU Tools for ARM Embedded Processors) 4.9.3 20150303 (release) [ARM/embedded-4_9-br
