ARM GAS  C:\Users\User\AppData\Local\Temp\ccMCUot4.s 			page 1


   1              		.syntax unified
   2              		.cpu cortex-m3
   3              		.fpu softvfp
   4              		.eabi_attribute 20, 1
   5              		.eabi_attribute 21, 1
   6              		.eabi_attribute 23, 3
   7              		.eabi_attribute 24, 1
   8              		.eabi_attribute 25, 1
   9              		.eabi_attribute 26, 1
  10              		.eabi_attribute 30, 6
  11              		.eabi_attribute 34, 1
  12              		.eabi_attribute 18, 4
  13              		.thumb
  14              		.file	"main.c"
  15              		.text
  16              	.Ltext0:
  17              		.cfi_sections	.debug_frame
  18              		.global	Abs_volt
  19              		.bss
  20              		.align	3
  21              		.type	Abs_volt, %object
  22              		.size	Abs_volt, 512
  23              	Abs_volt:
  24 0000 00000000 		.space	512
  24      00000000 
  24      00000000 
  24      00000000 
  24      00000000 
  25              		.global	Re_volt
  26              		.align	3
  27              		.type	Re_volt, %object
  28              		.size	Re_volt, 512
  29              	Re_volt:
  30 0200 00000000 		.space	512
  30      00000000 
  30      00000000 
  30      00000000 
  30      00000000 
  31              		.global	Im_volt
  32              		.align	3
  33              		.type	Im_volt, %object
  34              		.size	Im_volt, 512
  35              	Im_volt:
  36 0400 00000000 		.space	512
  36      00000000 
  36      00000000 
  36      00000000 
  36      00000000 
  37              		.global	Abs_Ampere
  38              		.align	3
  39              		.type	Abs_Ampere, %object
  40              		.size	Abs_Ampere, 512
  41              	Abs_Ampere:
  42 0600 00000000 		.space	512
  42      00000000 
  42      00000000 
  42      00000000 
ARM GAS  C:\Users\User\AppData\Local\Temp\ccMCUot4.s 			page 2


  42      00000000 
  43              		.global	Re_Ampere
  44              		.align	3
  45              		.type	Re_Ampere, %object
  46              		.size	Re_Ampere, 512
  47              	Re_Ampere:
  48 0800 00000000 		.space	512
  48      00000000 
  48      00000000 
  48      00000000 
  48      00000000 
  49              		.global	Im_Ampere
  50              		.align	3
  51              		.type	Im_Ampere, %object
  52              		.size	Im_Ampere, 512
  53              	Im_Ampere:
  54 0a00 00000000 		.space	512
  54      00000000 
  54      00000000 
  54      00000000 
  54      00000000 
  55              		.global	__aeabi_dmul
  56              		.global	__aeabi_dsub
  57              		.global	__aeabi_dadd
  58              		.global	__aeabi_ddiv
  59              		.section	.text.FFT,"ax",%progbits
  60              		.align	2
  61              		.global	FFT
  62              		.thumb
  63              		.thumb_func
  64              		.type	FFT, %function
  65              	FFT:
  66              	.LFB63:
  67              		.file 1 "fft.h"
   1:fft.h         **** #include "math.h"				 //mathematical library
   2:fft.h         **** 
   3:fft.h         **** // FFT parameters
   4:fft.h         **** #define N_points 64              //number of points				
   5:fft.h         **** #define exponent log(64)/log(2)  //log2(N_points); for N_points=64 -> exponent=6
   6:fft.h         **** #define pi 3.14159265359
   7:fft.h         **** 
   8:fft.h         **** 
   9:fft.h         **** 
  10:fft.h         **** // FFT variables
  11:fft.h         **** double Abs_volt[N_points]={0};        //arrays
  12:fft.h         **** double Re_volt[N_points]={0};
  13:fft.h         **** double Im_volt[N_points]={0};
  14:fft.h         **** 
  15:fft.h         **** double Abs_Ampere[N_points]={0};        //arrays
  16:fft.h         **** double Re_Ampere[N_points]={0};
  17:fft.h         **** double Im_Ampere[N_points]={0};
  18:fft.h         **** 
  19:fft.h         **** 
  20:fft.h         **** // FFT function
  21:fft.h         **** void FFT(int dir,long m,double *x,double *y, double *u)
  22:fft.h         **** {
  68              		.loc 1 22 0
ARM GAS  C:\Users\User\AppData\Local\Temp\ccMCUot4.s 			page 3


  69              		.cfi_startproc
  70              		@ args = 4, pretend = 0, frame = 128
  71              		@ frame_needed = 1, uses_anonymous_args = 0
  72 0000 2DE9B043 		push	{r4, r5, r7, r8, r9, lr}
  73              		.cfi_def_cfa_offset 24
  74              		.cfi_offset 4, -24
  75              		.cfi_offset 5, -20
  76              		.cfi_offset 7, -16
  77              		.cfi_offset 8, -12
  78              		.cfi_offset 9, -8
  79              		.cfi_offset 14, -4
  80 0004 A0B0     		sub	sp, sp, #128
  81              		.cfi_def_cfa_offset 152
  82 0006 00AF     		add	r7, sp, #0
  83              		.cfi_def_cfa_register 7
  84 0008 F860     		str	r0, [r7, #12]
  85 000a B960     		str	r1, [r7, #8]
  86 000c 7A60     		str	r2, [r7, #4]
  87 000e 3B60     		str	r3, [r7]
  23:fft.h         ****    // dir:  forward (=1) o inverse (!=1) transform; 
  24:fft.h         ****    // m exponent;
  25:fft.h         ****    
  26:fft.h         ****    long n,i,i1,j,k,i2,l,l1,l2;
  27:fft.h         ****    double c1,c2,tx,ty,t1,t2,u1,u2,z;
  28:fft.h         **** 
  29:fft.h         ****    /* Calculate the number of points */
  30:fft.h         ****    n = 1;
  88              		.loc 1 30 0
  89 0010 0123     		movs	r3, #1
  90 0012 FB67     		str	r3, [r7, #124]
  31:fft.h         ****    for (i=0;i<m;i++) 
  91              		.loc 1 31 0
  92 0014 0023     		movs	r3, #0
  93 0016 BB67     		str	r3, [r7, #120]
  94 0018 05E0     		b	.L2
  95              	.L3:
  32:fft.h         ****       n *= 2;
  96              		.loc 1 32 0 discriminator 3
  97 001a FB6F     		ldr	r3, [r7, #124]
  98 001c 5B00     		lsls	r3, r3, #1
  99 001e FB67     		str	r3, [r7, #124]
  31:fft.h         ****    for (i=0;i<m;i++) 
 100              		.loc 1 31 0 discriminator 3
 101 0020 BB6F     		ldr	r3, [r7, #120]
 102 0022 0133     		adds	r3, r3, #1
 103 0024 BB67     		str	r3, [r7, #120]
 104              	.L2:
  31:fft.h         ****    for (i=0;i<m;i++) 
 105              		.loc 1 31 0 is_stmt 0 discriminator 1
 106 0026 BA6F     		ldr	r2, [r7, #120]
 107 0028 BB68     		ldr	r3, [r7, #8]
 108 002a 9A42     		cmp	r2, r3
 109 002c F5DB     		blt	.L3
  33:fft.h         **** 
  34:fft.h         ****    /* Do the bit reversal */
  35:fft.h         ****    i2 = n >> 1;
 110              		.loc 1 35 0 is_stmt 1
ARM GAS  C:\Users\User\AppData\Local\Temp\ccMCUot4.s 			page 4


 111 002e FB6F     		ldr	r3, [r7, #124]
 112 0030 5B10     		asrs	r3, r3, #1
 113 0032 7B64     		str	r3, [r7, #68]
  36:fft.h         ****    j = 0;
 114              		.loc 1 36 0
 115 0034 0023     		movs	r3, #0
 116 0036 7B67     		str	r3, [r7, #116]
  37:fft.h         ****    for (i=0;i<n-1;i++) {
 117              		.loc 1 37 0
 118 0038 0023     		movs	r3, #0
 119 003a BB67     		str	r3, [r7, #120]
 120 003c 50E0     		b	.L4
 121              	.L8:
  38:fft.h         ****       if (i < j) {
 122              		.loc 1 38 0
 123 003e BA6F     		ldr	r2, [r7, #120]
 124 0040 7B6F     		ldr	r3, [r7, #116]
 125 0042 9A42     		cmp	r2, r3
 126 0044 37DA     		bge	.L5
  39:fft.h         ****          tx = x[i];
 127              		.loc 1 39 0
 128 0046 BB6F     		ldr	r3, [r7, #120]
 129 0048 DB00     		lsls	r3, r3, #3
 130 004a 7A68     		ldr	r2, [r7, #4]
 131 004c 1344     		add	r3, r3, r2
 132 004e D3E90023 		ldrd	r2, [r3]
 133 0052 C7E90E23 		strd	r2, [r7, #56]
  40:fft.h         ****          ty = y[i];
 134              		.loc 1 40 0
 135 0056 BB6F     		ldr	r3, [r7, #120]
 136 0058 DB00     		lsls	r3, r3, #3
 137 005a 3A68     		ldr	r2, [r7]
 138 005c 1344     		add	r3, r3, r2
 139 005e D3E90023 		ldrd	r2, [r3]
 140 0062 C7E90C23 		strd	r2, [r7, #48]
  41:fft.h         ****          x[i] = x[j];
 141              		.loc 1 41 0
 142 0066 BB6F     		ldr	r3, [r7, #120]
 143 0068 DB00     		lsls	r3, r3, #3
 144 006a 7A68     		ldr	r2, [r7, #4]
 145 006c D118     		adds	r1, r2, r3
 146 006e 7B6F     		ldr	r3, [r7, #116]
 147 0070 DB00     		lsls	r3, r3, #3
 148 0072 7A68     		ldr	r2, [r7, #4]
 149 0074 1344     		add	r3, r3, r2
 150 0076 D3E90023 		ldrd	r2, [r3]
 151 007a C1E90023 		strd	r2, [r1]
  42:fft.h         ****          y[i] = y[j];
 152              		.loc 1 42 0
 153 007e BB6F     		ldr	r3, [r7, #120]
 154 0080 DB00     		lsls	r3, r3, #3
 155 0082 3A68     		ldr	r2, [r7]
 156 0084 D118     		adds	r1, r2, r3
 157 0086 7B6F     		ldr	r3, [r7, #116]
 158 0088 DB00     		lsls	r3, r3, #3
 159 008a 3A68     		ldr	r2, [r7]
 160 008c 1344     		add	r3, r3, r2
ARM GAS  C:\Users\User\AppData\Local\Temp\ccMCUot4.s 			page 5


 161 008e D3E90023 		ldrd	r2, [r3]
 162 0092 C1E90023 		strd	r2, [r1]
  43:fft.h         ****          x[j] = tx;
 163              		.loc 1 43 0
 164 0096 7B6F     		ldr	r3, [r7, #116]
 165 0098 DB00     		lsls	r3, r3, #3
 166 009a 7A68     		ldr	r2, [r7, #4]
 167 009c D118     		adds	r1, r2, r3
 168 009e D7E90E23 		ldrd	r2, [r7, #56]
 169 00a2 C1E90023 		strd	r2, [r1]
  44:fft.h         ****          y[j] = ty;
 170              		.loc 1 44 0
 171 00a6 7B6F     		ldr	r3, [r7, #116]
 172 00a8 DB00     		lsls	r3, r3, #3
 173 00aa 3A68     		ldr	r2, [r7]
 174 00ac D118     		adds	r1, r2, r3
 175 00ae D7E90C23 		ldrd	r2, [r7, #48]
 176 00b2 C1E90023 		strd	r2, [r1]
 177              	.L5:
  45:fft.h         ****       }
  46:fft.h         ****       k = i2;
 178              		.loc 1 46 0
 179 00b6 7B6C     		ldr	r3, [r7, #68]
 180 00b8 3B67     		str	r3, [r7, #112]
  47:fft.h         ****       while (k <= j) {
 181              		.loc 1 47 0
 182 00ba 06E0     		b	.L6
 183              	.L7:
  48:fft.h         ****          j -= k;
 184              		.loc 1 48 0
 185 00bc 7A6F     		ldr	r2, [r7, #116]
 186 00be 3B6F     		ldr	r3, [r7, #112]
 187 00c0 D31A     		subs	r3, r2, r3
 188 00c2 7B67     		str	r3, [r7, #116]
  49:fft.h         ****          k >>= 1;
 189              		.loc 1 49 0
 190 00c4 3B6F     		ldr	r3, [r7, #112]
 191 00c6 5B10     		asrs	r3, r3, #1
 192 00c8 3B67     		str	r3, [r7, #112]
 193              	.L6:
  47:fft.h         ****       while (k <= j) {
 194              		.loc 1 47 0
 195 00ca 3A6F     		ldr	r2, [r7, #112]
 196 00cc 7B6F     		ldr	r3, [r7, #116]
 197 00ce 9A42     		cmp	r2, r3
 198 00d0 F4DD     		ble	.L7
  50:fft.h         ****       }
  51:fft.h         ****       j += k;
 199              		.loc 1 51 0 discriminator 2
 200 00d2 7A6F     		ldr	r2, [r7, #116]
 201 00d4 3B6F     		ldr	r3, [r7, #112]
 202 00d6 1344     		add	r3, r3, r2
 203 00d8 7B67     		str	r3, [r7, #116]
  37:fft.h         ****       if (i < j) {
 204              		.loc 1 37 0 discriminator 2
 205 00da BB6F     		ldr	r3, [r7, #120]
 206 00dc 0133     		adds	r3, r3, #1
ARM GAS  C:\Users\User\AppData\Local\Temp\ccMCUot4.s 			page 6


 207 00de BB67     		str	r3, [r7, #120]
 208              	.L4:
  37:fft.h         ****       if (i < j) {
 209              		.loc 1 37 0 is_stmt 0 discriminator 1
 210 00e0 FB6F     		ldr	r3, [r7, #124]
 211 00e2 5A1E     		subs	r2, r3, #1
 212 00e4 BB6F     		ldr	r3, [r7, #120]
 213 00e6 9A42     		cmp	r2, r3
 214 00e8 A9DC     		bgt	.L8
  52:fft.h         ****    }
  53:fft.h         **** 
  54:fft.h         ****    /* Compute the FFT */
  55:fft.h         ****    c1 = -1.0; 
 215              		.loc 1 55 0 is_stmt 1
 216 00ea 4FF00002 		mov	r2, #0
 217 00ee A94B     		ldr	r3, .L18
 218 00f0 C7E91823 		strd	r2, [r7, #96]
  56:fft.h         ****    c2 = 0.0;
 219              		.loc 1 56 0
 220 00f4 4FF00002 		mov	r2, #0
 221 00f8 4FF00003 		mov	r3, #0
 222 00fc C7E91623 		strd	r2, [r7, #88]
  57:fft.h         ****    l2 = 1;
 223              		.loc 1 57 0
 224 0100 0123     		movs	r3, #1
 225 0102 BB66     		str	r3, [r7, #104]
  58:fft.h         ****    for (l=0;l<m;l++) {
 226              		.loc 1 58 0
 227 0104 0023     		movs	r3, #0
 228 0106 FB66     		str	r3, [r7, #108]
 229 0108 3CE1     		b	.L9
 230              	.L15:
  59:fft.h         ****       l1 = l2;
 231              		.loc 1 59 0
 232 010a BB6E     		ldr	r3, [r7, #104]
 233 010c FB62     		str	r3, [r7, #44]
  60:fft.h         ****       l2 <<= 1;
 234              		.loc 1 60 0
 235 010e BB6E     		ldr	r3, [r7, #104]
 236 0110 5B00     		lsls	r3, r3, #1
 237 0112 BB66     		str	r3, [r7, #104]
  61:fft.h         ****       u1 = 1.0; 
 238              		.loc 1 61 0
 239 0114 4FF00002 		mov	r2, #0
 240 0118 9F4B     		ldr	r3, .L18+4
 241 011a C7E91423 		strd	r2, [r7, #80]
  62:fft.h         ****       u2 = 0.0;
 242              		.loc 1 62 0
 243 011e 4FF00002 		mov	r2, #0
 244 0122 4FF00003 		mov	r3, #0
 245 0126 C7E91223 		strd	r2, [r7, #72]
  63:fft.h         ****       for (j=0;j<l1;j++) {
 246              		.loc 1 63 0
 247 012a 0023     		movs	r3, #0
 248 012c 7B67     		str	r3, [r7, #116]
 249 012e E6E0     		b	.L10
 250              	.L13:
ARM GAS  C:\Users\User\AppData\Local\Temp\ccMCUot4.s 			page 7


  64:fft.h         ****          for (i=j;i<n;i+=l2) {
 251              		.loc 1 64 0
 252 0130 7B6F     		ldr	r3, [r7, #116]
 253 0132 BB67     		str	r3, [r7, #120]
 254 0134 A3E0     		b	.L11
 255              	.L12:
  65:fft.h         ****             i1 = i + l1;
 256              		.loc 1 65 0 discriminator 3
 257 0136 BA6F     		ldr	r2, [r7, #120]
 258 0138 FB6A     		ldr	r3, [r7, #44]
 259 013a 1344     		add	r3, r3, r2
 260 013c BB62     		str	r3, [r7, #40]
  66:fft.h         ****             t1 = u1 * x[i1] - u2 * y[i1];
 261              		.loc 1 66 0 discriminator 3
 262 013e BB6A     		ldr	r3, [r7, #40]
 263 0140 DB00     		lsls	r3, r3, #3
 264 0142 7A68     		ldr	r2, [r7, #4]
 265 0144 1344     		add	r3, r3, r2
 266 0146 D3E90023 		ldrd	r2, [r3]
 267 014a 1046     		mov	r0, r2
 268 014c 1946     		mov	r1, r3
 269 014e D7E91423 		ldrd	r2, [r7, #80]
 270 0152 FFF7FEFF 		bl	__aeabi_dmul
 271 0156 0246     		mov	r2, r0
 272 0158 0B46     		mov	r3, r1
 273 015a 1446     		mov	r4, r2
 274 015c 1D46     		mov	r5, r3
 275 015e BB6A     		ldr	r3, [r7, #40]
 276 0160 DB00     		lsls	r3, r3, #3
 277 0162 3A68     		ldr	r2, [r7]
 278 0164 1344     		add	r3, r3, r2
 279 0166 D3E90023 		ldrd	r2, [r3]
 280 016a 1046     		mov	r0, r2
 281 016c 1946     		mov	r1, r3
 282 016e D7E91223 		ldrd	r2, [r7, #72]
 283 0172 FFF7FEFF 		bl	__aeabi_dmul
 284 0176 0246     		mov	r2, r0
 285 0178 0B46     		mov	r3, r1
 286 017a 2046     		mov	r0, r4
 287 017c 2946     		mov	r1, r5
 288 017e FFF7FEFF 		bl	__aeabi_dsub
 289 0182 0246     		mov	r2, r0
 290 0184 0B46     		mov	r3, r1
 291 0186 C7E90823 		strd	r2, [r7, #32]
  67:fft.h         ****             t2 = u1 * y[i1] + u2 * x[i1];
 292              		.loc 1 67 0 discriminator 3
 293 018a BB6A     		ldr	r3, [r7, #40]
 294 018c DB00     		lsls	r3, r3, #3
 295 018e 3A68     		ldr	r2, [r7]
 296 0190 1344     		add	r3, r3, r2
 297 0192 D3E90023 		ldrd	r2, [r3]
 298 0196 1046     		mov	r0, r2
 299 0198 1946     		mov	r1, r3
 300 019a D7E91423 		ldrd	r2, [r7, #80]
 301 019e FFF7FEFF 		bl	__aeabi_dmul
 302 01a2 0246     		mov	r2, r0
 303 01a4 0B46     		mov	r3, r1
ARM GAS  C:\Users\User\AppData\Local\Temp\ccMCUot4.s 			page 8


 304 01a6 1446     		mov	r4, r2
 305 01a8 1D46     		mov	r5, r3
 306 01aa BB6A     		ldr	r3, [r7, #40]
 307 01ac DB00     		lsls	r3, r3, #3
 308 01ae 7A68     		ldr	r2, [r7, #4]
 309 01b0 1344     		add	r3, r3, r2
 310 01b2 D3E90023 		ldrd	r2, [r3]
 311 01b6 1046     		mov	r0, r2
 312 01b8 1946     		mov	r1, r3
 313 01ba D7E91223 		ldrd	r2, [r7, #72]
 314 01be FFF7FEFF 		bl	__aeabi_dmul
 315 01c2 0246     		mov	r2, r0
 316 01c4 0B46     		mov	r3, r1
 317 01c6 2046     		mov	r0, r4
 318 01c8 2946     		mov	r1, r5
 319 01ca FFF7FEFF 		bl	__aeabi_dadd
 320 01ce 0246     		mov	r2, r0
 321 01d0 0B46     		mov	r3, r1
 322 01d2 C7E90623 		strd	r2, [r7, #24]
  68:fft.h         ****             x[i1] = x[i] - t1; 
 323              		.loc 1 68 0 discriminator 3
 324 01d6 BB6A     		ldr	r3, [r7, #40]
 325 01d8 DB00     		lsls	r3, r3, #3
 326 01da 7A68     		ldr	r2, [r7, #4]
 327 01dc D418     		adds	r4, r2, r3
 328 01de BB6F     		ldr	r3, [r7, #120]
 329 01e0 DB00     		lsls	r3, r3, #3
 330 01e2 7A68     		ldr	r2, [r7, #4]
 331 01e4 1344     		add	r3, r3, r2
 332 01e6 D3E90023 		ldrd	r2, [r3]
 333 01ea 1046     		mov	r0, r2
 334 01ec 1946     		mov	r1, r3
 335 01ee D7E90823 		ldrd	r2, [r7, #32]
 336 01f2 FFF7FEFF 		bl	__aeabi_dsub
 337 01f6 0246     		mov	r2, r0
 338 01f8 0B46     		mov	r3, r1
 339 01fa C4E90023 		strd	r2, [r4]
  69:fft.h         ****             y[i1] = y[i] - t2;
 340              		.loc 1 69 0 discriminator 3
 341 01fe BB6A     		ldr	r3, [r7, #40]
 342 0200 DB00     		lsls	r3, r3, #3
 343 0202 3A68     		ldr	r2, [r7]
 344 0204 D418     		adds	r4, r2, r3
 345 0206 BB6F     		ldr	r3, [r7, #120]
 346 0208 DB00     		lsls	r3, r3, #3
 347 020a 3A68     		ldr	r2, [r7]
 348 020c 1344     		add	r3, r3, r2
 349 020e D3E90023 		ldrd	r2, [r3]
 350 0212 1046     		mov	r0, r2
 351 0214 1946     		mov	r1, r3
 352 0216 D7E90623 		ldrd	r2, [r7, #24]
 353 021a FFF7FEFF 		bl	__aeabi_dsub
 354 021e 0246     		mov	r2, r0
 355 0220 0B46     		mov	r3, r1
 356 0222 C4E90023 		strd	r2, [r4]
  70:fft.h         ****             x[i] += t1;
 357              		.loc 1 70 0 discriminator 3
ARM GAS  C:\Users\User\AppData\Local\Temp\ccMCUot4.s 			page 9


 358 0226 BB6F     		ldr	r3, [r7, #120]
 359 0228 DB00     		lsls	r3, r3, #3
 360 022a 7A68     		ldr	r2, [r7, #4]
 361 022c D418     		adds	r4, r2, r3
 362 022e BB6F     		ldr	r3, [r7, #120]
 363 0230 DB00     		lsls	r3, r3, #3
 364 0232 7A68     		ldr	r2, [r7, #4]
 365 0234 1344     		add	r3, r3, r2
 366 0236 D3E90023 		ldrd	r2, [r3]
 367 023a 1046     		mov	r0, r2
 368 023c 1946     		mov	r1, r3
 369 023e D7E90823 		ldrd	r2, [r7, #32]
 370 0242 FFF7FEFF 		bl	__aeabi_dadd
 371 0246 0246     		mov	r2, r0
 372 0248 0B46     		mov	r3, r1
 373 024a C4E90023 		strd	r2, [r4]
  71:fft.h         ****             y[i] += t2;
 374              		.loc 1 71 0 discriminator 3
 375 024e BB6F     		ldr	r3, [r7, #120]
 376 0250 DB00     		lsls	r3, r3, #3
 377 0252 3A68     		ldr	r2, [r7]
 378 0254 D418     		adds	r4, r2, r3
 379 0256 BB6F     		ldr	r3, [r7, #120]
 380 0258 DB00     		lsls	r3, r3, #3
 381 025a 3A68     		ldr	r2, [r7]
 382 025c 1344     		add	r3, r3, r2
 383 025e D3E90023 		ldrd	r2, [r3]
 384 0262 1046     		mov	r0, r2
 385 0264 1946     		mov	r1, r3
 386 0266 D7E90623 		ldrd	r2, [r7, #24]
 387 026a FFF7FEFF 		bl	__aeabi_dadd
 388 026e 0246     		mov	r2, r0
 389 0270 0B46     		mov	r3, r1
 390 0272 C4E90023 		strd	r2, [r4]
  64:fft.h         ****             i1 = i + l1;
 391              		.loc 1 64 0 discriminator 3
 392 0276 BA6F     		ldr	r2, [r7, #120]
 393 0278 BB6E     		ldr	r3, [r7, #104]
 394 027a 1344     		add	r3, r3, r2
 395 027c BB67     		str	r3, [r7, #120]
 396              	.L11:
  64:fft.h         ****             i1 = i + l1;
 397              		.loc 1 64 0 is_stmt 0 discriminator 1
 398 027e BA6F     		ldr	r2, [r7, #120]
 399 0280 FB6F     		ldr	r3, [r7, #124]
 400 0282 9A42     		cmp	r2, r3
 401 0284 FFF657AF 		blt	.L12
  72:fft.h         ****          }
  73:fft.h         ****          z =  u1 * c1 - u2 * c2;
 402              		.loc 1 73 0 is_stmt 1 discriminator 2
 403 0288 D7E91401 		ldrd	r0, [r7, #80]
 404 028c D7E91823 		ldrd	r2, [r7, #96]
 405 0290 FFF7FEFF 		bl	__aeabi_dmul
 406 0294 0246     		mov	r2, r0
 407 0296 0B46     		mov	r3, r1
 408 0298 1446     		mov	r4, r2
 409 029a 1D46     		mov	r5, r3
ARM GAS  C:\Users\User\AppData\Local\Temp\ccMCUot4.s 			page 10


 410 029c D7E91201 		ldrd	r0, [r7, #72]
 411 02a0 D7E91623 		ldrd	r2, [r7, #88]
 412 02a4 FFF7FEFF 		bl	__aeabi_dmul
 413 02a8 0246     		mov	r2, r0
 414 02aa 0B46     		mov	r3, r1
 415 02ac 2046     		mov	r0, r4
 416 02ae 2946     		mov	r1, r5
 417 02b0 FFF7FEFF 		bl	__aeabi_dsub
 418 02b4 0246     		mov	r2, r0
 419 02b6 0B46     		mov	r3, r1
 420 02b8 C7E90423 		strd	r2, [r7, #16]
  74:fft.h         ****          u2 = u1 * c2 + u2 * c1;
 421              		.loc 1 74 0 discriminator 2
 422 02bc D7E91401 		ldrd	r0, [r7, #80]
 423 02c0 D7E91623 		ldrd	r2, [r7, #88]
 424 02c4 FFF7FEFF 		bl	__aeabi_dmul
 425 02c8 0246     		mov	r2, r0
 426 02ca 0B46     		mov	r3, r1
 427 02cc 1446     		mov	r4, r2
 428 02ce 1D46     		mov	r5, r3
 429 02d0 D7E91201 		ldrd	r0, [r7, #72]
 430 02d4 D7E91823 		ldrd	r2, [r7, #96]
 431 02d8 FFF7FEFF 		bl	__aeabi_dmul
 432 02dc 0246     		mov	r2, r0
 433 02de 0B46     		mov	r3, r1
 434 02e0 2046     		mov	r0, r4
 435 02e2 2946     		mov	r1, r5
 436 02e4 FFF7FEFF 		bl	__aeabi_dadd
 437 02e8 0246     		mov	r2, r0
 438 02ea 0B46     		mov	r3, r1
 439 02ec C7E91223 		strd	r2, [r7, #72]
  75:fft.h         ****          u1 = z;
 440              		.loc 1 75 0 discriminator 2
 441 02f0 D7E90423 		ldrd	r2, [r7, #16]
 442 02f4 C7E91423 		strd	r2, [r7, #80]
  63:fft.h         ****          for (i=j;i<n;i+=l2) {
 443              		.loc 1 63 0 discriminator 2
 444 02f8 7B6F     		ldr	r3, [r7, #116]
 445 02fa 0133     		adds	r3, r3, #1
 446 02fc 7B67     		str	r3, [r7, #116]
 447              	.L10:
  63:fft.h         ****          for (i=j;i<n;i+=l2) {
 448              		.loc 1 63 0 is_stmt 0 discriminator 1
 449 02fe 7A6F     		ldr	r2, [r7, #116]
 450 0300 FB6A     		ldr	r3, [r7, #44]
 451 0302 9A42     		cmp	r2, r3
 452 0304 FFF614AF 		blt	.L13
  76:fft.h         ****       }
  77:fft.h         ****       c2 = sqrt((1.0 - c1) / 2.0);
 453              		.loc 1 77 0 is_stmt 1
 454 0308 4FF00000 		mov	r0, #0
 455 030c 2249     		ldr	r1, .L18+4
 456 030e D7E91823 		ldrd	r2, [r7, #96]
 457 0312 FFF7FEFF 		bl	__aeabi_dsub
 458 0316 0246     		mov	r2, r0
 459 0318 0B46     		mov	r3, r1
 460 031a 1046     		mov	r0, r2
ARM GAS  C:\Users\User\AppData\Local\Temp\ccMCUot4.s 			page 11


 461 031c 1946     		mov	r1, r3
 462 031e 4FF00002 		mov	r2, #0
 463 0322 4FF08043 		mov	r3, #1073741824
 464 0326 FFF7FEFF 		bl	__aeabi_ddiv
 465 032a 0246     		mov	r2, r0
 466 032c 0B46     		mov	r3, r1
 467 032e 1046     		mov	r0, r2
 468 0330 1946     		mov	r1, r3
 469 0332 FFF7FEFF 		bl	sqrt
 470 0336 C7E91601 		strd	r0, [r7, #88]
  78:fft.h         ****       if (dir == 1) 
 471              		.loc 1 78 0
 472 033a FB68     		ldr	r3, [r7, #12]
 473 033c 012B     		cmp	r3, #1
 474 033e 05D1     		bne	.L14
  79:fft.h         ****          c2 = -c2;
 475              		.loc 1 79 0
 476 0340 BB6D     		ldr	r3, [r7, #88]
 477 0342 BB65     		str	r3, [r7, #88]
 478 0344 FB6D     		ldr	r3, [r7, #92]
 479 0346 83F00043 		eor	r3, r3, #-2147483648
 480 034a FB65     		str	r3, [r7, #92]
 481              	.L14:
  80:fft.h         ****       c1 = sqrt((1.0 + c1) / 2.0);
 482              		.loc 1 80 0 discriminator 2
 483 034c D7E91801 		ldrd	r0, [r7, #96]
 484 0350 4FF00002 		mov	r2, #0
 485 0354 104B     		ldr	r3, .L18+4
 486 0356 FFF7FEFF 		bl	__aeabi_dadd
 487 035a 0246     		mov	r2, r0
 488 035c 0B46     		mov	r3, r1
 489 035e 1046     		mov	r0, r2
 490 0360 1946     		mov	r1, r3
 491 0362 4FF00002 		mov	r2, #0
 492 0366 4FF08043 		mov	r3, #1073741824
 493 036a FFF7FEFF 		bl	__aeabi_ddiv
 494 036e 0246     		mov	r2, r0
 495 0370 0B46     		mov	r3, r1
 496 0372 1046     		mov	r0, r2
 497 0374 1946     		mov	r1, r3
 498 0376 FFF7FEFF 		bl	sqrt
 499 037a C7E91801 		strd	r0, [r7, #96]
  58:fft.h         ****       l1 = l2;
 500              		.loc 1 58 0 discriminator 2
 501 037e FB6E     		ldr	r3, [r7, #108]
 502 0380 0133     		adds	r3, r3, #1
 503 0382 FB66     		str	r3, [r7, #108]
 504              	.L9:
  58:fft.h         ****       l1 = l2;
 505              		.loc 1 58 0 is_stmt 0 discriminator 1
 506 0384 FA6E     		ldr	r2, [r7, #108]
 507 0386 BB68     		ldr	r3, [r7, #8]
 508 0388 9A42     		cmp	r2, r3
 509 038a FFF6BEAE 		blt	.L15
  81:fft.h         ****    }
  82:fft.h         **** 
  83:fft.h         ****    /* Scaling factor for forward transform */
ARM GAS  C:\Users\User\AppData\Local\Temp\ccMCUot4.s 			page 12


  84:fft.h         **** //   if (dir == 1) {
  85:fft.h         **** //      for (i=0;i<n;i++) {
  86:fft.h         **** //         x[i] /= n;
  87:fft.h         **** //         y[i] /= n;
  88:fft.h         **** //      }
  89:fft.h         **** //   }
  90:fft.h         ****    
  91:fft.h         ****    for(i=0;i<N_points;i++)
 510              		.loc 1 91 0 is_stmt 1
 511 038e 0023     		movs	r3, #0
 512 0390 BB67     		str	r3, [r7, #120]
 513 0392 4AE0     		b	.L16
 514              	.L19:
 515              		.align	2
 516              	.L18:
 517 0394 0000F0BF 		.word	-1074790400
 518 0398 0000F03F 		.word	1072693248
 519              	.L17:
  92:fft.h         ****    {
  93:fft.h         ****     /* Absolute value */
  94:fft.h         ****    u[i]=2*sqrt((x[i]*x[i])+(y[i]*y[i]))/N_points;  
 520              		.loc 1 94 0 discriminator 3
 521 039c BB6F     		ldr	r3, [r7, #120]
 522 039e DB00     		lsls	r3, r3, #3
 523 03a0 D7F89820 		ldr	r2, [r7, #152]
 524 03a4 D418     		adds	r4, r2, r3
 525 03a6 BB6F     		ldr	r3, [r7, #120]
 526 03a8 DB00     		lsls	r3, r3, #3
 527 03aa 7A68     		ldr	r2, [r7, #4]
 528 03ac 1344     		add	r3, r3, r2
 529 03ae D3E90001 		ldrd	r0, [r3]
 530 03b2 BB6F     		ldr	r3, [r7, #120]
 531 03b4 DB00     		lsls	r3, r3, #3
 532 03b6 7A68     		ldr	r2, [r7, #4]
 533 03b8 1344     		add	r3, r3, r2
 534 03ba D3E90023 		ldrd	r2, [r3]
 535 03be FFF7FEFF 		bl	__aeabi_dmul
 536 03c2 0246     		mov	r2, r0
 537 03c4 0B46     		mov	r3, r1
 538 03c6 9046     		mov	r8, r2
 539 03c8 9946     		mov	r9, r3
 540 03ca BB6F     		ldr	r3, [r7, #120]
 541 03cc DB00     		lsls	r3, r3, #3
 542 03ce 3A68     		ldr	r2, [r7]
 543 03d0 1344     		add	r3, r3, r2
 544 03d2 D3E90001 		ldrd	r0, [r3]
 545 03d6 BB6F     		ldr	r3, [r7, #120]
 546 03d8 DB00     		lsls	r3, r3, #3
 547 03da 3A68     		ldr	r2, [r7]
 548 03dc 1344     		add	r3, r3, r2
 549 03de D3E90023 		ldrd	r2, [r3]
 550 03e2 FFF7FEFF 		bl	__aeabi_dmul
 551 03e6 0246     		mov	r2, r0
 552 03e8 0B46     		mov	r3, r1
 553 03ea 4046     		mov	r0, r8
 554 03ec 4946     		mov	r1, r9
 555 03ee FFF7FEFF 		bl	__aeabi_dadd
ARM GAS  C:\Users\User\AppData\Local\Temp\ccMCUot4.s 			page 13


 556 03f2 0246     		mov	r2, r0
 557 03f4 0B46     		mov	r3, r1
 558 03f6 1046     		mov	r0, r2
 559 03f8 1946     		mov	r1, r3
 560 03fa FFF7FEFF 		bl	sqrt
 561 03fe 0246     		mov	r2, r0
 562 0400 0B46     		mov	r3, r1
 563 0402 1046     		mov	r0, r2
 564 0404 1946     		mov	r1, r3
 565 0406 FFF7FEFF 		bl	__aeabi_dadd
 566 040a 0246     		mov	r2, r0
 567 040c 0B46     		mov	r3, r1
 568 040e 1046     		mov	r0, r2
 569 0410 1946     		mov	r1, r3
 570 0412 4FF00002 		mov	r2, #0
 571 0416 084B     		ldr	r3, .L20
 572 0418 FFF7FEFF 		bl	__aeabi_ddiv
 573 041c 0246     		mov	r2, r0
 574 041e 0B46     		mov	r3, r1
 575 0420 C4E90023 		strd	r2, [r4]
  91:fft.h         ****    {
 576              		.loc 1 91 0 discriminator 3
 577 0424 BB6F     		ldr	r3, [r7, #120]
 578 0426 0133     		adds	r3, r3, #1
 579 0428 BB67     		str	r3, [r7, #120]
 580              	.L16:
  91:fft.h         ****    {
 581              		.loc 1 91 0 is_stmt 0 discriminator 1
 582 042a BB6F     		ldr	r3, [r7, #120]
 583 042c 3F2B     		cmp	r3, #63
 584 042e B5DD     		ble	.L17
  95:fft.h         ****    }
  96:fft.h         **** }
 585              		.loc 1 96 0 is_stmt 1
 586 0430 8037     		adds	r7, r7, #128
 587              		.cfi_def_cfa_offset 24
 588 0432 BD46     		mov	sp, r7
 589              		.cfi_def_cfa_register 13
 590              		@ sp needed
 591 0434 BDE8B083 		pop	{r4, r5, r7, r8, r9, pc}
 592              	.L21:
 593              		.align	2
 594              	.L20:
 595 0438 00005040 		.word	1078984704
 596              		.cfi_endproc
 597              	.LFE63:
 598              		.size	FFT, .-FFT
 599              		.section	.text.calculate_50Hz_Amp,"ax",%progbits
 600              		.align	2
 601              		.global	calculate_50Hz_Amp
 602              		.thumb
 603              		.thumb_func
 604              		.type	calculate_50Hz_Amp, %function
 605              	calculate_50Hz_Amp:
 606              	.LFB64:
  97:fft.h         **** 
  98:fft.h         **** double calculate_50Hz_Amp(double *u)
ARM GAS  C:\Users\User\AppData\Local\Temp\ccMCUot4.s 			page 14


  99:fft.h         **** {
 607              		.loc 1 99 0
 608              		.cfi_startproc
 609              		@ args = 0, pretend = 0, frame = 8
 610              		@ frame_needed = 1, uses_anonymous_args = 0
 611              		@ link register save eliminated.
 612 0000 80B4     		push	{r7}
 613              		.cfi_def_cfa_offset 4
 614              		.cfi_offset 7, -4
 615 0002 83B0     		sub	sp, sp, #12
 616              		.cfi_def_cfa_offset 16
 617 0004 00AF     		add	r7, sp, #0
 618              		.cfi_def_cfa_register 7
 619 0006 7860     		str	r0, [r7, #4]
 100:fft.h         **** //    double fsample = 1067;  
 101:fft.h         **** //    double delta_f_bin = fsample/N_points;
 102:fft.h         **** //    int bin_number = frekvens/delta_f_bin;
 103:fft.h         ****     
 104:fft.h         ****     return u[3];
 620              		.loc 1 104 0
 621 0008 7B68     		ldr	r3, [r7, #4]
 622 000a D3E90623 		ldrd	r2, [r3, #24]
 105:fft.h         ****     
 106:fft.h         ****     
 107:fft.h         **** }
 623              		.loc 1 107 0
 624 000e 1046     		mov	r0, r2
 625 0010 1946     		mov	r1, r3
 626 0012 0C37     		adds	r7, r7, #12
 627              		.cfi_def_cfa_offset 4
 628 0014 BD46     		mov	sp, r7
 629              		.cfi_def_cfa_register 13
 630              		@ sp needed
 631 0016 5DF8047B 		ldr	r7, [sp], #4
 632              		.cfi_restore 7
 633              		.cfi_def_cfa_offset 0
 634 001a 7047     		bx	lr
 635              		.cfi_endproc
 636              	.LFE64:
 637              		.size	calculate_50Hz_Amp, .-calculate_50Hz_Amp
 638              		.section	.text.calculate_50Hz_RMS,"ax",%progbits
 639              		.align	2
 640              		.global	calculate_50Hz_RMS
 641              		.thumb
 642              		.thumb_func
 643              		.type	calculate_50Hz_RMS, %function
 644              	calculate_50Hz_RMS:
 645              	.LFB65:
 108:fft.h         **** 
 109:fft.h         **** double calculate_50Hz_RMS(double *u)
 110:fft.h         **** {
 646              		.loc 1 110 0
 647              		.cfi_startproc
 648              		@ args = 0, pretend = 0, frame = 8
 649              		@ frame_needed = 1, uses_anonymous_args = 0
 650 0000 80B5     		push	{r7, lr}
 651              		.cfi_def_cfa_offset 8
ARM GAS  C:\Users\User\AppData\Local\Temp\ccMCUot4.s 			page 15


 652              		.cfi_offset 7, -8
 653              		.cfi_offset 14, -4
 654 0002 82B0     		sub	sp, sp, #8
 655              		.cfi_def_cfa_offset 16
 656 0004 00AF     		add	r7, sp, #0
 657              		.cfi_def_cfa_register 7
 658 0006 7860     		str	r0, [r7, #4]
 111:fft.h         ****     return u[3]/sqrt(2);  
 659              		.loc 1 111 0
 660 0008 7B68     		ldr	r3, [r7, #4]
 661 000a 1833     		adds	r3, r3, #24
 662 000c D3E90023 		ldrd	r2, [r3]
 663 0010 1046     		mov	r0, r2
 664 0012 1946     		mov	r1, r3
 665 0014 06A3     		adr	r3, .L26
 666 0016 D3E90023 		ldrd	r2, [r3]
 667 001a FFF7FEFF 		bl	__aeabi_ddiv
 668 001e 0246     		mov	r2, r0
 669 0020 0B46     		mov	r3, r1
 112:fft.h         **** }
 670              		.loc 1 112 0
 671 0022 1046     		mov	r0, r2
 672 0024 1946     		mov	r1, r3
 673 0026 0837     		adds	r7, r7, #8
 674              		.cfi_def_cfa_offset 8
 675 0028 BD46     		mov	sp, r7
 676              		.cfi_def_cfa_register 13
 677              		@ sp needed
 678 002a 80BD     		pop	{r7, pc}
 679              	.L27:
 680 002c AFF30080 		.align	3
 681              	.L26:
 682 0030 CD3B7F66 		.word	1719614413
 683 0034 9EA0F63F 		.word	1073127582
 684              		.cfi_endproc
 685              	.LFE65:
 686              		.size	calculate_50Hz_RMS, .-calculate_50Hz_RMS
 687              		.section	.text.calculate_50Hz_PF,"ax",%progbits
 688              		.align	2
 689              		.global	calculate_50Hz_PF
 690              		.thumb
 691              		.thumb_func
 692              		.type	calculate_50Hz_PF, %function
 693              	calculate_50Hz_PF:
 694              	.LFB66:
 113:fft.h         **** 
 114:fft.h         **** double calculate_50Hz_PF()
 115:fft.h         **** {
 695              		.loc 1 115 0
 696              		.cfi_startproc
 697              		@ args = 0, pretend = 0, frame = 16
 698              		@ frame_needed = 1, uses_anonymous_args = 0
 699 0000 80B5     		push	{r7, lr}
 700              		.cfi_def_cfa_offset 8
 701              		.cfi_offset 7, -8
 702              		.cfi_offset 14, -4
 703 0002 84B0     		sub	sp, sp, #16
ARM GAS  C:\Users\User\AppData\Local\Temp\ccMCUot4.s 			page 16


 704              		.cfi_def_cfa_offset 24
 705 0004 00AF     		add	r7, sp, #0
 706              		.cfi_def_cfa_register 7
 116:fft.h         ****     double angle_Volt = atan(Im_volt[3]/Re_volt[3]);
 707              		.loc 1 116 0
 708 0006 194B     		ldr	r3, .L30
 709 0008 D3E90601 		ldrd	r0, [r3, #24]
 710 000c 184B     		ldr	r3, .L30+4
 711 000e D3E90623 		ldrd	r2, [r3, #24]
 712 0012 FFF7FEFF 		bl	__aeabi_ddiv
 713 0016 0246     		mov	r2, r0
 714 0018 0B46     		mov	r3, r1
 715 001a 1046     		mov	r0, r2
 716 001c 1946     		mov	r1, r3
 717 001e FFF7FEFF 		bl	atan
 718 0022 C7E90201 		strd	r0, [r7, #8]
 117:fft.h         ****     double angle_Ampere = atan(Im_Ampere[3]/Re_Ampere[3]);
 719              		.loc 1 117 0
 720 0026 134B     		ldr	r3, .L30+8
 721 0028 D3E90601 		ldrd	r0, [r3, #24]
 722 002c 124B     		ldr	r3, .L30+12
 723 002e D3E90623 		ldrd	r2, [r3, #24]
 724 0032 FFF7FEFF 		bl	__aeabi_ddiv
 725 0036 0246     		mov	r2, r0
 726 0038 0B46     		mov	r3, r1
 727 003a 1046     		mov	r0, r2
 728 003c 1946     		mov	r1, r3
 729 003e FFF7FEFF 		bl	atan
 730 0042 C7E90001 		strd	r0, [r7]
 118:fft.h         ****     
 119:fft.h         ****     return cos(angle_Volt - angle_Ampere);
 731              		.loc 1 119 0
 732 0046 D7E90201 		ldrd	r0, [r7, #8]
 733 004a D7E90023 		ldrd	r2, [r7]
 734 004e FFF7FEFF 		bl	__aeabi_dsub
 735 0052 0246     		mov	r2, r0
 736 0054 0B46     		mov	r3, r1
 737 0056 1046     		mov	r0, r2
 738 0058 1946     		mov	r1, r3
 739 005a FFF7FEFF 		bl	cos
 740 005e 0246     		mov	r2, r0
 741 0060 0B46     		mov	r3, r1
 120:fft.h         ****     
 121:fft.h         **** }
 742              		.loc 1 121 0
 743 0062 1046     		mov	r0, r2
 744 0064 1946     		mov	r1, r3
 745 0066 1037     		adds	r7, r7, #16
 746              		.cfi_def_cfa_offset 8
 747 0068 BD46     		mov	sp, r7
 748              		.cfi_def_cfa_register 13
 749              		@ sp needed
 750 006a 80BD     		pop	{r7, pc}
 751              	.L31:
 752              		.align	2
 753              	.L30:
 754 006c 00000000 		.word	Im_volt
ARM GAS  C:\Users\User\AppData\Local\Temp\ccMCUot4.s 			page 17


 755 0070 00000000 		.word	Re_volt
 756 0074 00000000 		.word	Im_Ampere
 757 0078 00000000 		.word	Re_Ampere
 758              		.cfi_endproc
 759              	.LFE66:
 760              		.size	calculate_50Hz_PF, .-calculate_50Hz_PF
 761              		.section	.text.calculate_THD,"ax",%progbits
 762              		.align	2
 763              		.global	calculate_THD
 764              		.thumb
 765              		.thumb_func
 766              		.type	calculate_THD, %function
 767              	calculate_THD:
 768              	.LFB67:
 122:fft.h         **** 
 123:fft.h         **** 
 124:fft.h         **** double calculate_THD()
 125:fft.h         **** {
 769              		.loc 1 125 0
 770              		.cfi_startproc
 771              		@ args = 0, pretend = 0, frame = 0
 772              		@ frame_needed = 1, uses_anonymous_args = 0
 773 0000 80B5     		push	{r7, lr}
 774              		.cfi_def_cfa_offset 8
 775              		.cfi_offset 7, -8
 776              		.cfi_offset 14, -4
 777 0002 00AF     		add	r7, sp, #0
 778              		.cfi_def_cfa_register 7
 126:fft.h         ****    return sqrt(Abs_volt[3*2]+Abs_volt[3*3]+Abs_volt[3*4]+Abs_volt[3*5])/Abs_volt[3];  
 779              		.loc 1 126 0
 780 0004 144B     		ldr	r3, .L34
 781 0006 D3E90C01 		ldrd	r0, [r3, #48]
 782 000a 134B     		ldr	r3, .L34
 783 000c D3E91223 		ldrd	r2, [r3, #72]
 784 0010 FFF7FEFF 		bl	__aeabi_dadd
 785 0014 0246     		mov	r2, r0
 786 0016 0B46     		mov	r3, r1
 787 0018 1046     		mov	r0, r2
 788 001a 1946     		mov	r1, r3
 789 001c 0E4B     		ldr	r3, .L34
 790 001e D3E91823 		ldrd	r2, [r3, #96]
 791 0022 FFF7FEFF 		bl	__aeabi_dadd
 792 0026 0246     		mov	r2, r0
 793 0028 0B46     		mov	r3, r1
 794 002a 1046     		mov	r0, r2
 795 002c 1946     		mov	r1, r3
 796 002e 0A4B     		ldr	r3, .L34
 797 0030 D3E91E23 		ldrd	r2, [r3, #120]
 798 0034 FFF7FEFF 		bl	__aeabi_dadd
 799 0038 0246     		mov	r2, r0
 800 003a 0B46     		mov	r3, r1
 801 003c 1046     		mov	r0, r2
 802 003e 1946     		mov	r1, r3
 803 0040 FFF7FEFF 		bl	sqrt
 804 0044 044B     		ldr	r3, .L34
 805 0046 D3E90623 		ldrd	r2, [r3, #24]
 806 004a FFF7FEFF 		bl	__aeabi_ddiv
ARM GAS  C:\Users\User\AppData\Local\Temp\ccMCUot4.s 			page 18


 807 004e 0246     		mov	r2, r0
 808 0050 0B46     		mov	r3, r1
 127:fft.h         **** }
 809              		.loc 1 127 0
 810 0052 1046     		mov	r0, r2
 811 0054 1946     		mov	r1, r3
 812 0056 80BD     		pop	{r7, pc}
 813              	.L35:
 814              		.align	2
 815              	.L34:
 816 0058 00000000 		.word	Abs_volt
 817              		.cfi_endproc
 818              	.LFE67:
 819              		.size	calculate_THD, .-calculate_THD
 820              		.section	.rodata
 821              		.align	3
 822              	.LC0:
 823 0000 00000000 		.word	0
 824 0004 00F8AA40 		.word	1084946432
 825 0008 00000000 		.word	0
 826 000c 00F6AB40 		.word	1085011456
 827 0010 00000000 		.word	0
 828 0014 001EAC40 		.word	1085021696
 829 0018 00000000 		.word	0
 830 001c 006AAB40 		.word	1084975616
 831 0020 00000000 		.word	0
 832 0024 00EEA940 		.word	1084878336
 833 0028 00000000 		.word	0
 834 002c 00D0A740 		.word	1084739584
 835 0030 00000000 		.word	0
 836 0034 004CA540 		.word	1084574720
 837 0038 00000000 		.word	0
 838 003c 00A4A240 		.word	1084400640
 839 0040 00000000 		.word	0
 840 0044 001EA040 		.word	1084235264
 841 0048 00000000 		.word	0
 842 004c 00009C40 		.word	1083965440
 843 0050 00000000 		.word	0
 844 0054 00009940 		.word	1083768832
 845 0058 00000000 		.word	0
 846 005c 00989740 		.word	1083676672
 847 0060 00000000 		.word	0
 848 0064 00E09740 		.word	1083695104
 849 0068 00000000 		.word	0
 850 006c 00D89940 		.word	1083824128
 851 0070 00000000 		.word	0
 852 0074 004C9D40 		.word	1084050432
 853 0078 00000000 		.word	0
 854 007c 00F0A040 		.word	1084289024
 855 0080 00000000 		.word	0
 856 0084 0088A340 		.word	1084459008
 857 0088 00000000 		.word	0
 858 008c 002CA640 		.word	1084632064
 859 0090 00000000 		.word	0
 860 0094 0096A840 		.word	1084790272
 861 0098 00000000 		.word	0
 862 009c 0082AA40 		.word	1084916224
ARM GAS  C:\Users\User\AppData\Local\Temp\ccMCUot4.s 			page 19


 863 00a0 00000000 		.word	0
 864 00a4 00F8AA40 		.word	1084946432
 865 00a8 00000000 		.word	0
 866 00ac 00F6AB40 		.word	1085011456
 867 00b0 00000000 		.word	0
 868 00b4 001EAC40 		.word	1085021696
 869 00b8 00000000 		.word	0
 870 00bc 006AAB40 		.word	1084975616
 871 00c0 00000000 		.word	0
 872 00c4 00EEA940 		.word	1084878336
 873 00c8 00000000 		.word	0
 874 00cc 00D0A740 		.word	1084739584
 875 00d0 00000000 		.word	0
 876 00d4 004CA540 		.word	1084574720
 877 00d8 00000000 		.word	0
 878 00dc 00A4A240 		.word	1084400640
 879 00e0 00000000 		.word	0
 880 00e4 001EA040 		.word	1084235264
 881 00e8 00000000 		.word	0
 882 00ec 00009C40 		.word	1083965440
 883 00f0 00000000 		.word	0
 884 00f4 00009940 		.word	1083768832
 885 00f8 00000000 		.word	0
 886 00fc 00989740 		.word	1083676672
 887 0100 00000000 		.word	0
 888 0104 00E09740 		.word	1083695104
 889 0108 00000000 		.word	0
 890 010c 00D89940 		.word	1083824128
 891 0110 00000000 		.word	0
 892 0114 004C9D40 		.word	1084050432
 893 0118 00000000 		.word	0
 894 011c 00F0A040 		.word	1084289024
 895 0120 00000000 		.word	0
 896 0124 0088A340 		.word	1084459008
 897 0128 00000000 		.word	0
 898 012c 002CA640 		.word	1084632064
 899 0130 00000000 		.word	0
 900 0134 0096A840 		.word	1084790272
 901 0138 00000000 		.word	0
 902 013c 0082AA40 		.word	1084916224
 903 0140 00000000 		.word	0
 904 0144 00F8AA40 		.word	1084946432
 905 0148 00000000 		.word	0
 906 014c 00F6AB40 		.word	1085011456
 907 0150 00000000 		.word	0
 908 0154 001EAC40 		.word	1085021696
 909 0158 00000000 		.word	0
 910 015c 006AAB40 		.word	1084975616
 911 0160 00000000 		.word	0
 912 0164 00EEA940 		.word	1084878336
 913 0168 00000000 		.word	0
 914 016c 00D0A740 		.word	1084739584
 915 0170 00000000 		.word	0
 916 0174 004CA540 		.word	1084574720
 917 0178 00000000 		.word	0
 918 017c 00A4A240 		.word	1084400640
 919 0180 00000000 		.word	0
ARM GAS  C:\Users\User\AppData\Local\Temp\ccMCUot4.s 			page 20


 920 0184 001EA040 		.word	1084235264
 921 0188 00000000 		.word	0
 922 018c 00009C40 		.word	1083965440
 923 0190 00000000 		.word	0
 924 0194 00009940 		.word	1083768832
 925 0198 00000000 		.word	0
 926 019c 00989740 		.word	1083676672
 927 01a0 00000000 		.word	0
 928 01a4 00E09740 		.word	1083695104
 929 01a8 00000000 		.word	0
 930 01ac 00D89940 		.word	1083824128
 931 01b0 00000000 		.word	0
 932 01b4 004C9D40 		.word	1084050432
 933 01b8 00000000 		.word	0
 934 01bc 00F0A040 		.word	1084289024
 935 01c0 00000000 		.word	0
 936 01c4 0088A340 		.word	1084459008
 937 01c8 00000000 		.word	0
 938 01cc 002CA640 		.word	1084632064
 939 01d0 00000000 		.word	0
 940 01d4 0096A840 		.word	1084790272
 941 01d8 00000000 		.word	0
 942 01dc 0082AA40 		.word	1084916224
 943 01e0 00000000 		.word	0
 944 01e4 00F8AA40 		.word	1084946432
 945 01e8 00000000 		.word	0
 946 01ec 00F6AB40 		.word	1085011456
 947 01f0 00000000 		.word	0
 948 01f4 001EAC40 		.word	1085021696
 949 01f8 00000000 		.word	0
 950 01fc 006AAB40 		.word	1084975616
 951              		.align	3
 952              	.LC1:
 953 0200 00000000 		.word	0
 954 0204 00A4A240 		.word	1084400640
 955 0208 00000000 		.word	0
 956 020c 001EA040 		.word	1084235264
 957 0210 00000000 		.word	0
 958 0214 00009C40 		.word	1083965440
 959 0218 00000000 		.word	0
 960 021c 00009940 		.word	1083768832
 961 0220 00000000 		.word	0
 962 0224 00989740 		.word	1083676672
 963 0228 00000000 		.word	0
 964 022c 00E09740 		.word	1083695104
 965 0230 00000000 		.word	0
 966 0234 00D89940 		.word	1083824128
 967 0238 00000000 		.word	0
 968 023c 004C9D40 		.word	1084050432
 969 0240 00000000 		.word	0
 970 0244 00F0A040 		.word	1084289024
 971 0248 00000000 		.word	0
 972 024c 0088A340 		.word	1084459008
 973 0250 00000000 		.word	0
 974 0254 002CA640 		.word	1084632064
 975 0258 00000000 		.word	0
 976 025c 0096A840 		.word	1084790272
ARM GAS  C:\Users\User\AppData\Local\Temp\ccMCUot4.s 			page 21


 977 0260 00000000 		.word	0
 978 0264 0082AA40 		.word	1084916224
 979 0268 00000000 		.word	0
 980 026c 00F8AA40 		.word	1084946432
 981 0270 00000000 		.word	0
 982 0274 00F6AB40 		.word	1085011456
 983 0278 00000000 		.word	0
 984 027c 001EAC40 		.word	1085021696
 985 0280 00000000 		.word	0
 986 0284 006AAB40 		.word	1084975616
 987 0288 00000000 		.word	0
 988 028c 00EEA940 		.word	1084878336
 989 0290 00000000 		.word	0
 990 0294 00D0A740 		.word	1084739584
 991 0298 00000000 		.word	0
 992 029c 004CA540 		.word	1084574720
 993 02a0 00000000 		.word	0
 994 02a4 00A4A240 		.word	1084400640
 995 02a8 00000000 		.word	0
 996 02ac 001EA040 		.word	1084235264
 997 02b0 00000000 		.word	0
 998 02b4 00009C40 		.word	1083965440
 999 02b8 00000000 		.word	0
 1000 02bc 00009940 		.word	1083768832
 1001 02c0 00000000 		.word	0
 1002 02c4 00989740 		.word	1083676672
 1003 02c8 00000000 		.word	0
 1004 02cc 00E09740 		.word	1083695104
 1005 02d0 00000000 		.word	0
 1006 02d4 00D89940 		.word	1083824128
 1007 02d8 00000000 		.word	0
 1008 02dc 004C9D40 		.word	1084050432
 1009 02e0 00000000 		.word	0
 1010 02e4 00F0A040 		.word	1084289024
 1011 02e8 00000000 		.word	0
 1012 02ec 0088A340 		.word	1084459008
 1013 02f0 00000000 		.word	0
 1014 02f4 002CA640 		.word	1084632064
 1015 02f8 00000000 		.word	0
 1016 02fc 0096A840 		.word	1084790272
 1017 0300 00000000 		.word	0
 1018 0304 0082AA40 		.word	1084916224
 1019 0308 00000000 		.word	0
 1020 030c 00F8AA40 		.word	1084946432
 1021 0310 00000000 		.word	0
 1022 0314 00F6AB40 		.word	1085011456
 1023 0318 00000000 		.word	0
 1024 031c 001EAC40 		.word	1085021696
 1025 0320 00000000 		.word	0
 1026 0324 006AAB40 		.word	1084975616
 1027 0328 00000000 		.word	0
 1028 032c 00EEA940 		.word	1084878336
 1029 0330 00000000 		.word	0
 1030 0334 00D0A740 		.word	1084739584
 1031 0338 00000000 		.word	0
 1032 033c 004CA540 		.word	1084574720
 1033 0340 00000000 		.word	0
ARM GAS  C:\Users\User\AppData\Local\Temp\ccMCUot4.s 			page 22


 1034 0344 00A4A240 		.word	1084400640
 1035 0348 00000000 		.word	0
 1036 034c 001EA040 		.word	1084235264
 1037 0350 00000000 		.word	0
 1038 0354 00009C40 		.word	1083965440
 1039 0358 00000000 		.word	0
 1040 035c 00009940 		.word	1083768832
 1041 0360 00000000 		.word	0
 1042 0364 00989740 		.word	1083676672
 1043 0368 00000000 		.word	0
 1044 036c 00E09740 		.word	1083695104
 1045 0370 00000000 		.word	0
 1046 0374 00D89940 		.word	1083824128
 1047 0378 00000000 		.word	0
 1048 037c 004C9D40 		.word	1084050432
 1049 0380 00000000 		.word	0
 1050 0384 00F0A040 		.word	1084289024
 1051 0388 00000000 		.word	0
 1052 038c 0088A340 		.word	1084459008
 1053 0390 00000000 		.word	0
 1054 0394 002CA640 		.word	1084632064
 1055 0398 00000000 		.word	0
 1056 039c 0096A840 		.word	1084790272
 1057 03a0 00000000 		.word	0
 1058 03a4 0082AA40 		.word	1084916224
 1059 03a8 00000000 		.word	0
 1060 03ac 00F8AA40 		.word	1084946432
 1061 03b0 00000000 		.word	0
 1062 03b4 00F6AB40 		.word	1085011456
 1063 03b8 00000000 		.word	0
 1064 03bc 001EAC40 		.word	1085021696
 1065 03c0 00000000 		.word	0
 1066 03c4 006AAB40 		.word	1084975616
 1067 03c8 00000000 		.word	0
 1068 03cc 00EEA940 		.word	1084878336
 1069 03d0 00000000 		.word	0
 1070 03d4 00D0A740 		.word	1084739584
 1071 03d8 00000000 		.word	0
 1072 03dc 004CA540 		.word	1084574720
 1073 03e0 00000000 		.word	0
 1074 03e4 00A4A240 		.word	1084400640
 1075 03e8 00000000 		.word	0
 1076 03ec 001EA040 		.word	1084235264
 1077 03f0 00000000 		.word	0
 1078 03f4 00009C40 		.word	1083965440
 1079 03f8 00000000 		.word	0
 1080 03fc 00009940 		.word	1083768832
 1081              		.section	.text.main,"ax",%progbits
 1082              		.align	2
 1083              		.global	main
 1084              		.thumb
 1085              		.thumb_func
 1086              		.type	main, %function
 1087              	main:
 1088              	.LFB68:
 1089              		.file 2 "main.c"
   1:main.c        **** /* ========================================
ARM GAS  C:\Users\User\AppData\Local\Temp\ccMCUot4.s 			page 23


   2:main.c        ****  *
   3:main.c        ****  * Copyright YOUR COMPANY, THE YEAR
   4:main.c        ****  * All Rights Reserved
   5:main.c        ****  * UNPUBLISHED, LICENSED SOFTWARE.
   6:main.c        ****  *
   7:main.c        ****  * CONFIDENTIAL AND PROPRIETARY INFORMATION
   8:main.c        ****  * WHICH IS THE PROPERTY OF your company.
   9:main.c        ****  *
  10:main.c        ****  * ========================================
  11:main.c        **** */
  12:main.c        **** #include "project.h"
  13:main.c        **** #include "fft.h"
  14:main.c        **** 
  15:main.c        **** 
  16:main.c        **** int main(void)
  17:main.c        **** {
 1090              		.loc 2 17 0
 1091              		.cfi_startproc
 1092              		@ args = 0, pretend = 0, frame = 1080
 1093              		@ frame_needed = 1, uses_anonymous_args = 0
 1094 0000 80B5     		push	{r7, lr}
 1095              		.cfi_def_cfa_offset 8
 1096              		.cfi_offset 7, -8
 1097              		.cfi_offset 14, -4
 1098 0002 ADF5886D 		sub	sp, sp, #1088
 1099              		.cfi_def_cfa_offset 1096
 1100 0006 02AF     		add	r7, sp, #8
 1101              		.cfi_def_cfa 7, 1088
  18:main.c        ****     CyGlobalIntEnable; /* Enable global interrupts. */
 1102              		.loc 2 18 0
 1103              	@ 18 "main.c" 1
 1104 0008 62B6     		CPSIE   i
 1105              	@ 0 "" 2
  19:main.c        ****     int p = 0;
 1106              		.loc 2 19 0
 1107              		.thumb
 1108 000a 0023     		movs	r3, #0
 1109 000c C7F83434 		str	r3, [r7, #1076]
  20:main.c        **** 
  21:main.c        ****     double Amp_Volt = 0;
 1110              		.loc 2 21 0
 1111 0010 4FF00002 		mov	r2, #0
 1112 0014 4FF00003 		mov	r3, #0
 1113 0018 07F58561 		add	r1, r7, #1064
 1114 001c C1E90023 		strd	r2, [r1]
  22:main.c        ****     double RMS_Volt = 0;
 1115              		.loc 2 22 0
 1116 0020 4FF00002 		mov	r2, #0
 1117 0024 4FF00003 		mov	r3, #0
 1118 0028 07F58461 		add	r1, r7, #1056
 1119 002c C1E90023 		strd	r2, [r1]
  23:main.c        ****     double Amp_Ampere = 0;
 1120              		.loc 2 23 0
 1121 0030 4FF00002 		mov	r2, #0
 1122 0034 4FF00003 		mov	r3, #0
 1123 0038 07F58361 		add	r1, r7, #1048
 1124 003c C1E90023 		strd	r2, [r1]
ARM GAS  C:\Users\User\AppData\Local\Temp\ccMCUot4.s 			page 24


  24:main.c        ****     double RMS_Ampere = 0;
 1125              		.loc 2 24 0
 1126 0040 4FF00002 		mov	r2, #0
 1127 0044 4FF00003 		mov	r3, #0
 1128 0048 07F58261 		add	r1, r7, #1040
 1129 004c C1E90023 		strd	r2, [r1]
  25:main.c        ****     double PF = 0;
 1130              		.loc 2 25 0
 1131 0050 4FF00002 		mov	r2, #0
 1132 0054 4FF00003 		mov	r3, #0
 1133 0058 07F58161 		add	r1, r7, #1032
 1134 005c C1E90023 		strd	r2, [r1]
  26:main.c        ****     double THD;
  27:main.c        ****     
  28:main.c        ****     double samples_Ampere[N_points] = {3452,3579,3599,3509,3319,3048,2726,2386,2063,1792,1600,1510,
 1135              		.loc 2 28 0
 1136 0060 07F50073 		add	r3, r7, #512
 1137 0064 454A     		ldr	r2, .L40
 1138 0066 1946     		mov	r1, r3
 1139 0068 4FF40073 		mov	r3, #512
 1140 006c 0846     		mov	r0, r1
 1141 006e 1146     		mov	r1, r2
 1142 0070 1A46     		mov	r2, r3
 1143 0072 FFF7FEFF 		bl	memcpy
  29:main.c        ****     
  30:main.c        ****     double samples_volt[N_points] = {2386,2063,1792,1600,1510,1528,1654,1875,2168,2500,2838,3147,33
 1144              		.loc 2 30 0
 1145 0076 3B46     		mov	r3, r7
 1146 0078 414A     		ldr	r2, .L40+4
 1147 007a 1946     		mov	r1, r3
 1148 007c 4FF40073 		mov	r3, #512
 1149 0080 0846     		mov	r0, r1
 1150 0082 1146     		mov	r1, r2
 1151 0084 1A46     		mov	r2, r3
 1152 0086 FFF7FEFF 		bl	memcpy
 1153              	.L39:
  31:main.c        ****  
  32:main.c        ****     
  33:main.c        ****     
  34:main.c        ****     while(1)
  35:main.c        ****     {
  36:main.c        ****     
  37:main.c        ****     for(p = 0; p<N_points ; p++)
 1154              		.loc 2 37 0
 1155 008a 0023     		movs	r3, #0
 1156 008c C7F83434 		str	r3, [r7, #1076]
 1157 0090 37E0     		b	.L37
 1158              	.L38:
  38:main.c        ****     {
  39:main.c        ****         Re_volt[p] = samples_volt[p];
 1159              		.loc 2 39 0 discriminator 3
 1160 0092 3A46     		mov	r2, r7
 1161 0094 D7F83434 		ldr	r3, [r7, #1076]
 1162 0098 DB00     		lsls	r3, r3, #3
 1163 009a 1344     		add	r3, r3, r2
 1164 009c D3E90023 		ldrd	r2, [r3]
 1165 00a0 3848     		ldr	r0, .L40+8
ARM GAS  C:\Users\User\AppData\Local\Temp\ccMCUot4.s 			page 25


 1166 00a2 D7F83414 		ldr	r1, [r7, #1076]
 1167 00a6 C900     		lsls	r1, r1, #3
 1168 00a8 0144     		add	r1, r1, r0
 1169 00aa C1E90023 		strd	r2, [r1]
  40:main.c        ****         Im_volt[p] = 0;
 1170              		.loc 2 40 0 discriminator 3
 1171 00ae 364A     		ldr	r2, .L40+12
 1172 00b0 D7F83434 		ldr	r3, [r7, #1076]
 1173 00b4 DB00     		lsls	r3, r3, #3
 1174 00b6 D118     		adds	r1, r2, r3
 1175 00b8 4FF00002 		mov	r2, #0
 1176 00bc 4FF00003 		mov	r3, #0
 1177 00c0 C1E90023 		strd	r2, [r1]
  41:main.c        ****         
  42:main.c        ****         Re_Ampere[p] = samples_Ampere[p];
 1178              		.loc 2 42 0 discriminator 3
 1179 00c4 07F50072 		add	r2, r7, #512
 1180 00c8 D7F83434 		ldr	r3, [r7, #1076]
 1181 00cc DB00     		lsls	r3, r3, #3
 1182 00ce 1344     		add	r3, r3, r2
 1183 00d0 D3E90023 		ldrd	r2, [r3]
 1184 00d4 2D48     		ldr	r0, .L40+16
 1185 00d6 D7F83414 		ldr	r1, [r7, #1076]
 1186 00da C900     		lsls	r1, r1, #3
 1187 00dc 0144     		add	r1, r1, r0
 1188 00de C1E90023 		strd	r2, [r1]
  43:main.c        ****         Im_Ampere[p] = 0;
 1189              		.loc 2 43 0 discriminator 3
 1190 00e2 2B4A     		ldr	r2, .L40+20
 1191 00e4 D7F83434 		ldr	r3, [r7, #1076]
 1192 00e8 DB00     		lsls	r3, r3, #3
 1193 00ea D118     		adds	r1, r2, r3
 1194 00ec 4FF00002 		mov	r2, #0
 1195 00f0 4FF00003 		mov	r3, #0
 1196 00f4 C1E90023 		strd	r2, [r1]
  37:main.c        ****     {
 1197              		.loc 2 37 0 discriminator 3
 1198 00f8 D7F83434 		ldr	r3, [r7, #1076]
 1199 00fc 0133     		adds	r3, r3, #1
 1200 00fe C7F83434 		str	r3, [r7, #1076]
 1201              	.L37:
  37:main.c        ****     {
 1202              		.loc 2 37 0 is_stmt 0 discriminator 1
 1203 0102 D7F83434 		ldr	r3, [r7, #1076]
 1204 0106 3F2B     		cmp	r3, #63
 1205 0108 C3DD     		ble	.L38
  44:main.c        ****     }   
  45:main.c        ****     
  46:main.c        ****     FFT(1,exponent,Re_volt,Im_volt,Abs_volt);
 1206              		.loc 2 46 0 is_stmt 1
 1207 010a 224B     		ldr	r3, .L40+24
 1208 010c 0093     		str	r3, [sp]
 1209 010e 0120     		movs	r0, #1
 1210 0110 0621     		movs	r1, #6
 1211 0112 1C4A     		ldr	r2, .L40+8
 1212 0114 1C4B     		ldr	r3, .L40+12
 1213 0116 FFF7FEFF 		bl	FFT
ARM GAS  C:\Users\User\AppData\Local\Temp\ccMCUot4.s 			page 26


  47:main.c        ****     FFT(1,exponent,Re_Ampere,Im_Ampere,Abs_Ampere);
 1214              		.loc 2 47 0
 1215 011a 1F4B     		ldr	r3, .L40+28
 1216 011c 0093     		str	r3, [sp]
 1217 011e 0120     		movs	r0, #1
 1218 0120 0621     		movs	r1, #6
 1219 0122 1A4A     		ldr	r2, .L40+16
 1220 0124 1A4B     		ldr	r3, .L40+20
 1221 0126 FFF7FEFF 		bl	FFT
  48:main.c        ****     
  49:main.c        ****     
  50:main.c        ****     Amp_Volt = calculate_50Hz_Amp(Abs_volt);
 1222              		.loc 2 50 0
 1223 012a 1A48     		ldr	r0, .L40+24
 1224 012c FFF7FEFF 		bl	calculate_50Hz_Amp
 1225 0130 07F58563 		add	r3, r7, #1064
 1226 0134 C3E90001 		strd	r0, [r3]
  51:main.c        ****     RMS_Volt = calculate_50Hz_RMS(Abs_volt);
 1227              		.loc 2 51 0
 1228 0138 1648     		ldr	r0, .L40+24
 1229 013a FFF7FEFF 		bl	calculate_50Hz_RMS
 1230 013e 07F58463 		add	r3, r7, #1056
 1231 0142 C3E90001 		strd	r0, [r3]
  52:main.c        ****     Amp_Ampere = calculate_50Hz_Amp(Abs_Ampere);
 1232              		.loc 2 52 0
 1233 0146 1448     		ldr	r0, .L40+28
 1234 0148 FFF7FEFF 		bl	calculate_50Hz_Amp
 1235 014c 07F58363 		add	r3, r7, #1048
 1236 0150 C3E90001 		strd	r0, [r3]
  53:main.c        ****     RMS_Ampere = calculate_50Hz_RMS(Abs_Ampere);
 1237              		.loc 2 53 0
 1238 0154 1048     		ldr	r0, .L40+28
 1239 0156 FFF7FEFF 		bl	calculate_50Hz_RMS
 1240 015a 07F58263 		add	r3, r7, #1040
 1241 015e C3E90001 		strd	r0, [r3]
  54:main.c        ****     PF = calculate_50Hz_PF();
 1242              		.loc 2 54 0
 1243 0162 FFF7FEFF 		bl	calculate_50Hz_PF
 1244 0166 07F58163 		add	r3, r7, #1032
 1245 016a C3E90001 		strd	r0, [r3]
  55:main.c        ****     THD = calculate_THD();
 1246              		.loc 2 55 0
 1247 016e FFF7FEFF 		bl	calculate_THD
 1248 0172 07F58063 		add	r3, r7, #1024
 1249 0176 C3E90001 		strd	r0, [r3]
  56:main.c        ****      
  57:main.c        ****     }
 1250              		.loc 2 57 0
 1251 017a 86E7     		b	.L39
 1252              	.L41:
 1253              		.align	2
 1254              	.L40:
 1255 017c 00000000 		.word	.LC0
 1256 0180 00020000 		.word	.LC1
 1257 0184 00000000 		.word	Re_volt
 1258 0188 00000000 		.word	Im_volt
 1259 018c 00000000 		.word	Re_Ampere
ARM GAS  C:\Users\User\AppData\Local\Temp\ccMCUot4.s 			page 27


 1260 0190 00000000 		.word	Im_Ampere
 1261 0194 00000000 		.word	Abs_volt
 1262 0198 00000000 		.word	Abs_Ampere
 1263              		.cfi_endproc
 1264              	.LFE68:
 1265              		.size	main, .-main
 1266              		.text
 1267              	.Letext0:
 1268              		.file 3 "c:\\program files (x86)\\cypress\\psoc creator\\4.0\\psoc creator\\import\\gnu\\arm\\4.9.
 1269              		.file 4 "c:\\program files (x86)\\cypress\\psoc creator\\4.0\\psoc creator\\import\\gnu\\arm\\4.9.
 1270              		.file 5 "Generated_Source\\PSoC5/core_cm3.h"
 1271              		.section	.debug_info,"",%progbits
 1272              	.Ldebug_info0:
 1273 0000 A2030000 		.4byte	0x3a2
 1274 0004 0400     		.2byte	0x4
 1275 0006 00000000 		.4byte	.Ldebug_abbrev0
 1276 000a 04       		.byte	0x4
 1277 000b 01       		.uleb128 0x1
 1278 000c EA000000 		.4byte	.LASF35
 1279 0010 01       		.byte	0x1
 1280 0011 50020000 		.4byte	.LASF36
 1281 0015 73000000 		.4byte	.LASF37
 1282 0019 00000000 		.4byte	.Ldebug_ranges0+0
 1283 001d 00000000 		.4byte	0
 1284 0021 00000000 		.4byte	.Ldebug_line0
 1285 0025 02       		.uleb128 0x2
 1286 0026 01       		.byte	0x1
 1287 0027 06       		.byte	0x6
 1288 0028 A9010000 		.4byte	.LASF0
 1289 002c 02       		.uleb128 0x2
 1290 002d 01       		.byte	0x1
 1291 002e 08       		.byte	0x8
 1292 002f 83010000 		.4byte	.LASF1
 1293 0033 02       		.uleb128 0x2
 1294 0034 02       		.byte	0x2
 1295 0035 05       		.byte	0x5
 1296 0036 2A000000 		.4byte	.LASF2
 1297 003a 02       		.uleb128 0x2
 1298 003b 02       		.byte	0x2
 1299 003c 07       		.byte	0x7
 1300 003d D9010000 		.4byte	.LASF3
 1301 0041 03       		.uleb128 0x3
 1302 0042 70020000 		.4byte	.LASF9
 1303 0046 03       		.byte	0x3
 1304 0047 3F       		.byte	0x3f
 1305 0048 4C000000 		.4byte	0x4c
 1306 004c 02       		.uleb128 0x2
 1307 004d 04       		.byte	0x4
 1308 004e 05       		.byte	0x5
 1309 004f 11020000 		.4byte	.LASF4
 1310 0053 02       		.uleb128 0x2
 1311 0054 04       		.byte	0x4
 1312 0055 07       		.byte	0x7
 1313 0056 57020000 		.4byte	.LASF5
 1314 005a 02       		.uleb128 0x2
 1315 005b 08       		.byte	0x8
 1316 005c 05       		.byte	0x5
ARM GAS  C:\Users\User\AppData\Local\Temp\ccMCUot4.s 			page 28


 1317 005d D3000000 		.4byte	.LASF6
 1318 0061 02       		.uleb128 0x2
 1319 0062 08       		.byte	0x8
 1320 0063 07       		.byte	0x7
 1321 0064 B5010000 		.4byte	.LASF7
 1322 0068 04       		.uleb128 0x4
 1323 0069 04       		.byte	0x4
 1324 006a 05       		.byte	0x5
 1325 006b 696E7400 		.ascii	"int\000"
 1326 006f 02       		.uleb128 0x2
 1327 0070 04       		.byte	0x4
 1328 0071 07       		.byte	0x7
 1329 0072 CC010000 		.4byte	.LASF8
 1330 0076 03       		.uleb128 0x3
 1331 0077 1F020000 		.4byte	.LASF10
 1332 007b 04       		.byte	0x4
 1333 007c 2C       		.byte	0x2c
 1334 007d 41000000 		.4byte	0x41
 1335 0081 02       		.uleb128 0x2
 1336 0082 04       		.byte	0x4
 1337 0083 04       		.byte	0x4
 1338 0084 CD000000 		.4byte	.LASF11
 1339 0088 02       		.uleb128 0x2
 1340 0089 08       		.byte	0x8
 1341 008a 04       		.byte	0x4
 1342 008b 69020000 		.4byte	.LASF12
 1343 008f 02       		.uleb128 0x2
 1344 0090 01       		.byte	0x1
 1345 0091 08       		.byte	0x8
 1346 0092 0C020000 		.4byte	.LASF13
 1347 0096 02       		.uleb128 0x2
 1348 0097 04       		.byte	0x4
 1349 0098 07       		.byte	0x7
 1350 0099 34000000 		.4byte	.LASF14
 1351 009d 02       		.uleb128 0x2
 1352 009e 08       		.byte	0x8
 1353 009f 04       		.byte	0x4
 1354 00a0 00000000 		.4byte	.LASF15
 1355 00a4 05       		.uleb128 0x5
 1356 00a5 46465400 		.ascii	"FFT\000"
 1357 00a9 01       		.byte	0x1
 1358 00aa 15       		.byte	0x15
 1359 00ab 00000000 		.4byte	.LFB63
 1360 00af 3C040000 		.4byte	.LFE63-.LFB63
 1361 00b3 01       		.uleb128 0x1
 1362 00b4 9C       		.byte	0x9c
 1363 00b5 EA010000 		.4byte	0x1ea
 1364 00b9 06       		.uleb128 0x6
 1365 00ba 64697200 		.ascii	"dir\000"
 1366 00be 01       		.byte	0x1
 1367 00bf 15       		.byte	0x15
 1368 00c0 68000000 		.4byte	0x68
 1369 00c4 03       		.uleb128 0x3
 1370 00c5 91       		.byte	0x91
 1371 00c6 F47E     		.sleb128 -140
 1372 00c8 06       		.uleb128 0x6
 1373 00c9 6D00     		.ascii	"m\000"
ARM GAS  C:\Users\User\AppData\Local\Temp\ccMCUot4.s 			page 29


 1374 00cb 01       		.byte	0x1
 1375 00cc 15       		.byte	0x15
 1376 00cd 4C000000 		.4byte	0x4c
 1377 00d1 03       		.uleb128 0x3
 1378 00d2 91       		.byte	0x91
 1379 00d3 F07E     		.sleb128 -144
 1380 00d5 06       		.uleb128 0x6
 1381 00d6 7800     		.ascii	"x\000"
 1382 00d8 01       		.byte	0x1
 1383 00d9 15       		.byte	0x15
 1384 00da EA010000 		.4byte	0x1ea
 1385 00de 03       		.uleb128 0x3
 1386 00df 91       		.byte	0x91
 1387 00e0 EC7E     		.sleb128 -148
 1388 00e2 06       		.uleb128 0x6
 1389 00e3 7900     		.ascii	"y\000"
 1390 00e5 01       		.byte	0x1
 1391 00e6 15       		.byte	0x15
 1392 00e7 EA010000 		.4byte	0x1ea
 1393 00eb 03       		.uleb128 0x3
 1394 00ec 91       		.byte	0x91
 1395 00ed E87E     		.sleb128 -152
 1396 00ef 06       		.uleb128 0x6
 1397 00f0 7500     		.ascii	"u\000"
 1398 00f2 01       		.byte	0x1
 1399 00f3 15       		.byte	0x15
 1400 00f4 EA010000 		.4byte	0x1ea
 1401 00f8 02       		.uleb128 0x2
 1402 00f9 91       		.byte	0x91
 1403 00fa 00       		.sleb128 0
 1404 00fb 07       		.uleb128 0x7
 1405 00fc 6E00     		.ascii	"n\000"
 1406 00fe 01       		.byte	0x1
 1407 00ff 1A       		.byte	0x1a
 1408 0100 4C000000 		.4byte	0x4c
 1409 0104 02       		.uleb128 0x2
 1410 0105 91       		.byte	0x91
 1411 0106 64       		.sleb128 -28
 1412 0107 07       		.uleb128 0x7
 1413 0108 6900     		.ascii	"i\000"
 1414 010a 01       		.byte	0x1
 1415 010b 1A       		.byte	0x1a
 1416 010c 4C000000 		.4byte	0x4c
 1417 0110 02       		.uleb128 0x2
 1418 0111 91       		.byte	0x91
 1419 0112 60       		.sleb128 -32
 1420 0113 07       		.uleb128 0x7
 1421 0114 693100   		.ascii	"i1\000"
 1422 0117 01       		.byte	0x1
 1423 0118 1A       		.byte	0x1a
 1424 0119 4C000000 		.4byte	0x4c
 1425 011d 03       		.uleb128 0x3
 1426 011e 91       		.byte	0x91
 1427 011f 907F     		.sleb128 -112
 1428 0121 07       		.uleb128 0x7
 1429 0122 6A00     		.ascii	"j\000"
 1430 0124 01       		.byte	0x1
ARM GAS  C:\Users\User\AppData\Local\Temp\ccMCUot4.s 			page 30


 1431 0125 1A       		.byte	0x1a
 1432 0126 4C000000 		.4byte	0x4c
 1433 012a 02       		.uleb128 0x2
 1434 012b 91       		.byte	0x91
 1435 012c 5C       		.sleb128 -36
 1436 012d 07       		.uleb128 0x7
 1437 012e 6B00     		.ascii	"k\000"
 1438 0130 01       		.byte	0x1
 1439 0131 1A       		.byte	0x1a
 1440 0132 4C000000 		.4byte	0x4c
 1441 0136 02       		.uleb128 0x2
 1442 0137 91       		.byte	0x91
 1443 0138 58       		.sleb128 -40
 1444 0139 07       		.uleb128 0x7
 1445 013a 693200   		.ascii	"i2\000"
 1446 013d 01       		.byte	0x1
 1447 013e 1A       		.byte	0x1a
 1448 013f 4C000000 		.4byte	0x4c
 1449 0143 03       		.uleb128 0x3
 1450 0144 91       		.byte	0x91
 1451 0145 AC7F     		.sleb128 -84
 1452 0147 07       		.uleb128 0x7
 1453 0148 6C00     		.ascii	"l\000"
 1454 014a 01       		.byte	0x1
 1455 014b 1A       		.byte	0x1a
 1456 014c 4C000000 		.4byte	0x4c
 1457 0150 02       		.uleb128 0x2
 1458 0151 91       		.byte	0x91
 1459 0152 54       		.sleb128 -44
 1460 0153 07       		.uleb128 0x7
 1461 0154 6C3100   		.ascii	"l1\000"
 1462 0157 01       		.byte	0x1
 1463 0158 1A       		.byte	0x1a
 1464 0159 4C000000 		.4byte	0x4c
 1465 015d 03       		.uleb128 0x3
 1466 015e 91       		.byte	0x91
 1467 015f 947F     		.sleb128 -108
 1468 0161 07       		.uleb128 0x7
 1469 0162 6C3200   		.ascii	"l2\000"
 1470 0165 01       		.byte	0x1
 1471 0166 1A       		.byte	0x1a
 1472 0167 4C000000 		.4byte	0x4c
 1473 016b 02       		.uleb128 0x2
 1474 016c 91       		.byte	0x91
 1475 016d 50       		.sleb128 -48
 1476 016e 07       		.uleb128 0x7
 1477 016f 633100   		.ascii	"c1\000"
 1478 0172 01       		.byte	0x1
 1479 0173 1B       		.byte	0x1b
 1480 0174 88000000 		.4byte	0x88
 1481 0178 02       		.uleb128 0x2
 1482 0179 91       		.byte	0x91
 1483 017a 48       		.sleb128 -56
 1484 017b 07       		.uleb128 0x7
 1485 017c 633200   		.ascii	"c2\000"
 1486 017f 01       		.byte	0x1
 1487 0180 1B       		.byte	0x1b
ARM GAS  C:\Users\User\AppData\Local\Temp\ccMCUot4.s 			page 31


 1488 0181 88000000 		.4byte	0x88
 1489 0185 02       		.uleb128 0x2
 1490 0186 91       		.byte	0x91
 1491 0187 40       		.sleb128 -64
 1492 0188 07       		.uleb128 0x7
 1493 0189 747800   		.ascii	"tx\000"
 1494 018c 01       		.byte	0x1
 1495 018d 1B       		.byte	0x1b
 1496 018e 88000000 		.4byte	0x88
 1497 0192 03       		.uleb128 0x3
 1498 0193 91       		.byte	0x91
 1499 0194 A07F     		.sleb128 -96
 1500 0196 07       		.uleb128 0x7
 1501 0197 747900   		.ascii	"ty\000"
 1502 019a 01       		.byte	0x1
 1503 019b 1B       		.byte	0x1b
 1504 019c 88000000 		.4byte	0x88
 1505 01a0 03       		.uleb128 0x3
 1506 01a1 91       		.byte	0x91
 1507 01a2 987F     		.sleb128 -104
 1508 01a4 07       		.uleb128 0x7
 1509 01a5 743100   		.ascii	"t1\000"
 1510 01a8 01       		.byte	0x1
 1511 01a9 1B       		.byte	0x1b
 1512 01aa 88000000 		.4byte	0x88
 1513 01ae 03       		.uleb128 0x3
 1514 01af 91       		.byte	0x91
 1515 01b0 887F     		.sleb128 -120
 1516 01b2 07       		.uleb128 0x7
 1517 01b3 743200   		.ascii	"t2\000"
 1518 01b6 01       		.byte	0x1
 1519 01b7 1B       		.byte	0x1b
 1520 01b8 88000000 		.4byte	0x88
 1521 01bc 03       		.uleb128 0x3
 1522 01bd 91       		.byte	0x91
 1523 01be 807F     		.sleb128 -128
 1524 01c0 07       		.uleb128 0x7
 1525 01c1 753100   		.ascii	"u1\000"
 1526 01c4 01       		.byte	0x1
 1527 01c5 1B       		.byte	0x1b
 1528 01c6 88000000 		.4byte	0x88
 1529 01ca 03       		.uleb128 0x3
 1530 01cb 91       		.byte	0x91
 1531 01cc B87F     		.sleb128 -72
 1532 01ce 07       		.uleb128 0x7
 1533 01cf 753200   		.ascii	"u2\000"
 1534 01d2 01       		.byte	0x1
 1535 01d3 1B       		.byte	0x1b
 1536 01d4 88000000 		.4byte	0x88
 1537 01d8 03       		.uleb128 0x3
 1538 01d9 91       		.byte	0x91
 1539 01da B07F     		.sleb128 -80
 1540 01dc 07       		.uleb128 0x7
 1541 01dd 7A00     		.ascii	"z\000"
 1542 01df 01       		.byte	0x1
 1543 01e0 1B       		.byte	0x1b
 1544 01e1 88000000 		.4byte	0x88
ARM GAS  C:\Users\User\AppData\Local\Temp\ccMCUot4.s 			page 32


 1545 01e5 03       		.uleb128 0x3
 1546 01e6 91       		.byte	0x91
 1547 01e7 F87E     		.sleb128 -136
 1548 01e9 00       		.byte	0
 1549 01ea 08       		.uleb128 0x8
 1550 01eb 04       		.byte	0x4
 1551 01ec 88000000 		.4byte	0x88
 1552 01f0 09       		.uleb128 0x9
 1553 01f1 F9010000 		.4byte	.LASF16
 1554 01f5 01       		.byte	0x1
 1555 01f6 62       		.byte	0x62
 1556 01f7 88000000 		.4byte	0x88
 1557 01fb 00000000 		.4byte	.LFB64
 1558 01ff 1C000000 		.4byte	.LFE64-.LFB64
 1559 0203 01       		.uleb128 0x1
 1560 0204 9C       		.byte	0x9c
 1561 0205 16020000 		.4byte	0x216
 1562 0209 06       		.uleb128 0x6
 1563 020a 7500     		.ascii	"u\000"
 1564 020c 01       		.byte	0x1
 1565 020d 62       		.byte	0x62
 1566 020e EA010000 		.4byte	0x1ea
 1567 0212 02       		.uleb128 0x2
 1568 0213 91       		.byte	0x91
 1569 0214 74       		.sleb128 -12
 1570 0215 00       		.byte	0
 1571 0216 0A       		.uleb128 0xa
 1572 0217 17000000 		.4byte	.LASF17
 1573 021b 01       		.byte	0x1
 1574 021c 6D       		.byte	0x6d
 1575 021d 88000000 		.4byte	0x88
 1576 0221 00000000 		.4byte	.LFB65
 1577 0225 38000000 		.4byte	.LFE65-.LFB65
 1578 0229 01       		.uleb128 0x1
 1579 022a 9C       		.byte	0x9c
 1580 022b 3C020000 		.4byte	0x23c
 1581 022f 06       		.uleb128 0x6
 1582 0230 7500     		.ascii	"u\000"
 1583 0232 01       		.byte	0x1
 1584 0233 6D       		.byte	0x6d
 1585 0234 EA010000 		.4byte	0x1ea
 1586 0238 02       		.uleb128 0x2
 1587 0239 91       		.byte	0x91
 1588 023a 74       		.sleb128 -12
 1589 023b 00       		.byte	0
 1590 023c 0B       		.uleb128 0xb
 1591 023d 35020000 		.4byte	.LASF18
 1592 0241 01       		.byte	0x1
 1593 0242 72       		.byte	0x72
 1594 0243 88000000 		.4byte	0x88
 1595 0247 00000000 		.4byte	.LFB66
 1596 024b 7C000000 		.4byte	.LFE66-.LFB66
 1597 024f 01       		.uleb128 0x1
 1598 0250 9C       		.byte	0x9c
 1599 0251 72020000 		.4byte	0x272
 1600 0255 0C       		.uleb128 0xc
 1601 0256 0C000000 		.4byte	.LASF19
ARM GAS  C:\Users\User\AppData\Local\Temp\ccMCUot4.s 			page 33


 1602 025a 01       		.byte	0x1
 1603 025b 74       		.byte	0x74
 1604 025c 88000000 		.4byte	0x88
 1605 0260 02       		.uleb128 0x2
 1606 0261 91       		.byte	0x91
 1607 0262 70       		.sleb128 -16
 1608 0263 0C       		.uleb128 0xc
 1609 0264 91010000 		.4byte	.LASF20
 1610 0268 01       		.byte	0x1
 1611 0269 75       		.byte	0x75
 1612 026a 88000000 		.4byte	0x88
 1613 026e 02       		.uleb128 0x2
 1614 026f 91       		.byte	0x91
 1615 0270 68       		.sleb128 -24
 1616 0271 00       		.byte	0
 1617 0272 0D       		.uleb128 0xd
 1618 0273 27020000 		.4byte	.LASF38
 1619 0277 01       		.byte	0x1
 1620 0278 7C       		.byte	0x7c
 1621 0279 88000000 		.4byte	0x88
 1622 027d 00000000 		.4byte	.LFB67
 1623 0281 5C000000 		.4byte	.LFE67-.LFB67
 1624 0285 01       		.uleb128 0x1
 1625 0286 9C       		.byte	0x9c
 1626 0287 0A       		.uleb128 0xa
 1627 0288 1A020000 		.4byte	.LASF21
 1628 028c 02       		.byte	0x2
 1629 028d 10       		.byte	0x10
 1630 028e 68000000 		.4byte	0x68
 1631 0292 00000000 		.4byte	.LFB68
 1632 0296 9C010000 		.4byte	.LFE68-.LFB68
 1633 029a 01       		.uleb128 0x1
 1634 029b 9C       		.byte	0x9c
 1635 029c 1E030000 		.4byte	0x31e
 1636 02a0 07       		.uleb128 0x7
 1637 02a1 7000     		.ascii	"p\000"
 1638 02a3 02       		.byte	0x2
 1639 02a4 13       		.byte	0x13
 1640 02a5 68000000 		.4byte	0x68
 1641 02a9 02       		.uleb128 0x2
 1642 02aa 91       		.byte	0x91
 1643 02ab 74       		.sleb128 -12
 1644 02ac 0C       		.uleb128 0xc
 1645 02ad 8F020000 		.4byte	.LASF22
 1646 02b1 02       		.byte	0x2
 1647 02b2 15       		.byte	0x15
 1648 02b3 88000000 		.4byte	0x88
 1649 02b7 02       		.uleb128 0x2
 1650 02b8 91       		.byte	0x91
 1651 02b9 68       		.sleb128 -24
 1652 02ba 0C       		.uleb128 0xc
 1653 02bb E1000000 		.4byte	.LASF23
 1654 02bf 02       		.byte	0x2
 1655 02c0 16       		.byte	0x16
 1656 02c1 88000000 		.4byte	0x88
 1657 02c5 02       		.uleb128 0x2
 1658 02c6 91       		.byte	0x91
ARM GAS  C:\Users\User\AppData\Local\Temp\ccMCUot4.s 			page 34


 1659 02c7 60       		.sleb128 -32
 1660 02c8 0C       		.uleb128 0xc
 1661 02c9 5E000000 		.4byte	.LASF24
 1662 02cd 02       		.byte	0x2
 1663 02ce 17       		.byte	0x17
 1664 02cf 88000000 		.4byte	0x88
 1665 02d3 02       		.uleb128 0x2
 1666 02d4 91       		.byte	0x91
 1667 02d5 58       		.sleb128 -40
 1668 02d6 0C       		.uleb128 0xc
 1669 02d7 9E010000 		.4byte	.LASF25
 1670 02db 02       		.byte	0x2
 1671 02dc 18       		.byte	0x18
 1672 02dd 88000000 		.4byte	0x88
 1673 02e1 02       		.uleb128 0x2
 1674 02e2 91       		.byte	0x91
 1675 02e3 50       		.sleb128 -48
 1676 02e4 07       		.uleb128 0x7
 1677 02e5 504600   		.ascii	"PF\000"
 1678 02e8 02       		.byte	0x2
 1679 02e9 19       		.byte	0x19
 1680 02ea 88000000 		.4byte	0x88
 1681 02ee 02       		.uleb128 0x2
 1682 02ef 91       		.byte	0x91
 1683 02f0 48       		.sleb128 -56
 1684 02f1 07       		.uleb128 0x7
 1685 02f2 54484400 		.ascii	"THD\000"
 1686 02f6 02       		.byte	0x2
 1687 02f7 1A       		.byte	0x1a
 1688 02f8 88000000 		.4byte	0x88
 1689 02fc 02       		.uleb128 0x2
 1690 02fd 91       		.byte	0x91
 1691 02fe 40       		.sleb128 -64
 1692 02ff 0C       		.uleb128 0xc
 1693 0300 3D000000 		.4byte	.LASF26
 1694 0304 02       		.byte	0x2
 1695 0305 1C       		.byte	0x1c
 1696 0306 1E030000 		.4byte	0x31e
 1697 030a 03       		.uleb128 0x3
 1698 030b 91       		.byte	0x91
 1699 030c C07B     		.sleb128 -576
 1700 030e 0C       		.uleb128 0xc
 1701 030f EC010000 		.4byte	.LASF27
 1702 0313 02       		.byte	0x2
 1703 0314 1E       		.byte	0x1e
 1704 0315 1E030000 		.4byte	0x31e
 1705 0319 03       		.uleb128 0x3
 1706 031a 91       		.byte	0x91
 1707 031b C077     		.sleb128 -1088
 1708 031d 00       		.byte	0
 1709 031e 0E       		.uleb128 0xe
 1710 031f 88000000 		.4byte	0x88
 1711 0323 2E030000 		.4byte	0x32e
 1712 0327 0F       		.uleb128 0xf
 1713 0328 96000000 		.4byte	0x96
 1714 032c 3F       		.byte	0x3f
 1715 032d 00       		.byte	0
ARM GAS  C:\Users\User\AppData\Local\Temp\ccMCUot4.s 			page 35


 1716 032e 10       		.uleb128 0x10
 1717 032f 82020000 		.4byte	.LASF28
 1718 0333 05       		.byte	0x5
 1719 0334 9606     		.2byte	0x696
 1720 0336 3A030000 		.4byte	0x33a
 1721 033a 11       		.uleb128 0x11
 1722 033b 76000000 		.4byte	0x76
 1723 033f 12       		.uleb128 0x12
 1724 0340 47020000 		.4byte	.LASF29
 1725 0344 01       		.byte	0x1
 1726 0345 0B       		.byte	0xb
 1727 0346 1E030000 		.4byte	0x31e
 1728 034a 05       		.uleb128 0x5
 1729 034b 03       		.byte	0x3
 1730 034c 00000000 		.4byte	Abs_volt
 1731 0350 12       		.uleb128 0x12
 1732 0351 7A020000 		.4byte	.LASF30
 1733 0355 01       		.byte	0x1
 1734 0356 0C       		.byte	0xc
 1735 0357 1E030000 		.4byte	0x31e
 1736 035b 05       		.uleb128 0x5
 1737 035c 03       		.byte	0x3
 1738 035d 00000000 		.4byte	Re_volt
 1739 0361 12       		.uleb128 0x12
 1740 0362 56000000 		.4byte	.LASF31
 1741 0366 01       		.byte	0x1
 1742 0367 0D       		.byte	0xd
 1743 0368 1E030000 		.4byte	0x31e
 1744 036c 05       		.uleb128 0x5
 1745 036d 03       		.byte	0x3
 1746 036e 00000000 		.4byte	Im_volt
 1747 0372 12       		.uleb128 0x12
 1748 0373 78010000 		.4byte	.LASF32
 1749 0377 01       		.byte	0x1
 1750 0378 0F       		.byte	0xf
 1751 0379 1E030000 		.4byte	0x31e
 1752 037d 05       		.uleb128 0x5
 1753 037e 03       		.byte	0x3
 1754 037f 00000000 		.4byte	Abs_Ampere
 1755 0383 12       		.uleb128 0x12
 1756 0384 69000000 		.4byte	.LASF33
 1757 0388 01       		.byte	0x1
 1758 0389 10       		.byte	0x10
 1759 038a 1E030000 		.4byte	0x31e
 1760 038e 05       		.uleb128 0x5
 1761 038f 03       		.byte	0x3
 1762 0390 00000000 		.4byte	Re_Ampere
 1763 0394 12       		.uleb128 0x12
 1764 0395 4C000000 		.4byte	.LASF34
 1765 0399 01       		.byte	0x1
 1766 039a 11       		.byte	0x11
 1767 039b 1E030000 		.4byte	0x31e
 1768 039f 05       		.uleb128 0x5
 1769 03a0 03       		.byte	0x3
 1770 03a1 00000000 		.4byte	Im_Ampere
 1771 03a5 00       		.byte	0
 1772              		.section	.debug_abbrev,"",%progbits
ARM GAS  C:\Users\User\AppData\Local\Temp\ccMCUot4.s 			page 36


 1773              	.Ldebug_abbrev0:
 1774 0000 01       		.uleb128 0x1
 1775 0001 11       		.uleb128 0x11
 1776 0002 01       		.byte	0x1
 1777 0003 25       		.uleb128 0x25
 1778 0004 0E       		.uleb128 0xe
 1779 0005 13       		.uleb128 0x13
 1780 0006 0B       		.uleb128 0xb
 1781 0007 03       		.uleb128 0x3
 1782 0008 0E       		.uleb128 0xe
 1783 0009 1B       		.uleb128 0x1b
 1784 000a 0E       		.uleb128 0xe
 1785 000b 55       		.uleb128 0x55
 1786 000c 17       		.uleb128 0x17
 1787 000d 11       		.uleb128 0x11
 1788 000e 01       		.uleb128 0x1
 1789 000f 10       		.uleb128 0x10
 1790 0010 17       		.uleb128 0x17
 1791 0011 00       		.byte	0
 1792 0012 00       		.byte	0
 1793 0013 02       		.uleb128 0x2
 1794 0014 24       		.uleb128 0x24
 1795 0015 00       		.byte	0
 1796 0016 0B       		.uleb128 0xb
 1797 0017 0B       		.uleb128 0xb
 1798 0018 3E       		.uleb128 0x3e
 1799 0019 0B       		.uleb128 0xb
 1800 001a 03       		.uleb128 0x3
 1801 001b 0E       		.uleb128 0xe
 1802 001c 00       		.byte	0
 1803 001d 00       		.byte	0
 1804 001e 03       		.uleb128 0x3
 1805 001f 16       		.uleb128 0x16
 1806 0020 00       		.byte	0
 1807 0021 03       		.uleb128 0x3
 1808 0022 0E       		.uleb128 0xe
 1809 0023 3A       		.uleb128 0x3a
 1810 0024 0B       		.uleb128 0xb
 1811 0025 3B       		.uleb128 0x3b
 1812 0026 0B       		.uleb128 0xb
 1813 0027 49       		.uleb128 0x49
 1814 0028 13       		.uleb128 0x13
 1815 0029 00       		.byte	0
 1816 002a 00       		.byte	0
 1817 002b 04       		.uleb128 0x4
 1818 002c 24       		.uleb128 0x24
 1819 002d 00       		.byte	0
 1820 002e 0B       		.uleb128 0xb
 1821 002f 0B       		.uleb128 0xb
 1822 0030 3E       		.uleb128 0x3e
 1823 0031 0B       		.uleb128 0xb
 1824 0032 03       		.uleb128 0x3
 1825 0033 08       		.uleb128 0x8
 1826 0034 00       		.byte	0
 1827 0035 00       		.byte	0
 1828 0036 05       		.uleb128 0x5
 1829 0037 2E       		.uleb128 0x2e
ARM GAS  C:\Users\User\AppData\Local\Temp\ccMCUot4.s 			page 37


 1830 0038 01       		.byte	0x1
 1831 0039 3F       		.uleb128 0x3f
 1832 003a 19       		.uleb128 0x19
 1833 003b 03       		.uleb128 0x3
 1834 003c 08       		.uleb128 0x8
 1835 003d 3A       		.uleb128 0x3a
 1836 003e 0B       		.uleb128 0xb
 1837 003f 3B       		.uleb128 0x3b
 1838 0040 0B       		.uleb128 0xb
 1839 0041 27       		.uleb128 0x27
 1840 0042 19       		.uleb128 0x19
 1841 0043 11       		.uleb128 0x11
 1842 0044 01       		.uleb128 0x1
 1843 0045 12       		.uleb128 0x12
 1844 0046 06       		.uleb128 0x6
 1845 0047 40       		.uleb128 0x40
 1846 0048 18       		.uleb128 0x18
 1847 0049 9642     		.uleb128 0x2116
 1848 004b 19       		.uleb128 0x19
 1849 004c 01       		.uleb128 0x1
 1850 004d 13       		.uleb128 0x13
 1851 004e 00       		.byte	0
 1852 004f 00       		.byte	0
 1853 0050 06       		.uleb128 0x6
 1854 0051 05       		.uleb128 0x5
 1855 0052 00       		.byte	0
 1856 0053 03       		.uleb128 0x3
 1857 0054 08       		.uleb128 0x8
 1858 0055 3A       		.uleb128 0x3a
 1859 0056 0B       		.uleb128 0xb
 1860 0057 3B       		.uleb128 0x3b
 1861 0058 0B       		.uleb128 0xb
 1862 0059 49       		.uleb128 0x49
 1863 005a 13       		.uleb128 0x13
 1864 005b 02       		.uleb128 0x2
 1865 005c 18       		.uleb128 0x18
 1866 005d 00       		.byte	0
 1867 005e 00       		.byte	0
 1868 005f 07       		.uleb128 0x7
 1869 0060 34       		.uleb128 0x34
 1870 0061 00       		.byte	0
 1871 0062 03       		.uleb128 0x3
 1872 0063 08       		.uleb128 0x8
 1873 0064 3A       		.uleb128 0x3a
 1874 0065 0B       		.uleb128 0xb
 1875 0066 3B       		.uleb128 0x3b
 1876 0067 0B       		.uleb128 0xb
 1877 0068 49       		.uleb128 0x49
 1878 0069 13       		.uleb128 0x13
 1879 006a 02       		.uleb128 0x2
 1880 006b 18       		.uleb128 0x18
 1881 006c 00       		.byte	0
 1882 006d 00       		.byte	0
 1883 006e 08       		.uleb128 0x8
 1884 006f 0F       		.uleb128 0xf
 1885 0070 00       		.byte	0
 1886 0071 0B       		.uleb128 0xb
ARM GAS  C:\Users\User\AppData\Local\Temp\ccMCUot4.s 			page 38


 1887 0072 0B       		.uleb128 0xb
 1888 0073 49       		.uleb128 0x49
 1889 0074 13       		.uleb128 0x13
 1890 0075 00       		.byte	0
 1891 0076 00       		.byte	0
 1892 0077 09       		.uleb128 0x9
 1893 0078 2E       		.uleb128 0x2e
 1894 0079 01       		.byte	0x1
 1895 007a 3F       		.uleb128 0x3f
 1896 007b 19       		.uleb128 0x19
 1897 007c 03       		.uleb128 0x3
 1898 007d 0E       		.uleb128 0xe
 1899 007e 3A       		.uleb128 0x3a
 1900 007f 0B       		.uleb128 0xb
 1901 0080 3B       		.uleb128 0x3b
 1902 0081 0B       		.uleb128 0xb
 1903 0082 27       		.uleb128 0x27
 1904 0083 19       		.uleb128 0x19
 1905 0084 49       		.uleb128 0x49
 1906 0085 13       		.uleb128 0x13
 1907 0086 11       		.uleb128 0x11
 1908 0087 01       		.uleb128 0x1
 1909 0088 12       		.uleb128 0x12
 1910 0089 06       		.uleb128 0x6
 1911 008a 40       		.uleb128 0x40
 1912 008b 18       		.uleb128 0x18
 1913 008c 9742     		.uleb128 0x2117
 1914 008e 19       		.uleb128 0x19
 1915 008f 01       		.uleb128 0x1
 1916 0090 13       		.uleb128 0x13
 1917 0091 00       		.byte	0
 1918 0092 00       		.byte	0
 1919 0093 0A       		.uleb128 0xa
 1920 0094 2E       		.uleb128 0x2e
 1921 0095 01       		.byte	0x1
 1922 0096 3F       		.uleb128 0x3f
 1923 0097 19       		.uleb128 0x19
 1924 0098 03       		.uleb128 0x3
 1925 0099 0E       		.uleb128 0xe
 1926 009a 3A       		.uleb128 0x3a
 1927 009b 0B       		.uleb128 0xb
 1928 009c 3B       		.uleb128 0x3b
 1929 009d 0B       		.uleb128 0xb
 1930 009e 27       		.uleb128 0x27
 1931 009f 19       		.uleb128 0x19
 1932 00a0 49       		.uleb128 0x49
 1933 00a1 13       		.uleb128 0x13
 1934 00a2 11       		.uleb128 0x11
 1935 00a3 01       		.uleb128 0x1
 1936 00a4 12       		.uleb128 0x12
 1937 00a5 06       		.uleb128 0x6
 1938 00a6 40       		.uleb128 0x40
 1939 00a7 18       		.uleb128 0x18
 1940 00a8 9642     		.uleb128 0x2116
 1941 00aa 19       		.uleb128 0x19
 1942 00ab 01       		.uleb128 0x1
 1943 00ac 13       		.uleb128 0x13
ARM GAS  C:\Users\User\AppData\Local\Temp\ccMCUot4.s 			page 39


 1944 00ad 00       		.byte	0
 1945 00ae 00       		.byte	0
 1946 00af 0B       		.uleb128 0xb
 1947 00b0 2E       		.uleb128 0x2e
 1948 00b1 01       		.byte	0x1
 1949 00b2 3F       		.uleb128 0x3f
 1950 00b3 19       		.uleb128 0x19
 1951 00b4 03       		.uleb128 0x3
 1952 00b5 0E       		.uleb128 0xe
 1953 00b6 3A       		.uleb128 0x3a
 1954 00b7 0B       		.uleb128 0xb
 1955 00b8 3B       		.uleb128 0x3b
 1956 00b9 0B       		.uleb128 0xb
 1957 00ba 49       		.uleb128 0x49
 1958 00bb 13       		.uleb128 0x13
 1959 00bc 11       		.uleb128 0x11
 1960 00bd 01       		.uleb128 0x1
 1961 00be 12       		.uleb128 0x12
 1962 00bf 06       		.uleb128 0x6
 1963 00c0 40       		.uleb128 0x40
 1964 00c1 18       		.uleb128 0x18
 1965 00c2 9642     		.uleb128 0x2116
 1966 00c4 19       		.uleb128 0x19
 1967 00c5 01       		.uleb128 0x1
 1968 00c6 13       		.uleb128 0x13
 1969 00c7 00       		.byte	0
 1970 00c8 00       		.byte	0
 1971 00c9 0C       		.uleb128 0xc
 1972 00ca 34       		.uleb128 0x34
 1973 00cb 00       		.byte	0
 1974 00cc 03       		.uleb128 0x3
 1975 00cd 0E       		.uleb128 0xe
 1976 00ce 3A       		.uleb128 0x3a
 1977 00cf 0B       		.uleb128 0xb
 1978 00d0 3B       		.uleb128 0x3b
 1979 00d1 0B       		.uleb128 0xb
 1980 00d2 49       		.uleb128 0x49
 1981 00d3 13       		.uleb128 0x13
 1982 00d4 02       		.uleb128 0x2
 1983 00d5 18       		.uleb128 0x18
 1984 00d6 00       		.byte	0
 1985 00d7 00       		.byte	0
 1986 00d8 0D       		.uleb128 0xd
 1987 00d9 2E       		.uleb128 0x2e
 1988 00da 00       		.byte	0
 1989 00db 3F       		.uleb128 0x3f
 1990 00dc 19       		.uleb128 0x19
 1991 00dd 03       		.uleb128 0x3
 1992 00de 0E       		.uleb128 0xe
 1993 00df 3A       		.uleb128 0x3a
 1994 00e0 0B       		.uleb128 0xb
 1995 00e1 3B       		.uleb128 0x3b
 1996 00e2 0B       		.uleb128 0xb
 1997 00e3 49       		.uleb128 0x49
 1998 00e4 13       		.uleb128 0x13
 1999 00e5 11       		.uleb128 0x11
 2000 00e6 01       		.uleb128 0x1
ARM GAS  C:\Users\User\AppData\Local\Temp\ccMCUot4.s 			page 40


 2001 00e7 12       		.uleb128 0x12
 2002 00e8 06       		.uleb128 0x6
 2003 00e9 40       		.uleb128 0x40
 2004 00ea 18       		.uleb128 0x18
 2005 00eb 9642     		.uleb128 0x2116
 2006 00ed 19       		.uleb128 0x19
 2007 00ee 00       		.byte	0
 2008 00ef 00       		.byte	0
 2009 00f0 0E       		.uleb128 0xe
 2010 00f1 01       		.uleb128 0x1
 2011 00f2 01       		.byte	0x1
 2012 00f3 49       		.uleb128 0x49
 2013 00f4 13       		.uleb128 0x13
 2014 00f5 01       		.uleb128 0x1
 2015 00f6 13       		.uleb128 0x13
 2016 00f7 00       		.byte	0
 2017 00f8 00       		.byte	0
 2018 00f9 0F       		.uleb128 0xf
 2019 00fa 21       		.uleb128 0x21
 2020 00fb 00       		.byte	0
 2021 00fc 49       		.uleb128 0x49
 2022 00fd 13       		.uleb128 0x13
 2023 00fe 2F       		.uleb128 0x2f
 2024 00ff 0B       		.uleb128 0xb
 2025 0100 00       		.byte	0
 2026 0101 00       		.byte	0
 2027 0102 10       		.uleb128 0x10
 2028 0103 34       		.uleb128 0x34
 2029 0104 00       		.byte	0
 2030 0105 03       		.uleb128 0x3
 2031 0106 0E       		.uleb128 0xe
 2032 0107 3A       		.uleb128 0x3a
 2033 0108 0B       		.uleb128 0xb
 2034 0109 3B       		.uleb128 0x3b
 2035 010a 05       		.uleb128 0x5
 2036 010b 49       		.uleb128 0x49
 2037 010c 13       		.uleb128 0x13
 2038 010d 3F       		.uleb128 0x3f
 2039 010e 19       		.uleb128 0x19
 2040 010f 3C       		.uleb128 0x3c
 2041 0110 19       		.uleb128 0x19
 2042 0111 00       		.byte	0
 2043 0112 00       		.byte	0
 2044 0113 11       		.uleb128 0x11
 2045 0114 35       		.uleb128 0x35
 2046 0115 00       		.byte	0
 2047 0116 49       		.uleb128 0x49
 2048 0117 13       		.uleb128 0x13
 2049 0118 00       		.byte	0
 2050 0119 00       		.byte	0
 2051 011a 12       		.uleb128 0x12
 2052 011b 34       		.uleb128 0x34
 2053 011c 00       		.byte	0
 2054 011d 03       		.uleb128 0x3
 2055 011e 0E       		.uleb128 0xe
 2056 011f 3A       		.uleb128 0x3a
 2057 0120 0B       		.uleb128 0xb
ARM GAS  C:\Users\User\AppData\Local\Temp\ccMCUot4.s 			page 41


 2058 0121 3B       		.uleb128 0x3b
 2059 0122 0B       		.uleb128 0xb
 2060 0123 49       		.uleb128 0x49
 2061 0124 13       		.uleb128 0x13
 2062 0125 3F       		.uleb128 0x3f
 2063 0126 19       		.uleb128 0x19
 2064 0127 02       		.uleb128 0x2
 2065 0128 18       		.uleb128 0x18
 2066 0129 00       		.byte	0
 2067 012a 00       		.byte	0
 2068 012b 00       		.byte	0
 2069              		.section	.debug_aranges,"",%progbits
 2070 0000 44000000 		.4byte	0x44
 2071 0004 0200     		.2byte	0x2
 2072 0006 00000000 		.4byte	.Ldebug_info0
 2073 000a 04       		.byte	0x4
 2074 000b 00       		.byte	0
 2075 000c 0000     		.2byte	0
 2076 000e 0000     		.2byte	0
 2077 0010 00000000 		.4byte	.LFB63
 2078 0014 3C040000 		.4byte	.LFE63-.LFB63
 2079 0018 00000000 		.4byte	.LFB64
 2080 001c 1C000000 		.4byte	.LFE64-.LFB64
 2081 0020 00000000 		.4byte	.LFB65
 2082 0024 38000000 		.4byte	.LFE65-.LFB65
 2083 0028 00000000 		.4byte	.LFB66
 2084 002c 7C000000 		.4byte	.LFE66-.LFB66
 2085 0030 00000000 		.4byte	.LFB67
 2086 0034 5C000000 		.4byte	.LFE67-.LFB67
 2087 0038 00000000 		.4byte	.LFB68
 2088 003c 9C010000 		.4byte	.LFE68-.LFB68
 2089 0040 00000000 		.4byte	0
 2090 0044 00000000 		.4byte	0
 2091              		.section	.debug_ranges,"",%progbits
 2092              	.Ldebug_ranges0:
 2093 0000 00000000 		.4byte	.LFB63
 2094 0004 3C040000 		.4byte	.LFE63
 2095 0008 00000000 		.4byte	.LFB64
 2096 000c 1C000000 		.4byte	.LFE64
 2097 0010 00000000 		.4byte	.LFB65
 2098 0014 38000000 		.4byte	.LFE65
 2099 0018 00000000 		.4byte	.LFB66
 2100 001c 7C000000 		.4byte	.LFE66
 2101 0020 00000000 		.4byte	.LFB67
 2102 0024 5C000000 		.4byte	.LFE67
 2103 0028 00000000 		.4byte	.LFB68
 2104 002c 9C010000 		.4byte	.LFE68
 2105 0030 00000000 		.4byte	0
 2106 0034 00000000 		.4byte	0
 2107              		.section	.debug_line,"",%progbits
 2108              	.Ldebug_line0:
 2109 0000 B7020000 		.section	.debug_str,"MS",%progbits,1
 2109      02004301 
 2109      00000201 
 2109      FB0E0D00 
 2109      01010101 
 2110              	.LASF15:
ARM GAS  C:\Users\User\AppData\Local\Temp\ccMCUot4.s 			page 42


 2111 0000 6C6F6E67 		.ascii	"long double\000"
 2111      20646F75 
 2111      626C6500 
 2112              	.LASF19:
 2113 000c 616E676C 		.ascii	"angle_Volt\000"
 2113      655F566F 
 2113      6C7400
 2114              	.LASF17:
 2115 0017 63616C63 		.ascii	"calculate_50Hz_RMS\000"
 2115      756C6174 
 2115      655F3530 
 2115      487A5F52 
 2115      4D5300
 2116              	.LASF2:
 2117 002a 73686F72 		.ascii	"short int\000"
 2117      7420696E 
 2117      7400
 2118              	.LASF14:
 2119 0034 73697A65 		.ascii	"sizetype\000"
 2119      74797065 
 2119      00
 2120              	.LASF26:
 2121 003d 73616D70 		.ascii	"samples_Ampere\000"
 2121      6C65735F 
 2121      416D7065 
 2121      726500
 2122              	.LASF34:
 2123 004c 496D5F41 		.ascii	"Im_Ampere\000"
 2123      6D706572 
 2123      6500
 2124              	.LASF31:
 2125 0056 496D5F76 		.ascii	"Im_volt\000"
 2125      6F6C7400 
 2126              	.LASF24:
 2127 005e 416D705F 		.ascii	"Amp_Ampere\000"
 2127      416D7065 
 2127      726500
 2128              	.LASF33:
 2129 0069 52655F41 		.ascii	"Re_Ampere\000"
 2129      6D706572 
 2129      6500
 2130              	.LASF37:
 2131 0073 433A5C55 		.ascii	"C:\\Users\\User\\Desktop\\GIT\\EE-projekt-4-gruppe-"
 2131      73657273 
 2131      5C557365 
 2131      725C4465 
 2131      736B746F 
 2132 00a1 315C4D61 		.ascii	"1\\Maaleenhed\\fft\\secound\\Emptyproject.cydsn\000"
 2132      616C6565 
 2132      6E686564 
 2132      5C666674 
 2132      5C736563 
 2133              	.LASF11:
 2134 00cd 666C6F61 		.ascii	"float\000"
 2134      7400
 2135              	.LASF6:
 2136 00d3 6C6F6E67 		.ascii	"long long int\000"
ARM GAS  C:\Users\User\AppData\Local\Temp\ccMCUot4.s 			page 43


 2136      206C6F6E 
 2136      6720696E 
 2136      7400
 2137              	.LASF23:
 2138 00e1 524D535F 		.ascii	"RMS_Volt\000"
 2138      566F6C74 
 2138      00
 2139              	.LASF35:
 2140 00ea 474E5520 		.ascii	"GNU C 4.9.3 20150303 (release) [ARM/embedded-4_9-br"
 2140      4320342E 
 2140      392E3320 
 2140      32303135 
 2140      30333033 
 2141 011d 616E6368 		.ascii	"anch revision 221220] -mcpu=cortex-m3 -mthumb -g -O"
 2141      20726576 
 2141      6973696F 
 2141      6E203232 
 2141      31323230 
 2142 0150 30202D66 		.ascii	"0 -ffunction-sections -ffat-lto-objects\000"
 2142      66756E63 
 2142      74696F6E 
 2142      2D736563 
 2142      74696F6E 
 2143              	.LASF32:
 2144 0178 4162735F 		.ascii	"Abs_Ampere\000"
 2144      416D7065 
 2144      726500
 2145              	.LASF1:
 2146 0183 756E7369 		.ascii	"unsigned char\000"
 2146      676E6564 
 2146      20636861 
 2146      7200
 2147              	.LASF20:
 2148 0191 616E676C 		.ascii	"angle_Ampere\000"
 2148      655F416D 
 2148      70657265 
 2148      00
 2149              	.LASF25:
 2150 019e 524D535F 		.ascii	"RMS_Ampere\000"
 2150      416D7065 
 2150      726500
 2151              	.LASF0:
 2152 01a9 7369676E 		.ascii	"signed char\000"
 2152      65642063 
 2152      68617200 
 2153              	.LASF7:
 2154 01b5 6C6F6E67 		.ascii	"long long unsigned int\000"
 2154      206C6F6E 
 2154      6720756E 
 2154      7369676E 
 2154      65642069 
 2155              	.LASF8:
 2156 01cc 756E7369 		.ascii	"unsigned int\000"
 2156      676E6564 
 2156      20696E74 
 2156      00
 2157              	.LASF3:
ARM GAS  C:\Users\User\AppData\Local\Temp\ccMCUot4.s 			page 44


 2158 01d9 73686F72 		.ascii	"short unsigned int\000"
 2158      7420756E 
 2158      7369676E 
 2158      65642069 
 2158      6E7400
 2159              	.LASF27:
 2160 01ec 73616D70 		.ascii	"samples_volt\000"
 2160      6C65735F 
 2160      766F6C74 
 2160      00
 2161              	.LASF16:
 2162 01f9 63616C63 		.ascii	"calculate_50Hz_Amp\000"
 2162      756C6174 
 2162      655F3530 
 2162      487A5F41 
 2162      6D7000
 2163              	.LASF13:
 2164 020c 63686172 		.ascii	"char\000"
 2164      00
 2165              	.LASF4:
 2166 0211 6C6F6E67 		.ascii	"long int\000"
 2166      20696E74 
 2166      00
 2167              	.LASF21:
 2168 021a 6D61696E 		.ascii	"main\000"
 2168      00
 2169              	.LASF10:
 2170 021f 696E7433 		.ascii	"int32_t\000"
 2170      325F7400 
 2171              	.LASF38:
 2172 0227 63616C63 		.ascii	"calculate_THD\000"
 2172      756C6174 
 2172      655F5448 
 2172      4400
 2173              	.LASF18:
 2174 0235 63616C63 		.ascii	"calculate_50Hz_PF\000"
 2174      756C6174 
 2174      655F3530 
 2174      487A5F50 
 2174      4600
 2175              	.LASF29:
 2176 0247 4162735F 		.ascii	"Abs_volt\000"
 2176      766F6C74 
 2176      00
 2177              	.LASF36:
 2178 0250 6D61696E 		.ascii	"main.c\000"
 2178      2E6300
 2179              	.LASF5:
 2180 0257 6C6F6E67 		.ascii	"long unsigned int\000"
 2180      20756E73 
 2180      69676E65 
 2180      6420696E 
 2180      7400
 2181              	.LASF12:
 2182 0269 646F7562 		.ascii	"double\000"
 2182      6C6500
 2183              	.LASF9:
ARM GAS  C:\Users\User\AppData\Local\Temp\ccMCUot4.s 			page 45


 2184 0270 5F5F696E 		.ascii	"__int32_t\000"
 2184      7433325F 
 2184      7400
 2185              	.LASF30:
 2186 027a 52655F76 		.ascii	"Re_volt\000"
 2186      6F6C7400 
 2187              	.LASF28:
 2188 0282 49544D5F 		.ascii	"ITM_RxBuffer\000"
 2188      52784275 
 2188      66666572 
 2188      00
 2189              	.LASF22:
 2190 028f 416D705F 		.ascii	"Amp_Volt\000"
 2190      566F6C74 
 2190      00
 2191              		.ident	"GCC: (GNU Tools for ARM Embedded Processors) 4.9.3 20150303 (release) [ARM/embedded-4_9-br
