ARM GAS  C:\Users\Soren\AppData\Local\Temp\ccZgZDJ6.s 			page 1


   1              		.syntax unified
   2              		.cpu cortex-m3
   3              		.fpu softvfp
   4              		.eabi_attribute 20, 1
   5              		.eabi_attribute 21, 1
   6              		.eabi_attribute 23, 3
   7              		.eabi_attribute 24, 1
   8              		.eabi_attribute 25, 1
   9              		.eabi_attribute 26, 1
  10              		.eabi_attribute 30, 6
  11              		.eabi_attribute 34, 1
  12              		.eabi_attribute 18, 4
  13              		.thumb
  14              		.file	"cymetadata.c"
  15              		.text
  16              	.Ltext0:
  17              		.cfi_sections	.debug_frame
  18              		.global	cy_meta_configecc
  19              		.section	.cyconfigecc,"a",%progbits
  20              		.align	2
  21              		.type	cy_meta_configecc, %object
  22              		.size	cy_meta_configecc, 1080
  23              	cy_meta_configecc:
  24 0000 02       		.byte	2
  25 0001 52       		.byte	82
  26 0002 00       		.byte	0
  27 0003 40       		.byte	64
  28 0004 01       		.byte	1
  29 0005 64       		.byte	100
  30 0006 00       		.byte	0
  31 0007 40       		.byte	64
  32 0008 02       		.byte	2
  33 0009 65       		.byte	101
  34 000a 00       		.byte	0
  35 000b 40       		.byte	64
  36 000c 44       		.byte	68
  37 000d 08       		.byte	8
  38 000e 01       		.byte	1
  39 000f 40       		.byte	64
  40 0010 2E       		.byte	46
  41 0011 09       		.byte	9
  42 0012 01       		.byte	1
  43 0013 40       		.byte	64
  44 0014 02       		.byte	2
  45 0015 0B       		.byte	11
  46 0016 01       		.byte	1
  47 0017 40       		.byte	64
  48 0018 02       		.byte	2
  49 0019 15       		.byte	21
  50 001a 01       		.byte	1
  51 001b 40       		.byte	64
  52 001c 63       		.byte	99
  53 001d 18       		.byte	24
  54 001e 01       		.byte	1
  55 001f 40       		.byte	64
  56 0020 4A       		.byte	74
  57 0021 19       		.byte	25
ARM GAS  C:\Users\Soren\AppData\Local\Temp\ccZgZDJ6.s 			page 2


  58 0022 01       		.byte	1
  59 0023 40       		.byte	64
  60 0024 48       		.byte	72
  61 0025 1A       		.byte	26
  62 0026 01       		.byte	1
  63 0027 40       		.byte	64
  64 0028 46       		.byte	70
  65 0029 1B       		.byte	27
  66 002a 01       		.byte	1
  67 002b 40       		.byte	64
  68 002c 02       		.byte	2
  69 002d 40       		.byte	64
  70 002e 01       		.byte	1
  71 002f 40       		.byte	64
  72 0030 01       		.byte	1
  73 0031 41       		.byte	65
  74 0032 01       		.byte	1
  75 0033 40       		.byte	64
  76 0034 01       		.byte	1
  77 0035 42       		.byte	66
  78 0036 01       		.byte	1
  79 0037 40       		.byte	64
  80 0038 01       		.byte	1
  81 0039 43       		.byte	67
  82 003a 01       		.byte	1
  83 003b 40       		.byte	64
  84 003c 02       		.byte	2
  85 003d 44       		.byte	68
  86 003e 01       		.byte	1
  87 003f 40       		.byte	64
  88 0040 01       		.byte	1
  89 0041 45       		.byte	69
  90 0042 01       		.byte	1
  91 0043 40       		.byte	64
  92 0044 04       		.byte	4
  93 0045 46       		.byte	70
  94 0046 01       		.byte	1
  95 0047 40       		.byte	64
  96 0048 01       		.byte	1
  97 0049 47       		.byte	71
  98 004a 01       		.byte	1
  99 004b 40       		.byte	64
 100 004c 03       		.byte	3
 101 004d 48       		.byte	72
 102 004e 01       		.byte	1
 103 004f 40       		.byte	64
 104 0050 04       		.byte	4
 105 0051 49       		.byte	73
 106 0052 01       		.byte	1
 107 0053 40       		.byte	64
 108 0054 06       		.byte	6
 109 0055 4C       		.byte	76
 110 0056 01       		.byte	1
 111 0057 40       		.byte	64
 112 0058 09       		.byte	9
 113 0059 4D       		.byte	77
 114 005a 01       		.byte	1
ARM GAS  C:\Users\Soren\AppData\Local\Temp\ccZgZDJ6.s 			page 3


 115 005b 40       		.byte	64
 116 005c 04       		.byte	4
 117 005d 50       		.byte	80
 118 005e 01       		.byte	1
 119 005f 40       		.byte	64
 120 0060 01       		.byte	1
 121 0061 51       		.byte	81
 122 0062 01       		.byte	1
 123 0063 40       		.byte	64
 124 0064 09       		.byte	9
 125 0065 40       		.byte	64
 126 0066 0C       		.byte	12
 127 0067 80       		.byte	-128
 128 0068 89       		.byte	-119
 129 0069 72       		.byte	114
 130 006a 8A       		.byte	-118
 131 006b 38       		.byte	56
 132 006c 8B       		.byte	-117
 133 006d 0F       		.byte	15
 134 006e 01       		.byte	1
 135 006f 03       		.byte	3
 136 0070 03       		.byte	3
 137 0071 04       		.byte	4
 138 0072 07       		.byte	7
 139 0073 08       		.byte	8
 140 0074 11       		.byte	17
 141 0075 0A       		.byte	10
 142 0076 13       		.byte	19
 143 0077 04       		.byte	4
 144 0078 14       		.byte	20
 145 0079 02       		.byte	2
 146 007a 19       		.byte	25
 147 007b 03       		.byte	3
 148 007c 1B       		.byte	27
 149 007d 0C       		.byte	12
 150 007e 1C       		.byte	28
 151 007f 01       		.byte	1
 152 0080 22       		.byte	34
 153 0081 01       		.byte	1
 154 0082 25       		.byte	37
 155 0083 03       		.byte	3
 156 0084 27       		.byte	39
 157 0085 04       		.byte	4
 158 0086 28       		.byte	40
 159 0087 01       		.byte	1
 160 0088 2B       		.byte	43
 161 0089 05       		.byte	5
 162 008a 33       		.byte	51
 163 008b 0F       		.byte	15
 164 008c 34       		.byte	52
 165 008d 03       		.byte	3
 166 008e 38       		.byte	56
 167 008f 20       		.byte	32
 168 0090 3B       		.byte	59
 169 0091 08       		.byte	8
 170 0092 58       		.byte	88
 171 0093 04       		.byte	4
ARM GAS  C:\Users\Soren\AppData\Local\Temp\ccZgZDJ6.s 			page 4


 172 0094 59       		.byte	89
 173 0095 04       		.byte	4
 174 0096 5C       		.byte	92
 175 0097 11       		.byte	17
 176 0098 5F       		.byte	95
 177 0099 01       		.byte	1
 178 009a 81       		.byte	-127
 179 009b 10       		.byte	16
 180 009c 84       		.byte	-124
 181 009d 1F       		.byte	31
 182 009e 85       		.byte	-123
 183 009f 18       		.byte	24
 184 00a0 88       		.byte	-120
 185 00a1 0F       		.byte	15
 186 00a2 89       		.byte	-119
 187 00a3 08       		.byte	8
 188 00a4 8A       		.byte	-118
 189 00a5 10       		.byte	16
 190 00a6 8E       		.byte	-114
 191 00a7 13       		.byte	19
 192 00a8 8F       		.byte	-113
 193 00a9 04       		.byte	4
 194 00aa 90       		.byte	-112
 195 00ab 13       		.byte	19
 196 00ac 91       		.byte	-111
 197 00ad 44       		.byte	68
 198 00ae 92       		.byte	-110
 199 00af 0C       		.byte	12
 200 00b0 94       		.byte	-108
 201 00b1 03       		.byte	3
 202 00b2 97       		.byte	-105
 203 00b3 E3       		.byte	-29
 204 00b4 98       		.byte	-104
 205 00b5 02       		.byte	2
 206 00b6 99       		.byte	-103
 207 00b7 C0       		.byte	-64
 208 00b8 9C       		.byte	-100
 209 00b9 0C       		.byte	12
 210 00ba 9D       		.byte	-99
 211 00bb E7       		.byte	-25
 212 00bc 9E       		.byte	-98
 213 00bd 13       		.byte	19
 214 00be 9F       		.byte	-97
 215 00bf 18       		.byte	24
 216 00c0 A0       		.byte	-96
 217 00c1 08       		.byte	8
 218 00c2 A1       		.byte	-95
 219 00c3 FF       		.byte	-1
 220 00c4 A4       		.byte	-92
 221 00c5 04       		.byte	4
 222 00c6 A5       		.byte	-91
 223 00c7 80       		.byte	-128
 224 00c8 A8       		.byte	-88
 225 00c9 0C       		.byte	12
 226 00ca A9       		.byte	-87
 227 00cb 1C       		.byte	28
 228 00cc AB       		.byte	-85
ARM GAS  C:\Users\Soren\AppData\Local\Temp\ccZgZDJ6.s 			page 5


 229 00cd E1       		.byte	-31
 230 00ce AC       		.byte	-84
 231 00cf 01       		.byte	1
 232 00d0 AD       		.byte	-83
 233 00d1 3C       		.byte	60
 234 00d2 AF       		.byte	-81
 235 00d3 C2       		.byte	-62
 236 00d4 B0       		.byte	-80
 237 00d5 0F       		.byte	15
 238 00d6 B1       		.byte	-79
 239 00d7 C0       		.byte	-64
 240 00d8 B3       		.byte	-77
 241 00d9 1F       		.byte	31
 242 00da B4       		.byte	-76
 243 00db 1C       		.byte	28
 244 00dc B7       		.byte	-73
 245 00dd 38       		.byte	56
 246 00de B8       		.byte	-72
 247 00df 80       		.byte	-128
 248 00e0 BA       		.byte	-70
 249 00e1 22       		.byte	34
 250 00e2 BB       		.byte	-69
 251 00e3 08       		.byte	8
 252 00e4 BE       		.byte	-66
 253 00e5 40       		.byte	64
 254 00e6 D6       		.byte	-42
 255 00e7 02       		.byte	2
 256 00e8 D7       		.byte	-41
 257 00e9 13       		.byte	19
 258 00ea D8       		.byte	-40
 259 00eb 04       		.byte	4
 260 00ec D9       		.byte	-39
 261 00ed 04       		.byte	4
 262 00ee DB       		.byte	-37
 263 00ef 04       		.byte	4
 264 00f0 DC       		.byte	-36
 265 00f1 11       		.byte	17
 266 00f2 DD       		.byte	-35
 267 00f3 10       		.byte	16
 268 00f4 DF       		.byte	-33
 269 00f5 01       		.byte	1
 270 00f6 00       		.byte	0
 271 00f7 08       		.byte	8
 272 00f8 01       		.byte	1
 273 00f9 20       		.byte	32
 274 00fa 03       		.byte	3
 275 00fb 02       		.byte	2
 276 00fc 08       		.byte	8
 277 00fd 10       		.byte	16
 278 00fe 09       		.byte	9
 279 00ff 40       		.byte	64
 280 0100 0A       		.byte	10
 281 0101 A0       		.byte	-96
 282 0102 0C       		.byte	12
 283 0103 08       		.byte	8
 284 0104 0E       		.byte	14
 285 0105 01       		.byte	1
ARM GAS  C:\Users\Soren\AppData\Local\Temp\ccZgZDJ6.s 			page 6


 286 0106 10       		.byte	16
 287 0107 82       		.byte	-126
 288 0108 13       		.byte	19
 289 0109 14       		.byte	20
 290 010a 17       		.byte	23
 291 010b 21       		.byte	33
 292 010c 18       		.byte	24
 293 010d 40       		.byte	64
 294 010e 19       		.byte	25
 295 010f 20       		.byte	32
 296 0110 1A       		.byte	26
 297 0111 88       		.byte	-120
 298 0112 1B       		.byte	27
 299 0113 40       		.byte	64
 300 0114 1D       		.byte	29
 301 0115 10       		.byte	16
 302 0116 1E       		.byte	30
 303 0117 04       		.byte	4
 304 0118 21       		.byte	33
 305 0119 08       		.byte	8
 306 011a 22       		.byte	34
 307 011b 01       		.byte	1
 308 011c 23       		.byte	35
 309 011d 01       		.byte	1
 310 011e 27       		.byte	39
 311 011f 20       		.byte	32
 312 0120 28       		.byte	40
 313 0121 91       		.byte	-111
 314 0122 29       		.byte	41
 315 0123 24       		.byte	36
 316 0124 2C       		.byte	44
 317 0125 08       		.byte	8
 318 0126 2F       		.byte	47
 319 0127 20       		.byte	32
 320 0128 30       		.byte	48
 321 0129 02       		.byte	2
 322 012a 32       		.byte	50
 323 012b 58       		.byte	88
 324 012c 36       		.byte	54
 325 012d 02       		.byte	2
 326 012e 37       		.byte	55
 327 012f 21       		.byte	33
 328 0130 38       		.byte	56
 329 0131 28       		.byte	40
 330 0132 3A       		.byte	58
 331 0133 02       		.byte	2
 332 0134 3B       		.byte	59
 333 0135 40       		.byte	64
 334 0136 3E       		.byte	62
 335 0137 05       		.byte	5
 336 0138 59       		.byte	89
 337 0139 01       		.byte	1
 338 013a 69       		.byte	105
 339 013b 54       		.byte	84
 340 013c 70       		.byte	112
 341 013d 94       		.byte	-108
 342 013e 72       		.byte	114
ARM GAS  C:\Users\Soren\AppData\Local\Temp\ccZgZDJ6.s 			page 7


 343 013f 02       		.byte	2
 344 0140 73       		.byte	115
 345 0141 14       		.byte	20
 346 0142 A7       		.byte	-89
 347 0143 40       		.byte	64
 348 0144 C0       		.byte	-64
 349 0145 07       		.byte	7
 350 0146 C2       		.byte	-62
 351 0147 AF       		.byte	-81
 352 0148 C4       		.byte	-60
 353 0149 5F       		.byte	95
 354 014a CA       		.byte	-54
 355 014b 6F       		.byte	111
 356 014c CC       		.byte	-52
 357 014d AF       		.byte	-81
 358 014e CE       		.byte	-50
 359 014f CF       		.byte	-49
 360 0150 D6       		.byte	-42
 361 0151 01       		.byte	1
 362 0152 83       		.byte	-125
 363 0153 40       		.byte	64
 364 0154 E0       		.byte	-32
 365 0155 04       		.byte	4
 366 0156 E6       		.byte	-26
 367 0157 02       		.byte	2
 368 0158 EC       		.byte	-20
 369 0159 10       		.byte	16
 370 015a 00       		.byte	0
 371 015b 06       		.byte	6
 372 015c 02       		.byte	2
 373 015d 01       		.byte	1
 374 015e 07       		.byte	7
 375 015f 01       		.byte	1
 376 0160 0A       		.byte	10
 377 0161 06       		.byte	6
 378 0162 0E       		.byte	14
 379 0163 02       		.byte	2
 380 0164 13       		.byte	19
 381 0165 10       		.byte	16
 382 0166 16       		.byte	22
 383 0167 01       		.byte	1
 384 0168 17       		.byte	23
 385 0169 18       		.byte	24
 386 016a 19       		.byte	25
 387 016b 02       		.byte	2
 388 016c 1B       		.byte	27
 389 016d 0C       		.byte	12
 390 016e 1D       		.byte	29
 391 016f 18       		.byte	24
 392 0170 1E       		.byte	30
 393 0171 03       		.byte	3
 394 0172 1F       		.byte	31
 395 0173 06       		.byte	6
 396 0174 21       		.byte	33
 397 0175 02       		.byte	2
 398 0176 23       		.byte	35
 399 0177 1C       		.byte	28
ARM GAS  C:\Users\Soren\AppData\Local\Temp\ccZgZDJ6.s 			page 8


 400 0178 2A       		.byte	42
 401 0179 05       		.byte	5
 402 017a 2B       		.byte	43
 403 017b 06       		.byte	6
 404 017c 2F       		.byte	47
 405 017d 01       		.byte	1
 406 017e 31       		.byte	49
 407 017f 1E       		.byte	30
 408 0180 35       		.byte	53
 409 0181 01       		.byte	1
 410 0182 36       		.byte	54
 411 0183 07       		.byte	7
 412 0184 3A       		.byte	58
 413 0185 80       		.byte	-128
 414 0186 3B       		.byte	59
 415 0187 02       		.byte	2
 416 0188 3F       		.byte	63
 417 0189 10       		.byte	16
 418 018a 40       		.byte	64
 419 018b 05       		.byte	5
 420 018c 45       		.byte	69
 421 018d 40       		.byte	64
 422 018e 49       		.byte	73
 423 018f FF       		.byte	-1
 424 0190 4A       		.byte	74
 425 0191 07       		.byte	7
 426 0192 4B       		.byte	75
 427 0193 FF       		.byte	-1
 428 0194 4C       		.byte	76
 429 0195 40       		.byte	64
 430 0196 4D       		.byte	77
 431 0197 20       		.byte	32
 432 0198 4E       		.byte	78
 433 0199 F0       		.byte	-16
 434 019a 4F       		.byte	79
 435 019b 05       		.byte	5
 436 019c 50       		.byte	80
 437 019d 08       		.byte	8
 438 019e 58       		.byte	88
 439 019f 04       		.byte	4
 440 01a0 59       		.byte	89
 441 01a1 04       		.byte	4
 442 01a2 5A       		.byte	90
 443 01a3 04       		.byte	4
 444 01a4 5C       		.byte	92
 445 01a5 11       		.byte	17
 446 01a6 5D       		.byte	93
 447 01a7 01       		.byte	1
 448 01a8 5F       		.byte	95
 449 01a9 01       		.byte	1
 450 01aa 60       		.byte	96
 451 01ab 40       		.byte	64
 452 01ac 61       		.byte	97
 453 01ad A8       		.byte	-88
 454 01ae 62       		.byte	98
 455 01af 40       		.byte	64
 456 01b0 63       		.byte	99
ARM GAS  C:\Users\Soren\AppData\Local\Temp\ccZgZDJ6.s 			page 9


 457 01b1 20       		.byte	32
 458 01b2 84       		.byte	-124
 459 01b3 01       		.byte	1
 460 01b4 85       		.byte	-123
 461 01b5 27       		.byte	39
 462 01b6 89       		.byte	-119
 463 01b7 27       		.byte	39
 464 01b8 8C       		.byte	-116
 465 01b9 01       		.byte	1
 466 01ba 8D       		.byte	-115
 467 01bb 20       		.byte	32
 468 01bc 90       		.byte	-112
 469 01bd 06       		.byte	6
 470 01be 94       		.byte	-108
 471 01bf 01       		.byte	1
 472 01c0 98       		.byte	-104
 473 01c1 01       		.byte	1
 474 01c2 99       		.byte	-103
 475 01c3 01       		.byte	1
 476 01c4 9B       		.byte	-101
 477 01c5 0E       		.byte	14
 478 01c6 A5       		.byte	-91
 479 01c7 02       		.byte	2
 480 01c8 A6       		.byte	-90
 481 01c9 02       		.byte	2
 482 01ca A7       		.byte	-89
 483 01cb 51       		.byte	81
 484 01cc A8       		.byte	-88
 485 01cd 06       		.byte	6
 486 01ce A9       		.byte	-87
 487 01cf 04       		.byte	4
 488 01d0 AB       		.byte	-85
 489 01d1 11       		.byte	17
 490 01d2 AC       		.byte	-84
 491 01d3 04       		.byte	4
 492 01d4 B0       		.byte	-80
 493 01d5 01       		.byte	1
 494 01d6 B1       		.byte	-79
 495 01d7 40       		.byte	64
 496 01d8 B3       		.byte	-77
 497 01d9 20       		.byte	32
 498 01da B5       		.byte	-75
 499 01db 07       		.byte	7
 500 01dc B6       		.byte	-74
 501 01dd 06       		.byte	6
 502 01de B7       		.byte	-73
 503 01df 18       		.byte	24
 504 01e0 B8       		.byte	-72
 505 01e1 80       		.byte	-128
 506 01e2 BE       		.byte	-66
 507 01e3 41       		.byte	65
 508 01e4 BF       		.byte	-65
 509 01e5 40       		.byte	64
 510 01e6 C0       		.byte	-64
 511 01e7 46       		.byte	70
 512 01e8 C1       		.byte	-63
 513 01e9 02       		.byte	2
ARM GAS  C:\Users\Soren\AppData\Local\Temp\ccZgZDJ6.s 			page 10


 514 01ea C2       		.byte	-62
 515 01eb 05       		.byte	5
 516 01ec C4       		.byte	-60
 517 01ed 01       		.byte	1
 518 01ee C6       		.byte	-58
 519 01ef 0C       		.byte	12
 520 01f0 C7       		.byte	-57
 521 01f1 E0       		.byte	-32
 522 01f2 C8       		.byte	-56
 523 01f3 24       		.byte	36
 524 01f4 C9       		.byte	-55
 525 01f5 FF       		.byte	-1
 526 01f6 CA       		.byte	-54
 527 01f7 FF       		.byte	-1
 528 01f8 CB       		.byte	-53
 529 01f9 FF       		.byte	-1
 530 01fa CC       		.byte	-52
 531 01fb 62       		.byte	98
 532 01fc CD       		.byte	-51
 533 01fd A0       		.byte	-96
 534 01fe CE       		.byte	-50
 535 01ff F0       		.byte	-16
 536 0200 CF       		.byte	-49
 537 0201 41       		.byte	65
 538 0202 D0       		.byte	-48
 539 0203 0C       		.byte	12
 540 0204 D8       		.byte	-40
 541 0205 04       		.byte	4
 542 0206 D9       		.byte	-39
 543 0207 04       		.byte	4
 544 0208 DA       		.byte	-38
 545 0209 04       		.byte	4
 546 020a DC       		.byte	-36
 547 020b 10       		.byte	16
 548 020c DD       		.byte	-35
 549 020d 01       		.byte	1
 550 020e DF       		.byte	-33
 551 020f 01       		.byte	1
 552 0210 E6       		.byte	-26
 553 0211 40       		.byte	64
 554 0212 E7       		.byte	-25
 555 0213 02       		.byte	2
 556 0214 E9       		.byte	-23
 557 0215 10       		.byte	16
 558 0216 EA       		.byte	-22
 559 0217 30       		.byte	48
 560 0218 EB       		.byte	-21
 561 0219 10       		.byte	16
 562 021a ED       		.byte	-19
 563 021b 10       		.byte	16
 564 021c EE       		.byte	-18
 565 021d 10       		.byte	16
 566 021e EF       		.byte	-17
 567 021f 12       		.byte	18
 568 0220 00       		.byte	0
 569 0221 48       		.byte	72
 570 0222 02       		.byte	2
ARM GAS  C:\Users\Soren\AppData\Local\Temp\ccZgZDJ6.s 			page 11


 571 0223 01       		.byte	1
 572 0224 03       		.byte	3
 573 0225 10       		.byte	16
 574 0226 04       		.byte	4
 575 0227 80       		.byte	-128
 576 0228 05       		.byte	5
 577 0229 10       		.byte	16
 578 022a 07       		.byte	7
 579 022b 44       		.byte	68
 580 022c 09       		.byte	9
 581 022d 08       		.byte	8
 582 022e 0A       		.byte	10
 583 022f 08       		.byte	8
 584 0230 0B       		.byte	11
 585 0231 80       		.byte	-128
 586 0232 0C       		.byte	12
 587 0233 08       		.byte	8
 588 0234 0D       		.byte	13
 589 0235 80       		.byte	-128
 590 0236 11       		.byte	17
 591 0237 08       		.byte	8
 592 0238 12       		.byte	18
 593 0239 02       		.byte	2
 594 023a 13       		.byte	19
 595 023b 20       		.byte	32
 596 023c 17       		.byte	23
 597 023d 20       		.byte	32
 598 023e 18       		.byte	24
 599 023f 02       		.byte	2
 600 0240 19       		.byte	25
 601 0241 01       		.byte	1
 602 0242 1D       		.byte	29
 603 0243 80       		.byte	-128
 604 0244 1E       		.byte	30
 605 0245 01       		.byte	1
 606 0246 1F       		.byte	31
 607 0247 40       		.byte	64
 608 0248 20       		.byte	32
 609 0249 01       		.byte	1
 610 024a 22       		.byte	34
 611 024b 18       		.byte	24
 612 024c 23       		.byte	35
 613 024d 40       		.byte	64
 614 024e 24       		.byte	36
 615 024f 04       		.byte	4
 616 0250 26       		.byte	38
 617 0251 02       		.byte	2
 618 0252 27       		.byte	39
 619 0253 40       		.byte	64
 620 0254 28       		.byte	40
 621 0255 20       		.byte	32
 622 0256 2B       		.byte	43
 623 0257 08       		.byte	8
 624 0258 2C       		.byte	44
 625 0259 08       		.byte	8
 626 025a 2E       		.byte	46
 627 025b 01       		.byte	1
ARM GAS  C:\Users\Soren\AppData\Local\Temp\ccZgZDJ6.s 			page 12


 628 025c 2F       		.byte	47
 629 025d 01       		.byte	1
 630 025e 32       		.byte	50
 631 025f 10       		.byte	16
 632 0260 35       		.byte	53
 633 0261 02       		.byte	2
 634 0262 37       		.byte	55
 635 0263 64       		.byte	100
 636 0264 39       		.byte	57
 637 0265 54       		.byte	84
 638 0266 3E       		.byte	62
 639 0267 04       		.byte	4
 640 0268 40       		.byte	64
 641 0269 41       		.byte	65
 642 026a 43       		.byte	67
 643 026b 10       		.byte	16
 644 026c 49       		.byte	73
 645 026d 80       		.byte	-128
 646 026e 4A       		.byte	74
 647 026f 08       		.byte	8
 648 0270 4C       		.byte	76
 649 0271 41       		.byte	65
 650 0272 4D       		.byte	77
 651 0273 02       		.byte	2
 652 0274 52       		.byte	82
 653 0275 40       		.byte	64
 654 0276 53       		.byte	83
 655 0277 01       		.byte	1
 656 0278 54       		.byte	84
 657 0279 08       		.byte	8
 658 027a 55       		.byte	85
 659 027b 04       		.byte	4
 660 027c 65       		.byte	101
 661 027d 80       		.byte	-128
 662 027e 67       		.byte	103
 663 027f 01       		.byte	1
 664 0280 90       		.byte	-112
 665 0281 40       		.byte	64
 666 0282 91       		.byte	-111
 667 0283 54       		.byte	84
 668 0284 92       		.byte	-110
 669 0285 0A       		.byte	10
 670 0286 93       		.byte	-109
 671 0287 01       		.byte	1
 672 0288 96       		.byte	-106
 673 0289 21       		.byte	33
 674 028a 97       		.byte	-105
 675 028b 40       		.byte	64
 676 028c 99       		.byte	-103
 677 028d 10       		.byte	16
 678 028e 9B       		.byte	-101
 679 028f 20       		.byte	32
 680 0290 9C       		.byte	-100
 681 0291 80       		.byte	-128
 682 0292 9D       		.byte	-99
 683 0293 05       		.byte	5
 684 0294 A1       		.byte	-95
ARM GAS  C:\Users\Soren\AppData\Local\Temp\ccZgZDJ6.s 			page 13


 685 0295 08       		.byte	8
 686 0296 A4       		.byte	-92
 687 0297 0E       		.byte	14
 688 0298 A6       		.byte	-90
 689 0299 0A       		.byte	10
 690 029a A7       		.byte	-89
 691 029b 20       		.byte	32
 692 029c B0       		.byte	-80
 693 029d 01       		.byte	1
 694 029e B1       		.byte	-79
 695 029f 48       		.byte	72
 696 02a0 B2       		.byte	-78
 697 02a1 08       		.byte	8
 698 02a2 B3       		.byte	-77
 699 02a3 02       		.byte	2
 700 02a4 C0       		.byte	-64
 701 02a5 D5       		.byte	-43
 702 02a6 C2       		.byte	-62
 703 02a7 AE       		.byte	-82
 704 02a8 C4       		.byte	-60
 705 02a9 47       		.byte	71
 706 02aa CA       		.byte	-54
 707 02ab B6       		.byte	-74
 708 02ac CC       		.byte	-52
 709 02ad F4       		.byte	-12
 710 02ae CE       		.byte	-50
 711 02af 4E       		.byte	78
 712 02b0 D0       		.byte	-48
 713 02b1 0D       		.byte	13
 714 02b2 D2       		.byte	-46
 715 02b3 1C       		.byte	28
 716 02b4 04       		.byte	4
 717 02b5 01       		.byte	1
 718 02b6 08       		.byte	8
 719 02b7 04       		.byte	4
 720 02b8 0A       		.byte	10
 721 02b9 02       		.byte	2
 722 02ba 0C       		.byte	12
 723 02bb 01       		.byte	1
 724 02bc 11       		.byte	17
 725 02bd 01       		.byte	1
 726 02be 16       		.byte	22
 727 02bf 01       		.byte	1
 728 02c0 1A       		.byte	26
 729 02c1 01       		.byte	1
 730 02c2 1E       		.byte	30
 731 02c3 08       		.byte	8
 732 02c4 22       		.byte	34
 733 02c5 08       		.byte	8
 734 02c6 24       		.byte	36
 735 02c7 06       		.byte	6
 736 02c8 28       		.byte	40
 737 02c9 06       		.byte	6
 738 02ca 2C       		.byte	44
 739 02cb 02       		.byte	2
 740 02cc 2E       		.byte	46
 741 02cd 04       		.byte	4
ARM GAS  C:\Users\Soren\AppData\Local\Temp\ccZgZDJ6.s 			page 14


 742 02ce 30       		.byte	48
 743 02cf 08       		.byte	8
 744 02d0 31       		.byte	49
 745 02d1 01       		.byte	1
 746 02d2 32       		.byte	50
 747 02d3 06       		.byte	6
 748 02d4 34       		.byte	52
 749 02d5 01       		.byte	1
 750 02d6 38       		.byte	56
 751 02d7 20       		.byte	32
 752 02d8 3B       		.byte	59
 753 02d9 20       		.byte	32
 754 02da 3E       		.byte	62
 755 02db 01       		.byte	1
 756 02dc 3F       		.byte	63
 757 02dd 01       		.byte	1
 758 02de 54       		.byte	84
 759 02df 18       		.byte	24
 760 02e0 56       		.byte	86
 761 02e1 04       		.byte	4
 762 02e2 58       		.byte	88
 763 02e3 04       		.byte	4
 764 02e4 59       		.byte	89
 765 02e5 04       		.byte	4
 766 02e6 5B       		.byte	91
 767 02e7 04       		.byte	4
 768 02e8 5C       		.byte	92
 769 02e9 11       		.byte	17
 770 02ea 5D       		.byte	93
 771 02eb 10       		.byte	16
 772 02ec 5F       		.byte	95
 773 02ed 01       		.byte	1
 774 02ee 82       		.byte	-126
 775 02ef 03       		.byte	3
 776 02f0 84       		.byte	-124
 777 02f1 10       		.byte	16
 778 02f2 86       		.byte	-122
 779 02f3 0C       		.byte	12
 780 02f4 88       		.byte	-120
 781 02f5 09       		.byte	9
 782 02f6 8A       		.byte	-118
 783 02f7 10       		.byte	16
 784 02f8 8C       		.byte	-116
 785 02f9 10       		.byte	16
 786 02fa 93       		.byte	-109
 787 02fb 01       		.byte	1
 788 02fc 98       		.byte	-104
 789 02fd 14       		.byte	20
 790 02fe 99       		.byte	-103
 791 02ff 01       		.byte	1
 792 0300 9C       		.byte	-100
 793 0301 0C       		.byte	12
 794 0302 9D       		.byte	-99
 795 0303 02       		.byte	2
 796 0304 9E       		.byte	-98
 797 0305 11       		.byte	17
 798 0306 A0       		.byte	-96
ARM GAS  C:\Users\Soren\AppData\Local\Temp\ccZgZDJ6.s 			page 15


 799 0307 1C       		.byte	28
 800 0308 A1       		.byte	-95
 801 0309 01       		.byte	1
 802 030a A2       		.byte	-94
 803 030b 02       		.byte	2
 804 030c A7       		.byte	-89
 805 030d 01       		.byte	1
 806 030e AB       		.byte	-85
 807 030f 01       		.byte	1
 808 0310 B0       		.byte	-80
 809 0311 1F       		.byte	31
 810 0312 B1       		.byte	-79
 811 0313 01       		.byte	1
 812 0314 B3       		.byte	-77
 813 0315 02       		.byte	2
 814 0316 BF       		.byte	-65
 815 0317 05       		.byte	5
 816 0318 C0       		.byte	-64
 817 0319 26       		.byte	38
 818 031a C1       		.byte	-63
 819 031b 01       		.byte	1
 820 031c C5       		.byte	-59
 821 031d EB       		.byte	-21
 822 031e C6       		.byte	-58
 823 031f C0       		.byte	-64
 824 0320 C8       		.byte	-56
 825 0321 0B       		.byte	11
 826 0322 C9       		.byte	-55
 827 0323 FF       		.byte	-1
 828 0324 CA       		.byte	-54
 829 0325 FF       		.byte	-1
 830 0326 CB       		.byte	-53
 831 0327 FF       		.byte	-1
 832 0328 CE       		.byte	-50
 833 0329 F0       		.byte	-16
 834 032a CF       		.byte	-49
 835 032b 44       		.byte	68
 836 032c D0       		.byte	-48
 837 032d 0C       		.byte	12
 838 032e D4       		.byte	-44
 839 032f 01       		.byte	1
 840 0330 D8       		.byte	-40
 841 0331 04       		.byte	4
 842 0332 D9       		.byte	-39
 843 0333 04       		.byte	4
 844 0334 DA       		.byte	-38
 845 0335 04       		.byte	4
 846 0336 DB       		.byte	-37
 847 0337 04       		.byte	4
 848 0338 DC       		.byte	-36
 849 0339 01       		.byte	1
 850 033a DD       		.byte	-35
 851 033b 11       		.byte	17
 852 033c DF       		.byte	-33
 853 033d 01       		.byte	1
 854 033e E6       		.byte	-26
 855 033f C0       		.byte	-64
ARM GAS  C:\Users\Soren\AppData\Local\Temp\ccZgZDJ6.s 			page 16


 856 0340 EA       		.byte	-22
 857 0341 40       		.byte	64
 858 0342 EB       		.byte	-21
 859 0343 02       		.byte	2
 860 0344 00       		.byte	0
 861 0345 08       		.byte	8
 862 0346 02       		.byte	2
 863 0347 01       		.byte	1
 864 0348 03       		.byte	3
 865 0349 08       		.byte	8
 866 034a 04       		.byte	4
 867 034b 80       		.byte	-128
 868 034c 05       		.byte	5
 869 034d 11       		.byte	17
 870 034e 07       		.byte	7
 871 034f 20       		.byte	32
 872 0350 09       		.byte	9
 873 0351 08       		.byte	8
 874 0352 0A       		.byte	10
 875 0353 08       		.byte	8
 876 0354 0B       		.byte	11
 877 0355 01       		.byte	1
 878 0356 0D       		.byte	13
 879 0357 80       		.byte	-128
 880 0358 0F       		.byte	15
 881 0359 08       		.byte	8
 882 035a 10       		.byte	16
 883 035b 02       		.byte	2
 884 035c 11       		.byte	17
 885 035d 14       		.byte	20
 886 035e 12       		.byte	18
 887 035f 40       		.byte	64
 888 0360 17       		.byte	23
 889 0361 01       		.byte	1
 890 0362 19       		.byte	25
 891 0363 04       		.byte	4
 892 0364 1A       		.byte	26
 893 0365 04       		.byte	4
 894 0366 1B       		.byte	27
 895 0367 09       		.byte	9
 896 0368 1D       		.byte	29
 897 0369 01       		.byte	1
 898 036a 20       		.byte	32
 899 036b 88       		.byte	-120
 900 036c 24       		.byte	36
 901 036d 40       		.byte	64
 902 036e 26       		.byte	38
 903 036f 04       		.byte	4
 904 0370 28       		.byte	40
 905 0371 20       		.byte	32
 906 0372 2B       		.byte	43
 907 0373 20       		.byte	32
 908 0374 2C       		.byte	44
 909 0375 08       		.byte	8
 910 0376 2F       		.byte	47
 911 0377 60       		.byte	96
 912 0378 31       		.byte	49
ARM GAS  C:\Users\Soren\AppData\Local\Temp\ccZgZDJ6.s 			page 17


 913 0379 01       		.byte	1
 914 037a 36       		.byte	54
 915 037b 82       		.byte	-126
 916 037c 37       		.byte	55
 917 037d 21       		.byte	33
 918 037e 45       		.byte	69
 919 037f 80       		.byte	-128
 920 0380 47       		.byte	71
 921 0381 20       		.byte	32
 922 0382 4C       		.byte	76
 923 0383 08       		.byte	8
 924 0384 4D       		.byte	77
 925 0385 01       		.byte	1
 926 0386 4E       		.byte	78
 927 0387 80       		.byte	-128
 928 0388 4F       		.byte	79
 929 0389 08       		.byte	8
 930 038a 57       		.byte	87
 931 038b 20       		.byte	32
 932 038c 5A       		.byte	90
 933 038d 02       		.byte	2
 934 038e 5C       		.byte	92
 935 038f 60       		.byte	96
 936 0390 5D       		.byte	93
 937 0391 01       		.byte	1
 938 0392 5E       		.byte	94
 939 0393 08       		.byte	8
 940 0394 60       		.byte	96
 941 0395 04       		.byte	4
 942 0396 63       		.byte	99
 943 0397 42       		.byte	66
 944 0398 87       		.byte	-121
 945 0399 40       		.byte	64
 946 039a 88       		.byte	-120
 947 039b 40       		.byte	64
 948 039c 90       		.byte	-112
 949 039d 84       		.byte	-124
 950 039e 91       		.byte	-111
 951 039f 14       		.byte	20
 952 03a0 92       		.byte	-110
 953 03a1 0A       		.byte	10
 954 03a2 93       		.byte	-109
 955 03a3 81       		.byte	-127
 956 03a4 96       		.byte	-106
 957 03a5 04       		.byte	4
 958 03a6 99       		.byte	-103
 959 03a7 10       		.byte	16
 960 03a8 9A       		.byte	-102
 961 03a9 41       		.byte	65
 962 03aa 9B       		.byte	-101
 963 03ab 20       		.byte	32
 964 03ac 9D       		.byte	-99
 965 03ad 04       		.byte	4
 966 03ae A0       		.byte	-96
 967 03af 0A       		.byte	10
 968 03b0 A1       		.byte	-95
 969 03b1 88       		.byte	-120
ARM GAS  C:\Users\Soren\AppData\Local\Temp\ccZgZDJ6.s 			page 18


 970 03b2 A2       		.byte	-94
 971 03b3 02       		.byte	2
 972 03b4 A4       		.byte	-92
 973 03b5 04       		.byte	4
 974 03b6 A7       		.byte	-89
 975 03b7 28       		.byte	40
 976 03b8 B0       		.byte	-80
 977 03b9 84       		.byte	-124
 978 03ba B4       		.byte	-76
 979 03bb 22       		.byte	34
 980 03bc C0       		.byte	-64
 981 03bd F7       		.byte	-9
 982 03be C2       		.byte	-62
 983 03bf C7       		.byte	-57
 984 03c0 C4       		.byte	-60
 985 03c1 1F       		.byte	31
 986 03c2 CA       		.byte	-54
 987 03c3 E0       		.byte	-32
 988 03c4 CC       		.byte	-52
 989 03c5 B1       		.byte	-79
 990 03c6 D0       		.byte	-48
 991 03c7 30       		.byte	48
 992 03c8 D2       		.byte	-46
 993 03c9 20       		.byte	32
 994 03ca D6       		.byte	-42
 995 03cb F1       		.byte	-15
 996 03cc D8       		.byte	-40
 997 03cd 0D       		.byte	13
 998 03ce EC       		.byte	-20
 999 03cf 10       		.byte	16
 1000 03d0 32       		.byte	50
 1001 03d1 20       		.byte	32
 1002 03d2 CC       		.byte	-52
 1003 03d3 10       		.byte	16
 1004 03d4 A6       		.byte	-90
 1005 03d5 20       		.byte	32
 1006 03d6 A6       		.byte	-90
 1007 03d7 20       		.byte	32
 1008 03d8 A6       		.byte	-90
 1009 03d9 20       		.byte	32
 1010 03da 7E       		.byte	126
 1011 03db 08       		.byte	8
 1012 03dc DE       		.byte	-34
 1013 03dd 01       		.byte	1
 1014 03de A6       		.byte	-90
 1015 03df 08       		.byte	8
 1016 03e0 45       		.byte	69
 1017 03e1 08       		.byte	8
 1018 03e2 82       		.byte	-126
 1019 03e3 08       		.byte	8
 1020 03e4 A6       		.byte	-90
 1021 03e5 08       		.byte	8
 1022 03e6 D0       		.byte	-48
 1023 03e7 01       		.byte	1
 1024 03e8 A5       		.byte	-91
 1025 03e9 08       		.byte	8
 1026 03ea 25       		.byte	37
ARM GAS  C:\Users\Soren\AppData\Local\Temp\ccZgZDJ6.s 			page 19


 1027 03eb 10       		.byte	16
 1028 03ec A6       		.byte	-90
 1029 03ed 20       		.byte	32
 1030 03ee C8       		.byte	-56
 1031 03ef 20       		.byte	32
 1032 03f0 86       		.byte	-122
 1033 03f1 20       		.byte	32
 1034 03f2 A6       		.byte	-90
 1035 03f3 20       		.byte	32
 1036 03f4 B5       		.byte	-75
 1037 03f5 10       		.byte	16
 1038 03f6 E6       		.byte	-26
 1039 03f7 40       		.byte	64
 1040 03f8 0C       		.byte	12
 1041 03f9 80       		.byte	-128
 1042 03fa 0E       		.byte	14
 1043 03fb 08       		.byte	8
 1044 03fc 62       		.byte	98
 1045 03fd 02       		.byte	2
 1046 03fe A5       		.byte	-91
 1047 03ff 08       		.byte	8
 1048 0400 C2       		.byte	-62
 1049 0401 01       		.byte	1
 1050 0402 D8       		.byte	-40
 1051 0403 02       		.byte	2
 1052 0404 8A       		.byte	-118
 1053 0405 02       		.byte	2
 1054 0406 A6       		.byte	-90
 1055 0407 02       		.byte	2
 1056 0408 B4       		.byte	-76
 1057 0409 80       		.byte	-128
 1058 040a B5       		.byte	-75
 1059 040b 08       		.byte	8
 1060 040c B6       		.byte	-74
 1061 040d 04       		.byte	4
 1062 040e E4       		.byte	-28
 1063 040f 04       		.byte	4
 1064 0410 EA       		.byte	-22
 1065 0411 02       		.byte	2
 1066 0412 EC       		.byte	-20
 1067 0413 08       		.byte	8
 1068 0414 EE       		.byte	-18
 1069 0415 02       		.byte	2
 1070 0416 00       		.byte	0
 1071 0417 02       		.byte	2
 1072 0418 0C       		.byte	12
 1073 0419 02       		.byte	2
 1074 041a 10       		.byte	16
 1075 041b 02       		.byte	2
 1076 041c 1C       		.byte	28
 1077 041d 02       		.byte	2
 1078 041e 00       		.byte	0
 1079 041f 03       		.byte	3
 1080 0420 00       		.byte	0
 1081 0421 01       		.byte	1
 1082 0422 01       		.byte	1
 1083 0423 00       		.byte	0
ARM GAS  C:\Users\Soren\AppData\Local\Temp\ccZgZDJ6.s 			page 20


 1084 0424 00       		.byte	0
 1085 0425 00       		.byte	0
 1086 0426 E0       		.byte	-32
 1087 0427 00       		.byte	0
 1088 0428 40       		.byte	64
 1089 0429 00       		.byte	0
 1090 042a 80       		.byte	-128
 1091 042b 4B       		.byte	75
 1092 042c 4B       		.byte	75
 1093 042d 00       		.byte	0
 1094 042e 40       		.byte	64
 1095 042f 00       		.byte	0
 1096 0430 00       		.byte	0
 1097 0431 00       		.byte	0
 1098 0432 00       		.byte	0
 1099 0433 00       		.byte	0
 1100 0434 08       		.byte	8
 1101 0435 00       		.byte	0
 1102 0436 18       		.byte	24
 1103 0437 01       		.byte	1
 1104              		.global	cy_meta_custnvl
 1105              		.section	.cycustnvl,"a",%progbits
 1106              		.align	2
 1107              		.type	cy_meta_custnvl, %object
 1108              		.size	cy_meta_custnvl, 4
 1109              	cy_meta_custnvl:
 1110 0000 00       		.byte	0
 1111 0001 00       		.byte	0
 1112 0002 40       		.byte	64
 1113 0003 05       		.byte	5
 1114              		.global	cy_meta_wonvl
 1115              		.section	.cywolatch,"a",%progbits
 1116              		.align	2
 1117              		.type	cy_meta_wonvl, %object
 1118              		.size	cy_meta_wonvl, 4
 1119              	cy_meta_wonvl:
 1120 0000 BC       		.byte	-68
 1121 0001 90       		.byte	-112
 1122 0002 AC       		.byte	-84
 1123 0003 AF       		.byte	-81
 1124              		.global	cy_meta_flashprotect
 1125              		.section	.cyflashprotect,"a",%progbits
 1126              		.align	2
 1127              		.type	cy_meta_flashprotect, %object
 1128              		.size	cy_meta_flashprotect, 256
 1129              	cy_meta_flashprotect:
 1130 0000 00000000 		.space	256
 1130      00000000 
 1130      00000000 
 1130      00000000 
 1130      00000000 
 1131              		.global	cy_metadata
 1132              		.section	.cymeta,"a",%progbits
 1133              		.align	2
 1134              		.type	cy_metadata, %object
 1135              		.size	cy_metadata, 12
 1136              	cy_metadata:
ARM GAS  C:\Users\Soren\AppData\Local\Temp\ccZgZDJ6.s 			page 21


 1137 0000 00       		.byte	0
 1138 0001 01       		.byte	1
 1139 0002 2E       		.byte	46
 1140 0003 16       		.byte	22
 1141 0004 10       		.byte	16
 1142 0005 69       		.byte	105
 1143 0006 00       		.byte	0
 1144 0007 01       		.byte	1
 1145 0008 00       		.byte	0
 1146 0009 00       		.byte	0
 1147 000a 00       		.byte	0
 1148 000b 00       		.byte	0
 1149              		.text
 1150              	.Letext0:
 1151              		.file 1 "Generated_Source\\PSoC5\\cymetadata.c"
 1152              		.file 2 "Generated_Source\\PSoC5\\cytypes.h"
 1153              		.section	.debug_info,"",%progbits
 1154              	.Ldebug_info0:
 1155 0000 37010000 		.4byte	0x137
 1156 0004 0400     		.2byte	0x4
 1157 0006 00000000 		.4byte	.Ldebug_abbrev0
 1158 000a 04       		.byte	0x4
 1159 000b 01       		.uleb128 0x1
 1160 000c 00000000 		.4byte	.LASF18
 1161 0010 01       		.byte	0x1
 1162 0011 F3010000 		.4byte	.LASF19
 1163 0015 D3000000 		.4byte	.LASF20
 1164 0019 00000000 		.4byte	.Ldebug_line0
 1165 001d 02       		.uleb128 0x2
 1166 001e 01       		.byte	0x1
 1167 001f 06       		.byte	0x6
 1168 0020 E7010000 		.4byte	.LASF0
 1169 0024 02       		.uleb128 0x2
 1170 0025 01       		.byte	0x1
 1171 0026 08       		.byte	0x8
 1172 0027 A0000000 		.4byte	.LASF1
 1173 002b 02       		.uleb128 0x2
 1174 002c 02       		.byte	0x2
 1175 002d 05       		.byte	0x5
 1176 002e CE010000 		.4byte	.LASF2
 1177 0032 02       		.uleb128 0x2
 1178 0033 02       		.byte	0x2
 1179 0034 07       		.byte	0x7
 1180 0035 C0000000 		.4byte	.LASF3
 1181 0039 02       		.uleb128 0x2
 1182 003a 04       		.byte	0x4
 1183 003b 05       		.byte	0x5
 1184 003c DE010000 		.4byte	.LASF4
 1185 0040 02       		.uleb128 0x2
 1186 0041 04       		.byte	0x4
 1187 0042 07       		.byte	0x7
 1188 0043 AE000000 		.4byte	.LASF5
 1189 0047 02       		.uleb128 0x2
 1190 0048 08       		.byte	0x8
 1191 0049 05       		.byte	0x5
 1192 004a BB010000 		.4byte	.LASF6
 1193 004e 02       		.uleb128 0x2
ARM GAS  C:\Users\Soren\AppData\Local\Temp\ccZgZDJ6.s 			page 22


 1194 004f 08       		.byte	0x8
 1195 0050 07       		.byte	0x7
 1196 0051 78010000 		.4byte	.LASF7
 1197 0055 03       		.uleb128 0x3
 1198 0056 04       		.byte	0x4
 1199 0057 05       		.byte	0x5
 1200 0058 696E7400 		.ascii	"int\000"
 1201 005c 02       		.uleb128 0x2
 1202 005d 04       		.byte	0x4
 1203 005e 07       		.byte	0x7
 1204 005f 6B010000 		.4byte	.LASF8
 1205 0063 04       		.uleb128 0x4
 1206 0064 D8010000 		.4byte	.LASF21
 1207 0068 02       		.byte	0x2
 1208 0069 9201     		.2byte	0x192
 1209 006b 24000000 		.4byte	0x24
 1210 006f 02       		.uleb128 0x2
 1211 0070 04       		.byte	0x4
 1212 0071 04       		.byte	0x4
 1213 0072 9A000000 		.4byte	.LASF9
 1214 0076 02       		.uleb128 0x2
 1215 0077 08       		.byte	0x8
 1216 0078 04       		.byte	0x4
 1217 0079 42010000 		.4byte	.LASF10
 1218 007d 02       		.uleb128 0x2
 1219 007e 01       		.byte	0x1
 1220 007f 08       		.byte	0x8
 1221 0080 C9010000 		.4byte	.LASF11
 1222 0084 05       		.uleb128 0x5
 1223 0085 63000000 		.4byte	0x63
 1224 0089 95000000 		.4byte	0x95
 1225 008d 06       		.uleb128 0x6
 1226 008e 95000000 		.4byte	0x95
 1227 0092 3704     		.2byte	0x437
 1228 0094 00       		.byte	0
 1229 0095 02       		.uleb128 0x2
 1230 0096 04       		.byte	0x4
 1231 0097 07       		.byte	0x7
 1232 0098 B2010000 		.4byte	.LASF12
 1233 009c 07       		.uleb128 0x7
 1234 009d 59010000 		.4byte	.LASF13
 1235 00a1 01       		.byte	0x1
 1236 00a2 1F       		.byte	0x1f
 1237 00a3 AD000000 		.4byte	0xad
 1238 00a7 05       		.uleb128 0x5
 1239 00a8 03       		.byte	0x3
 1240 00a9 00000000 		.4byte	cy_meta_configecc
 1241 00ad 08       		.uleb128 0x8
 1242 00ae 84000000 		.4byte	0x84
 1243 00b2 05       		.uleb128 0x5
 1244 00b3 63000000 		.4byte	0x63
 1245 00b7 C2000000 		.4byte	0xc2
 1246 00bb 09       		.uleb128 0x9
 1247 00bc 95000000 		.4byte	0x95
 1248 00c0 03       		.byte	0x3
 1249 00c1 00       		.byte	0
 1250 00c2 07       		.uleb128 0x7
ARM GAS  C:\Users\Soren\AppData\Local\Temp\ccZgZDJ6.s 			page 23


 1251 00c3 49010000 		.4byte	.LASF14
 1252 00c7 01       		.byte	0x1
 1253 00c8 B3       		.byte	0xb3
 1254 00c9 D3000000 		.4byte	0xd3
 1255 00cd 05       		.uleb128 0x5
 1256 00ce 03       		.byte	0x3
 1257 00cf 00000000 		.4byte	cy_meta_custnvl
 1258 00d3 08       		.uleb128 0x8
 1259 00d4 B2000000 		.4byte	0xb2
 1260 00d8 07       		.uleb128 0x7
 1261 00d9 A4010000 		.4byte	.LASF15
 1262 00dd 01       		.byte	0x1
 1263 00de C1       		.byte	0xc1
 1264 00df E9000000 		.4byte	0xe9
 1265 00e3 05       		.uleb128 0x5
 1266 00e4 03       		.byte	0x3
 1267 00e5 00000000 		.4byte	cy_meta_wonvl
 1268 00e9 08       		.uleb128 0x8
 1269 00ea B2000000 		.4byte	0xb2
 1270 00ee 05       		.uleb128 0x5
 1271 00ef 63000000 		.4byte	0x63
 1272 00f3 FE000000 		.4byte	0xfe
 1273 00f7 09       		.uleb128 0x9
 1274 00f8 95000000 		.4byte	0x95
 1275 00fc FF       		.byte	0xff
 1276 00fd 00       		.byte	0
 1277 00fe 07       		.uleb128 0x7
 1278 00ff 8F010000 		.4byte	.LASF16
 1279 0103 01       		.byte	0x1
 1280 0104 CF       		.byte	0xcf
 1281 0105 0F010000 		.4byte	0x10f
 1282 0109 05       		.uleb128 0x5
 1283 010a 03       		.byte	0x3
 1284 010b 00000000 		.4byte	cy_meta_flashprotect
 1285 010f 08       		.uleb128 0x8
 1286 0110 EE000000 		.4byte	0xee
 1287 0114 05       		.uleb128 0x5
 1288 0115 63000000 		.4byte	0x63
 1289 0119 24010000 		.4byte	0x124
 1290 011d 09       		.uleb128 0x9
 1291 011e 95000000 		.4byte	0x95
 1292 0122 0B       		.byte	0xb
 1293 0123 00       		.byte	0
 1294 0124 07       		.uleb128 0x7
 1295 0125 8E000000 		.4byte	.LASF17
 1296 0129 01       		.byte	0x1
 1297 012a FC       		.byte	0xfc
 1298 012b 35010000 		.4byte	0x135
 1299 012f 05       		.uleb128 0x5
 1300 0130 03       		.byte	0x3
 1301 0131 00000000 		.4byte	cy_metadata
 1302 0135 08       		.uleb128 0x8
 1303 0136 14010000 		.4byte	0x114
 1304 013a 00       		.byte	0
 1305              		.section	.debug_abbrev,"",%progbits
 1306              	.Ldebug_abbrev0:
 1307 0000 01       		.uleb128 0x1
ARM GAS  C:\Users\Soren\AppData\Local\Temp\ccZgZDJ6.s 			page 24


 1308 0001 11       		.uleb128 0x11
 1309 0002 01       		.byte	0x1
 1310 0003 25       		.uleb128 0x25
 1311 0004 0E       		.uleb128 0xe
 1312 0005 13       		.uleb128 0x13
 1313 0006 0B       		.uleb128 0xb
 1314 0007 03       		.uleb128 0x3
 1315 0008 0E       		.uleb128 0xe
 1316 0009 1B       		.uleb128 0x1b
 1317 000a 0E       		.uleb128 0xe
 1318 000b 10       		.uleb128 0x10
 1319 000c 17       		.uleb128 0x17
 1320 000d 00       		.byte	0
 1321 000e 00       		.byte	0
 1322 000f 02       		.uleb128 0x2
 1323 0010 24       		.uleb128 0x24
 1324 0011 00       		.byte	0
 1325 0012 0B       		.uleb128 0xb
 1326 0013 0B       		.uleb128 0xb
 1327 0014 3E       		.uleb128 0x3e
 1328 0015 0B       		.uleb128 0xb
 1329 0016 03       		.uleb128 0x3
 1330 0017 0E       		.uleb128 0xe
 1331 0018 00       		.byte	0
 1332 0019 00       		.byte	0
 1333 001a 03       		.uleb128 0x3
 1334 001b 24       		.uleb128 0x24
 1335 001c 00       		.byte	0
 1336 001d 0B       		.uleb128 0xb
 1337 001e 0B       		.uleb128 0xb
 1338 001f 3E       		.uleb128 0x3e
 1339 0020 0B       		.uleb128 0xb
 1340 0021 03       		.uleb128 0x3
 1341 0022 08       		.uleb128 0x8
 1342 0023 00       		.byte	0
 1343 0024 00       		.byte	0
 1344 0025 04       		.uleb128 0x4
 1345 0026 16       		.uleb128 0x16
 1346 0027 00       		.byte	0
 1347 0028 03       		.uleb128 0x3
 1348 0029 0E       		.uleb128 0xe
 1349 002a 3A       		.uleb128 0x3a
 1350 002b 0B       		.uleb128 0xb
 1351 002c 3B       		.uleb128 0x3b
 1352 002d 05       		.uleb128 0x5
 1353 002e 49       		.uleb128 0x49
 1354 002f 13       		.uleb128 0x13
 1355 0030 00       		.byte	0
 1356 0031 00       		.byte	0
 1357 0032 05       		.uleb128 0x5
 1358 0033 01       		.uleb128 0x1
 1359 0034 01       		.byte	0x1
 1360 0035 49       		.uleb128 0x49
 1361 0036 13       		.uleb128 0x13
 1362 0037 01       		.uleb128 0x1
 1363 0038 13       		.uleb128 0x13
 1364 0039 00       		.byte	0
ARM GAS  C:\Users\Soren\AppData\Local\Temp\ccZgZDJ6.s 			page 25


 1365 003a 00       		.byte	0
 1366 003b 06       		.uleb128 0x6
 1367 003c 21       		.uleb128 0x21
 1368 003d 00       		.byte	0
 1369 003e 49       		.uleb128 0x49
 1370 003f 13       		.uleb128 0x13
 1371 0040 2F       		.uleb128 0x2f
 1372 0041 05       		.uleb128 0x5
 1373 0042 00       		.byte	0
 1374 0043 00       		.byte	0
 1375 0044 07       		.uleb128 0x7
 1376 0045 34       		.uleb128 0x34
 1377 0046 00       		.byte	0
 1378 0047 03       		.uleb128 0x3
 1379 0048 0E       		.uleb128 0xe
 1380 0049 3A       		.uleb128 0x3a
 1381 004a 0B       		.uleb128 0xb
 1382 004b 3B       		.uleb128 0x3b
 1383 004c 0B       		.uleb128 0xb
 1384 004d 49       		.uleb128 0x49
 1385 004e 13       		.uleb128 0x13
 1386 004f 3F       		.uleb128 0x3f
 1387 0050 19       		.uleb128 0x19
 1388 0051 02       		.uleb128 0x2
 1389 0052 18       		.uleb128 0x18
 1390 0053 00       		.byte	0
 1391 0054 00       		.byte	0
 1392 0055 08       		.uleb128 0x8
 1393 0056 26       		.uleb128 0x26
 1394 0057 00       		.byte	0
 1395 0058 49       		.uleb128 0x49
 1396 0059 13       		.uleb128 0x13
 1397 005a 00       		.byte	0
 1398 005b 00       		.byte	0
 1399 005c 09       		.uleb128 0x9
 1400 005d 21       		.uleb128 0x21
 1401 005e 00       		.byte	0
 1402 005f 49       		.uleb128 0x49
 1403 0060 13       		.uleb128 0x13
 1404 0061 2F       		.uleb128 0x2f
 1405 0062 0B       		.uleb128 0xb
 1406 0063 00       		.byte	0
 1407 0064 00       		.byte	0
 1408 0065 00       		.byte	0
 1409              		.section	.debug_aranges,"",%progbits
 1410 0000 14000000 		.4byte	0x14
 1411 0004 0200     		.2byte	0x2
 1412 0006 00000000 		.4byte	.Ldebug_info0
 1413 000a 04       		.byte	0x4
 1414 000b 00       		.byte	0
 1415 000c 0000     		.2byte	0
 1416 000e 0000     		.2byte	0
 1417 0010 00000000 		.4byte	0
 1418 0014 00000000 		.4byte	0
 1419              		.section	.debug_line,"",%progbits
 1420              	.Ldebug_line0:
 1421 0000 4D000000 		.section	.debug_str,"MS",%progbits,1
ARM GAS  C:\Users\Soren\AppData\Local\Temp\ccZgZDJ6.s 			page 26


 1421      02004700 
 1421      00000201 
 1421      FB0E0D00 
 1421      01010101 
 1422              	.LASF18:
 1423 0000 474E5520 		.ascii	"GNU C 4.9.3 20150303 (release) [ARM/embedded-4_9-br"
 1423      4320342E 
 1423      392E3320 
 1423      32303135 
 1423      30333033 
 1424 0033 616E6368 		.ascii	"anch revision 221220] -mcpu=cortex-m3 -mthumb -g -O"
 1424      20726576 
 1424      6973696F 
 1424      6E203232 
 1424      31323230 
 1425 0066 30202D66 		.ascii	"0 -ffunction-sections -ffat-lto-objects\000"
 1425      66756E63 
 1425      74696F6E 
 1425      2D736563 
 1425      74696F6E 
 1426              	.LASF17:
 1427 008e 63795F6D 		.ascii	"cy_metadata\000"
 1427      65746164 
 1427      61746100 
 1428              	.LASF9:
 1429 009a 666C6F61 		.ascii	"float\000"
 1429      7400
 1430              	.LASF1:
 1431 00a0 756E7369 		.ascii	"unsigned char\000"
 1431      676E6564 
 1431      20636861 
 1431      7200
 1432              	.LASF5:
 1433 00ae 6C6F6E67 		.ascii	"long unsigned int\000"
 1433      20756E73 
 1433      69676E65 
 1433      6420696E 
 1433      7400
 1434              	.LASF3:
 1435 00c0 73686F72 		.ascii	"short unsigned int\000"
 1435      7420756E 
 1435      7369676E 
 1435      65642069 
 1435      6E7400
 1436              	.LASF20:
 1437 00d3 5C5C4D61 		.ascii	"\\\\Mac\\Home\\Desktop\\EE-projekt-4-gruppe-1\\Maal"
 1437      635C486F 
 1437      6D655C44 
 1437      65736B74 
 1437      6F705C45 
 1438 0100 65656E68 		.ascii	"eenhed\\Maaleenhed\\Spaendingsmaaler - UART - Build"
 1438      65645C4D 
 1438      61616C65 
 1438      656E6865 
 1438      645C5370 
 1439 0131 204F4B5C 		.ascii	" OK\\Maaler.cydsn\000"
 1439      4D61616C 
ARM GAS  C:\Users\Soren\AppData\Local\Temp\ccZgZDJ6.s 			page 27


 1439      65722E63 
 1439      7964736E 
 1439      00
 1440              	.LASF10:
 1441 0142 646F7562 		.ascii	"double\000"
 1441      6C6500
 1442              	.LASF14:
 1443 0149 63795F6D 		.ascii	"cy_meta_custnvl\000"
 1443      6574615F 
 1443      63757374 
 1443      6E766C00 
 1444              	.LASF13:
 1445 0159 63795F6D 		.ascii	"cy_meta_configecc\000"
 1445      6574615F 
 1445      636F6E66 
 1445      69676563 
 1445      6300
 1446              	.LASF8:
 1447 016b 756E7369 		.ascii	"unsigned int\000"
 1447      676E6564 
 1447      20696E74 
 1447      00
 1448              	.LASF7:
 1449 0178 6C6F6E67 		.ascii	"long long unsigned int\000"
 1449      206C6F6E 
 1449      6720756E 
 1449      7369676E 
 1449      65642069 
 1450              	.LASF16:
 1451 018f 63795F6D 		.ascii	"cy_meta_flashprotect\000"
 1451      6574615F 
 1451      666C6173 
 1451      6870726F 
 1451      74656374 
 1452              	.LASF15:
 1453 01a4 63795F6D 		.ascii	"cy_meta_wonvl\000"
 1453      6574615F 
 1453      776F6E76 
 1453      6C00
 1454              	.LASF12:
 1455 01b2 73697A65 		.ascii	"sizetype\000"
 1455      74797065 
 1455      00
 1456              	.LASF6:
 1457 01bb 6C6F6E67 		.ascii	"long long int\000"
 1457      206C6F6E 
 1457      6720696E 
 1457      7400
 1458              	.LASF11:
 1459 01c9 63686172 		.ascii	"char\000"
 1459      00
 1460              	.LASF2:
 1461 01ce 73686F72 		.ascii	"short int\000"
 1461      7420696E 
 1461      7400
 1462              	.LASF21:
 1463 01d8 75696E74 		.ascii	"uint8\000"
ARM GAS  C:\Users\Soren\AppData\Local\Temp\ccZgZDJ6.s 			page 28


 1463      3800
 1464              	.LASF4:
 1465 01de 6C6F6E67 		.ascii	"long int\000"
 1465      20696E74 
 1465      00
 1466              	.LASF0:
 1467 01e7 7369676E 		.ascii	"signed char\000"
 1467      65642063 
 1467      68617200 
 1468              	.LASF19:
 1469 01f3 47656E65 		.ascii	"Generated_Source\\PSoC5\\cymetadata.c\000"
 1469      72617465 
 1469      645F536F 
 1469      75726365 
 1469      5C50536F 
 1470              		.ident	"GCC: (GNU Tools for ARM Embedded Processors) 4.9.3 20150303 (release) [ARM/embedded-4_9-br
