ARM GAS  C:\Users\Dennis\AppData\Local\Temp\cce3lyNu.s 			page 1


   1              		.syntax unified
   2              		.cpu cortex-m3
   3              		.fpu softvfp
   4              		.eabi_attribute 20, 1
   5              		.eabi_attribute 21, 1
   6              		.eabi_attribute 23, 3
   7              		.eabi_attribute 24, 1
   8              		.eabi_attribute 25, 1
   9              		.eabi_attribute 26, 1
  10              		.eabi_attribute 30, 1
  11              		.eabi_attribute 34, 1
  12              		.eabi_attribute 18, 4
  13              		.thumb
  14              		.file	"main.c"
  15              		.text
  16              	.Ltext0:
  17              		.cfi_sections	.debug_frame
  18              		.section	.text.isr_RX,"ax",%progbits
  19              		.align	2
  20              		.global	isr_RX
  21              		.thumb
  22              		.thumb_func
  23              		.type	isr_RX, %function
  24              	isr_RX:
  25              	.LFB63:
  26              		.file 1 "main.c"
   1:main.c        **** /* ========================================
   2:main.c        ****  *
   3:main.c        ****  * Copyright YOUR COMPANY, THE YEAR
   4:main.c        ****  * All Rights Reserved
   5:main.c        ****  * UNPUBLISHED, LICENSED SOFTWARE.
   6:main.c        ****  *
   7:main.c        ****  * CONFIDENTIAL AND PROPRIETARY INFORMATION
   8:main.c        ****  * WHICH IS THE PROPERTY OF your company.
   9:main.c        ****  *
  10:main.c        ****  * ========================================
  11:main.c        **** */
  12:main.c        **** #include "project.h"
  13:main.c        **** 
  14:main.c        **** char RxData[20];
  15:main.c        **** uint8 i = 0, Strom1 = 48, Spanding = 49, pf=50, THD = 51;
  16:main.c        **** 
  17:main.c        **** CY_ISR(isr_RX)
  18:main.c        **** {
  27              		.loc 1 18 0
  28              		.cfi_startproc
  29              		@ args = 0, pretend = 0, frame = 0
  30              		@ frame_needed = 0, uses_anonymous_args = 0
  31 0000 10B5     		push	{r4, lr}
  32              		.cfi_def_cfa_offset 8
  33              		.cfi_offset 4, -8
  34              		.cfi_offset 14, -4
  19:main.c        ****     
  20:main.c        **** //    Uarten interruptes fordi den modtager noget
  21:main.c        **** //    Der checkes hvad der modtages
  22:main.c        ****     if(UART_1_ReadRxData() == 'A')
  35              		.loc 1 22 0
ARM GAS  C:\Users\Dennis\AppData\Local\Temp\cce3lyNu.s 			page 2


  36 0002 FFF7FEFF 		bl	UART_1_ReadRxData
  37              	.LVL0:
  38 0006 4128     		cmp	r0, #65
  39 0008 06D1     		bne	.L2
  23:main.c        ****     {
  24:main.c        ****         UART_1_WriteTxData(Strom1);
  40              		.loc 1 24 0
  41 000a 144C     		ldr	r4, .L7
  42 000c 2078     		ldrb	r0, [r4]	@ zero_extendqisi2
  43 000e FFF7FEFF 		bl	UART_1_WriteTxData
  44              	.LVL1:
  25:main.c        ****         UART_1_WriteTxData(Strom1);
  45              		.loc 1 25 0
  46 0012 2078     		ldrb	r0, [r4]	@ zero_extendqisi2
  47 0014 FFF7FEFF 		bl	UART_1_WriteTxData
  48              	.LVL2:
  49              	.L2:
  26:main.c        ****     }
  27:main.c        ****     if(UART_1_ReadRxData() == 'B')
  50              		.loc 1 27 0
  51 0018 FFF7FEFF 		bl	UART_1_ReadRxData
  52              	.LVL3:
  53 001c 4228     		cmp	r0, #66
  54 001e 06D1     		bne	.L3
  28:main.c        ****     {   
  29:main.c        ****         UART_1_WriteTxData(Spanding);
  55              		.loc 1 29 0
  56 0020 0E4C     		ldr	r4, .L7
  57 0022 6078     		ldrb	r0, [r4, #1]	@ zero_extendqisi2
  58 0024 FFF7FEFF 		bl	UART_1_WriteTxData
  59              	.LVL4:
  30:main.c        ****         UART_1_WriteTxData(Spanding);
  60              		.loc 1 30 0
  61 0028 6078     		ldrb	r0, [r4, #1]	@ zero_extendqisi2
  62 002a FFF7FEFF 		bl	UART_1_WriteTxData
  63              	.LVL5:
  64              	.L3:
  31:main.c        ****     }
  32:main.c        ****     if(UART_1_ReadRxData() == 'C')
  65              		.loc 1 32 0
  66 002e FFF7FEFF 		bl	UART_1_ReadRxData
  67              	.LVL6:
  68 0032 4328     		cmp	r0, #67
  69 0034 06D1     		bne	.L4
  33:main.c        ****     {   
  34:main.c        ****         UART_1_WriteTxData(pf);
  70              		.loc 1 34 0
  71 0036 094C     		ldr	r4, .L7
  72 0038 A078     		ldrb	r0, [r4, #2]	@ zero_extendqisi2
  73 003a FFF7FEFF 		bl	UART_1_WriteTxData
  74              	.LVL7:
  35:main.c        ****         UART_1_WriteTxData(pf);
  75              		.loc 1 35 0
  76 003e A078     		ldrb	r0, [r4, #2]	@ zero_extendqisi2
  77 0040 FFF7FEFF 		bl	UART_1_WriteTxData
  78              	.LVL8:
  79              	.L4:
ARM GAS  C:\Users\Dennis\AppData\Local\Temp\cce3lyNu.s 			page 3


  36:main.c        ****     }
  37:main.c        ****     if(UART_1_ReadRxData() == 'D')
  80              		.loc 1 37 0
  81 0044 FFF7FEFF 		bl	UART_1_ReadRxData
  82              	.LVL9:
  83 0048 4428     		cmp	r0, #68
  84 004a 06D1     		bne	.L1
  38:main.c        ****     {   
  39:main.c        ****         UART_1_WriteTxData(THD);
  85              		.loc 1 39 0
  86 004c 034C     		ldr	r4, .L7
  87 004e E078     		ldrb	r0, [r4, #3]	@ zero_extendqisi2
  88 0050 FFF7FEFF 		bl	UART_1_WriteTxData
  89              	.LVL10:
  40:main.c        ****         UART_1_WriteTxData(THD);
  90              		.loc 1 40 0
  91 0054 E078     		ldrb	r0, [r4, #3]	@ zero_extendqisi2
  92 0056 FFF7FEFF 		bl	UART_1_WriteTxData
  93              	.LVL11:
  94              	.L1:
  95 005a 10BD     		pop	{r4, pc}
  96              	.L8:
  97              		.align	2
  98              	.L7:
  99 005c 00000000 		.word	.LANCHOR0
 100              		.cfi_endproc
 101              	.LFE63:
 102              		.size	isr_RX, .-isr_RX
 103              		.section	.text.main,"ax",%progbits
 104              		.align	2
 105              		.global	main
 106              		.thumb
 107              		.thumb_func
 108              		.type	main, %function
 109              	main:
 110              	.LFB64:
  41:main.c        ****     }
  42:main.c        **** 
  43:main.c        **** }
  44:main.c        **** 
  45:main.c        **** 
  46:main.c        **** int main(void)
  47:main.c        **** {
 111              		.loc 1 47 0
 112              		.cfi_startproc
 113              		@ Volatile: function does not return.
 114              		@ args = 0, pretend = 0, frame = 0
 115              		@ frame_needed = 0, uses_anonymous_args = 0
 116 0000 08B5     		push	{r3, lr}
 117              		.cfi_def_cfa_offset 8
 118              		.cfi_offset 3, -8
 119              		.cfi_offset 14, -4
  48:main.c        ****     CyGlobalIntEnable; /* Enable global interrupts. */
 120              		.loc 1 48 0
 121              	@ 48 "main.c" 1
 122 0002 62B6     		CPSIE   i
 123              	@ 0 "" 2
ARM GAS  C:\Users\Dennis\AppData\Local\Temp\cce3lyNu.s 			page 4


  49:main.c        ****     
  50:main.c        ****     isr_RX_StartEx(isr_RX);
 124              		.loc 1 50 0
 125              		.thumb
 126 0004 0248     		ldr	r0, .L12
 127 0006 FFF7FEFF 		bl	isr_RX_StartEx
 128              	.LVL12:
  51:main.c        ****     UART_1_Start();
 129              		.loc 1 51 0
 130 000a FFF7FEFF 		bl	UART_1_Start
 131              	.LVL13:
 132              	.L10:
  52:main.c        ****     
  53:main.c        ****     /* Place your initialization/startup code here (e.g. MyInst_Start()) */
  54:main.c        **** 
  55:main.c        ****     for(;;)
  56:main.c        ****     {
  57:main.c        **** //        Strom1++;
  58:main.c        **** //        Spanding++;
  59:main.c        **** //        pf++;
  60:main.c        **** //        THD++;
  61:main.c        **** //        if(Strom1 > 200) Strom1=0;
  62:main.c        **** //        if(Spanding >200) Spanding=0;
  63:main.c        **** //        if(pf>200) pf=0;
  64:main.c        **** //        if(THD>200) THD=0;
  65:main.c        ****     }
 133              		.loc 1 65 0 discriminator 1
 134 000e FEE7     		b	.L10
 135              	.L13:
 136              		.align	2
 137              	.L12:
 138 0010 00000000 		.word	isr_RX
 139              		.cfi_endproc
 140              	.LFE64:
 141              		.size	main, .-main
 142              		.global	THD
 143              		.global	pf
 144              		.global	Spanding
 145              		.global	Strom1
 146              		.global	i
 147              		.comm	RxData,20,4
 148              		.data
 149              		.set	.LANCHOR0,. + 0
 150              		.type	Strom1, %object
 151              		.size	Strom1, 1
 152              	Strom1:
 153 0000 30       		.byte	48
 154              		.type	Spanding, %object
 155              		.size	Spanding, 1
 156              	Spanding:
 157 0001 31       		.byte	49
 158              		.type	pf, %object
 159              		.size	pf, 1
 160              	pf:
 161 0002 32       		.byte	50
 162              		.type	THD, %object
 163              		.size	THD, 1
ARM GAS  C:\Users\Dennis\AppData\Local\Temp\cce3lyNu.s 			page 5


 164              	THD:
 165 0003 33       		.byte	51
 166              		.bss
 167              		.type	i, %object
 168              		.size	i, 1
 169              	i:
 170 0000 00       		.space	1
 171              		.text
 172              	.Letext0:
 173              		.file 2 "c:\\program files (x86)\\cypress\\psoc creator\\4.0\\psoc creator\\import\\gnu\\arm\\4.9.
 174              		.file 3 "c:\\program files (x86)\\cypress\\psoc creator\\4.0\\psoc creator\\import\\gnu\\arm\\4.9.
 175              		.file 4 "Generated_Source\\PSoC5/cytypes.h"
 176              		.file 5 "Generated_Source\\PSoC5/core_cm3.h"
 177              		.file 6 "Generated_Source\\PSoC5/UART_1.h"
 178              		.file 7 "Generated_Source\\PSoC5/isr_RX.h"
 179              		.section	.debug_info,"",%progbits
 180              	.Ldebug_info0:
 181 0000 2D020000 		.4byte	0x22d
 182 0004 0400     		.2byte	0x4
 183 0006 00000000 		.4byte	.Ldebug_abbrev0
 184 000a 04       		.byte	0x4
 185 000b 01       		.uleb128 0x1
 186 000c 9C000000 		.4byte	.LASF23
 187 0010 01       		.byte	0x1
 188 0011 92010000 		.4byte	.LASF24
 189 0015 CA010000 		.4byte	.LASF25
 190 0019 00000000 		.4byte	.Ldebug_ranges0+0
 191 001d 00000000 		.4byte	0
 192 0021 00000000 		.4byte	.Ldebug_line0
 193 0025 02       		.uleb128 0x2
 194 0026 01       		.byte	0x1
 195 0027 06       		.byte	0x6
 196 0028 BE010000 		.4byte	.LASF0
 197 002c 02       		.uleb128 0x2
 198 002d 01       		.byte	0x1
 199 002e 08       		.byte	0x8
 200 002f 24000000 		.4byte	.LASF1
 201 0033 02       		.uleb128 0x2
 202 0034 02       		.byte	0x2
 203 0035 05       		.byte	0x5
 204 0036 A5010000 		.4byte	.LASF2
 205 003a 02       		.uleb128 0x2
 206 003b 02       		.byte	0x2
 207 003c 07       		.byte	0x7
 208 003d 5D000000 		.4byte	.LASF3
 209 0041 03       		.uleb128 0x3
 210 0042 0D000000 		.4byte	.LASF9
 211 0046 02       		.byte	0x2
 212 0047 3F       		.byte	0x3f
 213 0048 4C000000 		.4byte	0x4c
 214 004c 02       		.uleb128 0x2
 215 004d 04       		.byte	0x4
 216 004e 05       		.byte	0x5
 217 004f B5010000 		.4byte	.LASF4
 218 0053 02       		.uleb128 0x2
 219 0054 04       		.byte	0x4
 220 0055 07       		.byte	0x7
ARM GAS  C:\Users\Dennis\AppData\Local\Temp\cce3lyNu.s 			page 6


 221 0056 39000000 		.4byte	.LASF5
 222 005a 02       		.uleb128 0x2
 223 005b 08       		.byte	0x8
 224 005c 05       		.byte	0x5
 225 005d 84010000 		.4byte	.LASF6
 226 0061 02       		.uleb128 0x2
 227 0062 08       		.byte	0x8
 228 0063 07       		.byte	0x7
 229 0064 37010000 		.4byte	.LASF7
 230 0068 04       		.uleb128 0x4
 231 0069 04       		.byte	0x4
 232 006a 05       		.byte	0x5
 233 006b 696E7400 		.ascii	"int\000"
 234 006f 02       		.uleb128 0x2
 235 0070 04       		.byte	0x4
 236 0071 07       		.byte	0x7
 237 0072 2A010000 		.4byte	.LASF8
 238 0076 03       		.uleb128 0x3
 239 0077 73010000 		.4byte	.LASF10
 240 007b 03       		.byte	0x3
 241 007c 2C       		.byte	0x2c
 242 007d 41000000 		.4byte	0x41
 243 0081 05       		.uleb128 0x5
 244 0082 AF010000 		.4byte	.LASF11
 245 0086 04       		.byte	0x4
 246 0087 9201     		.2byte	0x192
 247 0089 2C000000 		.4byte	0x2c
 248 008d 02       		.uleb128 0x2
 249 008e 04       		.byte	0x4
 250 008f 04       		.byte	0x4
 251 0090 1E000000 		.4byte	.LASF12
 252 0094 02       		.uleb128 0x2
 253 0095 08       		.byte	0x8
 254 0096 04       		.byte	0x4
 255 0097 17000000 		.4byte	.LASF13
 256 009b 02       		.uleb128 0x2
 257 009c 01       		.byte	0x1
 258 009d 08       		.byte	0x8
 259 009e 99010000 		.4byte	.LASF14
 260 00a2 05       		.uleb128 0x5
 261 00a3 66010000 		.4byte	.LASF15
 262 00a7 04       		.byte	0x4
 263 00a8 4E02     		.2byte	0x24e
 264 00aa AE000000 		.4byte	0xae
 265 00ae 06       		.uleb128 0x6
 266 00af 04       		.byte	0x4
 267 00b0 B4000000 		.4byte	0xb4
 268 00b4 07       		.uleb128 0x7
 269 00b5 02       		.uleb128 0x2
 270 00b6 04       		.byte	0x4
 271 00b7 07       		.byte	0x7
 272 00b8 7B010000 		.4byte	.LASF16
 273 00bc 08       		.uleb128 0x8
 274 00bd 90000000 		.4byte	.LASF26
 275 00c1 01       		.byte	0x1
 276 00c2 11       		.byte	0x11
 277 00c3 00000000 		.4byte	.LFB63
ARM GAS  C:\Users\Dennis\AppData\Local\Temp\cce3lyNu.s 			page 7


 278 00c7 60000000 		.4byte	.LFE63-.LFB63
 279 00cb 01       		.uleb128 0x1
 280 00cc 9C       		.byte	0x9c
 281 00cd 3E010000 		.4byte	0x13e
 282 00d1 09       		.uleb128 0x9
 283 00d2 06000000 		.4byte	.LVL0
 284 00d6 FC010000 		.4byte	0x1fc
 285 00da 09       		.uleb128 0x9
 286 00db 12000000 		.4byte	.LVL1
 287 00df 07020000 		.4byte	0x207
 288 00e3 09       		.uleb128 0x9
 289 00e4 18000000 		.4byte	.LVL2
 290 00e8 07020000 		.4byte	0x207
 291 00ec 09       		.uleb128 0x9
 292 00ed 1C000000 		.4byte	.LVL3
 293 00f1 FC010000 		.4byte	0x1fc
 294 00f5 09       		.uleb128 0x9
 295 00f6 28000000 		.4byte	.LVL4
 296 00fa 07020000 		.4byte	0x207
 297 00fe 09       		.uleb128 0x9
 298 00ff 2E000000 		.4byte	.LVL5
 299 0103 07020000 		.4byte	0x207
 300 0107 09       		.uleb128 0x9
 301 0108 32000000 		.4byte	.LVL6
 302 010c FC010000 		.4byte	0x1fc
 303 0110 09       		.uleb128 0x9
 304 0111 3E000000 		.4byte	.LVL7
 305 0115 07020000 		.4byte	0x207
 306 0119 09       		.uleb128 0x9
 307 011a 44000000 		.4byte	.LVL8
 308 011e 07020000 		.4byte	0x207
 309 0122 09       		.uleb128 0x9
 310 0123 48000000 		.4byte	.LVL9
 311 0127 FC010000 		.4byte	0x1fc
 312 012b 09       		.uleb128 0x9
 313 012c 54000000 		.4byte	.LVL10
 314 0130 07020000 		.4byte	0x207
 315 0134 09       		.uleb128 0x9
 316 0135 5A000000 		.4byte	.LVL11
 317 0139 07020000 		.4byte	0x207
 318 013d 00       		.byte	0
 319 013e 0A       		.uleb128 0xa
 320 013f 97000000 		.4byte	.LASF27
 321 0143 01       		.byte	0x1
 322 0144 2E       		.byte	0x2e
 323 0145 68000000 		.4byte	0x68
 324 0149 00000000 		.4byte	.LFB64
 325 014d 14000000 		.4byte	.LFE64-.LFB64
 326 0151 01       		.uleb128 0x1
 327 0152 9C       		.byte	0x9c
 328 0153 78010000 		.4byte	0x178
 329 0157 0B       		.uleb128 0xb
 330 0158 0A000000 		.4byte	.LVL12
 331 015c 18020000 		.4byte	0x218
 332 0160 6E010000 		.4byte	0x16e
 333 0164 0C       		.uleb128 0xc
 334 0165 01       		.uleb128 0x1
ARM GAS  C:\Users\Dennis\AppData\Local\Temp\cce3lyNu.s 			page 8


 335 0166 50       		.byte	0x50
 336 0167 05       		.uleb128 0x5
 337 0168 03       		.byte	0x3
 338 0169 00000000 		.4byte	isr_RX
 339 016d 00       		.byte	0
 340 016e 09       		.uleb128 0x9
 341 016f 0E000000 		.4byte	.LVL13
 342 0173 29020000 		.4byte	0x229
 343 0177 00       		.byte	0
 344 0178 0D       		.uleb128 0xd
 345 0179 70000000 		.4byte	.LASF17
 346 017d 05       		.byte	0x5
 347 017e 9606     		.2byte	0x696
 348 0180 84010000 		.4byte	0x184
 349 0184 0E       		.uleb128 0xe
 350 0185 76000000 		.4byte	0x76
 351 0189 0F       		.uleb128 0xf
 352 018a 9B000000 		.4byte	0x9b
 353 018e 99010000 		.4byte	0x199
 354 0192 10       		.uleb128 0x10
 355 0193 B5000000 		.4byte	0xb5
 356 0197 13       		.byte	0x13
 357 0198 00       		.byte	0
 358 0199 11       		.uleb128 0x11
 359 019a 32000000 		.4byte	.LASF18
 360 019e 01       		.byte	0x1
 361 019f 0E       		.byte	0xe
 362 01a0 89010000 		.4byte	0x189
 363 01a4 05       		.uleb128 0x5
 364 01a5 03       		.byte	0x3
 365 01a6 00000000 		.4byte	RxData
 366 01aa 12       		.uleb128 0x12
 367 01ab 6900     		.ascii	"i\000"
 368 01ad 01       		.byte	0x1
 369 01ae 0F       		.byte	0xf
 370 01af 81000000 		.4byte	0x81
 371 01b3 05       		.uleb128 0x5
 372 01b4 03       		.byte	0x3
 373 01b5 00000000 		.4byte	i
 374 01b9 11       		.uleb128 0x11
 375 01ba 9E010000 		.4byte	.LASF19
 376 01be 01       		.byte	0x1
 377 01bf 0F       		.byte	0xf
 378 01c0 81000000 		.4byte	0x81
 379 01c4 05       		.uleb128 0x5
 380 01c5 03       		.byte	0x3
 381 01c6 00000000 		.4byte	Strom1
 382 01ca 11       		.uleb128 0x11
 383 01cb 5D010000 		.4byte	.LASF20
 384 01cf 01       		.byte	0x1
 385 01d0 0F       		.byte	0xf
 386 01d1 81000000 		.4byte	0x81
 387 01d5 05       		.uleb128 0x5
 388 01d6 03       		.byte	0x3
 389 01d7 00000000 		.4byte	Spanding
 390 01db 12       		.uleb128 0x12
 391 01dc 706600   		.ascii	"pf\000"
ARM GAS  C:\Users\Dennis\AppData\Local\Temp\cce3lyNu.s 			page 9


 392 01df 01       		.byte	0x1
 393 01e0 0F       		.byte	0xf
 394 01e1 81000000 		.4byte	0x81
 395 01e5 05       		.uleb128 0x5
 396 01e6 03       		.byte	0x3
 397 01e7 00000000 		.4byte	pf
 398 01eb 12       		.uleb128 0x12
 399 01ec 54484400 		.ascii	"THD\000"
 400 01f0 01       		.byte	0x1
 401 01f1 0F       		.byte	0xf
 402 01f2 81000000 		.4byte	0x81
 403 01f6 05       		.uleb128 0x5
 404 01f7 03       		.byte	0x3
 405 01f8 00000000 		.4byte	THD
 406 01fc 13       		.uleb128 0x13
 407 01fd 4B000000 		.4byte	.LASF28
 408 0201 06       		.byte	0x6
 409 0202 6F       		.byte	0x6f
 410 0203 81000000 		.4byte	0x81
 411 0207 14       		.uleb128 0x14
 412 0208 7D000000 		.4byte	.LASF21
 413 020c 06       		.byte	0x6
 414 020d 88       		.byte	0x88
 415 020e 18020000 		.4byte	0x218
 416 0212 15       		.uleb128 0x15
 417 0213 81000000 		.4byte	0x81
 418 0217 00       		.byte	0
 419 0218 14       		.uleb128 0x14
 420 0219 4E010000 		.4byte	.LASF22
 421 021d 07       		.byte	0x7
 422 021e 18       		.byte	0x18
 423 021f 29020000 		.4byte	0x229
 424 0223 15       		.uleb128 0x15
 425 0224 A2000000 		.4byte	0xa2
 426 0228 00       		.byte	0
 427 0229 16       		.uleb128 0x16
 428 022a 00000000 		.4byte	.LASF29
 429 022e 06       		.byte	0x6
 430 022f 54       		.byte	0x54
 431 0230 00       		.byte	0
 432              		.section	.debug_abbrev,"",%progbits
 433              	.Ldebug_abbrev0:
 434 0000 01       		.uleb128 0x1
 435 0001 11       		.uleb128 0x11
 436 0002 01       		.byte	0x1
 437 0003 25       		.uleb128 0x25
 438 0004 0E       		.uleb128 0xe
 439 0005 13       		.uleb128 0x13
 440 0006 0B       		.uleb128 0xb
 441 0007 03       		.uleb128 0x3
 442 0008 0E       		.uleb128 0xe
 443 0009 1B       		.uleb128 0x1b
 444 000a 0E       		.uleb128 0xe
 445 000b 55       		.uleb128 0x55
 446 000c 17       		.uleb128 0x17
 447 000d 11       		.uleb128 0x11
 448 000e 01       		.uleb128 0x1
ARM GAS  C:\Users\Dennis\AppData\Local\Temp\cce3lyNu.s 			page 10


 449 000f 10       		.uleb128 0x10
 450 0010 17       		.uleb128 0x17
 451 0011 00       		.byte	0
 452 0012 00       		.byte	0
 453 0013 02       		.uleb128 0x2
 454 0014 24       		.uleb128 0x24
 455 0015 00       		.byte	0
 456 0016 0B       		.uleb128 0xb
 457 0017 0B       		.uleb128 0xb
 458 0018 3E       		.uleb128 0x3e
 459 0019 0B       		.uleb128 0xb
 460 001a 03       		.uleb128 0x3
 461 001b 0E       		.uleb128 0xe
 462 001c 00       		.byte	0
 463 001d 00       		.byte	0
 464 001e 03       		.uleb128 0x3
 465 001f 16       		.uleb128 0x16
 466 0020 00       		.byte	0
 467 0021 03       		.uleb128 0x3
 468 0022 0E       		.uleb128 0xe
 469 0023 3A       		.uleb128 0x3a
 470 0024 0B       		.uleb128 0xb
 471 0025 3B       		.uleb128 0x3b
 472 0026 0B       		.uleb128 0xb
 473 0027 49       		.uleb128 0x49
 474 0028 13       		.uleb128 0x13
 475 0029 00       		.byte	0
 476 002a 00       		.byte	0
 477 002b 04       		.uleb128 0x4
 478 002c 24       		.uleb128 0x24
 479 002d 00       		.byte	0
 480 002e 0B       		.uleb128 0xb
 481 002f 0B       		.uleb128 0xb
 482 0030 3E       		.uleb128 0x3e
 483 0031 0B       		.uleb128 0xb
 484 0032 03       		.uleb128 0x3
 485 0033 08       		.uleb128 0x8
 486 0034 00       		.byte	0
 487 0035 00       		.byte	0
 488 0036 05       		.uleb128 0x5
 489 0037 16       		.uleb128 0x16
 490 0038 00       		.byte	0
 491 0039 03       		.uleb128 0x3
 492 003a 0E       		.uleb128 0xe
 493 003b 3A       		.uleb128 0x3a
 494 003c 0B       		.uleb128 0xb
 495 003d 3B       		.uleb128 0x3b
 496 003e 05       		.uleb128 0x5
 497 003f 49       		.uleb128 0x49
 498 0040 13       		.uleb128 0x13
 499 0041 00       		.byte	0
 500 0042 00       		.byte	0
 501 0043 06       		.uleb128 0x6
 502 0044 0F       		.uleb128 0xf
 503 0045 00       		.byte	0
 504 0046 0B       		.uleb128 0xb
 505 0047 0B       		.uleb128 0xb
ARM GAS  C:\Users\Dennis\AppData\Local\Temp\cce3lyNu.s 			page 11


 506 0048 49       		.uleb128 0x49
 507 0049 13       		.uleb128 0x13
 508 004a 00       		.byte	0
 509 004b 00       		.byte	0
 510 004c 07       		.uleb128 0x7
 511 004d 15       		.uleb128 0x15
 512 004e 00       		.byte	0
 513 004f 27       		.uleb128 0x27
 514 0050 19       		.uleb128 0x19
 515 0051 00       		.byte	0
 516 0052 00       		.byte	0
 517 0053 08       		.uleb128 0x8
 518 0054 2E       		.uleb128 0x2e
 519 0055 01       		.byte	0x1
 520 0056 3F       		.uleb128 0x3f
 521 0057 19       		.uleb128 0x19
 522 0058 03       		.uleb128 0x3
 523 0059 0E       		.uleb128 0xe
 524 005a 3A       		.uleb128 0x3a
 525 005b 0B       		.uleb128 0xb
 526 005c 3B       		.uleb128 0x3b
 527 005d 0B       		.uleb128 0xb
 528 005e 27       		.uleb128 0x27
 529 005f 19       		.uleb128 0x19
 530 0060 11       		.uleb128 0x11
 531 0061 01       		.uleb128 0x1
 532 0062 12       		.uleb128 0x12
 533 0063 06       		.uleb128 0x6
 534 0064 40       		.uleb128 0x40
 535 0065 18       		.uleb128 0x18
 536 0066 9742     		.uleb128 0x2117
 537 0068 19       		.uleb128 0x19
 538 0069 01       		.uleb128 0x1
 539 006a 13       		.uleb128 0x13
 540 006b 00       		.byte	0
 541 006c 00       		.byte	0
 542 006d 09       		.uleb128 0x9
 543 006e 898201   		.uleb128 0x4109
 544 0071 00       		.byte	0
 545 0072 11       		.uleb128 0x11
 546 0073 01       		.uleb128 0x1
 547 0074 31       		.uleb128 0x31
 548 0075 13       		.uleb128 0x13
 549 0076 00       		.byte	0
 550 0077 00       		.byte	0
 551 0078 0A       		.uleb128 0xa
 552 0079 2E       		.uleb128 0x2e
 553 007a 01       		.byte	0x1
 554 007b 3F       		.uleb128 0x3f
 555 007c 19       		.uleb128 0x19
 556 007d 03       		.uleb128 0x3
 557 007e 0E       		.uleb128 0xe
 558 007f 3A       		.uleb128 0x3a
 559 0080 0B       		.uleb128 0xb
 560 0081 3B       		.uleb128 0x3b
 561 0082 0B       		.uleb128 0xb
 562 0083 27       		.uleb128 0x27
ARM GAS  C:\Users\Dennis\AppData\Local\Temp\cce3lyNu.s 			page 12


 563 0084 19       		.uleb128 0x19
 564 0085 49       		.uleb128 0x49
 565 0086 13       		.uleb128 0x13
 566 0087 11       		.uleb128 0x11
 567 0088 01       		.uleb128 0x1
 568 0089 12       		.uleb128 0x12
 569 008a 06       		.uleb128 0x6
 570 008b 40       		.uleb128 0x40
 571 008c 18       		.uleb128 0x18
 572 008d 9742     		.uleb128 0x2117
 573 008f 19       		.uleb128 0x19
 574 0090 01       		.uleb128 0x1
 575 0091 13       		.uleb128 0x13
 576 0092 00       		.byte	0
 577 0093 00       		.byte	0
 578 0094 0B       		.uleb128 0xb
 579 0095 898201   		.uleb128 0x4109
 580 0098 01       		.byte	0x1
 581 0099 11       		.uleb128 0x11
 582 009a 01       		.uleb128 0x1
 583 009b 31       		.uleb128 0x31
 584 009c 13       		.uleb128 0x13
 585 009d 01       		.uleb128 0x1
 586 009e 13       		.uleb128 0x13
 587 009f 00       		.byte	0
 588 00a0 00       		.byte	0
 589 00a1 0C       		.uleb128 0xc
 590 00a2 8A8201   		.uleb128 0x410a
 591 00a5 00       		.byte	0
 592 00a6 02       		.uleb128 0x2
 593 00a7 18       		.uleb128 0x18
 594 00a8 9142     		.uleb128 0x2111
 595 00aa 18       		.uleb128 0x18
 596 00ab 00       		.byte	0
 597 00ac 00       		.byte	0
 598 00ad 0D       		.uleb128 0xd
 599 00ae 34       		.uleb128 0x34
 600 00af 00       		.byte	0
 601 00b0 03       		.uleb128 0x3
 602 00b1 0E       		.uleb128 0xe
 603 00b2 3A       		.uleb128 0x3a
 604 00b3 0B       		.uleb128 0xb
 605 00b4 3B       		.uleb128 0x3b
 606 00b5 05       		.uleb128 0x5
 607 00b6 49       		.uleb128 0x49
 608 00b7 13       		.uleb128 0x13
 609 00b8 3F       		.uleb128 0x3f
 610 00b9 19       		.uleb128 0x19
 611 00ba 3C       		.uleb128 0x3c
 612 00bb 19       		.uleb128 0x19
 613 00bc 00       		.byte	0
 614 00bd 00       		.byte	0
 615 00be 0E       		.uleb128 0xe
 616 00bf 35       		.uleb128 0x35
 617 00c0 00       		.byte	0
 618 00c1 49       		.uleb128 0x49
 619 00c2 13       		.uleb128 0x13
ARM GAS  C:\Users\Dennis\AppData\Local\Temp\cce3lyNu.s 			page 13


 620 00c3 00       		.byte	0
 621 00c4 00       		.byte	0
 622 00c5 0F       		.uleb128 0xf
 623 00c6 01       		.uleb128 0x1
 624 00c7 01       		.byte	0x1
 625 00c8 49       		.uleb128 0x49
 626 00c9 13       		.uleb128 0x13
 627 00ca 01       		.uleb128 0x1
 628 00cb 13       		.uleb128 0x13
 629 00cc 00       		.byte	0
 630 00cd 00       		.byte	0
 631 00ce 10       		.uleb128 0x10
 632 00cf 21       		.uleb128 0x21
 633 00d0 00       		.byte	0
 634 00d1 49       		.uleb128 0x49
 635 00d2 13       		.uleb128 0x13
 636 00d3 2F       		.uleb128 0x2f
 637 00d4 0B       		.uleb128 0xb
 638 00d5 00       		.byte	0
 639 00d6 00       		.byte	0
 640 00d7 11       		.uleb128 0x11
 641 00d8 34       		.uleb128 0x34
 642 00d9 00       		.byte	0
 643 00da 03       		.uleb128 0x3
 644 00db 0E       		.uleb128 0xe
 645 00dc 3A       		.uleb128 0x3a
 646 00dd 0B       		.uleb128 0xb
 647 00de 3B       		.uleb128 0x3b
 648 00df 0B       		.uleb128 0xb
 649 00e0 49       		.uleb128 0x49
 650 00e1 13       		.uleb128 0x13
 651 00e2 3F       		.uleb128 0x3f
 652 00e3 19       		.uleb128 0x19
 653 00e4 02       		.uleb128 0x2
 654 00e5 18       		.uleb128 0x18
 655 00e6 00       		.byte	0
 656 00e7 00       		.byte	0
 657 00e8 12       		.uleb128 0x12
 658 00e9 34       		.uleb128 0x34
 659 00ea 00       		.byte	0
 660 00eb 03       		.uleb128 0x3
 661 00ec 08       		.uleb128 0x8
 662 00ed 3A       		.uleb128 0x3a
 663 00ee 0B       		.uleb128 0xb
 664 00ef 3B       		.uleb128 0x3b
 665 00f0 0B       		.uleb128 0xb
 666 00f1 49       		.uleb128 0x49
 667 00f2 13       		.uleb128 0x13
 668 00f3 3F       		.uleb128 0x3f
 669 00f4 19       		.uleb128 0x19
 670 00f5 02       		.uleb128 0x2
 671 00f6 18       		.uleb128 0x18
 672 00f7 00       		.byte	0
 673 00f8 00       		.byte	0
 674 00f9 13       		.uleb128 0x13
 675 00fa 2E       		.uleb128 0x2e
 676 00fb 00       		.byte	0
ARM GAS  C:\Users\Dennis\AppData\Local\Temp\cce3lyNu.s 			page 14


 677 00fc 3F       		.uleb128 0x3f
 678 00fd 19       		.uleb128 0x19
 679 00fe 03       		.uleb128 0x3
 680 00ff 0E       		.uleb128 0xe
 681 0100 3A       		.uleb128 0x3a
 682 0101 0B       		.uleb128 0xb
 683 0102 3B       		.uleb128 0x3b
 684 0103 0B       		.uleb128 0xb
 685 0104 27       		.uleb128 0x27
 686 0105 19       		.uleb128 0x19
 687 0106 49       		.uleb128 0x49
 688 0107 13       		.uleb128 0x13
 689 0108 3C       		.uleb128 0x3c
 690 0109 19       		.uleb128 0x19
 691 010a 00       		.byte	0
 692 010b 00       		.byte	0
 693 010c 14       		.uleb128 0x14
 694 010d 2E       		.uleb128 0x2e
 695 010e 01       		.byte	0x1
 696 010f 3F       		.uleb128 0x3f
 697 0110 19       		.uleb128 0x19
 698 0111 03       		.uleb128 0x3
 699 0112 0E       		.uleb128 0xe
 700 0113 3A       		.uleb128 0x3a
 701 0114 0B       		.uleb128 0xb
 702 0115 3B       		.uleb128 0x3b
 703 0116 0B       		.uleb128 0xb
 704 0117 27       		.uleb128 0x27
 705 0118 19       		.uleb128 0x19
 706 0119 3C       		.uleb128 0x3c
 707 011a 19       		.uleb128 0x19
 708 011b 01       		.uleb128 0x1
 709 011c 13       		.uleb128 0x13
 710 011d 00       		.byte	0
 711 011e 00       		.byte	0
 712 011f 15       		.uleb128 0x15
 713 0120 05       		.uleb128 0x5
 714 0121 00       		.byte	0
 715 0122 49       		.uleb128 0x49
 716 0123 13       		.uleb128 0x13
 717 0124 00       		.byte	0
 718 0125 00       		.byte	0
 719 0126 16       		.uleb128 0x16
 720 0127 2E       		.uleb128 0x2e
 721 0128 00       		.byte	0
 722 0129 3F       		.uleb128 0x3f
 723 012a 19       		.uleb128 0x19
 724 012b 03       		.uleb128 0x3
 725 012c 0E       		.uleb128 0xe
 726 012d 3A       		.uleb128 0x3a
 727 012e 0B       		.uleb128 0xb
 728 012f 3B       		.uleb128 0x3b
 729 0130 0B       		.uleb128 0xb
 730 0131 27       		.uleb128 0x27
 731 0132 19       		.uleb128 0x19
 732 0133 3C       		.uleb128 0x3c
 733 0134 19       		.uleb128 0x19
ARM GAS  C:\Users\Dennis\AppData\Local\Temp\cce3lyNu.s 			page 15


 734 0135 00       		.byte	0
 735 0136 00       		.byte	0
 736 0137 00       		.byte	0
 737              		.section	.debug_aranges,"",%progbits
 738 0000 24000000 		.4byte	0x24
 739 0004 0200     		.2byte	0x2
 740 0006 00000000 		.4byte	.Ldebug_info0
 741 000a 04       		.byte	0x4
 742 000b 00       		.byte	0
 743 000c 0000     		.2byte	0
 744 000e 0000     		.2byte	0
 745 0010 00000000 		.4byte	.LFB63
 746 0014 60000000 		.4byte	.LFE63-.LFB63
 747 0018 00000000 		.4byte	.LFB64
 748 001c 14000000 		.4byte	.LFE64-.LFB64
 749 0020 00000000 		.4byte	0
 750 0024 00000000 		.4byte	0
 751              		.section	.debug_ranges,"",%progbits
 752              	.Ldebug_ranges0:
 753 0000 00000000 		.4byte	.LFB63
 754 0004 60000000 		.4byte	.LFE63
 755 0008 00000000 		.4byte	.LFB64
 756 000c 14000000 		.4byte	.LFE64
 757 0010 00000000 		.4byte	0
 758 0014 00000000 		.4byte	0
 759              		.section	.debug_line,"",%progbits
 760              	.Ldebug_line0:
 761 0000 99010000 		.section	.debug_str,"MS",%progbits,1
 761      02005F01 
 761      00000201 
 761      FB0E0D00 
 761      01010101 
 762              	.LASF29:
 763 0000 55415254 		.ascii	"UART_1_Start\000"
 763      5F315F53 
 763      74617274 
 763      00
 764              	.LASF9:
 765 000d 5F5F696E 		.ascii	"__int32_t\000"
 765      7433325F 
 765      7400
 766              	.LASF13:
 767 0017 646F7562 		.ascii	"double\000"
 767      6C6500
 768              	.LASF12:
 769 001e 666C6F61 		.ascii	"float\000"
 769      7400
 770              	.LASF1:
 771 0024 756E7369 		.ascii	"unsigned char\000"
 771      676E6564 
 771      20636861 
 771      7200
 772              	.LASF18:
 773 0032 52784461 		.ascii	"RxData\000"
 773      746100
 774              	.LASF5:
 775 0039 6C6F6E67 		.ascii	"long unsigned int\000"
ARM GAS  C:\Users\Dennis\AppData\Local\Temp\cce3lyNu.s 			page 16


 775      20756E73 
 775      69676E65 
 775      6420696E 
 775      7400
 776              	.LASF28:
 777 004b 55415254 		.ascii	"UART_1_ReadRxData\000"
 777      5F315F52 
 777      65616452 
 777      78446174 
 777      6100
 778              	.LASF3:
 779 005d 73686F72 		.ascii	"short unsigned int\000"
 779      7420756E 
 779      7369676E 
 779      65642069 
 779      6E7400
 780              	.LASF17:
 781 0070 49544D5F 		.ascii	"ITM_RxBuffer\000"
 781      52784275 
 781      66666572 
 781      00
 782              	.LASF21:
 783 007d 55415254 		.ascii	"UART_1_WriteTxData\000"
 783      5F315F57 
 783      72697465 
 783      54784461 
 783      746100
 784              	.LASF26:
 785 0090 6973725F 		.ascii	"isr_RX\000"
 785      525800
 786              	.LASF27:
 787 0097 6D61696E 		.ascii	"main\000"
 787      00
 788              	.LASF23:
 789 009c 474E5520 		.ascii	"GNU C 4.9.3 20150303 (release) [ARM/embedded-4_9-br"
 789      4320342E 
 789      392E3320 
 789      32303135 
 789      30333033 
 790 00cf 616E6368 		.ascii	"anch revision 221220] -mcpu=cortex-m3 -mthumb -g -O"
 790      20726576 
 790      6973696F 
 790      6E203232 
 790      31323230 
 791 0102 67202D66 		.ascii	"g -ffunction-sections -ffat-lto-objects\000"
 791      66756E63 
 791      74696F6E 
 791      2D736563 
 791      74696F6E 
 792              	.LASF8:
 793 012a 756E7369 		.ascii	"unsigned int\000"
 793      676E6564 
 793      20696E74 
 793      00
 794              	.LASF7:
 795 0137 6C6F6E67 		.ascii	"long long unsigned int\000"
 795      206C6F6E 
ARM GAS  C:\Users\Dennis\AppData\Local\Temp\cce3lyNu.s 			page 17


 795      6720756E 
 795      7369676E 
 795      65642069 
 796              	.LASF22:
 797 014e 6973725F 		.ascii	"isr_RX_StartEx\000"
 797      52585F53 
 797      74617274 
 797      457800
 798              	.LASF20:
 799 015d 5370616E 		.ascii	"Spanding\000"
 799      64696E67 
 799      00
 800              	.LASF15:
 801 0166 63796973 		.ascii	"cyisraddress\000"
 801      72616464 
 801      72657373 
 801      00
 802              	.LASF10:
 803 0173 696E7433 		.ascii	"int32_t\000"
 803      325F7400 
 804              	.LASF16:
 805 017b 73697A65 		.ascii	"sizetype\000"
 805      74797065 
 805      00
 806              	.LASF6:
 807 0184 6C6F6E67 		.ascii	"long long int\000"
 807      206C6F6E 
 807      6720696E 
 807      7400
 808              	.LASF24:
 809 0192 6D61696E 		.ascii	"main.c\000"
 809      2E6300
 810              	.LASF14:
 811 0199 63686172 		.ascii	"char\000"
 811      00
 812              	.LASF19:
 813 019e 5374726F 		.ascii	"Strom1\000"
 813      6D3100
 814              	.LASF2:
 815 01a5 73686F72 		.ascii	"short int\000"
 815      7420696E 
 815      7400
 816              	.LASF11:
 817 01af 75696E74 		.ascii	"uint8\000"
 817      3800
 818              	.LASF4:
 819 01b5 6C6F6E67 		.ascii	"long int\000"
 819      20696E74 
 819      00
 820              	.LASF0:
 821 01be 7369676E 		.ascii	"signed char\000"
 821      65642063 
 821      68617200 
 822              	.LASF25:
 823 01ca 433A5C55 		.ascii	"C:\\Users\\Dennis\\Desktop\\Ase\\Semester4\\Projekt"
 823      73657273 
 823      5C44656E 
ARM GAS  C:\Users\Dennis\AppData\Local\Temp\cce3lyNu.s 			page 18


 823      6E69735C 
 823      4465736B 
 824 01f7 5C4D696E 		.ascii	"\\Min mappe\\PSOC UART\\UART\\UART.cydsn\000"
 824      206D6170 
 824      70655C50 
 824      534F4320 
 824      55415254 
 825              		.ident	"GCC: (GNU Tools for ARM Embedded Processors) 4.9.3 20150303 (release) [ARM/embedded-4_9-br
