ARM GAS  C:\Users\Soren\AppData\Local\Temp\ccH2ZtQZ.s 			page 1


   1              		.syntax unified
   2              		.cpu cortex-m3
   3              		.fpu softvfp
   4              		.eabi_attribute 20, 1
   5              		.eabi_attribute 21, 1
   6              		.eabi_attribute 23, 3
   7              		.eabi_attribute 24, 1
   8              		.eabi_attribute 25, 1
   9              		.eabi_attribute 26, 1
  10              		.eabi_attribute 30, 6
  11              		.eabi_attribute 34, 1
  12              		.eabi_attribute 18, 4
  13              		.thumb
  14              		.file	"sample.c"
  15              		.text
  16              	.Ltext0:
  17              		.cfi_sections	.debug_frame
  18              	.Letext0:
  19              		.section	.debug_line,"",%progbits
  20              	.Ldebug_line0:
  21              		.section	.debug_str,"MS",%progbits,1
  22              	.LASF0:
  23 0000 474E5520 		.ascii	"GNU C 4.9.3 20150303 (release) [ARM/embedded-4_9-br"
  23      4320342E 
  23      392E3320 
  23      32303135 
  23      30333033 
  24 0033 616E6368 		.ascii	"anch revision 221220] -mcpu=cortex-m3 -mthumb -g -O"
  24      20726576 
  24      6973696F 
  24      6E203232 
  24      31323230 
  25 0066 30202D66 		.ascii	"0 -ffunction-sections -ffat-lto-objects\000"
  25      66756E63 
  25      74696F6E 
  25      2D736563 
  25      74696F6E 
  26              	.LASF1:
  27 008e 5C5C4D61 		.ascii	"\\\\Mac\\iCloud\\SKOLE\\4. Semester\\PRJ4 - Semeste"
  27      635C6943 
  27      6C6F7564 
  27      5C534B4F 
  27      4C455C34 
  28 00bb 7270726F 		.ascii	"rprojekt 4\\Maaleenhed\\Spaendingsmaaler uden FFT\\"
  28      6A656B74 
  28      20345C4D 
  28      61616C65 
  28      656E6865 
  29 00eb 4D61616C 		.ascii	"Maaler.cydsn\000"
  29      65722E63 
  29      7964736E 
  29      00
  30              	.LASF2:
  31 00f8 73616D70 		.ascii	"sample.c\000"
  31      6C652E63 
  31      00
  32              		.ident	"GCC: (GNU Tools for ARM Embedded Processors) 4.9.3 20150303 (release) [ARM/embedded-4_9-br
ARM GAS  C:\Users\Soren\AppData\Local\Temp\ccH2ZtQZ.s 			page 2


