ARM GAS  C:\Users\Soren\AppData\Local\Temp\ccMkFdwk.s 			page 1


   1              		.syntax unified
   2              		.cpu cortex-m3
   3              		.fpu softvfp
   4              		.eabi_attribute 20, 1
   5              		.eabi_attribute 21, 1
   6              		.eabi_attribute 23, 3
   7              		.eabi_attribute 24, 1
   8              		.eabi_attribute 25, 1
   9              		.eabi_attribute 26, 1
  10              		.eabi_attribute 30, 6
  11              		.eabi_attribute 34, 1
  12              		.eabi_attribute 18, 4
  13              		.thumb
  14              		.file	"cymetadata.c"
  15              		.text
  16              	.Ltext0:
  17              		.cfi_sections	.debug_frame
  18              		.global	cy_meta_configecc
  19              		.section	.cyconfigecc,"a",%progbits
  20              		.align	2
  21              		.type	cy_meta_configecc, %object
  22              		.size	cy_meta_configecc, 120
  23              	cy_meta_configecc:
  24 0000 01       		.byte	1
  25 0001 09       		.byte	9
  26 0002 01       		.byte	1
  27 0003 40       		.byte	64
  28 0004 04       		.byte	4
  29 0005 0A       		.byte	10
  30 0006 01       		.byte	1
  31 0007 40       		.byte	64
  32 0008 01       		.byte	1
  33 0009 0B       		.byte	11
  34 000a 01       		.byte	1
  35 000b 40       		.byte	64
  36 000c 01       		.byte	1
  37 000d 15       		.byte	21
  38 000e 01       		.byte	1
  39 000f 40       		.byte	64
  40 0010 01       		.byte	1
  41 0011 1B       		.byte	27
  42 0012 01       		.byte	1
  43 0013 40       		.byte	64
  44 0014 02       		.byte	2
  45 0015 44       		.byte	68
  46 0016 01       		.byte	1
  47 0017 40       		.byte	64
  48 0018 01       		.byte	1
  49 0019 45       		.byte	69
  50 001a 01       		.byte	1
  51 001b 40       		.byte	64
  52 001c 03       		.byte	3
  53 001d 46       		.byte	70
  54 001e 01       		.byte	1
  55 001f 40       		.byte	64
  56 0020 03       		.byte	3
  57 0021 47       		.byte	71
ARM GAS  C:\Users\Soren\AppData\Local\Temp\ccMkFdwk.s 			page 2


  58 0022 01       		.byte	1
  59 0023 40       		.byte	64
  60 0024 02       		.byte	2
  61 0025 48       		.byte	72
  62 0026 01       		.byte	1
  63 0027 40       		.byte	64
  64 0028 01       		.byte	1
  65 0029 49       		.byte	73
  66 002a 01       		.byte	1
  67 002b 40       		.byte	64
  68 002c 01       		.byte	1
  69 002d 4C       		.byte	76
  70 002e 01       		.byte	1
  71 002f 40       		.byte	64
  72 0030 02       		.byte	2
  73 0031 4D       		.byte	77
  74 0032 01       		.byte	1
  75 0033 40       		.byte	64
  76 0034 B5       		.byte	-75
  77 0035 02       		.byte	2
  78 0036 B8       		.byte	-72
  79 0037 02       		.byte	2
  80 0038 BE       		.byte	-66
  81 0039 01       		.byte	1
  82 003a D8       		.byte	-40
  83 003b 04       		.byte	4
  84 003c DF       		.byte	-33
  85 003d 01       		.byte	1
  86 003e 1D       		.byte	29
  87 003f 02       		.byte	2
  88 0040 EC       		.byte	-20
  89 0041 10       		.byte	16
  90 0042 EC       		.byte	-20
  91 0043 10       		.byte	16
  92 0044 7C       		.byte	124
  93 0045 01       		.byte	1
  94 0046 DE       		.byte	-34
  95 0047 01       		.byte	1
  96 0048 94       		.byte	-108
  97 0049 01       		.byte	1
  98 004a 45       		.byte	69
  99 004b 08       		.byte	8
 100 004c 94       		.byte	-108
 101 004d 01       		.byte	1
 102 004e D0       		.byte	-48
 103 004f 01       		.byte	1
 104 0050 A5       		.byte	-91
 105 0051 08       		.byte	8
 106 0052 B4       		.byte	-76
 107 0053 01       		.byte	1
 108 0054 EC       		.byte	-20
 109 0055 08       		.byte	8
 110 0056 25       		.byte	37
 111 0057 10       		.byte	16
 112 0058 C8       		.byte	-56
 113 0059 20       		.byte	32
 114 005a B5       		.byte	-75
ARM GAS  C:\Users\Soren\AppData\Local\Temp\ccMkFdwk.s 			page 3


 115 005b 10       		.byte	16
 116 005c A5       		.byte	-91
 117 005d 08       		.byte	8
 118 005e B5       		.byte	-75
 119 005f 08       		.byte	8
 120 0060 EC       		.byte	-20
 121 0061 08       		.byte	8
 122 0062 00       		.byte	0
 123 0063 00       		.byte	0
 124 0064 00       		.byte	0
 125 0065 00       		.byte	0
 126 0066 00       		.byte	0
 127 0067 00       		.byte	0
 128 0068 00       		.byte	0
 129 0069 00       		.byte	0
 130 006a F0       		.byte	-16
 131 006b 00       		.byte	0
 132 006c 00       		.byte	0
 133 006d 8B       		.byte	-117
 134 006e 8B       		.byte	-117
 135 006f 00       		.byte	0
 136 0070 00       		.byte	0
 137 0071 00       		.byte	0
 138 0072 00       		.byte	0
 139 0073 00       		.byte	0
 140 0074 08       		.byte	8
 141 0075 00       		.byte	0
 142 0076 18       		.byte	24
 143 0077 01       		.byte	1
 144              		.global	cy_meta_custnvl
 145              		.section	.cycustnvl,"a",%progbits
 146              		.align	2
 147              		.type	cy_meta_custnvl, %object
 148              		.size	cy_meta_custnvl, 4
 149              	cy_meta_custnvl:
 150 0000 00       		.byte	0
 151 0001 00       		.byte	0
 152 0002 40       		.byte	64
 153 0003 05       		.byte	5
 154              		.global	cy_meta_wonvl
 155              		.section	.cywolatch,"a",%progbits
 156              		.align	2
 157              		.type	cy_meta_wonvl, %object
 158              		.size	cy_meta_wonvl, 4
 159              	cy_meta_wonvl:
 160 0000 BC       		.byte	-68
 161 0001 90       		.byte	-112
 162 0002 AC       		.byte	-84
 163 0003 AF       		.byte	-81
 164              		.global	cy_meta_flashprotect
 165              		.section	.cyflashprotect,"a",%progbits
 166              		.align	2
 167              		.type	cy_meta_flashprotect, %object
 168              		.size	cy_meta_flashprotect, 256
 169              	cy_meta_flashprotect:
 170 0000 00000000 		.space	256
 170      00000000 
ARM GAS  C:\Users\Soren\AppData\Local\Temp\ccMkFdwk.s 			page 4


 170      00000000 
 170      00000000 
 170      00000000 
 171              		.global	cy_metadata
 172              		.section	.cymeta,"a",%progbits
 173              		.align	2
 174              		.type	cy_metadata, %object
 175              		.size	cy_metadata, 12
 176              	cy_metadata:
 177 0000 00       		.byte	0
 178 0001 01       		.byte	1
 179 0002 2E       		.byte	46
 180 0003 16       		.byte	22
 181 0004 10       		.byte	16
 182 0005 69       		.byte	105
 183 0006 00       		.byte	0
 184 0007 01       		.byte	1
 185 0008 00       		.byte	0
 186 0009 00       		.byte	0
 187 000a 00       		.byte	0
 188 000b 00       		.byte	0
 189              		.text
 190              	.Letext0:
 191              		.file 1 "Generated_Source\\PSoC5\\cymetadata.c"
 192              		.file 2 "Generated_Source\\PSoC5\\cytypes.h"
 193              		.section	.debug_info,"",%progbits
 194              	.Ldebug_info0:
 195 0000 36010000 		.4byte	0x136
 196 0004 0400     		.2byte	0x4
 197 0006 00000000 		.4byte	.Ldebug_abbrev0
 198 000a 04       		.byte	0x4
 199 000b 01       		.uleb128 0x1
 200 000c 06000000 		.4byte	.LASF18
 201 0010 01       		.byte	0x1
 202 0011 EE010000 		.4byte	.LASF19
 203 0015 A0000000 		.4byte	.LASF20
 204 0019 00000000 		.4byte	.Ldebug_line0
 205 001d 02       		.uleb128 0x2
 206 001e 01       		.byte	0x1
 207 001f 06       		.byte	0x6
 208 0020 E2010000 		.4byte	.LASF0
 209 0024 02       		.uleb128 0x2
 210 0025 01       		.byte	0x1
 211 0026 08       		.byte	0x8
 212 0027 0A010000 		.4byte	.LASF1
 213 002b 02       		.uleb128 0x2
 214 002c 02       		.byte	0x2
 215 002d 05       		.byte	0x5
 216 002e C9010000 		.4byte	.LASF2
 217 0032 02       		.uleb128 0x2
 218 0033 02       		.byte	0x2
 219 0034 07       		.byte	0x7
 220 0035 2A010000 		.4byte	.LASF3
 221 0039 02       		.uleb128 0x2
 222 003a 04       		.byte	0x4
 223 003b 05       		.byte	0x5
 224 003c D9010000 		.4byte	.LASF4
ARM GAS  C:\Users\Soren\AppData\Local\Temp\ccMkFdwk.s 			page 5


 225 0040 02       		.uleb128 0x2
 226 0041 04       		.byte	0x4
 227 0042 07       		.byte	0x7
 228 0043 18010000 		.4byte	.LASF5
 229 0047 02       		.uleb128 0x2
 230 0048 08       		.byte	0x8
 231 0049 05       		.byte	0x5
 232 004a B6010000 		.4byte	.LASF6
 233 004e 02       		.uleb128 0x2
 234 004f 08       		.byte	0x8
 235 0050 07       		.byte	0x7
 236 0051 73010000 		.4byte	.LASF7
 237 0055 03       		.uleb128 0x3
 238 0056 04       		.byte	0x4
 239 0057 05       		.byte	0x5
 240 0058 696E7400 		.ascii	"int\000"
 241 005c 02       		.uleb128 0x2
 242 005d 04       		.byte	0x4
 243 005e 07       		.byte	0x7
 244 005f 66010000 		.4byte	.LASF8
 245 0063 04       		.uleb128 0x4
 246 0064 D3010000 		.4byte	.LASF21
 247 0068 02       		.byte	0x2
 248 0069 9201     		.2byte	0x192
 249 006b 24000000 		.4byte	0x24
 250 006f 02       		.uleb128 0x2
 251 0070 04       		.byte	0x4
 252 0071 04       		.byte	0x4
 253 0072 00000000 		.4byte	.LASF9
 254 0076 02       		.uleb128 0x2
 255 0077 08       		.byte	0x8
 256 0078 04       		.byte	0x4
 257 0079 3D010000 		.4byte	.LASF10
 258 007d 02       		.uleb128 0x2
 259 007e 01       		.byte	0x1
 260 007f 08       		.byte	0x8
 261 0080 C4010000 		.4byte	.LASF11
 262 0084 05       		.uleb128 0x5
 263 0085 63000000 		.4byte	0x63
 264 0089 94000000 		.4byte	0x94
 265 008d 06       		.uleb128 0x6
 266 008e 94000000 		.4byte	0x94
 267 0092 77       		.byte	0x77
 268 0093 00       		.byte	0
 269 0094 02       		.uleb128 0x2
 270 0095 04       		.byte	0x4
 271 0096 07       		.byte	0x7
 272 0097 AD010000 		.4byte	.LASF12
 273 009b 07       		.uleb128 0x7
 274 009c 54010000 		.4byte	.LASF13
 275 00a0 01       		.byte	0x1
 276 00a1 1F       		.byte	0x1f
 277 00a2 AC000000 		.4byte	0xac
 278 00a6 05       		.uleb128 0x5
 279 00a7 03       		.byte	0x3
 280 00a8 00000000 		.4byte	cy_meta_configecc
 281 00ac 08       		.uleb128 0x8
ARM GAS  C:\Users\Soren\AppData\Local\Temp\ccMkFdwk.s 			page 6


 282 00ad 84000000 		.4byte	0x84
 283 00b1 05       		.uleb128 0x5
 284 00b2 63000000 		.4byte	0x63
 285 00b6 C1000000 		.4byte	0xc1
 286 00ba 06       		.uleb128 0x6
 287 00bb 94000000 		.4byte	0x94
 288 00bf 03       		.byte	0x3
 289 00c0 00       		.byte	0
 290 00c1 07       		.uleb128 0x7
 291 00c2 44010000 		.4byte	.LASF14
 292 00c6 01       		.byte	0x1
 293 00c7 3B       		.byte	0x3b
 294 00c8 D2000000 		.4byte	0xd2
 295 00cc 05       		.uleb128 0x5
 296 00cd 03       		.byte	0x3
 297 00ce 00000000 		.4byte	cy_meta_custnvl
 298 00d2 08       		.uleb128 0x8
 299 00d3 B1000000 		.4byte	0xb1
 300 00d7 07       		.uleb128 0x7
 301 00d8 9F010000 		.4byte	.LASF15
 302 00dc 01       		.byte	0x1
 303 00dd 49       		.byte	0x49
 304 00de E8000000 		.4byte	0xe8
 305 00e2 05       		.uleb128 0x5
 306 00e3 03       		.byte	0x3
 307 00e4 00000000 		.4byte	cy_meta_wonvl
 308 00e8 08       		.uleb128 0x8
 309 00e9 B1000000 		.4byte	0xb1
 310 00ed 05       		.uleb128 0x5
 311 00ee 63000000 		.4byte	0x63
 312 00f2 FD000000 		.4byte	0xfd
 313 00f6 06       		.uleb128 0x6
 314 00f7 94000000 		.4byte	0x94
 315 00fb FF       		.byte	0xff
 316 00fc 00       		.byte	0
 317 00fd 07       		.uleb128 0x7
 318 00fe 8A010000 		.4byte	.LASF16
 319 0102 01       		.byte	0x1
 320 0103 57       		.byte	0x57
 321 0104 0E010000 		.4byte	0x10e
 322 0108 05       		.uleb128 0x5
 323 0109 03       		.byte	0x3
 324 010a 00000000 		.4byte	cy_meta_flashprotect
 325 010e 08       		.uleb128 0x8
 326 010f ED000000 		.4byte	0xed
 327 0113 05       		.uleb128 0x5
 328 0114 63000000 		.4byte	0x63
 329 0118 23010000 		.4byte	0x123
 330 011c 06       		.uleb128 0x6
 331 011d 94000000 		.4byte	0x94
 332 0121 0B       		.byte	0xb
 333 0122 00       		.byte	0
 334 0123 07       		.uleb128 0x7
 335 0124 94000000 		.4byte	.LASF17
 336 0128 01       		.byte	0x1
 337 0129 84       		.byte	0x84
 338 012a 34010000 		.4byte	0x134
ARM GAS  C:\Users\Soren\AppData\Local\Temp\ccMkFdwk.s 			page 7


 339 012e 05       		.uleb128 0x5
 340 012f 03       		.byte	0x3
 341 0130 00000000 		.4byte	cy_metadata
 342 0134 08       		.uleb128 0x8
 343 0135 13010000 		.4byte	0x113
 344 0139 00       		.byte	0
 345              		.section	.debug_abbrev,"",%progbits
 346              	.Ldebug_abbrev0:
 347 0000 01       		.uleb128 0x1
 348 0001 11       		.uleb128 0x11
 349 0002 01       		.byte	0x1
 350 0003 25       		.uleb128 0x25
 351 0004 0E       		.uleb128 0xe
 352 0005 13       		.uleb128 0x13
 353 0006 0B       		.uleb128 0xb
 354 0007 03       		.uleb128 0x3
 355 0008 0E       		.uleb128 0xe
 356 0009 1B       		.uleb128 0x1b
 357 000a 0E       		.uleb128 0xe
 358 000b 10       		.uleb128 0x10
 359 000c 17       		.uleb128 0x17
 360 000d 00       		.byte	0
 361 000e 00       		.byte	0
 362 000f 02       		.uleb128 0x2
 363 0010 24       		.uleb128 0x24
 364 0011 00       		.byte	0
 365 0012 0B       		.uleb128 0xb
 366 0013 0B       		.uleb128 0xb
 367 0014 3E       		.uleb128 0x3e
 368 0015 0B       		.uleb128 0xb
 369 0016 03       		.uleb128 0x3
 370 0017 0E       		.uleb128 0xe
 371 0018 00       		.byte	0
 372 0019 00       		.byte	0
 373 001a 03       		.uleb128 0x3
 374 001b 24       		.uleb128 0x24
 375 001c 00       		.byte	0
 376 001d 0B       		.uleb128 0xb
 377 001e 0B       		.uleb128 0xb
 378 001f 3E       		.uleb128 0x3e
 379 0020 0B       		.uleb128 0xb
 380 0021 03       		.uleb128 0x3
 381 0022 08       		.uleb128 0x8
 382 0023 00       		.byte	0
 383 0024 00       		.byte	0
 384 0025 04       		.uleb128 0x4
 385 0026 16       		.uleb128 0x16
 386 0027 00       		.byte	0
 387 0028 03       		.uleb128 0x3
 388 0029 0E       		.uleb128 0xe
 389 002a 3A       		.uleb128 0x3a
 390 002b 0B       		.uleb128 0xb
 391 002c 3B       		.uleb128 0x3b
 392 002d 05       		.uleb128 0x5
 393 002e 49       		.uleb128 0x49
 394 002f 13       		.uleb128 0x13
 395 0030 00       		.byte	0
ARM GAS  C:\Users\Soren\AppData\Local\Temp\ccMkFdwk.s 			page 8


 396 0031 00       		.byte	0
 397 0032 05       		.uleb128 0x5
 398 0033 01       		.uleb128 0x1
 399 0034 01       		.byte	0x1
 400 0035 49       		.uleb128 0x49
 401 0036 13       		.uleb128 0x13
 402 0037 01       		.uleb128 0x1
 403 0038 13       		.uleb128 0x13
 404 0039 00       		.byte	0
 405 003a 00       		.byte	0
 406 003b 06       		.uleb128 0x6
 407 003c 21       		.uleb128 0x21
 408 003d 00       		.byte	0
 409 003e 49       		.uleb128 0x49
 410 003f 13       		.uleb128 0x13
 411 0040 2F       		.uleb128 0x2f
 412 0041 0B       		.uleb128 0xb
 413 0042 00       		.byte	0
 414 0043 00       		.byte	0
 415 0044 07       		.uleb128 0x7
 416 0045 34       		.uleb128 0x34
 417 0046 00       		.byte	0
 418 0047 03       		.uleb128 0x3
 419 0048 0E       		.uleb128 0xe
 420 0049 3A       		.uleb128 0x3a
 421 004a 0B       		.uleb128 0xb
 422 004b 3B       		.uleb128 0x3b
 423 004c 0B       		.uleb128 0xb
 424 004d 49       		.uleb128 0x49
 425 004e 13       		.uleb128 0x13
 426 004f 3F       		.uleb128 0x3f
 427 0050 19       		.uleb128 0x19
 428 0051 02       		.uleb128 0x2
 429 0052 18       		.uleb128 0x18
 430 0053 00       		.byte	0
 431 0054 00       		.byte	0
 432 0055 08       		.uleb128 0x8
 433 0056 26       		.uleb128 0x26
 434 0057 00       		.byte	0
 435 0058 49       		.uleb128 0x49
 436 0059 13       		.uleb128 0x13
 437 005a 00       		.byte	0
 438 005b 00       		.byte	0
 439 005c 00       		.byte	0
 440              		.section	.debug_aranges,"",%progbits
 441 0000 14000000 		.4byte	0x14
 442 0004 0200     		.2byte	0x2
 443 0006 00000000 		.4byte	.Ldebug_info0
 444 000a 04       		.byte	0x4
 445 000b 00       		.byte	0
 446 000c 0000     		.2byte	0
 447 000e 0000     		.2byte	0
 448 0010 00000000 		.4byte	0
 449 0014 00000000 		.4byte	0
 450              		.section	.debug_line,"",%progbits
 451              	.Ldebug_line0:
 452 0000 4D000000 		.section	.debug_str,"MS",%progbits,1
ARM GAS  C:\Users\Soren\AppData\Local\Temp\ccMkFdwk.s 			page 9


 452      02004700 
 452      00000201 
 452      FB0E0D00 
 452      01010101 
 453              	.LASF9:
 454 0000 666C6F61 		.ascii	"float\000"
 454      7400
 455              	.LASF18:
 456 0006 474E5520 		.ascii	"GNU C 4.9.3 20150303 (release) [ARM/embedded-4_9-br"
 456      4320342E 
 456      392E3320 
 456      32303135 
 456      30333033 
 457 0039 616E6368 		.ascii	"anch revision 221220] -mcpu=cortex-m3 -mthumb -g -O"
 457      20726576 
 457      6973696F 
 457      6E203232 
 457      31323230 
 458 006c 30202D66 		.ascii	"0 -ffunction-sections -ffat-lto-objects\000"
 458      66756E63 
 458      74696F6E 
 458      2D736563 
 458      74696F6E 
 459              	.LASF17:
 460 0094 63795F6D 		.ascii	"cy_metadata\000"
 460      65746164 
 460      61746100 
 461              	.LASF20:
 462 00a0 5C5C4D61 		.ascii	"\\\\Mac\\iCloud\\SKOLE\\4. Semester\\PRJ4 - Semeste"
 462      635C6943 
 462      6C6F7564 
 462      5C534B4F 
 462      4C455C34 
 463 00cd 7270726F 		.ascii	"rprojekt 4\\Maaleenhed\\Spaendingsmaaler uden FFT\\"
 463      6A656B74 
 463      20345C4D 
 463      61616C65 
 463      656E6865 
 464 00fd 4D61616C 		.ascii	"Maaler.cydsn\000"
 464      65722E63 
 464      7964736E 
 464      00
 465              	.LASF1:
 466 010a 756E7369 		.ascii	"unsigned char\000"
 466      676E6564 
 466      20636861 
 466      7200
 467              	.LASF5:
 468 0118 6C6F6E67 		.ascii	"long unsigned int\000"
 468      20756E73 
 468      69676E65 
 468      6420696E 
 468      7400
 469              	.LASF3:
 470 012a 73686F72 		.ascii	"short unsigned int\000"
 470      7420756E 
 470      7369676E 
ARM GAS  C:\Users\Soren\AppData\Local\Temp\ccMkFdwk.s 			page 10


 470      65642069 
 470      6E7400
 471              	.LASF10:
 472 013d 646F7562 		.ascii	"double\000"
 472      6C6500
 473              	.LASF14:
 474 0144 63795F6D 		.ascii	"cy_meta_custnvl\000"
 474      6574615F 
 474      63757374 
 474      6E766C00 
 475              	.LASF13:
 476 0154 63795F6D 		.ascii	"cy_meta_configecc\000"
 476      6574615F 
 476      636F6E66 
 476      69676563 
 476      6300
 477              	.LASF8:
 478 0166 756E7369 		.ascii	"unsigned int\000"
 478      676E6564 
 478      20696E74 
 478      00
 479              	.LASF7:
 480 0173 6C6F6E67 		.ascii	"long long unsigned int\000"
 480      206C6F6E 
 480      6720756E 
 480      7369676E 
 480      65642069 
 481              	.LASF16:
 482 018a 63795F6D 		.ascii	"cy_meta_flashprotect\000"
 482      6574615F 
 482      666C6173 
 482      6870726F 
 482      74656374 
 483              	.LASF15:
 484 019f 63795F6D 		.ascii	"cy_meta_wonvl\000"
 484      6574615F 
 484      776F6E76 
 484      6C00
 485              	.LASF12:
 486 01ad 73697A65 		.ascii	"sizetype\000"
 486      74797065 
 486      00
 487              	.LASF6:
 488 01b6 6C6F6E67 		.ascii	"long long int\000"
 488      206C6F6E 
 488      6720696E 
 488      7400
 489              	.LASF11:
 490 01c4 63686172 		.ascii	"char\000"
 490      00
 491              	.LASF2:
 492 01c9 73686F72 		.ascii	"short int\000"
 492      7420696E 
 492      7400
 493              	.LASF21:
 494 01d3 75696E74 		.ascii	"uint8\000"
 494      3800
ARM GAS  C:\Users\Soren\AppData\Local\Temp\ccMkFdwk.s 			page 11


 495              	.LASF4:
 496 01d9 6C6F6E67 		.ascii	"long int\000"
 496      20696E74 
 496      00
 497              	.LASF0:
 498 01e2 7369676E 		.ascii	"signed char\000"
 498      65642063 
 498      68617200 
 499              	.LASF19:
 500 01ee 47656E65 		.ascii	"Generated_Source\\PSoC5\\cymetadata.c\000"
 500      72617465 
 500      645F536F 
 500      75726365 
 500      5C50536F 
 501              		.ident	"GCC: (GNU Tools for ARM Embedded Processors) 4.9.3 20150303 (release) [ARM/embedded-4_9-br
