ARM GAS  C:\Users\User\AppData\Local\Temp\ccyg5Mak.s 			page 1


   1              		.syntax unified
   2              		.cpu cortex-m3
   3              		.fpu softvfp
   4              		.eabi_attribute 20, 1
   5              		.eabi_attribute 21, 1
   6              		.eabi_attribute 23, 3
   7              		.eabi_attribute 24, 1
   8              		.eabi_attribute 25, 1
   9              		.eabi_attribute 26, 1
  10              		.eabi_attribute 30, 6
  11              		.eabi_attribute 34, 1
  12              		.eabi_attribute 18, 4
  13              		.thumb
  14              		.file	"main.c"
  15              		.text
  16              	.Ltext0:
  17              		.cfi_sections	.debug_frame
  18              		.global	Abs_volt
  19              		.bss
  20              		.align	3
  21              		.type	Abs_volt, %object
  22              		.size	Abs_volt, 1024
  23              	Abs_volt:
  24 0000 00000000 		.space	1024
  24      00000000 
  24      00000000 
  24      00000000 
  24      00000000 
  25              		.global	Re_volt
  26              		.align	3
  27              		.type	Re_volt, %object
  28              		.size	Re_volt, 1024
  29              	Re_volt:
  30 0400 00000000 		.space	1024
  30      00000000 
  30      00000000 
  30      00000000 
  30      00000000 
  31              		.global	Im_volt
  32              		.align	3
  33              		.type	Im_volt, %object
  34              		.size	Im_volt, 1024
  35              	Im_volt:
  36 0800 00000000 		.space	1024
  36      00000000 
  36      00000000 
  36      00000000 
  36      00000000 
  37              		.global	Abs_Ampere
  38              		.align	3
  39              		.type	Abs_Ampere, %object
  40              		.size	Abs_Ampere, 1024
  41              	Abs_Ampere:
  42 0c00 00000000 		.space	1024
  42      00000000 
  42      00000000 
  42      00000000 
ARM GAS  C:\Users\User\AppData\Local\Temp\ccyg5Mak.s 			page 2


  42      00000000 
  43              		.global	Re_Ampere
  44              		.align	3
  45              		.type	Re_Ampere, %object
  46              		.size	Re_Ampere, 1024
  47              	Re_Ampere:
  48 1000 00000000 		.space	1024
  48      00000000 
  48      00000000 
  48      00000000 
  48      00000000 
  49              		.global	Im_Ampere
  50              		.align	3
  51              		.type	Im_Ampere, %object
  52              		.size	Im_Ampere, 1024
  53              	Im_Ampere:
  54 1400 00000000 		.space	1024
  54      00000000 
  54      00000000 
  54      00000000 
  54      00000000 
  55              		.global	__aeabi_dmul
  56              		.global	__aeabi_dsub
  57              		.global	__aeabi_dadd
  58              		.global	__aeabi_ddiv
  59              		.section	.text.FFT,"ax",%progbits
  60              		.align	2
  61              		.global	FFT
  62              		.thumb
  63              		.thumb_func
  64              		.type	FFT, %function
  65              	FFT:
  66              	.LFB63:
  67              		.file 1 "fft.h"
   1:fft.h         **** #include "math.h"				 //mathematical library
   2:fft.h         **** 
   3:fft.h         **** // FFT parameters
   4:fft.h         **** #define N_points 128              //number of points				
   5:fft.h         **** #define exponent 7  //log2(N_points); for N_points=64 -> exponent=6
   6:fft.h         **** #define pi 3.14159265359
   7:fft.h         **** 
   8:fft.h         **** 
   9:fft.h         **** 
  10:fft.h         **** // FFT variables
  11:fft.h         **** double Abs_volt[N_points]={0};        //arrays
  12:fft.h         **** double Re_volt[N_points]={0};
  13:fft.h         **** double Im_volt[N_points]={0};
  14:fft.h         **** 
  15:fft.h         **** double Abs_Ampere[N_points]={0};        //arrays
  16:fft.h         **** double Re_Ampere[N_points]={0};
  17:fft.h         **** double Im_Ampere[N_points]={0};
  18:fft.h         **** 
  19:fft.h         **** 
  20:fft.h         **** // FFT function
  21:fft.h         **** void FFT(int dir,long m,double *x,double *y, double *u)
  22:fft.h         **** {
  68              		.loc 1 22 0
ARM GAS  C:\Users\User\AppData\Local\Temp\ccyg5Mak.s 			page 3


  69              		.cfi_startproc
  70              		@ args = 4, pretend = 0, frame = 128
  71              		@ frame_needed = 1, uses_anonymous_args = 0
  72 0000 2DE9B043 		push	{r4, r5, r7, r8, r9, lr}
  73              		.cfi_def_cfa_offset 24
  74              		.cfi_offset 4, -24
  75              		.cfi_offset 5, -20
  76              		.cfi_offset 7, -16
  77              		.cfi_offset 8, -12
  78              		.cfi_offset 9, -8
  79              		.cfi_offset 14, -4
  80 0004 A0B0     		sub	sp, sp, #128
  81              		.cfi_def_cfa_offset 152
  82 0006 00AF     		add	r7, sp, #0
  83              		.cfi_def_cfa_register 7
  84 0008 F860     		str	r0, [r7, #12]
  85 000a B960     		str	r1, [r7, #8]
  86 000c 7A60     		str	r2, [r7, #4]
  87 000e 3B60     		str	r3, [r7]
  23:fft.h         ****    // dir:  forward (=1) o inverse (!=1) transform; 
  24:fft.h         ****    // m exponent;
  25:fft.h         ****    
  26:fft.h         ****    long n,i,i1,j,k,i2,l,l1,l2;
  27:fft.h         ****    double c1,c2,tx,ty,t1,t2,u1,u2,z;
  28:fft.h         **** 
  29:fft.h         ****    /* Calculate the number of points */
  30:fft.h         ****    n = 1;
  88              		.loc 1 30 0
  89 0010 0123     		movs	r3, #1
  90 0012 FB67     		str	r3, [r7, #124]
  31:fft.h         ****    for (i=0;i<m;i++) 
  91              		.loc 1 31 0
  92 0014 0023     		movs	r3, #0
  93 0016 BB67     		str	r3, [r7, #120]
  94 0018 05E0     		b	.L2
  95              	.L3:
  32:fft.h         ****       n *= 2;
  96              		.loc 1 32 0 discriminator 3
  97 001a FB6F     		ldr	r3, [r7, #124]
  98 001c 5B00     		lsls	r3, r3, #1
  99 001e FB67     		str	r3, [r7, #124]
  31:fft.h         ****    for (i=0;i<m;i++) 
 100              		.loc 1 31 0 discriminator 3
 101 0020 BB6F     		ldr	r3, [r7, #120]
 102 0022 0133     		adds	r3, r3, #1
 103 0024 BB67     		str	r3, [r7, #120]
 104              	.L2:
  31:fft.h         ****    for (i=0;i<m;i++) 
 105              		.loc 1 31 0 is_stmt 0 discriminator 1
 106 0026 BA6F     		ldr	r2, [r7, #120]
 107 0028 BB68     		ldr	r3, [r7, #8]
 108 002a 9A42     		cmp	r2, r3
 109 002c F5DB     		blt	.L3
  33:fft.h         **** 
  34:fft.h         ****    /* Do the bit reversal */
  35:fft.h         ****    i2 = n >> 1;
 110              		.loc 1 35 0 is_stmt 1
ARM GAS  C:\Users\User\AppData\Local\Temp\ccyg5Mak.s 			page 4


 111 002e FB6F     		ldr	r3, [r7, #124]
 112 0030 5B10     		asrs	r3, r3, #1
 113 0032 7B64     		str	r3, [r7, #68]
  36:fft.h         ****    j = 0;
 114              		.loc 1 36 0
 115 0034 0023     		movs	r3, #0
 116 0036 7B67     		str	r3, [r7, #116]
  37:fft.h         ****    for (i=0;i<n-1;i++) {
 117              		.loc 1 37 0
 118 0038 0023     		movs	r3, #0
 119 003a BB67     		str	r3, [r7, #120]
 120 003c 50E0     		b	.L4
 121              	.L8:
  38:fft.h         ****       if (i < j) {
 122              		.loc 1 38 0
 123 003e BA6F     		ldr	r2, [r7, #120]
 124 0040 7B6F     		ldr	r3, [r7, #116]
 125 0042 9A42     		cmp	r2, r3
 126 0044 37DA     		bge	.L5
  39:fft.h         ****          tx = x[i];
 127              		.loc 1 39 0
 128 0046 BB6F     		ldr	r3, [r7, #120]
 129 0048 DB00     		lsls	r3, r3, #3
 130 004a 7A68     		ldr	r2, [r7, #4]
 131 004c 1344     		add	r3, r3, r2
 132 004e D3E90023 		ldrd	r2, [r3]
 133 0052 C7E90E23 		strd	r2, [r7, #56]
  40:fft.h         ****          ty = y[i];
 134              		.loc 1 40 0
 135 0056 BB6F     		ldr	r3, [r7, #120]
 136 0058 DB00     		lsls	r3, r3, #3
 137 005a 3A68     		ldr	r2, [r7]
 138 005c 1344     		add	r3, r3, r2
 139 005e D3E90023 		ldrd	r2, [r3]
 140 0062 C7E90C23 		strd	r2, [r7, #48]
  41:fft.h         ****          x[i] = x[j];
 141              		.loc 1 41 0
 142 0066 BB6F     		ldr	r3, [r7, #120]
 143 0068 DB00     		lsls	r3, r3, #3
 144 006a 7A68     		ldr	r2, [r7, #4]
 145 006c D118     		adds	r1, r2, r3
 146 006e 7B6F     		ldr	r3, [r7, #116]
 147 0070 DB00     		lsls	r3, r3, #3
 148 0072 7A68     		ldr	r2, [r7, #4]
 149 0074 1344     		add	r3, r3, r2
 150 0076 D3E90023 		ldrd	r2, [r3]
 151 007a C1E90023 		strd	r2, [r1]
  42:fft.h         ****          y[i] = y[j];
 152              		.loc 1 42 0
 153 007e BB6F     		ldr	r3, [r7, #120]
 154 0080 DB00     		lsls	r3, r3, #3
 155 0082 3A68     		ldr	r2, [r7]
 156 0084 D118     		adds	r1, r2, r3
 157 0086 7B6F     		ldr	r3, [r7, #116]
 158 0088 DB00     		lsls	r3, r3, #3
 159 008a 3A68     		ldr	r2, [r7]
 160 008c 1344     		add	r3, r3, r2
ARM GAS  C:\Users\User\AppData\Local\Temp\ccyg5Mak.s 			page 5


 161 008e D3E90023 		ldrd	r2, [r3]
 162 0092 C1E90023 		strd	r2, [r1]
  43:fft.h         ****          x[j] = tx;
 163              		.loc 1 43 0
 164 0096 7B6F     		ldr	r3, [r7, #116]
 165 0098 DB00     		lsls	r3, r3, #3
 166 009a 7A68     		ldr	r2, [r7, #4]
 167 009c D118     		adds	r1, r2, r3
 168 009e D7E90E23 		ldrd	r2, [r7, #56]
 169 00a2 C1E90023 		strd	r2, [r1]
  44:fft.h         ****          y[j] = ty;
 170              		.loc 1 44 0
 171 00a6 7B6F     		ldr	r3, [r7, #116]
 172 00a8 DB00     		lsls	r3, r3, #3
 173 00aa 3A68     		ldr	r2, [r7]
 174 00ac D118     		adds	r1, r2, r3
 175 00ae D7E90C23 		ldrd	r2, [r7, #48]
 176 00b2 C1E90023 		strd	r2, [r1]
 177              	.L5:
  45:fft.h         ****       }
  46:fft.h         ****       k = i2;
 178              		.loc 1 46 0
 179 00b6 7B6C     		ldr	r3, [r7, #68]
 180 00b8 3B67     		str	r3, [r7, #112]
  47:fft.h         ****       while (k <= j) {
 181              		.loc 1 47 0
 182 00ba 06E0     		b	.L6
 183              	.L7:
  48:fft.h         ****          j -= k;
 184              		.loc 1 48 0
 185 00bc 7A6F     		ldr	r2, [r7, #116]
 186 00be 3B6F     		ldr	r3, [r7, #112]
 187 00c0 D31A     		subs	r3, r2, r3
 188 00c2 7B67     		str	r3, [r7, #116]
  49:fft.h         ****          k >>= 1;
 189              		.loc 1 49 0
 190 00c4 3B6F     		ldr	r3, [r7, #112]
 191 00c6 5B10     		asrs	r3, r3, #1
 192 00c8 3B67     		str	r3, [r7, #112]
 193              	.L6:
  47:fft.h         ****       while (k <= j) {
 194              		.loc 1 47 0
 195 00ca 3A6F     		ldr	r2, [r7, #112]
 196 00cc 7B6F     		ldr	r3, [r7, #116]
 197 00ce 9A42     		cmp	r2, r3
 198 00d0 F4DD     		ble	.L7
  50:fft.h         ****       }
  51:fft.h         ****       j += k;
 199              		.loc 1 51 0 discriminator 2
 200 00d2 7A6F     		ldr	r2, [r7, #116]
 201 00d4 3B6F     		ldr	r3, [r7, #112]
 202 00d6 1344     		add	r3, r3, r2
 203 00d8 7B67     		str	r3, [r7, #116]
  37:fft.h         ****       if (i < j) {
 204              		.loc 1 37 0 discriminator 2
 205 00da BB6F     		ldr	r3, [r7, #120]
 206 00dc 0133     		adds	r3, r3, #1
ARM GAS  C:\Users\User\AppData\Local\Temp\ccyg5Mak.s 			page 6


 207 00de BB67     		str	r3, [r7, #120]
 208              	.L4:
  37:fft.h         ****       if (i < j) {
 209              		.loc 1 37 0 is_stmt 0 discriminator 1
 210 00e0 FB6F     		ldr	r3, [r7, #124]
 211 00e2 5A1E     		subs	r2, r3, #1
 212 00e4 BB6F     		ldr	r3, [r7, #120]
 213 00e6 9A42     		cmp	r2, r3
 214 00e8 A9DC     		bgt	.L8
  52:fft.h         ****    }
  53:fft.h         **** 
  54:fft.h         ****    /* Compute the FFT */
  55:fft.h         ****    c1 = -1.0; 
 215              		.loc 1 55 0 is_stmt 1
 216 00ea 4FF00002 		mov	r2, #0
 217 00ee A94B     		ldr	r3, .L18
 218 00f0 C7E91823 		strd	r2, [r7, #96]
  56:fft.h         ****    c2 = 0.0;
 219              		.loc 1 56 0
 220 00f4 4FF00002 		mov	r2, #0
 221 00f8 4FF00003 		mov	r3, #0
 222 00fc C7E91623 		strd	r2, [r7, #88]
  57:fft.h         ****    l2 = 1;
 223              		.loc 1 57 0
 224 0100 0123     		movs	r3, #1
 225 0102 BB66     		str	r3, [r7, #104]
  58:fft.h         ****    for (l=0;l<m;l++) {
 226              		.loc 1 58 0
 227 0104 0023     		movs	r3, #0
 228 0106 FB66     		str	r3, [r7, #108]
 229 0108 3CE1     		b	.L9
 230              	.L15:
  59:fft.h         ****       l1 = l2;
 231              		.loc 1 59 0
 232 010a BB6E     		ldr	r3, [r7, #104]
 233 010c FB62     		str	r3, [r7, #44]
  60:fft.h         ****       l2 <<= 1;
 234              		.loc 1 60 0
 235 010e BB6E     		ldr	r3, [r7, #104]
 236 0110 5B00     		lsls	r3, r3, #1
 237 0112 BB66     		str	r3, [r7, #104]
  61:fft.h         ****       u1 = 1.0; 
 238              		.loc 1 61 0
 239 0114 4FF00002 		mov	r2, #0
 240 0118 9F4B     		ldr	r3, .L18+4
 241 011a C7E91423 		strd	r2, [r7, #80]
  62:fft.h         ****       u2 = 0.0;
 242              		.loc 1 62 0
 243 011e 4FF00002 		mov	r2, #0
 244 0122 4FF00003 		mov	r3, #0
 245 0126 C7E91223 		strd	r2, [r7, #72]
  63:fft.h         ****       for (j=0;j<l1;j++) {
 246              		.loc 1 63 0
 247 012a 0023     		movs	r3, #0
 248 012c 7B67     		str	r3, [r7, #116]
 249 012e E6E0     		b	.L10
 250              	.L13:
ARM GAS  C:\Users\User\AppData\Local\Temp\ccyg5Mak.s 			page 7


  64:fft.h         ****          for (i=j;i<n;i+=l2) {
 251              		.loc 1 64 0
 252 0130 7B6F     		ldr	r3, [r7, #116]
 253 0132 BB67     		str	r3, [r7, #120]
 254 0134 A3E0     		b	.L11
 255              	.L12:
  65:fft.h         ****             i1 = i + l1;
 256              		.loc 1 65 0 discriminator 3
 257 0136 BA6F     		ldr	r2, [r7, #120]
 258 0138 FB6A     		ldr	r3, [r7, #44]
 259 013a 1344     		add	r3, r3, r2
 260 013c BB62     		str	r3, [r7, #40]
  66:fft.h         ****             t1 = u1 * x[i1] - u2 * y[i1];
 261              		.loc 1 66 0 discriminator 3
 262 013e BB6A     		ldr	r3, [r7, #40]
 263 0140 DB00     		lsls	r3, r3, #3
 264 0142 7A68     		ldr	r2, [r7, #4]
 265 0144 1344     		add	r3, r3, r2
 266 0146 D3E90023 		ldrd	r2, [r3]
 267 014a 1046     		mov	r0, r2
 268 014c 1946     		mov	r1, r3
 269 014e D7E91423 		ldrd	r2, [r7, #80]
 270 0152 FFF7FEFF 		bl	__aeabi_dmul
 271 0156 0246     		mov	r2, r0
 272 0158 0B46     		mov	r3, r1
 273 015a 1446     		mov	r4, r2
 274 015c 1D46     		mov	r5, r3
 275 015e BB6A     		ldr	r3, [r7, #40]
 276 0160 DB00     		lsls	r3, r3, #3
 277 0162 3A68     		ldr	r2, [r7]
 278 0164 1344     		add	r3, r3, r2
 279 0166 D3E90023 		ldrd	r2, [r3]
 280 016a 1046     		mov	r0, r2
 281 016c 1946     		mov	r1, r3
 282 016e D7E91223 		ldrd	r2, [r7, #72]
 283 0172 FFF7FEFF 		bl	__aeabi_dmul
 284 0176 0246     		mov	r2, r0
 285 0178 0B46     		mov	r3, r1
 286 017a 2046     		mov	r0, r4
 287 017c 2946     		mov	r1, r5
 288 017e FFF7FEFF 		bl	__aeabi_dsub
 289 0182 0246     		mov	r2, r0
 290 0184 0B46     		mov	r3, r1
 291 0186 C7E90823 		strd	r2, [r7, #32]
  67:fft.h         ****             t2 = u1 * y[i1] + u2 * x[i1];
 292              		.loc 1 67 0 discriminator 3
 293 018a BB6A     		ldr	r3, [r7, #40]
 294 018c DB00     		lsls	r3, r3, #3
 295 018e 3A68     		ldr	r2, [r7]
 296 0190 1344     		add	r3, r3, r2
 297 0192 D3E90023 		ldrd	r2, [r3]
 298 0196 1046     		mov	r0, r2
 299 0198 1946     		mov	r1, r3
 300 019a D7E91423 		ldrd	r2, [r7, #80]
 301 019e FFF7FEFF 		bl	__aeabi_dmul
 302 01a2 0246     		mov	r2, r0
 303 01a4 0B46     		mov	r3, r1
ARM GAS  C:\Users\User\AppData\Local\Temp\ccyg5Mak.s 			page 8


 304 01a6 1446     		mov	r4, r2
 305 01a8 1D46     		mov	r5, r3
 306 01aa BB6A     		ldr	r3, [r7, #40]
 307 01ac DB00     		lsls	r3, r3, #3
 308 01ae 7A68     		ldr	r2, [r7, #4]
 309 01b0 1344     		add	r3, r3, r2
 310 01b2 D3E90023 		ldrd	r2, [r3]
 311 01b6 1046     		mov	r0, r2
 312 01b8 1946     		mov	r1, r3
 313 01ba D7E91223 		ldrd	r2, [r7, #72]
 314 01be FFF7FEFF 		bl	__aeabi_dmul
 315 01c2 0246     		mov	r2, r0
 316 01c4 0B46     		mov	r3, r1
 317 01c6 2046     		mov	r0, r4
 318 01c8 2946     		mov	r1, r5
 319 01ca FFF7FEFF 		bl	__aeabi_dadd
 320 01ce 0246     		mov	r2, r0
 321 01d0 0B46     		mov	r3, r1
 322 01d2 C7E90623 		strd	r2, [r7, #24]
  68:fft.h         ****             x[i1] = x[i] - t1; 
 323              		.loc 1 68 0 discriminator 3
 324 01d6 BB6A     		ldr	r3, [r7, #40]
 325 01d8 DB00     		lsls	r3, r3, #3
 326 01da 7A68     		ldr	r2, [r7, #4]
 327 01dc D418     		adds	r4, r2, r3
 328 01de BB6F     		ldr	r3, [r7, #120]
 329 01e0 DB00     		lsls	r3, r3, #3
 330 01e2 7A68     		ldr	r2, [r7, #4]
 331 01e4 1344     		add	r3, r3, r2
 332 01e6 D3E90023 		ldrd	r2, [r3]
 333 01ea 1046     		mov	r0, r2
 334 01ec 1946     		mov	r1, r3
 335 01ee D7E90823 		ldrd	r2, [r7, #32]
 336 01f2 FFF7FEFF 		bl	__aeabi_dsub
 337 01f6 0246     		mov	r2, r0
 338 01f8 0B46     		mov	r3, r1
 339 01fa C4E90023 		strd	r2, [r4]
  69:fft.h         ****             y[i1] = y[i] - t2;
 340              		.loc 1 69 0 discriminator 3
 341 01fe BB6A     		ldr	r3, [r7, #40]
 342 0200 DB00     		lsls	r3, r3, #3
 343 0202 3A68     		ldr	r2, [r7]
 344 0204 D418     		adds	r4, r2, r3
 345 0206 BB6F     		ldr	r3, [r7, #120]
 346 0208 DB00     		lsls	r3, r3, #3
 347 020a 3A68     		ldr	r2, [r7]
 348 020c 1344     		add	r3, r3, r2
 349 020e D3E90023 		ldrd	r2, [r3]
 350 0212 1046     		mov	r0, r2
 351 0214 1946     		mov	r1, r3
 352 0216 D7E90623 		ldrd	r2, [r7, #24]
 353 021a FFF7FEFF 		bl	__aeabi_dsub
 354 021e 0246     		mov	r2, r0
 355 0220 0B46     		mov	r3, r1
 356 0222 C4E90023 		strd	r2, [r4]
  70:fft.h         ****             x[i] += t1;
 357              		.loc 1 70 0 discriminator 3
ARM GAS  C:\Users\User\AppData\Local\Temp\ccyg5Mak.s 			page 9


 358 0226 BB6F     		ldr	r3, [r7, #120]
 359 0228 DB00     		lsls	r3, r3, #3
 360 022a 7A68     		ldr	r2, [r7, #4]
 361 022c D418     		adds	r4, r2, r3
 362 022e BB6F     		ldr	r3, [r7, #120]
 363 0230 DB00     		lsls	r3, r3, #3
 364 0232 7A68     		ldr	r2, [r7, #4]
 365 0234 1344     		add	r3, r3, r2
 366 0236 D3E90023 		ldrd	r2, [r3]
 367 023a 1046     		mov	r0, r2
 368 023c 1946     		mov	r1, r3
 369 023e D7E90823 		ldrd	r2, [r7, #32]
 370 0242 FFF7FEFF 		bl	__aeabi_dadd
 371 0246 0246     		mov	r2, r0
 372 0248 0B46     		mov	r3, r1
 373 024a C4E90023 		strd	r2, [r4]
  71:fft.h         ****             y[i] += t2;
 374              		.loc 1 71 0 discriminator 3
 375 024e BB6F     		ldr	r3, [r7, #120]
 376 0250 DB00     		lsls	r3, r3, #3
 377 0252 3A68     		ldr	r2, [r7]
 378 0254 D418     		adds	r4, r2, r3
 379 0256 BB6F     		ldr	r3, [r7, #120]
 380 0258 DB00     		lsls	r3, r3, #3
 381 025a 3A68     		ldr	r2, [r7]
 382 025c 1344     		add	r3, r3, r2
 383 025e D3E90023 		ldrd	r2, [r3]
 384 0262 1046     		mov	r0, r2
 385 0264 1946     		mov	r1, r3
 386 0266 D7E90623 		ldrd	r2, [r7, #24]
 387 026a FFF7FEFF 		bl	__aeabi_dadd
 388 026e 0246     		mov	r2, r0
 389 0270 0B46     		mov	r3, r1
 390 0272 C4E90023 		strd	r2, [r4]
  64:fft.h         ****             i1 = i + l1;
 391              		.loc 1 64 0 discriminator 3
 392 0276 BA6F     		ldr	r2, [r7, #120]
 393 0278 BB6E     		ldr	r3, [r7, #104]
 394 027a 1344     		add	r3, r3, r2
 395 027c BB67     		str	r3, [r7, #120]
 396              	.L11:
  64:fft.h         ****             i1 = i + l1;
 397              		.loc 1 64 0 is_stmt 0 discriminator 1
 398 027e BA6F     		ldr	r2, [r7, #120]
 399 0280 FB6F     		ldr	r3, [r7, #124]
 400 0282 9A42     		cmp	r2, r3
 401 0284 FFF657AF 		blt	.L12
  72:fft.h         ****          }
  73:fft.h         ****          z =  u1 * c1 - u2 * c2;
 402              		.loc 1 73 0 is_stmt 1 discriminator 2
 403 0288 D7E91401 		ldrd	r0, [r7, #80]
 404 028c D7E91823 		ldrd	r2, [r7, #96]
 405 0290 FFF7FEFF 		bl	__aeabi_dmul
 406 0294 0246     		mov	r2, r0
 407 0296 0B46     		mov	r3, r1
 408 0298 1446     		mov	r4, r2
 409 029a 1D46     		mov	r5, r3
ARM GAS  C:\Users\User\AppData\Local\Temp\ccyg5Mak.s 			page 10


 410 029c D7E91201 		ldrd	r0, [r7, #72]
 411 02a0 D7E91623 		ldrd	r2, [r7, #88]
 412 02a4 FFF7FEFF 		bl	__aeabi_dmul
 413 02a8 0246     		mov	r2, r0
 414 02aa 0B46     		mov	r3, r1
 415 02ac 2046     		mov	r0, r4
 416 02ae 2946     		mov	r1, r5
 417 02b0 FFF7FEFF 		bl	__aeabi_dsub
 418 02b4 0246     		mov	r2, r0
 419 02b6 0B46     		mov	r3, r1
 420 02b8 C7E90423 		strd	r2, [r7, #16]
  74:fft.h         ****          u2 = u1 * c2 + u2 * c1;
 421              		.loc 1 74 0 discriminator 2
 422 02bc D7E91401 		ldrd	r0, [r7, #80]
 423 02c0 D7E91623 		ldrd	r2, [r7, #88]
 424 02c4 FFF7FEFF 		bl	__aeabi_dmul
 425 02c8 0246     		mov	r2, r0
 426 02ca 0B46     		mov	r3, r1
 427 02cc 1446     		mov	r4, r2
 428 02ce 1D46     		mov	r5, r3
 429 02d0 D7E91201 		ldrd	r0, [r7, #72]
 430 02d4 D7E91823 		ldrd	r2, [r7, #96]
 431 02d8 FFF7FEFF 		bl	__aeabi_dmul
 432 02dc 0246     		mov	r2, r0
 433 02de 0B46     		mov	r3, r1
 434 02e0 2046     		mov	r0, r4
 435 02e2 2946     		mov	r1, r5
 436 02e4 FFF7FEFF 		bl	__aeabi_dadd
 437 02e8 0246     		mov	r2, r0
 438 02ea 0B46     		mov	r3, r1
 439 02ec C7E91223 		strd	r2, [r7, #72]
  75:fft.h         ****          u1 = z;
 440              		.loc 1 75 0 discriminator 2
 441 02f0 D7E90423 		ldrd	r2, [r7, #16]
 442 02f4 C7E91423 		strd	r2, [r7, #80]
  63:fft.h         ****          for (i=j;i<n;i+=l2) {
 443              		.loc 1 63 0 discriminator 2
 444 02f8 7B6F     		ldr	r3, [r7, #116]
 445 02fa 0133     		adds	r3, r3, #1
 446 02fc 7B67     		str	r3, [r7, #116]
 447              	.L10:
  63:fft.h         ****          for (i=j;i<n;i+=l2) {
 448              		.loc 1 63 0 is_stmt 0 discriminator 1
 449 02fe 7A6F     		ldr	r2, [r7, #116]
 450 0300 FB6A     		ldr	r3, [r7, #44]
 451 0302 9A42     		cmp	r2, r3
 452 0304 FFF614AF 		blt	.L13
  76:fft.h         ****       }
  77:fft.h         ****       c2 = sqrt((1.0 - c1) / 2.0);
 453              		.loc 1 77 0 is_stmt 1
 454 0308 4FF00000 		mov	r0, #0
 455 030c 2249     		ldr	r1, .L18+4
 456 030e D7E91823 		ldrd	r2, [r7, #96]
 457 0312 FFF7FEFF 		bl	__aeabi_dsub
 458 0316 0246     		mov	r2, r0
 459 0318 0B46     		mov	r3, r1
 460 031a 1046     		mov	r0, r2
ARM GAS  C:\Users\User\AppData\Local\Temp\ccyg5Mak.s 			page 11


 461 031c 1946     		mov	r1, r3
 462 031e 4FF00002 		mov	r2, #0
 463 0322 4FF08043 		mov	r3, #1073741824
 464 0326 FFF7FEFF 		bl	__aeabi_ddiv
 465 032a 0246     		mov	r2, r0
 466 032c 0B46     		mov	r3, r1
 467 032e 1046     		mov	r0, r2
 468 0330 1946     		mov	r1, r3
 469 0332 FFF7FEFF 		bl	sqrt
 470 0336 C7E91601 		strd	r0, [r7, #88]
  78:fft.h         ****       if (dir == 1) 
 471              		.loc 1 78 0
 472 033a FB68     		ldr	r3, [r7, #12]
 473 033c 012B     		cmp	r3, #1
 474 033e 05D1     		bne	.L14
  79:fft.h         ****          c2 = -c2;
 475              		.loc 1 79 0
 476 0340 BB6D     		ldr	r3, [r7, #88]
 477 0342 BB65     		str	r3, [r7, #88]
 478 0344 FB6D     		ldr	r3, [r7, #92]
 479 0346 83F00043 		eor	r3, r3, #-2147483648
 480 034a FB65     		str	r3, [r7, #92]
 481              	.L14:
  80:fft.h         ****       c1 = sqrt((1.0 + c1) / 2.0);
 482              		.loc 1 80 0 discriminator 2
 483 034c D7E91801 		ldrd	r0, [r7, #96]
 484 0350 4FF00002 		mov	r2, #0
 485 0354 104B     		ldr	r3, .L18+4
 486 0356 FFF7FEFF 		bl	__aeabi_dadd
 487 035a 0246     		mov	r2, r0
 488 035c 0B46     		mov	r3, r1
 489 035e 1046     		mov	r0, r2
 490 0360 1946     		mov	r1, r3
 491 0362 4FF00002 		mov	r2, #0
 492 0366 4FF08043 		mov	r3, #1073741824
 493 036a FFF7FEFF 		bl	__aeabi_ddiv
 494 036e 0246     		mov	r2, r0
 495 0370 0B46     		mov	r3, r1
 496 0372 1046     		mov	r0, r2
 497 0374 1946     		mov	r1, r3
 498 0376 FFF7FEFF 		bl	sqrt
 499 037a C7E91801 		strd	r0, [r7, #96]
  58:fft.h         ****       l1 = l2;
 500              		.loc 1 58 0 discriminator 2
 501 037e FB6E     		ldr	r3, [r7, #108]
 502 0380 0133     		adds	r3, r3, #1
 503 0382 FB66     		str	r3, [r7, #108]
 504              	.L9:
  58:fft.h         ****       l1 = l2;
 505              		.loc 1 58 0 is_stmt 0 discriminator 1
 506 0384 FA6E     		ldr	r2, [r7, #108]
 507 0386 BB68     		ldr	r3, [r7, #8]
 508 0388 9A42     		cmp	r2, r3
 509 038a FFF6BEAE 		blt	.L15
  81:fft.h         ****    }
  82:fft.h         **** 
  83:fft.h         ****    /* Scaling factor for forward transform */
ARM GAS  C:\Users\User\AppData\Local\Temp\ccyg5Mak.s 			page 12


  84:fft.h         **** //   if (dir == 1) {
  85:fft.h         **** //      for (i=0;i<n;i++) {
  86:fft.h         **** //         x[i] /= n;
  87:fft.h         **** //         y[i] /= n;
  88:fft.h         **** //      }
  89:fft.h         **** //   }
  90:fft.h         ****    
  91:fft.h         ****    for(i=0;i<N_points;i++)
 510              		.loc 1 91 0 is_stmt 1
 511 038e 0023     		movs	r3, #0
 512 0390 BB67     		str	r3, [r7, #120]
 513 0392 4AE0     		b	.L16
 514              	.L19:
 515              		.align	2
 516              	.L18:
 517 0394 0000F0BF 		.word	-1074790400
 518 0398 0000F03F 		.word	1072693248
 519              	.L17:
  92:fft.h         ****    {
  93:fft.h         ****     /* Absolute value */
  94:fft.h         ****    u[i]=2*sqrt((x[i]*x[i])+(y[i]*y[i]))/N_points;  
 520              		.loc 1 94 0 discriminator 3
 521 039c BB6F     		ldr	r3, [r7, #120]
 522 039e DB00     		lsls	r3, r3, #3
 523 03a0 D7F89820 		ldr	r2, [r7, #152]
 524 03a4 D418     		adds	r4, r2, r3
 525 03a6 BB6F     		ldr	r3, [r7, #120]
 526 03a8 DB00     		lsls	r3, r3, #3
 527 03aa 7A68     		ldr	r2, [r7, #4]
 528 03ac 1344     		add	r3, r3, r2
 529 03ae D3E90001 		ldrd	r0, [r3]
 530 03b2 BB6F     		ldr	r3, [r7, #120]
 531 03b4 DB00     		lsls	r3, r3, #3
 532 03b6 7A68     		ldr	r2, [r7, #4]
 533 03b8 1344     		add	r3, r3, r2
 534 03ba D3E90023 		ldrd	r2, [r3]
 535 03be FFF7FEFF 		bl	__aeabi_dmul
 536 03c2 0246     		mov	r2, r0
 537 03c4 0B46     		mov	r3, r1
 538 03c6 9046     		mov	r8, r2
 539 03c8 9946     		mov	r9, r3
 540 03ca BB6F     		ldr	r3, [r7, #120]
 541 03cc DB00     		lsls	r3, r3, #3
 542 03ce 3A68     		ldr	r2, [r7]
 543 03d0 1344     		add	r3, r3, r2
 544 03d2 D3E90001 		ldrd	r0, [r3]
 545 03d6 BB6F     		ldr	r3, [r7, #120]
 546 03d8 DB00     		lsls	r3, r3, #3
 547 03da 3A68     		ldr	r2, [r7]
 548 03dc 1344     		add	r3, r3, r2
 549 03de D3E90023 		ldrd	r2, [r3]
 550 03e2 FFF7FEFF 		bl	__aeabi_dmul
 551 03e6 0246     		mov	r2, r0
 552 03e8 0B46     		mov	r3, r1
 553 03ea 4046     		mov	r0, r8
 554 03ec 4946     		mov	r1, r9
 555 03ee FFF7FEFF 		bl	__aeabi_dadd
ARM GAS  C:\Users\User\AppData\Local\Temp\ccyg5Mak.s 			page 13


 556 03f2 0246     		mov	r2, r0
 557 03f4 0B46     		mov	r3, r1
 558 03f6 1046     		mov	r0, r2
 559 03f8 1946     		mov	r1, r3
 560 03fa FFF7FEFF 		bl	sqrt
 561 03fe 0246     		mov	r2, r0
 562 0400 0B46     		mov	r3, r1
 563 0402 1046     		mov	r0, r2
 564 0404 1946     		mov	r1, r3
 565 0406 FFF7FEFF 		bl	__aeabi_dadd
 566 040a 0246     		mov	r2, r0
 567 040c 0B46     		mov	r3, r1
 568 040e 1046     		mov	r0, r2
 569 0410 1946     		mov	r1, r3
 570 0412 4FF00002 		mov	r2, #0
 571 0416 084B     		ldr	r3, .L20
 572 0418 FFF7FEFF 		bl	__aeabi_ddiv
 573 041c 0246     		mov	r2, r0
 574 041e 0B46     		mov	r3, r1
 575 0420 C4E90023 		strd	r2, [r4]
  91:fft.h         ****    {
 576              		.loc 1 91 0 discriminator 3
 577 0424 BB6F     		ldr	r3, [r7, #120]
 578 0426 0133     		adds	r3, r3, #1
 579 0428 BB67     		str	r3, [r7, #120]
 580              	.L16:
  91:fft.h         ****    {
 581              		.loc 1 91 0 is_stmt 0 discriminator 1
 582 042a BB6F     		ldr	r3, [r7, #120]
 583 042c 7F2B     		cmp	r3, #127
 584 042e B5DD     		ble	.L17
  95:fft.h         ****    }
  96:fft.h         **** }
 585              		.loc 1 96 0 is_stmt 1
 586 0430 8037     		adds	r7, r7, #128
 587              		.cfi_def_cfa_offset 24
 588 0432 BD46     		mov	sp, r7
 589              		.cfi_def_cfa_register 13
 590              		@ sp needed
 591 0434 BDE8B083 		pop	{r4, r5, r7, r8, r9, pc}
 592              	.L21:
 593              		.align	2
 594              	.L20:
 595 0438 00006040 		.word	1080033280
 596              		.cfi_endproc
 597              	.LFE63:
 598              		.size	FFT, .-FFT
 599              		.section	.text.calculate_50Hz_Amp,"ax",%progbits
 600              		.align	2
 601              		.global	calculate_50Hz_Amp
 602              		.thumb
 603              		.thumb_func
 604              		.type	calculate_50Hz_Amp, %function
 605              	calculate_50Hz_Amp:
 606              	.LFB64:
  97:fft.h         **** 
  98:fft.h         **** double calculate_50Hz_Amp(double *u)
ARM GAS  C:\Users\User\AppData\Local\Temp\ccyg5Mak.s 			page 14


  99:fft.h         **** {
 607              		.loc 1 99 0
 608              		.cfi_startproc
 609              		@ args = 0, pretend = 0, frame = 8
 610              		@ frame_needed = 1, uses_anonymous_args = 0
 611              		@ link register save eliminated.
 612 0000 80B4     		push	{r7}
 613              		.cfi_def_cfa_offset 4
 614              		.cfi_offset 7, -4
 615 0002 83B0     		sub	sp, sp, #12
 616              		.cfi_def_cfa_offset 16
 617 0004 00AF     		add	r7, sp, #0
 618              		.cfi_def_cfa_register 7
 619 0006 7860     		str	r0, [r7, #4]
 100:fft.h         **** //    double fsample = 1067;  
 101:fft.h         **** //    double delta_f_bin = fsample/N_points;
 102:fft.h         **** //    int bin_number = frekvens/delta_f_bin;
 103:fft.h         ****     
 104:fft.h         ****     return u[5];
 620              		.loc 1 104 0
 621 0008 7B68     		ldr	r3, [r7, #4]
 622 000a D3E90A23 		ldrd	r2, [r3, #40]
 105:fft.h         ****     
 106:fft.h         ****     
 107:fft.h         **** }
 623              		.loc 1 107 0
 624 000e 1046     		mov	r0, r2
 625 0010 1946     		mov	r1, r3
 626 0012 0C37     		adds	r7, r7, #12
 627              		.cfi_def_cfa_offset 4
 628 0014 BD46     		mov	sp, r7
 629              		.cfi_def_cfa_register 13
 630              		@ sp needed
 631 0016 5DF8047B 		ldr	r7, [sp], #4
 632              		.cfi_restore 7
 633              		.cfi_def_cfa_offset 0
 634 001a 7047     		bx	lr
 635              		.cfi_endproc
 636              	.LFE64:
 637              		.size	calculate_50Hz_Amp, .-calculate_50Hz_Amp
 638              		.section	.text.calculate_50Hz_RMS,"ax",%progbits
 639              		.align	2
 640              		.global	calculate_50Hz_RMS
 641              		.thumb
 642              		.thumb_func
 643              		.type	calculate_50Hz_RMS, %function
 644              	calculate_50Hz_RMS:
 645              	.LFB65:
 108:fft.h         **** 
 109:fft.h         **** double calculate_50Hz_RMS(double *u)
 110:fft.h         **** {
 646              		.loc 1 110 0
 647              		.cfi_startproc
 648              		@ args = 0, pretend = 0, frame = 8
 649              		@ frame_needed = 1, uses_anonymous_args = 0
 650 0000 80B5     		push	{r7, lr}
 651              		.cfi_def_cfa_offset 8
ARM GAS  C:\Users\User\AppData\Local\Temp\ccyg5Mak.s 			page 15


 652              		.cfi_offset 7, -8
 653              		.cfi_offset 14, -4
 654 0002 82B0     		sub	sp, sp, #8
 655              		.cfi_def_cfa_offset 16
 656 0004 00AF     		add	r7, sp, #0
 657              		.cfi_def_cfa_register 7
 658 0006 7860     		str	r0, [r7, #4]
 111:fft.h         ****     return u[5]/sqrt(2);  
 659              		.loc 1 111 0
 660 0008 7B68     		ldr	r3, [r7, #4]
 661 000a 2833     		adds	r3, r3, #40
 662 000c D3E90023 		ldrd	r2, [r3]
 663 0010 1046     		mov	r0, r2
 664 0012 1946     		mov	r1, r3
 665 0014 06A3     		adr	r3, .L26
 666 0016 D3E90023 		ldrd	r2, [r3]
 667 001a FFF7FEFF 		bl	__aeabi_ddiv
 668 001e 0246     		mov	r2, r0
 669 0020 0B46     		mov	r3, r1
 112:fft.h         **** }
 670              		.loc 1 112 0
 671 0022 1046     		mov	r0, r2
 672 0024 1946     		mov	r1, r3
 673 0026 0837     		adds	r7, r7, #8
 674              		.cfi_def_cfa_offset 8
 675 0028 BD46     		mov	sp, r7
 676              		.cfi_def_cfa_register 13
 677              		@ sp needed
 678 002a 80BD     		pop	{r7, pc}
 679              	.L27:
 680 002c AFF30080 		.align	3
 681              	.L26:
 682 0030 CD3B7F66 		.word	1719614413
 683 0034 9EA0F63F 		.word	1073127582
 684              		.cfi_endproc
 685              	.LFE65:
 686              		.size	calculate_50Hz_RMS, .-calculate_50Hz_RMS
 687              		.section	.text.calculate_50Hz_PF,"ax",%progbits
 688              		.align	2
 689              		.global	calculate_50Hz_PF
 690              		.thumb
 691              		.thumb_func
 692              		.type	calculate_50Hz_PF, %function
 693              	calculate_50Hz_PF:
 694              	.LFB66:
 113:fft.h         **** 
 114:fft.h         **** double calculate_50Hz_PF()
 115:fft.h         **** {
 695              		.loc 1 115 0
 696              		.cfi_startproc
 697              		@ args = 0, pretend = 0, frame = 16
 698              		@ frame_needed = 1, uses_anonymous_args = 0
 699 0000 80B5     		push	{r7, lr}
 700              		.cfi_def_cfa_offset 8
 701              		.cfi_offset 7, -8
 702              		.cfi_offset 14, -4
 703 0002 84B0     		sub	sp, sp, #16
ARM GAS  C:\Users\User\AppData\Local\Temp\ccyg5Mak.s 			page 16


 704              		.cfi_def_cfa_offset 24
 705 0004 00AF     		add	r7, sp, #0
 706              		.cfi_def_cfa_register 7
 116:fft.h         ****     double angle_Volt = atan(Im_volt[5]/Re_volt[5]);
 707              		.loc 1 116 0
 708 0006 1E4B     		ldr	r3, .L30+8
 709 0008 D3E90A01 		ldrd	r0, [r3, #40]
 710 000c 1D4B     		ldr	r3, .L30+12
 711 000e D3E90A23 		ldrd	r2, [r3, #40]
 712 0012 FFF7FEFF 		bl	__aeabi_ddiv
 713 0016 0246     		mov	r2, r0
 714 0018 0B46     		mov	r3, r1
 715 001a 1046     		mov	r0, r2
 716 001c 1946     		mov	r1, r3
 717 001e FFF7FEFF 		bl	atan
 718 0022 C7E90201 		strd	r0, [r7, #8]
 117:fft.h         ****     double angle_Ampere = atan(Im_Ampere[5]/Re_Ampere[5]);
 719              		.loc 1 117 0
 720 0026 184B     		ldr	r3, .L30+16
 721 0028 D3E90A01 		ldrd	r0, [r3, #40]
 722 002c 174B     		ldr	r3, .L30+20
 723 002e D3E90A23 		ldrd	r2, [r3, #40]
 724 0032 FFF7FEFF 		bl	__aeabi_ddiv
 725 0036 0246     		mov	r2, r0
 726 0038 0B46     		mov	r3, r1
 727 003a 1046     		mov	r0, r2
 728 003c 1946     		mov	r1, r3
 729 003e FFF7FEFF 		bl	atan
 730 0042 C7E90001 		strd	r0, [r7]
 118:fft.h         ****     
 119:fft.h         ****     return (angle_Volt - angle_Ampere)*(180/pi);
 731              		.loc 1 119 0
 732 0046 D7E90201 		ldrd	r0, [r7, #8]
 733 004a D7E90023 		ldrd	r2, [r7]
 734 004e FFF7FEFF 		bl	__aeabi_dsub
 735 0052 0246     		mov	r2, r0
 736 0054 0B46     		mov	r3, r1
 737 0056 1046     		mov	r0, r2
 738 0058 1946     		mov	r1, r3
 739 005a 07A3     		adr	r3, .L30
 740 005c D3E90023 		ldrd	r2, [r3]
 741 0060 FFF7FEFF 		bl	__aeabi_dmul
 742 0064 0246     		mov	r2, r0
 743 0066 0B46     		mov	r3, r1
 120:fft.h         ****     
 121:fft.h         **** }
 744              		.loc 1 121 0
 745 0068 1046     		mov	r0, r2
 746 006a 1946     		mov	r1, r3
 747 006c 1037     		adds	r7, r7, #16
 748              		.cfi_def_cfa_offset 8
 749 006e BD46     		mov	sp, r7
 750              		.cfi_def_cfa_register 13
 751              		@ sp needed
 752 0070 80BD     		pop	{r7, pc}
 753              	.L31:
 754 0072 00BFAFF3 		.align	3
ARM GAS  C:\Users\User\AppData\Local\Temp\ccyg5Mak.s 			page 17


 754      0080
 755              	.L30:
 756 0078 E5BF631A 		.word	442744805
 757 007c DCA54C40 		.word	1078765020
 758 0080 00000000 		.word	Im_volt
 759 0084 00000000 		.word	Re_volt
 760 0088 00000000 		.word	Im_Ampere
 761 008c 00000000 		.word	Re_Ampere
 762              		.cfi_endproc
 763              	.LFE66:
 764              		.size	calculate_50Hz_PF, .-calculate_50Hz_PF
 765              		.section	.rodata
 766              		.align	3
 767              	.LC0:
 768 0000 00000000 		.word	0
 769 0004 00F8AA40 		.word	1084946432
 770 0008 00000000 		.word	0
 771 000c 00F6AB40 		.word	1085011456
 772 0010 00000000 		.word	0
 773 0014 001EAC40 		.word	1085021696
 774 0018 00000000 		.word	0
 775 001c 006AAB40 		.word	1084975616
 776 0020 00000000 		.word	0
 777 0024 00EEA940 		.word	1084878336
 778 0028 00000000 		.word	0
 779 002c 00D0A740 		.word	1084739584
 780 0030 00000000 		.word	0
 781 0034 004CA540 		.word	1084574720
 782 0038 00000000 		.word	0
 783 003c 00A4A240 		.word	1084400640
 784 0040 00000000 		.word	0
 785 0044 001EA040 		.word	1084235264
 786 0048 00000000 		.word	0
 787 004c 00009C40 		.word	1083965440
 788 0050 00000000 		.word	0
 789 0054 00009940 		.word	1083768832
 790 0058 00000000 		.word	0
 791 005c 00989740 		.word	1083676672
 792 0060 00000000 		.word	0
 793 0064 00E09740 		.word	1083695104
 794 0068 00000000 		.word	0
 795 006c 00D89940 		.word	1083824128
 796 0070 00000000 		.word	0
 797 0074 004C9D40 		.word	1084050432
 798 0078 00000000 		.word	0
 799 007c 00F0A040 		.word	1084289024
 800 0080 00000000 		.word	0
 801 0084 0088A340 		.word	1084459008
 802 0088 00000000 		.word	0
 803 008c 002CA640 		.word	1084632064
 804 0090 00000000 		.word	0
 805 0094 0096A840 		.word	1084790272
 806 0098 00000000 		.word	0
 807 009c 0082AA40 		.word	1084916224
 808 00a0 00000000 		.word	0
 809 00a4 00F8AA40 		.word	1084946432
 810 00a8 00000000 		.word	0
ARM GAS  C:\Users\User\AppData\Local\Temp\ccyg5Mak.s 			page 18


 811 00ac 00F6AB40 		.word	1085011456
 812 00b0 00000000 		.word	0
 813 00b4 001EAC40 		.word	1085021696
 814 00b8 00000000 		.word	0
 815 00bc 006AAB40 		.word	1084975616
 816 00c0 00000000 		.word	0
 817 00c4 00EEA940 		.word	1084878336
 818 00c8 00000000 		.word	0
 819 00cc 00D0A740 		.word	1084739584
 820 00d0 00000000 		.word	0
 821 00d4 004CA540 		.word	1084574720
 822 00d8 00000000 		.word	0
 823 00dc 00A4A240 		.word	1084400640
 824 00e0 00000000 		.word	0
 825 00e4 001EA040 		.word	1084235264
 826 00e8 00000000 		.word	0
 827 00ec 00009C40 		.word	1083965440
 828 00f0 00000000 		.word	0
 829 00f4 00009940 		.word	1083768832
 830 00f8 00000000 		.word	0
 831 00fc 00989740 		.word	1083676672
 832 0100 00000000 		.word	0
 833 0104 00E09740 		.word	1083695104
 834 0108 00000000 		.word	0
 835 010c 00D89940 		.word	1083824128
 836 0110 00000000 		.word	0
 837 0114 004C9D40 		.word	1084050432
 838 0118 00000000 		.word	0
 839 011c 00F0A040 		.word	1084289024
 840 0120 00000000 		.word	0
 841 0124 0088A340 		.word	1084459008
 842 0128 00000000 		.word	0
 843 012c 002CA640 		.word	1084632064
 844 0130 00000000 		.word	0
 845 0134 0096A840 		.word	1084790272
 846 0138 00000000 		.word	0
 847 013c 0082AA40 		.word	1084916224
 848 0140 00000000 		.word	0
 849 0144 00F8AA40 		.word	1084946432
 850 0148 00000000 		.word	0
 851 014c 00F6AB40 		.word	1085011456
 852 0150 00000000 		.word	0
 853 0154 001EAC40 		.word	1085021696
 854 0158 00000000 		.word	0
 855 015c 006AAB40 		.word	1084975616
 856 0160 00000000 		.word	0
 857 0164 00EEA940 		.word	1084878336
 858 0168 00000000 		.word	0
 859 016c 00D0A740 		.word	1084739584
 860 0170 00000000 		.word	0
 861 0174 004CA540 		.word	1084574720
 862 0178 00000000 		.word	0
 863 017c 00A4A240 		.word	1084400640
 864 0180 00000000 		.word	0
 865 0184 001EA040 		.word	1084235264
 866 0188 00000000 		.word	0
 867 018c 00009C40 		.word	1083965440
ARM GAS  C:\Users\User\AppData\Local\Temp\ccyg5Mak.s 			page 19


 868 0190 00000000 		.word	0
 869 0194 00009940 		.word	1083768832
 870 0198 00000000 		.word	0
 871 019c 00989740 		.word	1083676672
 872 01a0 00000000 		.word	0
 873 01a4 00E09740 		.word	1083695104
 874 01a8 00000000 		.word	0
 875 01ac 00D89940 		.word	1083824128
 876 01b0 00000000 		.word	0
 877 01b4 004C9D40 		.word	1084050432
 878 01b8 00000000 		.word	0
 879 01bc 00F0A040 		.word	1084289024
 880 01c0 00000000 		.word	0
 881 01c4 0088A340 		.word	1084459008
 882 01c8 00000000 		.word	0
 883 01cc 002CA640 		.word	1084632064
 884 01d0 00000000 		.word	0
 885 01d4 0096A840 		.word	1084790272
 886 01d8 00000000 		.word	0
 887 01dc 0082AA40 		.word	1084916224
 888 01e0 00000000 		.word	0
 889 01e4 00F8AA40 		.word	1084946432
 890 01e8 00000000 		.word	0
 891 01ec 00F6AB40 		.word	1085011456
 892 01f0 00000000 		.word	0
 893 01f4 001EAC40 		.word	1085021696
 894 01f8 00000000 		.word	0
 895 01fc 006AAB40 		.word	1084975616
 896 0200 00000000 		.word	0
 897 0204 00EEA940 		.word	1084878336
 898 0208 00000000 		.word	0
 899 020c 00D0A740 		.word	1084739584
 900 0210 00000000 		.word	0
 901 0214 004CA540 		.word	1084574720
 902 0218 00000000 		.word	0
 903 021c 00A4A240 		.word	1084400640
 904 0220 00000000 		.word	0
 905 0224 001EA040 		.word	1084235264
 906 0228 00000000 		.word	0
 907 022c 00009C40 		.word	1083965440
 908 0230 00000000 		.word	0
 909 0234 00009940 		.word	1083768832
 910 0238 00000000 		.word	0
 911 023c 00989740 		.word	1083676672
 912 0240 00000000 		.word	0
 913 0244 00E09740 		.word	1083695104
 914 0248 00000000 		.word	0
 915 024c 00D89940 		.word	1083824128
 916 0250 00000000 		.word	0
 917 0254 004C9D40 		.word	1084050432
 918 0258 00000000 		.word	0
 919 025c 00F0A040 		.word	1084289024
 920 0260 00000000 		.word	0
 921 0264 0088A340 		.word	1084459008
 922 0268 00000000 		.word	0
 923 026c 002CA640 		.word	1084632064
 924 0270 00000000 		.word	0
ARM GAS  C:\Users\User\AppData\Local\Temp\ccyg5Mak.s 			page 20


 925 0274 0096A840 		.word	1084790272
 926 0278 00000000 		.word	0
 927 027c 0082AA40 		.word	1084916224
 928 0280 00000000 		.word	0
 929 0284 00F8AA40 		.word	1084946432
 930 0288 00000000 		.word	0
 931 028c 00F6AB40 		.word	1085011456
 932 0290 00000000 		.word	0
 933 0294 001EAC40 		.word	1085021696
 934 0298 00000000 		.word	0
 935 029c 006AAB40 		.word	1084975616
 936 02a0 00000000 		.word	0
 937 02a4 00EEA940 		.word	1084878336
 938 02a8 00000000 		.word	0
 939 02ac 00D0A740 		.word	1084739584
 940 02b0 00000000 		.word	0
 941 02b4 004CA540 		.word	1084574720
 942 02b8 00000000 		.word	0
 943 02bc 00A4A240 		.word	1084400640
 944 02c0 00000000 		.word	0
 945 02c4 001EA040 		.word	1084235264
 946 02c8 00000000 		.word	0
 947 02cc 00009C40 		.word	1083965440
 948 02d0 00000000 		.word	0
 949 02d4 00009940 		.word	1083768832
 950 02d8 00000000 		.word	0
 951 02dc 00989740 		.word	1083676672
 952 02e0 00000000 		.word	0
 953 02e4 00E09740 		.word	1083695104
 954 02e8 00000000 		.word	0
 955 02ec 00D89940 		.word	1083824128
 956 02f0 00000000 		.word	0
 957 02f4 004C9D40 		.word	1084050432
 958 02f8 00000000 		.word	0
 959 02fc 00F0A040 		.word	1084289024
 960 0300 00000000 		.word	0
 961 0304 0088A340 		.word	1084459008
 962 0308 00000000 		.word	0
 963 030c 002CA640 		.word	1084632064
 964 0310 00000000 		.word	0
 965 0314 0096A840 		.word	1084790272
 966 0318 00000000 		.word	0
 967 031c 0082AA40 		.word	1084916224
 968 0320 00000000 		.word	0
 969 0324 00F8AA40 		.word	1084946432
 970 0328 00000000 		.word	0
 971 032c 00F6AB40 		.word	1085011456
 972 0330 00000000 		.word	0
 973 0334 001EAC40 		.word	1085021696
 974 0338 00000000 		.word	0
 975 033c 006AAB40 		.word	1084975616
 976 0340 00000000 		.word	0
 977 0344 00EEA940 		.word	1084878336
 978 0348 00000000 		.word	0
 979 034c 00D0A740 		.word	1084739584
 980 0350 00000000 		.word	0
 981 0354 004CA540 		.word	1084574720
ARM GAS  C:\Users\User\AppData\Local\Temp\ccyg5Mak.s 			page 21


 982 0358 00000000 		.word	0
 983 035c 00A4A240 		.word	1084400640
 984 0360 00000000 		.word	0
 985 0364 001EA040 		.word	1084235264
 986 0368 00000000 		.word	0
 987 036c 00009C40 		.word	1083965440
 988 0370 00000000 		.word	0
 989 0374 00009940 		.word	1083768832
 990 0378 00000000 		.word	0
 991 037c 00989740 		.word	1083676672
 992 0380 00000000 		.word	0
 993 0384 00E09740 		.word	1083695104
 994 0388 00000000 		.word	0
 995 038c 00D89940 		.word	1083824128
 996 0390 00000000 		.word	0
 997 0394 004C9D40 		.word	1084050432
 998 0398 00000000 		.word	0
 999 039c 00F0A040 		.word	1084289024
 1000 03a0 00000000 		.word	0
 1001 03a4 0088A340 		.word	1084459008
 1002 03a8 00000000 		.word	0
 1003 03ac 002CA640 		.word	1084632064
 1004 03b0 00000000 		.word	0
 1005 03b4 0096A840 		.word	1084790272
 1006 03b8 00000000 		.word	0
 1007 03bc 0082AA40 		.word	1084916224
 1008 03c0 00000000 		.word	0
 1009 03c4 00F8AA40 		.word	1084946432
 1010 03c8 00000000 		.word	0
 1011 03cc 00F6AB40 		.word	1085011456
 1012 03d0 00000000 		.word	0
 1013 03d4 001EAC40 		.word	1085021696
 1014 03d8 00000000 		.word	0
 1015 03dc 006AAB40 		.word	1084975616
 1016 03e0 00000000 		.word	0
 1017 03e4 00EEA940 		.word	1084878336
 1018 03e8 00000000 		.word	0
 1019 03ec 00D0A740 		.word	1084739584
 1020 03f0 00000000 		.word	0
 1021 03f4 004CA540 		.word	1084574720
 1022 03f8 00000000 		.word	0
 1023 03fc 00A4A240 		.word	1084400640
 1024              		.align	3
 1025              	.LC1:
 1026 0400 00000000 		.word	0
 1027 0404 00A4A240 		.word	1084400640
 1028 0408 00000000 		.word	0
 1029 040c 001EA040 		.word	1084235264
 1030 0410 00000000 		.word	0
 1031 0414 00009C40 		.word	1083965440
 1032 0418 00000000 		.word	0
 1033 041c 00009940 		.word	1083768832
 1034 0420 00000000 		.word	0
 1035 0424 00989740 		.word	1083676672
 1036 0428 00000000 		.word	0
 1037 042c 00E09740 		.word	1083695104
 1038 0430 00000000 		.word	0
ARM GAS  C:\Users\User\AppData\Local\Temp\ccyg5Mak.s 			page 22


 1039 0434 00D89940 		.word	1083824128
 1040 0438 00000000 		.word	0
 1041 043c 004C9D40 		.word	1084050432
 1042 0440 00000000 		.word	0
 1043 0444 00F0A040 		.word	1084289024
 1044 0448 00000000 		.word	0
 1045 044c 0088A340 		.word	1084459008
 1046 0450 00000000 		.word	0
 1047 0454 002CA640 		.word	1084632064
 1048 0458 00000000 		.word	0
 1049 045c 0096A840 		.word	1084790272
 1050 0460 00000000 		.word	0
 1051 0464 0082AA40 		.word	1084916224
 1052 0468 00000000 		.word	0
 1053 046c 00F8AA40 		.word	1084946432
 1054 0470 00000000 		.word	0
 1055 0474 00F6AB40 		.word	1085011456
 1056 0478 00000000 		.word	0
 1057 047c 001EAC40 		.word	1085021696
 1058 0480 00000000 		.word	0
 1059 0484 006AAB40 		.word	1084975616
 1060 0488 00000000 		.word	0
 1061 048c 00EEA940 		.word	1084878336
 1062 0490 00000000 		.word	0
 1063 0494 00D0A740 		.word	1084739584
 1064 0498 00000000 		.word	0
 1065 049c 004CA540 		.word	1084574720
 1066 04a0 00000000 		.word	0
 1067 04a4 00A4A240 		.word	1084400640
 1068 04a8 00000000 		.word	0
 1069 04ac 001EA040 		.word	1084235264
 1070 04b0 00000000 		.word	0
 1071 04b4 00009C40 		.word	1083965440
 1072 04b8 00000000 		.word	0
 1073 04bc 00009940 		.word	1083768832
 1074 04c0 00000000 		.word	0
 1075 04c4 00989740 		.word	1083676672
 1076 04c8 00000000 		.word	0
 1077 04cc 00E09740 		.word	1083695104
 1078 04d0 00000000 		.word	0
 1079 04d4 00D89940 		.word	1083824128
 1080 04d8 00000000 		.word	0
 1081 04dc 004C9D40 		.word	1084050432
 1082 04e0 00000000 		.word	0
 1083 04e4 00F0A040 		.word	1084289024
 1084 04e8 00000000 		.word	0
 1085 04ec 0088A340 		.word	1084459008
 1086 04f0 00000000 		.word	0
 1087 04f4 002CA640 		.word	1084632064
 1088 04f8 00000000 		.word	0
 1089 04fc 0096A840 		.word	1084790272
 1090 0500 00000000 		.word	0
 1091 0504 0082AA40 		.word	1084916224
 1092 0508 00000000 		.word	0
 1093 050c 00F8AA40 		.word	1084946432
 1094 0510 00000000 		.word	0
 1095 0514 00F6AB40 		.word	1085011456
ARM GAS  C:\Users\User\AppData\Local\Temp\ccyg5Mak.s 			page 23


 1096 0518 00000000 		.word	0
 1097 051c 001EAC40 		.word	1085021696
 1098 0520 00000000 		.word	0
 1099 0524 006AAB40 		.word	1084975616
 1100 0528 00000000 		.word	0
 1101 052c 00EEA940 		.word	1084878336
 1102 0530 00000000 		.word	0
 1103 0534 00D0A740 		.word	1084739584
 1104 0538 00000000 		.word	0
 1105 053c 004CA540 		.word	1084574720
 1106 0540 00000000 		.word	0
 1107 0544 00A4A240 		.word	1084400640
 1108 0548 00000000 		.word	0
 1109 054c 001EA040 		.word	1084235264
 1110 0550 00000000 		.word	0
 1111 0554 00009C40 		.word	1083965440
 1112 0558 00000000 		.word	0
 1113 055c 00009940 		.word	1083768832
 1114 0560 00000000 		.word	0
 1115 0564 00989740 		.word	1083676672
 1116 0568 00000000 		.word	0
 1117 056c 00E09740 		.word	1083695104
 1118 0570 00000000 		.word	0
 1119 0574 00D89940 		.word	1083824128
 1120 0578 00000000 		.word	0
 1121 057c 004C9D40 		.word	1084050432
 1122 0580 00000000 		.word	0
 1123 0584 00F0A040 		.word	1084289024
 1124 0588 00000000 		.word	0
 1125 058c 0088A340 		.word	1084459008
 1126 0590 00000000 		.word	0
 1127 0594 002CA640 		.word	1084632064
 1128 0598 00000000 		.word	0
 1129 059c 0096A840 		.word	1084790272
 1130 05a0 00000000 		.word	0
 1131 05a4 0082AA40 		.word	1084916224
 1132 05a8 00000000 		.word	0
 1133 05ac 00F8AA40 		.word	1084946432
 1134 05b0 00000000 		.word	0
 1135 05b4 00F6AB40 		.word	1085011456
 1136 05b8 00000000 		.word	0
 1137 05bc 001EAC40 		.word	1085021696
 1138 05c0 00000000 		.word	0
 1139 05c4 006AAB40 		.word	1084975616
 1140 05c8 00000000 		.word	0
 1141 05cc 00EEA940 		.word	1084878336
 1142 05d0 00000000 		.word	0
 1143 05d4 00D0A740 		.word	1084739584
 1144 05d8 00000000 		.word	0
 1145 05dc 004CA540 		.word	1084574720
 1146 05e0 00000000 		.word	0
 1147 05e4 00A4A240 		.word	1084400640
 1148 05e8 00000000 		.word	0
 1149 05ec 001EA040 		.word	1084235264
 1150 05f0 00000000 		.word	0
 1151 05f4 00009C40 		.word	1083965440
 1152 05f8 00000000 		.word	0
ARM GAS  C:\Users\User\AppData\Local\Temp\ccyg5Mak.s 			page 24


 1153 05fc 00009940 		.word	1083768832
 1154 0600 00000000 		.word	0
 1155 0604 00989740 		.word	1083676672
 1156 0608 00000000 		.word	0
 1157 060c 00E09740 		.word	1083695104
 1158 0610 00000000 		.word	0
 1159 0614 00D89940 		.word	1083824128
 1160 0618 00000000 		.word	0
 1161 061c 004C9D40 		.word	1084050432
 1162 0620 00000000 		.word	0
 1163 0624 00F0A040 		.word	1084289024
 1164 0628 00000000 		.word	0
 1165 062c 0088A340 		.word	1084459008
 1166 0630 00000000 		.word	0
 1167 0634 002CA640 		.word	1084632064
 1168 0638 00000000 		.word	0
 1169 063c 0096A840 		.word	1084790272
 1170 0640 00000000 		.word	0
 1171 0644 0082AA40 		.word	1084916224
 1172 0648 00000000 		.word	0
 1173 064c 00F8AA40 		.word	1084946432
 1174 0650 00000000 		.word	0
 1175 0654 00F6AB40 		.word	1085011456
 1176 0658 00000000 		.word	0
 1177 065c 001EAC40 		.word	1085021696
 1178 0660 00000000 		.word	0
 1179 0664 006AAB40 		.word	1084975616
 1180 0668 00000000 		.word	0
 1181 066c 00EEA940 		.word	1084878336
 1182 0670 00000000 		.word	0
 1183 0674 00D0A740 		.word	1084739584
 1184 0678 00000000 		.word	0
 1185 067c 004CA540 		.word	1084574720
 1186 0680 00000000 		.word	0
 1187 0684 00A4A240 		.word	1084400640
 1188 0688 00000000 		.word	0
 1189 068c 001EA040 		.word	1084235264
 1190 0690 00000000 		.word	0
 1191 0694 00009C40 		.word	1083965440
 1192 0698 00000000 		.word	0
 1193 069c 00009940 		.word	1083768832
 1194 06a0 00000000 		.word	0
 1195 06a4 00989740 		.word	1083676672
 1196 06a8 00000000 		.word	0
 1197 06ac 00E09740 		.word	1083695104
 1198 06b0 00000000 		.word	0
 1199 06b4 00D89940 		.word	1083824128
 1200 06b8 00000000 		.word	0
 1201 06bc 004C9D40 		.word	1084050432
 1202 06c0 00000000 		.word	0
 1203 06c4 00F0A040 		.word	1084289024
 1204 06c8 00000000 		.word	0
 1205 06cc 0088A340 		.word	1084459008
 1206 06d0 00000000 		.word	0
 1207 06d4 002CA640 		.word	1084632064
 1208 06d8 00000000 		.word	0
 1209 06dc 0096A840 		.word	1084790272
ARM GAS  C:\Users\User\AppData\Local\Temp\ccyg5Mak.s 			page 25


 1210 06e0 00000000 		.word	0
 1211 06e4 0082AA40 		.word	1084916224
 1212 06e8 00000000 		.word	0
 1213 06ec 00F8AA40 		.word	1084946432
 1214 06f0 00000000 		.word	0
 1215 06f4 00F6AB40 		.word	1085011456
 1216 06f8 00000000 		.word	0
 1217 06fc 001EAC40 		.word	1085021696
 1218 0700 00000000 		.word	0
 1219 0704 006AAB40 		.word	1084975616
 1220 0708 00000000 		.word	0
 1221 070c 00EEA940 		.word	1084878336
 1222 0710 00000000 		.word	0
 1223 0714 00D0A740 		.word	1084739584
 1224 0718 00000000 		.word	0
 1225 071c 004CA540 		.word	1084574720
 1226 0720 00000000 		.word	0
 1227 0724 00A4A240 		.word	1084400640
 1228 0728 00000000 		.word	0
 1229 072c 001EA040 		.word	1084235264
 1230 0730 00000000 		.word	0
 1231 0734 00009C40 		.word	1083965440
 1232 0738 00000000 		.word	0
 1233 073c 00009940 		.word	1083768832
 1234 0740 00000000 		.word	0
 1235 0744 00989740 		.word	1083676672
 1236 0748 00000000 		.word	0
 1237 074c 00E09740 		.word	1083695104
 1238 0750 00000000 		.word	0
 1239 0754 00D89940 		.word	1083824128
 1240 0758 00000000 		.word	0
 1241 075c 004C9D40 		.word	1084050432
 1242 0760 00000000 		.word	0
 1243 0764 00F0A040 		.word	1084289024
 1244 0768 00000000 		.word	0
 1245 076c 0088A340 		.word	1084459008
 1246 0770 00000000 		.word	0
 1247 0774 002CA640 		.word	1084632064
 1248 0778 00000000 		.word	0
 1249 077c 0096A840 		.word	1084790272
 1250 0780 00000000 		.word	0
 1251 0784 0082AA40 		.word	1084916224
 1252 0788 00000000 		.word	0
 1253 078c 00F8AA40 		.word	1084946432
 1254 0790 00000000 		.word	0
 1255 0794 00F6AB40 		.word	1085011456
 1256 0798 00000000 		.word	0
 1257 079c 001EAC40 		.word	1085021696
 1258 07a0 00000000 		.word	0
 1259 07a4 006AAB40 		.word	1084975616
 1260 07a8 00000000 		.word	0
 1261 07ac 00EEA940 		.word	1084878336
 1262 07b0 00000000 		.word	0
 1263 07b4 00D0A740 		.word	1084739584
 1264 07b8 00000000 		.word	0
 1265 07bc 004CA540 		.word	1084574720
 1266 07c0 00000000 		.word	0
ARM GAS  C:\Users\User\AppData\Local\Temp\ccyg5Mak.s 			page 26


 1267 07c4 00A4A240 		.word	1084400640
 1268 07c8 00000000 		.word	0
 1269 07cc 001EA040 		.word	1084235264
 1270 07d0 00000000 		.word	0
 1271 07d4 00009C40 		.word	1083965440
 1272 07d8 00000000 		.word	0
 1273 07dc 00009940 		.word	1083768832
 1274 07e0 00000000 		.word	0
 1275 07e4 00989740 		.word	1083676672
 1276 07e8 00000000 		.word	0
 1277 07ec 00E09740 		.word	1083695104
 1278 07f0 00000000 		.word	0
 1279 07f4 00D89940 		.word	1083824128
 1280 07f8 00000000 		.word	0
 1281 07fc 004C9D40 		.word	1084050432
 1282              		.section	.text.main,"ax",%progbits
 1283              		.align	2
 1284              		.global	main
 1285              		.thumb
 1286              		.thumb_func
 1287              		.type	main, %function
 1288              	main:
 1289              	.LFB67:
 1290              		.file 2 "main.c"
   1:main.c        **** /* ========================================
   2:main.c        ****  *
   3:main.c        ****  * Copyright YOUR COMPANY, THE YEAR
   4:main.c        ****  * All Rights Reserved
   5:main.c        ****  * UNPUBLISHED, LICENSED SOFTWARE.
   6:main.c        ****  *
   7:main.c        ****  * CONFIDENTIAL AND PROPRIETARY INFORMATION
   8:main.c        ****  * WHICH IS THE PROPERTY OF your company.
   9:main.c        ****  *
  10:main.c        ****  * ========================================
  11:main.c        **** */
  12:main.c        **** #include "project.h"
  13:main.c        **** #include "fft.h"
  14:main.c        **** 
  15:main.c        **** 
  16:main.c        **** int main(void)
  17:main.c        **** {
 1291              		.loc 2 17 0
 1292              		.cfi_startproc
 1293              		@ args = 0, pretend = 0, frame = 2096
 1294              		@ frame_needed = 1, uses_anonymous_args = 0
 1295 0000 80B5     		push	{r7, lr}
 1296              		.cfi_def_cfa_offset 8
 1297              		.cfi_offset 7, -8
 1298              		.cfi_offset 14, -4
 1299 0002 ADF6380D 		subw	sp, sp, #2104
 1300              		.cfi_def_cfa_offset 2112
 1301 0006 02AF     		add	r7, sp, #8
 1302              		.cfi_def_cfa 7, 2104
  18:main.c        ****     CyGlobalIntEnable; /* Enable global interrupts. */
 1303              		.loc 2 18 0
 1304              	@ 18 "main.c" 1
 1305 0008 62B6     		CPSIE   i
ARM GAS  C:\Users\User\AppData\Local\Temp\ccyg5Mak.s 			page 27


 1306              	@ 0 "" 2
  19:main.c        ****     int p = 0;
 1307              		.loc 2 19 0
 1308              		.thumb
 1309 000a 0023     		movs	r3, #0
 1310 000c C7F82C38 		str	r3, [r7, #2092]
  20:main.c        **** 
  21:main.c        ****     double Amp_Volt = 0;
 1311              		.loc 2 21 0
 1312 0010 4FF00002 		mov	r2, #0
 1313 0014 4FF00003 		mov	r3, #0
 1314 0018 07F50261 		add	r1, r7, #2080
 1315 001c C1E90023 		strd	r2, [r1]
  22:main.c        ****     double RMS_Volt = 0;
 1316              		.loc 2 22 0
 1317 0020 4FF00002 		mov	r2, #0
 1318 0024 4FF00003 		mov	r3, #0
 1319 0028 07F61801 		addw	r1, r7, #2072
 1320 002c C1E90023 		strd	r2, [r1]
  23:main.c        ****     double Amp_Ampere = 0;
 1321              		.loc 2 23 0
 1322 0030 4FF00002 		mov	r2, #0
 1323 0034 4FF00003 		mov	r3, #0
 1324 0038 07F50161 		add	r1, r7, #2064
 1325 003c C1E90023 		strd	r2, [r1]
  24:main.c        ****     double RMS_Ampere = 0;
 1326              		.loc 2 24 0
 1327 0040 4FF00002 		mov	r2, #0
 1328 0044 4FF00003 		mov	r3, #0
 1329 0048 07F60801 		addw	r1, r7, #2056
 1330 004c C1E90023 		strd	r2, [r1]
  25:main.c        ****     double PF = 0;
 1331              		.loc 2 25 0
 1332 0050 4FF00002 		mov	r2, #0
 1333 0054 4FF00003 		mov	r3, #0
 1334 0058 07F50061 		add	r1, r7, #2048
 1335 005c C1E90023 		strd	r2, [r1]
  26:main.c        ****     
  27:main.c        ****     
  28:main.c        ****     double samples_volt[N_points] = {3452,3579,3599,3509,3319,3048,2726,2386,2063,1792,1600,1510,15
 1336              		.loc 2 28 0
 1337 0060 07F58063 		add	r3, r7, #1024
 1338 0064 3E4A     		ldr	r2, .L38
 1339 0066 1946     		mov	r1, r3
 1340 0068 4FF48063 		mov	r3, #1024
 1341 006c 0846     		mov	r0, r1
 1342 006e 1146     		mov	r1, r2
 1343 0070 1A46     		mov	r2, r3
 1344 0072 FFF7FEFF 		bl	memcpy
  29:main.c        ****     
  30:main.c        ****     double samples_Ampere[N_points] = {2386,2063,1792,1600,1510,1528,1654,1875,2168,2500,2838,3147,
 1345              		.loc 2 30 0
 1346 0076 3B46     		mov	r3, r7
 1347 0078 3A4A     		ldr	r2, .L38+4
 1348 007a 1946     		mov	r1, r3
 1349 007c 4FF48063 		mov	r3, #1024
 1350 0080 0846     		mov	r0, r1
ARM GAS  C:\Users\User\AppData\Local\Temp\ccyg5Mak.s 			page 28


 1351 0082 1146     		mov	r1, r2
 1352 0084 1A46     		mov	r2, r3
 1353 0086 FFF7FEFF 		bl	memcpy
 1354              	.L37:
  31:main.c        ****  
  32:main.c        ****     
  33:main.c        ****     
  34:main.c        ****     while(1)
  35:main.c        ****     {
  36:main.c        ****     
  37:main.c        ****     for(p = 0; p<N_points ; p++)
 1355              		.loc 2 37 0
 1356 008a 0023     		movs	r3, #0
 1357 008c C7F82C38 		str	r3, [r7, #2092]
 1358 0090 13E0     		b	.L33
 1359              	.L34:
  38:main.c        ****     {
  39:main.c        ****         Re_volt[p] = samples_volt[p];
 1360              		.loc 2 39 0 discriminator 3
 1361 0092 07F58062 		add	r2, r7, #1024
 1362 0096 D7F82C38 		ldr	r3, [r7, #2092]
 1363 009a DB00     		lsls	r3, r3, #3
 1364 009c 1344     		add	r3, r3, r2
 1365 009e D3E90023 		ldrd	r2, [r3]
 1366 00a2 3148     		ldr	r0, .L38+8
 1367 00a4 D7F82C18 		ldr	r1, [r7, #2092]
 1368 00a8 C900     		lsls	r1, r1, #3
 1369 00aa 0144     		add	r1, r1, r0
 1370 00ac C1E90023 		strd	r2, [r1]
  37:main.c        ****     {
 1371              		.loc 2 37 0 discriminator 3
 1372 00b0 D7F82C38 		ldr	r3, [r7, #2092]
 1373 00b4 0133     		adds	r3, r3, #1
 1374 00b6 C7F82C38 		str	r3, [r7, #2092]
 1375              	.L33:
  37:main.c        ****     {
 1376              		.loc 2 37 0 is_stmt 0 discriminator 1
 1377 00ba D7F82C38 		ldr	r3, [r7, #2092]
 1378 00be 7F2B     		cmp	r3, #127
 1379 00c0 E7DD     		ble	.L34
  40:main.c        ****     }
  41:main.c        ****     
  42:main.c        ****     for(p = 0; p<N_points ; p++)
 1380              		.loc 2 42 0 is_stmt 1
 1381 00c2 0023     		movs	r3, #0
 1382 00c4 C7F82C38 		str	r3, [r7, #2092]
 1383 00c8 12E0     		b	.L35
 1384              	.L36:
  43:main.c        ****     {
  44:main.c        ****         Re_Ampere[p] = samples_Ampere[p];
 1385              		.loc 2 44 0 discriminator 3
 1386 00ca 3A46     		mov	r2, r7
 1387 00cc D7F82C38 		ldr	r3, [r7, #2092]
 1388 00d0 DB00     		lsls	r3, r3, #3
 1389 00d2 1344     		add	r3, r3, r2
 1390 00d4 D3E90023 		ldrd	r2, [r3]
 1391 00d8 2448     		ldr	r0, .L38+12
ARM GAS  C:\Users\User\AppData\Local\Temp\ccyg5Mak.s 			page 29


 1392 00da D7F82C18 		ldr	r1, [r7, #2092]
 1393 00de C900     		lsls	r1, r1, #3
 1394 00e0 0144     		add	r1, r1, r0
 1395 00e2 C1E90023 		strd	r2, [r1]
  42:main.c        ****     {
 1396              		.loc 2 42 0 discriminator 3
 1397 00e6 D7F82C38 		ldr	r3, [r7, #2092]
 1398 00ea 0133     		adds	r3, r3, #1
 1399 00ec C7F82C38 		str	r3, [r7, #2092]
 1400              	.L35:
  42:main.c        ****     {
 1401              		.loc 2 42 0 is_stmt 0 discriminator 1
 1402 00f0 D7F82C38 		ldr	r3, [r7, #2092]
 1403 00f4 7F2B     		cmp	r3, #127
 1404 00f6 E8DD     		ble	.L36
  45:main.c        ****     }    
  46:main.c        ****     
  47:main.c        ****     FFT(1,exponent,Re_volt,Im_volt,Abs_volt);
 1405              		.loc 2 47 0 is_stmt 1
 1406 00f8 1D4B     		ldr	r3, .L38+16
 1407 00fa 0093     		str	r3, [sp]
 1408 00fc 0120     		movs	r0, #1
 1409 00fe 0721     		movs	r1, #7
 1410 0100 194A     		ldr	r2, .L38+8
 1411 0102 1C4B     		ldr	r3, .L38+20
 1412 0104 FFF7FEFF 		bl	FFT
  48:main.c        ****     FFT(1,exponent,Re_Ampere,Im_Ampere,Abs_Ampere);
 1413              		.loc 2 48 0
 1414 0108 1B4B     		ldr	r3, .L38+24
 1415 010a 0093     		str	r3, [sp]
 1416 010c 0120     		movs	r0, #1
 1417 010e 0721     		movs	r1, #7
 1418 0110 164A     		ldr	r2, .L38+12
 1419 0112 1A4B     		ldr	r3, .L38+28
 1420 0114 FFF7FEFF 		bl	FFT
  49:main.c        ****     
  50:main.c        ****     
  51:main.c        ****     Amp_Volt = calculate_50Hz_Amp(Abs_volt);
 1421              		.loc 2 51 0
 1422 0118 1548     		ldr	r0, .L38+16
 1423 011a FFF7FEFF 		bl	calculate_50Hz_Amp
 1424 011e 07F50263 		add	r3, r7, #2080
 1425 0122 C3E90001 		strd	r0, [r3]
  52:main.c        ****     RMS_Volt = calculate_50Hz_RMS(Abs_volt);
 1426              		.loc 2 52 0
 1427 0126 1248     		ldr	r0, .L38+16
 1428 0128 FFF7FEFF 		bl	calculate_50Hz_RMS
 1429 012c 07F61803 		addw	r3, r7, #2072
 1430 0130 C3E90001 		strd	r0, [r3]
  53:main.c        ****     Amp_Ampere = calculate_50Hz_Amp(Abs_volt);
 1431              		.loc 2 53 0
 1432 0134 0E48     		ldr	r0, .L38+16
 1433 0136 FFF7FEFF 		bl	calculate_50Hz_Amp
 1434 013a 07F50163 		add	r3, r7, #2064
 1435 013e C3E90001 		strd	r0, [r3]
  54:main.c        ****     RMS_Ampere = calculate_50Hz_RMS(Abs_volt);
 1436              		.loc 2 54 0
ARM GAS  C:\Users\User\AppData\Local\Temp\ccyg5Mak.s 			page 30


 1437 0142 0B48     		ldr	r0, .L38+16
 1438 0144 FFF7FEFF 		bl	calculate_50Hz_RMS
 1439 0148 07F60803 		addw	r3, r7, #2056
 1440 014c C3E90001 		strd	r0, [r3]
  55:main.c        ****     PF = calculate_50Hz_PF();
 1441              		.loc 2 55 0
 1442 0150 FFF7FEFF 		bl	calculate_50Hz_PF
 1443 0154 07F50063 		add	r3, r7, #2048
 1444 0158 C3E90001 		strd	r0, [r3]
  56:main.c        ****     
  57:main.c        ****  
  58:main.c        ****     
  59:main.c        ****     
  60:main.c        ****     }
 1445              		.loc 2 60 0
 1446 015c 95E7     		b	.L37
 1447              	.L39:
 1448 015e 00BF     		.align	2
 1449              	.L38:
 1450 0160 00000000 		.word	.LC0
 1451 0164 00040000 		.word	.LC1
 1452 0168 00000000 		.word	Re_volt
 1453 016c 00000000 		.word	Re_Ampere
 1454 0170 00000000 		.word	Abs_volt
 1455 0174 00000000 		.word	Im_volt
 1456 0178 00000000 		.word	Abs_Ampere
 1457 017c 00000000 		.word	Im_Ampere
 1458              		.cfi_endproc
 1459              	.LFE67:
 1460              		.size	main, .-main
 1461              		.text
 1462              	.Letext0:
 1463              		.file 3 "c:\\program files (x86)\\cypress\\psoc creator\\4.0\\psoc creator\\import\\gnu\\arm\\4.9.
 1464              		.file 4 "c:\\program files (x86)\\cypress\\psoc creator\\4.0\\psoc creator\\import\\gnu\\arm\\4.9.
 1465              		.file 5 "Generated_Source\\PSoC5/core_cm3.h"
 1466              		.section	.debug_info,"",%progbits
 1467              	.Ldebug_info0:
 1468 0000 7F030000 		.4byte	0x37f
 1469 0004 0400     		.2byte	0x4
 1470 0006 00000000 		.4byte	.Ldebug_abbrev0
 1471 000a 04       		.byte	0x4
 1472 000b 01       		.uleb128 0x1
 1473 000c C8000000 		.4byte	.LASF35
 1474 0010 01       		.byte	0x1
 1475 0011 20020000 		.4byte	.LASF36
 1476 0015 2A000000 		.4byte	.LASF37
 1477 0019 00000000 		.4byte	.Ldebug_ranges0+0
 1478 001d 00000000 		.4byte	0
 1479 0021 00000000 		.4byte	.Ldebug_line0
 1480 0025 02       		.uleb128 0x2
 1481 0026 01       		.byte	0x1
 1482 0027 06       		.byte	0x6
 1483 0028 87010000 		.4byte	.LASF0
 1484 002c 02       		.uleb128 0x2
 1485 002d 01       		.byte	0x1
 1486 002e 08       		.byte	0x8
 1487 002f 61010000 		.4byte	.LASF1
ARM GAS  C:\Users\User\AppData\Local\Temp\ccyg5Mak.s 			page 31


 1488 0033 02       		.uleb128 0x2
 1489 0034 02       		.byte	0x2
 1490 0035 05       		.byte	0x5
 1491 0036 62000000 		.4byte	.LASF2
 1492 003a 02       		.uleb128 0x2
 1493 003b 02       		.byte	0x2
 1494 003c 07       		.byte	0x7
 1495 003d B7010000 		.4byte	.LASF3
 1496 0041 03       		.uleb128 0x3
 1497 0042 40020000 		.4byte	.LASF9
 1498 0046 03       		.byte	0x3
 1499 0047 3F       		.byte	0x3f
 1500 0048 4C000000 		.4byte	0x4c
 1501 004c 02       		.uleb128 0x2
 1502 004d 04       		.byte	0x4
 1503 004e 05       		.byte	0x5
 1504 004f EF010000 		.4byte	.LASF4
 1505 0053 02       		.uleb128 0x2
 1506 0054 04       		.byte	0x4
 1507 0055 07       		.byte	0x7
 1508 0056 27020000 		.4byte	.LASF5
 1509 005a 02       		.uleb128 0x2
 1510 005b 08       		.byte	0x8
 1511 005c 05       		.byte	0x5
 1512 005d B1000000 		.4byte	.LASF6
 1513 0061 02       		.uleb128 0x2
 1514 0062 08       		.byte	0x8
 1515 0063 07       		.byte	0x7
 1516 0064 93010000 		.4byte	.LASF7
 1517 0068 04       		.uleb128 0x4
 1518 0069 04       		.byte	0x4
 1519 006a 05       		.byte	0x5
 1520 006b 696E7400 		.ascii	"int\000"
 1521 006f 02       		.uleb128 0x2
 1522 0070 04       		.byte	0x4
 1523 0071 07       		.byte	0x7
 1524 0072 AA010000 		.4byte	.LASF8
 1525 0076 03       		.uleb128 0x3
 1526 0077 FD010000 		.4byte	.LASF10
 1527 007b 04       		.byte	0x4
 1528 007c 2C       		.byte	0x2c
 1529 007d 41000000 		.4byte	0x41
 1530 0081 02       		.uleb128 0x2
 1531 0082 04       		.byte	0x4
 1532 0083 04       		.byte	0x4
 1533 0084 AB000000 		.4byte	.LASF11
 1534 0088 02       		.uleb128 0x2
 1535 0089 08       		.byte	0x8
 1536 008a 04       		.byte	0x4
 1537 008b 39020000 		.4byte	.LASF12
 1538 008f 02       		.uleb128 0x2
 1539 0090 01       		.byte	0x1
 1540 0091 08       		.byte	0x8
 1541 0092 EA010000 		.4byte	.LASF13
 1542 0096 02       		.uleb128 0x2
 1543 0097 04       		.byte	0x4
 1544 0098 07       		.byte	0x7
ARM GAS  C:\Users\User\AppData\Local\Temp\ccyg5Mak.s 			page 32


 1545 0099 6C000000 		.4byte	.LASF14
 1546 009d 02       		.uleb128 0x2
 1547 009e 08       		.byte	0x8
 1548 009f 04       		.byte	0x4
 1549 00a0 00000000 		.4byte	.LASF15
 1550 00a4 05       		.uleb128 0x5
 1551 00a5 46465400 		.ascii	"FFT\000"
 1552 00a9 01       		.byte	0x1
 1553 00aa 15       		.byte	0x15
 1554 00ab 00000000 		.4byte	.LFB63
 1555 00af 3C040000 		.4byte	.LFE63-.LFB63
 1556 00b3 01       		.uleb128 0x1
 1557 00b4 9C       		.byte	0x9c
 1558 00b5 EA010000 		.4byte	0x1ea
 1559 00b9 06       		.uleb128 0x6
 1560 00ba 64697200 		.ascii	"dir\000"
 1561 00be 01       		.byte	0x1
 1562 00bf 15       		.byte	0x15
 1563 00c0 68000000 		.4byte	0x68
 1564 00c4 03       		.uleb128 0x3
 1565 00c5 91       		.byte	0x91
 1566 00c6 F47E     		.sleb128 -140
 1567 00c8 06       		.uleb128 0x6
 1568 00c9 6D00     		.ascii	"m\000"
 1569 00cb 01       		.byte	0x1
 1570 00cc 15       		.byte	0x15
 1571 00cd 4C000000 		.4byte	0x4c
 1572 00d1 03       		.uleb128 0x3
 1573 00d2 91       		.byte	0x91
 1574 00d3 F07E     		.sleb128 -144
 1575 00d5 06       		.uleb128 0x6
 1576 00d6 7800     		.ascii	"x\000"
 1577 00d8 01       		.byte	0x1
 1578 00d9 15       		.byte	0x15
 1579 00da EA010000 		.4byte	0x1ea
 1580 00de 03       		.uleb128 0x3
 1581 00df 91       		.byte	0x91
 1582 00e0 EC7E     		.sleb128 -148
 1583 00e2 06       		.uleb128 0x6
 1584 00e3 7900     		.ascii	"y\000"
 1585 00e5 01       		.byte	0x1
 1586 00e6 15       		.byte	0x15
 1587 00e7 EA010000 		.4byte	0x1ea
 1588 00eb 03       		.uleb128 0x3
 1589 00ec 91       		.byte	0x91
 1590 00ed E87E     		.sleb128 -152
 1591 00ef 06       		.uleb128 0x6
 1592 00f0 7500     		.ascii	"u\000"
 1593 00f2 01       		.byte	0x1
 1594 00f3 15       		.byte	0x15
 1595 00f4 EA010000 		.4byte	0x1ea
 1596 00f8 02       		.uleb128 0x2
 1597 00f9 91       		.byte	0x91
 1598 00fa 00       		.sleb128 0
 1599 00fb 07       		.uleb128 0x7
 1600 00fc 6E00     		.ascii	"n\000"
 1601 00fe 01       		.byte	0x1
ARM GAS  C:\Users\User\AppData\Local\Temp\ccyg5Mak.s 			page 33


 1602 00ff 1A       		.byte	0x1a
 1603 0100 4C000000 		.4byte	0x4c
 1604 0104 02       		.uleb128 0x2
 1605 0105 91       		.byte	0x91
 1606 0106 64       		.sleb128 -28
 1607 0107 07       		.uleb128 0x7
 1608 0108 6900     		.ascii	"i\000"
 1609 010a 01       		.byte	0x1
 1610 010b 1A       		.byte	0x1a
 1611 010c 4C000000 		.4byte	0x4c
 1612 0110 02       		.uleb128 0x2
 1613 0111 91       		.byte	0x91
 1614 0112 60       		.sleb128 -32
 1615 0113 07       		.uleb128 0x7
 1616 0114 693100   		.ascii	"i1\000"
 1617 0117 01       		.byte	0x1
 1618 0118 1A       		.byte	0x1a
 1619 0119 4C000000 		.4byte	0x4c
 1620 011d 03       		.uleb128 0x3
 1621 011e 91       		.byte	0x91
 1622 011f 907F     		.sleb128 -112
 1623 0121 07       		.uleb128 0x7
 1624 0122 6A00     		.ascii	"j\000"
 1625 0124 01       		.byte	0x1
 1626 0125 1A       		.byte	0x1a
 1627 0126 4C000000 		.4byte	0x4c
 1628 012a 02       		.uleb128 0x2
 1629 012b 91       		.byte	0x91
 1630 012c 5C       		.sleb128 -36
 1631 012d 07       		.uleb128 0x7
 1632 012e 6B00     		.ascii	"k\000"
 1633 0130 01       		.byte	0x1
 1634 0131 1A       		.byte	0x1a
 1635 0132 4C000000 		.4byte	0x4c
 1636 0136 02       		.uleb128 0x2
 1637 0137 91       		.byte	0x91
 1638 0138 58       		.sleb128 -40
 1639 0139 07       		.uleb128 0x7
 1640 013a 693200   		.ascii	"i2\000"
 1641 013d 01       		.byte	0x1
 1642 013e 1A       		.byte	0x1a
 1643 013f 4C000000 		.4byte	0x4c
 1644 0143 03       		.uleb128 0x3
 1645 0144 91       		.byte	0x91
 1646 0145 AC7F     		.sleb128 -84
 1647 0147 07       		.uleb128 0x7
 1648 0148 6C00     		.ascii	"l\000"
 1649 014a 01       		.byte	0x1
 1650 014b 1A       		.byte	0x1a
 1651 014c 4C000000 		.4byte	0x4c
 1652 0150 02       		.uleb128 0x2
 1653 0151 91       		.byte	0x91
 1654 0152 54       		.sleb128 -44
 1655 0153 07       		.uleb128 0x7
 1656 0154 6C3100   		.ascii	"l1\000"
 1657 0157 01       		.byte	0x1
 1658 0158 1A       		.byte	0x1a
ARM GAS  C:\Users\User\AppData\Local\Temp\ccyg5Mak.s 			page 34


 1659 0159 4C000000 		.4byte	0x4c
 1660 015d 03       		.uleb128 0x3
 1661 015e 91       		.byte	0x91
 1662 015f 947F     		.sleb128 -108
 1663 0161 07       		.uleb128 0x7
 1664 0162 6C3200   		.ascii	"l2\000"
 1665 0165 01       		.byte	0x1
 1666 0166 1A       		.byte	0x1a
 1667 0167 4C000000 		.4byte	0x4c
 1668 016b 02       		.uleb128 0x2
 1669 016c 91       		.byte	0x91
 1670 016d 50       		.sleb128 -48
 1671 016e 07       		.uleb128 0x7
 1672 016f 633100   		.ascii	"c1\000"
 1673 0172 01       		.byte	0x1
 1674 0173 1B       		.byte	0x1b
 1675 0174 88000000 		.4byte	0x88
 1676 0178 02       		.uleb128 0x2
 1677 0179 91       		.byte	0x91
 1678 017a 48       		.sleb128 -56
 1679 017b 07       		.uleb128 0x7
 1680 017c 633200   		.ascii	"c2\000"
 1681 017f 01       		.byte	0x1
 1682 0180 1B       		.byte	0x1b
 1683 0181 88000000 		.4byte	0x88
 1684 0185 02       		.uleb128 0x2
 1685 0186 91       		.byte	0x91
 1686 0187 40       		.sleb128 -64
 1687 0188 07       		.uleb128 0x7
 1688 0189 747800   		.ascii	"tx\000"
 1689 018c 01       		.byte	0x1
 1690 018d 1B       		.byte	0x1b
 1691 018e 88000000 		.4byte	0x88
 1692 0192 03       		.uleb128 0x3
 1693 0193 91       		.byte	0x91
 1694 0194 A07F     		.sleb128 -96
 1695 0196 07       		.uleb128 0x7
 1696 0197 747900   		.ascii	"ty\000"
 1697 019a 01       		.byte	0x1
 1698 019b 1B       		.byte	0x1b
 1699 019c 88000000 		.4byte	0x88
 1700 01a0 03       		.uleb128 0x3
 1701 01a1 91       		.byte	0x91
 1702 01a2 987F     		.sleb128 -104
 1703 01a4 07       		.uleb128 0x7
 1704 01a5 743100   		.ascii	"t1\000"
 1705 01a8 01       		.byte	0x1
 1706 01a9 1B       		.byte	0x1b
 1707 01aa 88000000 		.4byte	0x88
 1708 01ae 03       		.uleb128 0x3
 1709 01af 91       		.byte	0x91
 1710 01b0 887F     		.sleb128 -120
 1711 01b2 07       		.uleb128 0x7
 1712 01b3 743200   		.ascii	"t2\000"
 1713 01b6 01       		.byte	0x1
 1714 01b7 1B       		.byte	0x1b
 1715 01b8 88000000 		.4byte	0x88
ARM GAS  C:\Users\User\AppData\Local\Temp\ccyg5Mak.s 			page 35


 1716 01bc 03       		.uleb128 0x3
 1717 01bd 91       		.byte	0x91
 1718 01be 807F     		.sleb128 -128
 1719 01c0 07       		.uleb128 0x7
 1720 01c1 753100   		.ascii	"u1\000"
 1721 01c4 01       		.byte	0x1
 1722 01c5 1B       		.byte	0x1b
 1723 01c6 88000000 		.4byte	0x88
 1724 01ca 03       		.uleb128 0x3
 1725 01cb 91       		.byte	0x91
 1726 01cc B87F     		.sleb128 -72
 1727 01ce 07       		.uleb128 0x7
 1728 01cf 753200   		.ascii	"u2\000"
 1729 01d2 01       		.byte	0x1
 1730 01d3 1B       		.byte	0x1b
 1731 01d4 88000000 		.4byte	0x88
 1732 01d8 03       		.uleb128 0x3
 1733 01d9 91       		.byte	0x91
 1734 01da B07F     		.sleb128 -80
 1735 01dc 07       		.uleb128 0x7
 1736 01dd 7A00     		.ascii	"z\000"
 1737 01df 01       		.byte	0x1
 1738 01e0 1B       		.byte	0x1b
 1739 01e1 88000000 		.4byte	0x88
 1740 01e5 03       		.uleb128 0x3
 1741 01e6 91       		.byte	0x91
 1742 01e7 F87E     		.sleb128 -136
 1743 01e9 00       		.byte	0
 1744 01ea 08       		.uleb128 0x8
 1745 01eb 04       		.byte	0x4
 1746 01ec 88000000 		.4byte	0x88
 1747 01f0 09       		.uleb128 0x9
 1748 01f1 D7010000 		.4byte	.LASF16
 1749 01f5 01       		.byte	0x1
 1750 01f6 62       		.byte	0x62
 1751 01f7 88000000 		.4byte	0x88
 1752 01fb 00000000 		.4byte	.LFB64
 1753 01ff 1C000000 		.4byte	.LFE64-.LFB64
 1754 0203 01       		.uleb128 0x1
 1755 0204 9C       		.byte	0x9c
 1756 0205 16020000 		.4byte	0x216
 1757 0209 06       		.uleb128 0x6
 1758 020a 7500     		.ascii	"u\000"
 1759 020c 01       		.byte	0x1
 1760 020d 62       		.byte	0x62
 1761 020e EA010000 		.4byte	0x1ea
 1762 0212 02       		.uleb128 0x2
 1763 0213 91       		.byte	0x91
 1764 0214 74       		.sleb128 -12
 1765 0215 00       		.byte	0
 1766 0216 0A       		.uleb128 0xa
 1767 0217 17000000 		.4byte	.LASF17
 1768 021b 01       		.byte	0x1
 1769 021c 6D       		.byte	0x6d
 1770 021d 88000000 		.4byte	0x88
 1771 0221 00000000 		.4byte	.LFB65
 1772 0225 38000000 		.4byte	.LFE65-.LFB65
ARM GAS  C:\Users\User\AppData\Local\Temp\ccyg5Mak.s 			page 36


 1773 0229 01       		.uleb128 0x1
 1774 022a 9C       		.byte	0x9c
 1775 022b 3C020000 		.4byte	0x23c
 1776 022f 06       		.uleb128 0x6
 1777 0230 7500     		.ascii	"u\000"
 1778 0232 01       		.byte	0x1
 1779 0233 6D       		.byte	0x6d
 1780 0234 EA010000 		.4byte	0x1ea
 1781 0238 02       		.uleb128 0x2
 1782 0239 91       		.byte	0x91
 1783 023a 74       		.sleb128 -12
 1784 023b 00       		.byte	0
 1785 023c 0B       		.uleb128 0xb
 1786 023d 05020000 		.4byte	.LASF18
 1787 0241 01       		.byte	0x1
 1788 0242 72       		.byte	0x72
 1789 0243 88000000 		.4byte	0x88
 1790 0247 00000000 		.4byte	.LFB66
 1791 024b 90000000 		.4byte	.LFE66-.LFB66
 1792 024f 01       		.uleb128 0x1
 1793 0250 9C       		.byte	0x9c
 1794 0251 72020000 		.4byte	0x272
 1795 0255 0C       		.uleb128 0xc
 1796 0256 0C000000 		.4byte	.LASF19
 1797 025a 01       		.byte	0x1
 1798 025b 74       		.byte	0x74
 1799 025c 88000000 		.4byte	0x88
 1800 0260 02       		.uleb128 0x2
 1801 0261 91       		.byte	0x91
 1802 0262 70       		.sleb128 -16
 1803 0263 0C       		.uleb128 0xc
 1804 0264 6F010000 		.4byte	.LASF20
 1805 0268 01       		.byte	0x1
 1806 0269 75       		.byte	0x75
 1807 026a 88000000 		.4byte	0x88
 1808 026e 02       		.uleb128 0x2
 1809 026f 91       		.byte	0x91
 1810 0270 68       		.sleb128 -24
 1811 0271 00       		.byte	0
 1812 0272 0A       		.uleb128 0xa
 1813 0273 F8010000 		.4byte	.LASF21
 1814 0277 02       		.byte	0x2
 1815 0278 10       		.byte	0x10
 1816 0279 68000000 		.4byte	0x68
 1817 027d 00000000 		.4byte	.LFB67
 1818 0281 80010000 		.4byte	.LFE67-.LFB67
 1819 0285 01       		.uleb128 0x1
 1820 0286 9C       		.byte	0x9c
 1821 0287 FB020000 		.4byte	0x2fb
 1822 028b 07       		.uleb128 0x7
 1823 028c 7000     		.ascii	"p\000"
 1824 028e 02       		.byte	0x2
 1825 028f 13       		.byte	0x13
 1826 0290 68000000 		.4byte	0x68
 1827 0294 02       		.uleb128 0x2
 1828 0295 91       		.byte	0x91
 1829 0296 74       		.sleb128 -12
ARM GAS  C:\Users\User\AppData\Local\Temp\ccyg5Mak.s 			page 37


 1830 0297 0C       		.uleb128 0xc
 1831 0298 5F020000 		.4byte	.LASF22
 1832 029c 02       		.byte	0x2
 1833 029d 15       		.byte	0x15
 1834 029e 88000000 		.4byte	0x88
 1835 02a2 02       		.uleb128 0x2
 1836 02a3 91       		.byte	0x91
 1837 02a4 68       		.sleb128 -24
 1838 02a5 0C       		.uleb128 0xc
 1839 02a6 BF000000 		.4byte	.LASF23
 1840 02aa 02       		.byte	0x2
 1841 02ab 16       		.byte	0x16
 1842 02ac 88000000 		.4byte	0x88
 1843 02b0 02       		.uleb128 0x2
 1844 02b1 91       		.byte	0x91
 1845 02b2 60       		.sleb128 -32
 1846 02b3 0C       		.uleb128 0xc
 1847 02b4 96000000 		.4byte	.LASF24
 1848 02b8 02       		.byte	0x2
 1849 02b9 17       		.byte	0x17
 1850 02ba 88000000 		.4byte	0x88
 1851 02be 02       		.uleb128 0x2
 1852 02bf 91       		.byte	0x91
 1853 02c0 58       		.sleb128 -40
 1854 02c1 0C       		.uleb128 0xc
 1855 02c2 7C010000 		.4byte	.LASF25
 1856 02c6 02       		.byte	0x2
 1857 02c7 18       		.byte	0x18
 1858 02c8 88000000 		.4byte	0x88
 1859 02cc 02       		.uleb128 0x2
 1860 02cd 91       		.byte	0x91
 1861 02ce 50       		.sleb128 -48
 1862 02cf 07       		.uleb128 0x7
 1863 02d0 504600   		.ascii	"PF\000"
 1864 02d3 02       		.byte	0x2
 1865 02d4 19       		.byte	0x19
 1866 02d5 88000000 		.4byte	0x88
 1867 02d9 02       		.uleb128 0x2
 1868 02da 91       		.byte	0x91
 1869 02db 48       		.sleb128 -56
 1870 02dc 0C       		.uleb128 0xc
 1871 02dd CA010000 		.4byte	.LASF26
 1872 02e1 02       		.byte	0x2
 1873 02e2 1C       		.byte	0x1c
 1874 02e3 FB020000 		.4byte	0x2fb
 1875 02e7 03       		.uleb128 0x3
 1876 02e8 91       		.byte	0x91
 1877 02e9 C877     		.sleb128 -1080
 1878 02eb 0C       		.uleb128 0xc
 1879 02ec 75000000 		.4byte	.LASF27
 1880 02f0 02       		.byte	0x2
 1881 02f1 1E       		.byte	0x1e
 1882 02f2 FB020000 		.4byte	0x2fb
 1883 02f6 03       		.uleb128 0x3
 1884 02f7 91       		.byte	0x91
 1885 02f8 C86F     		.sleb128 -2104
 1886 02fa 00       		.byte	0
ARM GAS  C:\Users\User\AppData\Local\Temp\ccyg5Mak.s 			page 38


 1887 02fb 0D       		.uleb128 0xd
 1888 02fc 88000000 		.4byte	0x88
 1889 0300 0B030000 		.4byte	0x30b
 1890 0304 0E       		.uleb128 0xe
 1891 0305 96000000 		.4byte	0x96
 1892 0309 7F       		.byte	0x7f
 1893 030a 00       		.byte	0
 1894 030b 0F       		.uleb128 0xf
 1895 030c 52020000 		.4byte	.LASF28
 1896 0310 05       		.byte	0x5
 1897 0311 9606     		.2byte	0x696
 1898 0313 17030000 		.4byte	0x317
 1899 0317 10       		.uleb128 0x10
 1900 0318 76000000 		.4byte	0x76
 1901 031c 11       		.uleb128 0x11
 1902 031d 17020000 		.4byte	.LASF29
 1903 0321 01       		.byte	0x1
 1904 0322 0B       		.byte	0xb
 1905 0323 FB020000 		.4byte	0x2fb
 1906 0327 05       		.uleb128 0x5
 1907 0328 03       		.byte	0x3
 1908 0329 00000000 		.4byte	Abs_volt
 1909 032d 11       		.uleb128 0x11
 1910 032e 4A020000 		.4byte	.LASF30
 1911 0332 01       		.byte	0x1
 1912 0333 0C       		.byte	0xc
 1913 0334 FB020000 		.4byte	0x2fb
 1914 0338 05       		.uleb128 0x5
 1915 0339 03       		.byte	0x3
 1916 033a 00000000 		.4byte	Re_volt
 1917 033e 11       		.uleb128 0x11
 1918 033f 8E000000 		.4byte	.LASF31
 1919 0343 01       		.byte	0x1
 1920 0344 0D       		.byte	0xd
 1921 0345 FB020000 		.4byte	0x2fb
 1922 0349 05       		.uleb128 0x5
 1923 034a 03       		.byte	0x3
 1924 034b 00000000 		.4byte	Im_volt
 1925 034f 11       		.uleb128 0x11
 1926 0350 56010000 		.4byte	.LASF32
 1927 0354 01       		.byte	0x1
 1928 0355 0F       		.byte	0xf
 1929 0356 FB020000 		.4byte	0x2fb
 1930 035a 05       		.uleb128 0x5
 1931 035b 03       		.byte	0x3
 1932 035c 00000000 		.4byte	Abs_Ampere
 1933 0360 11       		.uleb128 0x11
 1934 0361 A1000000 		.4byte	.LASF33
 1935 0365 01       		.byte	0x1
 1936 0366 10       		.byte	0x10
 1937 0367 FB020000 		.4byte	0x2fb
 1938 036b 05       		.uleb128 0x5
 1939 036c 03       		.byte	0x3
 1940 036d 00000000 		.4byte	Re_Ampere
 1941 0371 11       		.uleb128 0x11
 1942 0372 84000000 		.4byte	.LASF34
 1943 0376 01       		.byte	0x1
ARM GAS  C:\Users\User\AppData\Local\Temp\ccyg5Mak.s 			page 39


 1944 0377 11       		.byte	0x11
 1945 0378 FB020000 		.4byte	0x2fb
 1946 037c 05       		.uleb128 0x5
 1947 037d 03       		.byte	0x3
 1948 037e 00000000 		.4byte	Im_Ampere
 1949 0382 00       		.byte	0
 1950              		.section	.debug_abbrev,"",%progbits
 1951              	.Ldebug_abbrev0:
 1952 0000 01       		.uleb128 0x1
 1953 0001 11       		.uleb128 0x11
 1954 0002 01       		.byte	0x1
 1955 0003 25       		.uleb128 0x25
 1956 0004 0E       		.uleb128 0xe
 1957 0005 13       		.uleb128 0x13
 1958 0006 0B       		.uleb128 0xb
 1959 0007 03       		.uleb128 0x3
 1960 0008 0E       		.uleb128 0xe
 1961 0009 1B       		.uleb128 0x1b
 1962 000a 0E       		.uleb128 0xe
 1963 000b 55       		.uleb128 0x55
 1964 000c 17       		.uleb128 0x17
 1965 000d 11       		.uleb128 0x11
 1966 000e 01       		.uleb128 0x1
 1967 000f 10       		.uleb128 0x10
 1968 0010 17       		.uleb128 0x17
 1969 0011 00       		.byte	0
 1970 0012 00       		.byte	0
 1971 0013 02       		.uleb128 0x2
 1972 0014 24       		.uleb128 0x24
 1973 0015 00       		.byte	0
 1974 0016 0B       		.uleb128 0xb
 1975 0017 0B       		.uleb128 0xb
 1976 0018 3E       		.uleb128 0x3e
 1977 0019 0B       		.uleb128 0xb
 1978 001a 03       		.uleb128 0x3
 1979 001b 0E       		.uleb128 0xe
 1980 001c 00       		.byte	0
 1981 001d 00       		.byte	0
 1982 001e 03       		.uleb128 0x3
 1983 001f 16       		.uleb128 0x16
 1984 0020 00       		.byte	0
 1985 0021 03       		.uleb128 0x3
 1986 0022 0E       		.uleb128 0xe
 1987 0023 3A       		.uleb128 0x3a
 1988 0024 0B       		.uleb128 0xb
 1989 0025 3B       		.uleb128 0x3b
 1990 0026 0B       		.uleb128 0xb
 1991 0027 49       		.uleb128 0x49
 1992 0028 13       		.uleb128 0x13
 1993 0029 00       		.byte	0
 1994 002a 00       		.byte	0
 1995 002b 04       		.uleb128 0x4
 1996 002c 24       		.uleb128 0x24
 1997 002d 00       		.byte	0
 1998 002e 0B       		.uleb128 0xb
 1999 002f 0B       		.uleb128 0xb
 2000 0030 3E       		.uleb128 0x3e
ARM GAS  C:\Users\User\AppData\Local\Temp\ccyg5Mak.s 			page 40


 2001 0031 0B       		.uleb128 0xb
 2002 0032 03       		.uleb128 0x3
 2003 0033 08       		.uleb128 0x8
 2004 0034 00       		.byte	0
 2005 0035 00       		.byte	0
 2006 0036 05       		.uleb128 0x5
 2007 0037 2E       		.uleb128 0x2e
 2008 0038 01       		.byte	0x1
 2009 0039 3F       		.uleb128 0x3f
 2010 003a 19       		.uleb128 0x19
 2011 003b 03       		.uleb128 0x3
 2012 003c 08       		.uleb128 0x8
 2013 003d 3A       		.uleb128 0x3a
 2014 003e 0B       		.uleb128 0xb
 2015 003f 3B       		.uleb128 0x3b
 2016 0040 0B       		.uleb128 0xb
 2017 0041 27       		.uleb128 0x27
 2018 0042 19       		.uleb128 0x19
 2019 0043 11       		.uleb128 0x11
 2020 0044 01       		.uleb128 0x1
 2021 0045 12       		.uleb128 0x12
 2022 0046 06       		.uleb128 0x6
 2023 0047 40       		.uleb128 0x40
 2024 0048 18       		.uleb128 0x18
 2025 0049 9642     		.uleb128 0x2116
 2026 004b 19       		.uleb128 0x19
 2027 004c 01       		.uleb128 0x1
 2028 004d 13       		.uleb128 0x13
 2029 004e 00       		.byte	0
 2030 004f 00       		.byte	0
 2031 0050 06       		.uleb128 0x6
 2032 0051 05       		.uleb128 0x5
 2033 0052 00       		.byte	0
 2034 0053 03       		.uleb128 0x3
 2035 0054 08       		.uleb128 0x8
 2036 0055 3A       		.uleb128 0x3a
 2037 0056 0B       		.uleb128 0xb
 2038 0057 3B       		.uleb128 0x3b
 2039 0058 0B       		.uleb128 0xb
 2040 0059 49       		.uleb128 0x49
 2041 005a 13       		.uleb128 0x13
 2042 005b 02       		.uleb128 0x2
 2043 005c 18       		.uleb128 0x18
 2044 005d 00       		.byte	0
 2045 005e 00       		.byte	0
 2046 005f 07       		.uleb128 0x7
 2047 0060 34       		.uleb128 0x34
 2048 0061 00       		.byte	0
 2049 0062 03       		.uleb128 0x3
 2050 0063 08       		.uleb128 0x8
 2051 0064 3A       		.uleb128 0x3a
 2052 0065 0B       		.uleb128 0xb
 2053 0066 3B       		.uleb128 0x3b
 2054 0067 0B       		.uleb128 0xb
 2055 0068 49       		.uleb128 0x49
 2056 0069 13       		.uleb128 0x13
 2057 006a 02       		.uleb128 0x2
ARM GAS  C:\Users\User\AppData\Local\Temp\ccyg5Mak.s 			page 41


 2058 006b 18       		.uleb128 0x18
 2059 006c 00       		.byte	0
 2060 006d 00       		.byte	0
 2061 006e 08       		.uleb128 0x8
 2062 006f 0F       		.uleb128 0xf
 2063 0070 00       		.byte	0
 2064 0071 0B       		.uleb128 0xb
 2065 0072 0B       		.uleb128 0xb
 2066 0073 49       		.uleb128 0x49
 2067 0074 13       		.uleb128 0x13
 2068 0075 00       		.byte	0
 2069 0076 00       		.byte	0
 2070 0077 09       		.uleb128 0x9
 2071 0078 2E       		.uleb128 0x2e
 2072 0079 01       		.byte	0x1
 2073 007a 3F       		.uleb128 0x3f
 2074 007b 19       		.uleb128 0x19
 2075 007c 03       		.uleb128 0x3
 2076 007d 0E       		.uleb128 0xe
 2077 007e 3A       		.uleb128 0x3a
 2078 007f 0B       		.uleb128 0xb
 2079 0080 3B       		.uleb128 0x3b
 2080 0081 0B       		.uleb128 0xb
 2081 0082 27       		.uleb128 0x27
 2082 0083 19       		.uleb128 0x19
 2083 0084 49       		.uleb128 0x49
 2084 0085 13       		.uleb128 0x13
 2085 0086 11       		.uleb128 0x11
 2086 0087 01       		.uleb128 0x1
 2087 0088 12       		.uleb128 0x12
 2088 0089 06       		.uleb128 0x6
 2089 008a 40       		.uleb128 0x40
 2090 008b 18       		.uleb128 0x18
 2091 008c 9742     		.uleb128 0x2117
 2092 008e 19       		.uleb128 0x19
 2093 008f 01       		.uleb128 0x1
 2094 0090 13       		.uleb128 0x13
 2095 0091 00       		.byte	0
 2096 0092 00       		.byte	0
 2097 0093 0A       		.uleb128 0xa
 2098 0094 2E       		.uleb128 0x2e
 2099 0095 01       		.byte	0x1
 2100 0096 3F       		.uleb128 0x3f
 2101 0097 19       		.uleb128 0x19
 2102 0098 03       		.uleb128 0x3
 2103 0099 0E       		.uleb128 0xe
 2104 009a 3A       		.uleb128 0x3a
 2105 009b 0B       		.uleb128 0xb
 2106 009c 3B       		.uleb128 0x3b
 2107 009d 0B       		.uleb128 0xb
 2108 009e 27       		.uleb128 0x27
 2109 009f 19       		.uleb128 0x19
 2110 00a0 49       		.uleb128 0x49
 2111 00a1 13       		.uleb128 0x13
 2112 00a2 11       		.uleb128 0x11
 2113 00a3 01       		.uleb128 0x1
 2114 00a4 12       		.uleb128 0x12
ARM GAS  C:\Users\User\AppData\Local\Temp\ccyg5Mak.s 			page 42


 2115 00a5 06       		.uleb128 0x6
 2116 00a6 40       		.uleb128 0x40
 2117 00a7 18       		.uleb128 0x18
 2118 00a8 9642     		.uleb128 0x2116
 2119 00aa 19       		.uleb128 0x19
 2120 00ab 01       		.uleb128 0x1
 2121 00ac 13       		.uleb128 0x13
 2122 00ad 00       		.byte	0
 2123 00ae 00       		.byte	0
 2124 00af 0B       		.uleb128 0xb
 2125 00b0 2E       		.uleb128 0x2e
 2126 00b1 01       		.byte	0x1
 2127 00b2 3F       		.uleb128 0x3f
 2128 00b3 19       		.uleb128 0x19
 2129 00b4 03       		.uleb128 0x3
 2130 00b5 0E       		.uleb128 0xe
 2131 00b6 3A       		.uleb128 0x3a
 2132 00b7 0B       		.uleb128 0xb
 2133 00b8 3B       		.uleb128 0x3b
 2134 00b9 0B       		.uleb128 0xb
 2135 00ba 49       		.uleb128 0x49
 2136 00bb 13       		.uleb128 0x13
 2137 00bc 11       		.uleb128 0x11
 2138 00bd 01       		.uleb128 0x1
 2139 00be 12       		.uleb128 0x12
 2140 00bf 06       		.uleb128 0x6
 2141 00c0 40       		.uleb128 0x40
 2142 00c1 18       		.uleb128 0x18
 2143 00c2 9642     		.uleb128 0x2116
 2144 00c4 19       		.uleb128 0x19
 2145 00c5 01       		.uleb128 0x1
 2146 00c6 13       		.uleb128 0x13
 2147 00c7 00       		.byte	0
 2148 00c8 00       		.byte	0
 2149 00c9 0C       		.uleb128 0xc
 2150 00ca 34       		.uleb128 0x34
 2151 00cb 00       		.byte	0
 2152 00cc 03       		.uleb128 0x3
 2153 00cd 0E       		.uleb128 0xe
 2154 00ce 3A       		.uleb128 0x3a
 2155 00cf 0B       		.uleb128 0xb
 2156 00d0 3B       		.uleb128 0x3b
 2157 00d1 0B       		.uleb128 0xb
 2158 00d2 49       		.uleb128 0x49
 2159 00d3 13       		.uleb128 0x13
 2160 00d4 02       		.uleb128 0x2
 2161 00d5 18       		.uleb128 0x18
 2162 00d6 00       		.byte	0
 2163 00d7 00       		.byte	0
 2164 00d8 0D       		.uleb128 0xd
 2165 00d9 01       		.uleb128 0x1
 2166 00da 01       		.byte	0x1
 2167 00db 49       		.uleb128 0x49
 2168 00dc 13       		.uleb128 0x13
 2169 00dd 01       		.uleb128 0x1
 2170 00de 13       		.uleb128 0x13
 2171 00df 00       		.byte	0
ARM GAS  C:\Users\User\AppData\Local\Temp\ccyg5Mak.s 			page 43


 2172 00e0 00       		.byte	0
 2173 00e1 0E       		.uleb128 0xe
 2174 00e2 21       		.uleb128 0x21
 2175 00e3 00       		.byte	0
 2176 00e4 49       		.uleb128 0x49
 2177 00e5 13       		.uleb128 0x13
 2178 00e6 2F       		.uleb128 0x2f
 2179 00e7 0B       		.uleb128 0xb
 2180 00e8 00       		.byte	0
 2181 00e9 00       		.byte	0
 2182 00ea 0F       		.uleb128 0xf
 2183 00eb 34       		.uleb128 0x34
 2184 00ec 00       		.byte	0
 2185 00ed 03       		.uleb128 0x3
 2186 00ee 0E       		.uleb128 0xe
 2187 00ef 3A       		.uleb128 0x3a
 2188 00f0 0B       		.uleb128 0xb
 2189 00f1 3B       		.uleb128 0x3b
 2190 00f2 05       		.uleb128 0x5
 2191 00f3 49       		.uleb128 0x49
 2192 00f4 13       		.uleb128 0x13
 2193 00f5 3F       		.uleb128 0x3f
 2194 00f6 19       		.uleb128 0x19
 2195 00f7 3C       		.uleb128 0x3c
 2196 00f8 19       		.uleb128 0x19
 2197 00f9 00       		.byte	0
 2198 00fa 00       		.byte	0
 2199 00fb 10       		.uleb128 0x10
 2200 00fc 35       		.uleb128 0x35
 2201 00fd 00       		.byte	0
 2202 00fe 49       		.uleb128 0x49
 2203 00ff 13       		.uleb128 0x13
 2204 0100 00       		.byte	0
 2205 0101 00       		.byte	0
 2206 0102 11       		.uleb128 0x11
 2207 0103 34       		.uleb128 0x34
 2208 0104 00       		.byte	0
 2209 0105 03       		.uleb128 0x3
 2210 0106 0E       		.uleb128 0xe
 2211 0107 3A       		.uleb128 0x3a
 2212 0108 0B       		.uleb128 0xb
 2213 0109 3B       		.uleb128 0x3b
 2214 010a 0B       		.uleb128 0xb
 2215 010b 49       		.uleb128 0x49
 2216 010c 13       		.uleb128 0x13
 2217 010d 3F       		.uleb128 0x3f
 2218 010e 19       		.uleb128 0x19
 2219 010f 02       		.uleb128 0x2
 2220 0110 18       		.uleb128 0x18
 2221 0111 00       		.byte	0
 2222 0112 00       		.byte	0
 2223 0113 00       		.byte	0
 2224              		.section	.debug_aranges,"",%progbits
 2225 0000 3C000000 		.4byte	0x3c
 2226 0004 0200     		.2byte	0x2
 2227 0006 00000000 		.4byte	.Ldebug_info0
 2228 000a 04       		.byte	0x4
ARM GAS  C:\Users\User\AppData\Local\Temp\ccyg5Mak.s 			page 44


 2229 000b 00       		.byte	0
 2230 000c 0000     		.2byte	0
 2231 000e 0000     		.2byte	0
 2232 0010 00000000 		.4byte	.LFB63
 2233 0014 3C040000 		.4byte	.LFE63-.LFB63
 2234 0018 00000000 		.4byte	.LFB64
 2235 001c 1C000000 		.4byte	.LFE64-.LFB64
 2236 0020 00000000 		.4byte	.LFB65
 2237 0024 38000000 		.4byte	.LFE65-.LFB65
 2238 0028 00000000 		.4byte	.LFB66
 2239 002c 90000000 		.4byte	.LFE66-.LFB66
 2240 0030 00000000 		.4byte	.LFB67
 2241 0034 80010000 		.4byte	.LFE67-.LFB67
 2242 0038 00000000 		.4byte	0
 2243 003c 00000000 		.4byte	0
 2244              		.section	.debug_ranges,"",%progbits
 2245              	.Ldebug_ranges0:
 2246 0000 00000000 		.4byte	.LFB63
 2247 0004 3C040000 		.4byte	.LFE63
 2248 0008 00000000 		.4byte	.LFB64
 2249 000c 1C000000 		.4byte	.LFE64
 2250 0010 00000000 		.4byte	.LFB65
 2251 0014 38000000 		.4byte	.LFE65
 2252 0018 00000000 		.4byte	.LFB66
 2253 001c 90000000 		.4byte	.LFE66
 2254 0020 00000000 		.4byte	.LFB67
 2255 0024 80010000 		.4byte	.LFE67
 2256 0028 00000000 		.4byte	0
 2257 002c 00000000 		.4byte	0
 2258              		.section	.debug_line,"",%progbits
 2259              	.Ldebug_line0:
 2260 0000 A3020000 		.section	.debug_str,"MS",%progbits,1
 2260      02004301 
 2260      00000201 
 2260      FB0E0D00 
 2260      01010101 
 2261              	.LASF15:
 2262 0000 6C6F6E67 		.ascii	"long double\000"
 2262      20646F75 
 2262      626C6500 
 2263              	.LASF19:
 2264 000c 616E676C 		.ascii	"angle_Volt\000"
 2264      655F566F 
 2264      6C7400
 2265              	.LASF17:
 2266 0017 63616C63 		.ascii	"calculate_50Hz_RMS\000"
 2266      756C6174 
 2266      655F3530 
 2266      487A5F52 
 2266      4D5300
 2267              	.LASF37:
 2268 002a 433A5C55 		.ascii	"C:\\Users\\User\\Desktop\\PSOC\\fft\\third\\Emptypr"
 2268      73657273 
 2268      5C557365 
 2268      725C4465 
 2268      736B746F 
 2269 0056 6F6A6563 		.ascii	"oject.cydsn\000"
ARM GAS  C:\Users\User\AppData\Local\Temp\ccyg5Mak.s 			page 45


 2269      742E6379 
 2269      64736E00 
 2270              	.LASF2:
 2271 0062 73686F72 		.ascii	"short int\000"
 2271      7420696E 
 2271      7400
 2272              	.LASF14:
 2273 006c 73697A65 		.ascii	"sizetype\000"
 2273      74797065 
 2273      00
 2274              	.LASF27:
 2275 0075 73616D70 		.ascii	"samples_Ampere\000"
 2275      6C65735F 
 2275      416D7065 
 2275      726500
 2276              	.LASF34:
 2277 0084 496D5F41 		.ascii	"Im_Ampere\000"
 2277      6D706572 
 2277      6500
 2278              	.LASF31:
 2279 008e 496D5F76 		.ascii	"Im_volt\000"
 2279      6F6C7400 
 2280              	.LASF24:
 2281 0096 416D705F 		.ascii	"Amp_Ampere\000"
 2281      416D7065 
 2281      726500
 2282              	.LASF33:
 2283 00a1 52655F41 		.ascii	"Re_Ampere\000"
 2283      6D706572 
 2283      6500
 2284              	.LASF11:
 2285 00ab 666C6F61 		.ascii	"float\000"
 2285      7400
 2286              	.LASF6:
 2287 00b1 6C6F6E67 		.ascii	"long long int\000"
 2287      206C6F6E 
 2287      6720696E 
 2287      7400
 2288              	.LASF23:
 2289 00bf 524D535F 		.ascii	"RMS_Volt\000"
 2289      566F6C74 
 2289      00
 2290              	.LASF35:
 2291 00c8 474E5520 		.ascii	"GNU C 4.9.3 20150303 (release) [ARM/embedded-4_9-br"
 2291      4320342E 
 2291      392E3320 
 2291      32303135 
 2291      30333033 
 2292 00fb 616E6368 		.ascii	"anch revision 221220] -mcpu=cortex-m3 -mthumb -g -O"
 2292      20726576 
 2292      6973696F 
 2292      6E203232 
 2292      31323230 
 2293 012e 30202D66 		.ascii	"0 -ffunction-sections -ffat-lto-objects\000"
 2293      66756E63 
 2293      74696F6E 
 2293      2D736563 
ARM GAS  C:\Users\User\AppData\Local\Temp\ccyg5Mak.s 			page 46


 2293      74696F6E 
 2294              	.LASF32:
 2295 0156 4162735F 		.ascii	"Abs_Ampere\000"
 2295      416D7065 
 2295      726500
 2296              	.LASF1:
 2297 0161 756E7369 		.ascii	"unsigned char\000"
 2297      676E6564 
 2297      20636861 
 2297      7200
 2298              	.LASF20:
 2299 016f 616E676C 		.ascii	"angle_Ampere\000"
 2299      655F416D 
 2299      70657265 
 2299      00
 2300              	.LASF25:
 2301 017c 524D535F 		.ascii	"RMS_Ampere\000"
 2301      416D7065 
 2301      726500
 2302              	.LASF0:
 2303 0187 7369676E 		.ascii	"signed char\000"
 2303      65642063 
 2303      68617200 
 2304              	.LASF7:
 2305 0193 6C6F6E67 		.ascii	"long long unsigned int\000"
 2305      206C6F6E 
 2305      6720756E 
 2305      7369676E 
 2305      65642069 
 2306              	.LASF8:
 2307 01aa 756E7369 		.ascii	"unsigned int\000"
 2307      676E6564 
 2307      20696E74 
 2307      00
 2308              	.LASF3:
 2309 01b7 73686F72 		.ascii	"short unsigned int\000"
 2309      7420756E 
 2309      7369676E 
 2309      65642069 
 2309      6E7400
 2310              	.LASF26:
 2311 01ca 73616D70 		.ascii	"samples_volt\000"
 2311      6C65735F 
 2311      766F6C74 
 2311      00
 2312              	.LASF16:
 2313 01d7 63616C63 		.ascii	"calculate_50Hz_Amp\000"
 2313      756C6174 
 2313      655F3530 
 2313      487A5F41 
 2313      6D7000
 2314              	.LASF13:
 2315 01ea 63686172 		.ascii	"char\000"
 2315      00
 2316              	.LASF4:
 2317 01ef 6C6F6E67 		.ascii	"long int\000"
 2317      20696E74 
ARM GAS  C:\Users\User\AppData\Local\Temp\ccyg5Mak.s 			page 47


 2317      00
 2318              	.LASF21:
 2319 01f8 6D61696E 		.ascii	"main\000"
 2319      00
 2320              	.LASF10:
 2321 01fd 696E7433 		.ascii	"int32_t\000"
 2321      325F7400 
 2322              	.LASF18:
 2323 0205 63616C63 		.ascii	"calculate_50Hz_PF\000"
 2323      756C6174 
 2323      655F3530 
 2323      487A5F50 
 2323      4600
 2324              	.LASF29:
 2325 0217 4162735F 		.ascii	"Abs_volt\000"
 2325      766F6C74 
 2325      00
 2326              	.LASF36:
 2327 0220 6D61696E 		.ascii	"main.c\000"
 2327      2E6300
 2328              	.LASF5:
 2329 0227 6C6F6E67 		.ascii	"long unsigned int\000"
 2329      20756E73 
 2329      69676E65 
 2329      6420696E 
 2329      7400
 2330              	.LASF12:
 2331 0239 646F7562 		.ascii	"double\000"
 2331      6C6500
 2332              	.LASF9:
 2333 0240 5F5F696E 		.ascii	"__int32_t\000"
 2333      7433325F 
 2333      7400
 2334              	.LASF30:
 2335 024a 52655F76 		.ascii	"Re_volt\000"
 2335      6F6C7400 
 2336              	.LASF28:
 2337 0252 49544D5F 		.ascii	"ITM_RxBuffer\000"
 2337      52784275 
 2337      66666572 
 2337      00
 2338              	.LASF22:
 2339 025f 416D705F 		.ascii	"Amp_Volt\000"
 2339      566F6C74 
 2339      00
 2340              		.ident	"GCC: (GNU Tools for ARM Embedded Processors) 4.9.3 20150303 (release) [ARM/embedded-4_9-br
