ARM GAS  C:\Users\User\AppData\Local\Temp\ccar480e.s 			page 1


   1              		.syntax unified
   2              		.cpu cortex-m3
   3              		.fpu softvfp
   4              		.eabi_attribute 20, 1
   5              		.eabi_attribute 21, 1
   6              		.eabi_attribute 23, 3
   7              		.eabi_attribute 24, 1
   8              		.eabi_attribute 25, 1
   9              		.eabi_attribute 26, 1
  10              		.eabi_attribute 30, 1
  11              		.eabi_attribute 34, 1
  12              		.eabi_attribute 18, 4
  13              		.thumb
  14              		.file	"fft.c"
  15              		.text
  16              	.Ltext0:
  17              		.cfi_sections	.debug_frame
  18              		.global	__aeabi_ui2d
  19              		.global	__aeabi_ddiv
  20              		.global	__aeabi_dmul
  21              		.global	__aeabi_dsub
  22              		.global	__aeabi_dadd
  23              		.section	.text.FFT,"ax",%progbits
  24              		.align	2
  25              		.global	FFT
  26              		.thumb
  27              		.thumb_func
  28              		.type	FFT, %function
  29              	FFT:
  30              	.LFB0:
  31              		.file 1 "..\\..\\fft\\FFT2\\fft.cydsn\\fft.c"
   1:..\..\fft\FFT2\fft.cydsn/fft.c **** /* ========================================
   2:..\..\fft\FFT2\fft.cydsn/fft.c ****  *
   3:..\..\fft\FFT2\fft.cydsn/fft.c ****  * Copyright YOUR COMPANY, THE YEAR
   4:..\..\fft\FFT2\fft.cydsn/fft.c ****  * All Rights Reserved
   5:..\..\fft\FFT2\fft.cydsn/fft.c ****  * UNPUBLISHED, LICENSED SOFTWARE.
   6:..\..\fft\FFT2\fft.cydsn/fft.c ****  *
   7:..\..\fft\FFT2\fft.cydsn/fft.c ****  * CONFIDENTIAL AND PROPRIETARY INFORMATION
   8:..\..\fft\FFT2\fft.cydsn/fft.c ****  * WHICH IS THE PROPERTY OF your company.
   9:..\..\fft\FFT2\fft.cydsn/fft.c ****  *
  10:..\..\fft\FFT2\fft.cydsn/fft.c ****  * ========================================
  11:..\..\fft\FFT2\fft.cydsn/fft.c **** */
  12:..\..\fft\FFT2\fft.cydsn/fft.c **** #include "fft.h"
  13:..\..\fft\FFT2\fft.cydsn/fft.c **** #include "math.h"
  14:..\..\fft\FFT2\fft.cydsn/fft.c **** 
  15:..\..\fft\FFT2\fft.cydsn/fft.c **** #define swap(a,b)tempr=(a);(a)=(b);(b)=tempr
  16:..\..\fft\FFT2\fft.cydsn/fft.c **** 
  17:..\..\fft\FFT2\fft.cydsn/fft.c **** //tempr is a variable from our FFT function  
  18:..\..\fft\FFT2\fft.cydsn/fft.c **** //data -> float array that represent the array of complex samples
  19:..\..\fft\FFT2\fft.cydsn/fft.c **** //number_of_complex_samples -> number of samples (N^2 order number) 
  20:..\..\fft\FFT2\fft.cydsn/fft.c **** //isign -> 1 to calculate FFT and -1 to calculate Reverse FFT
  21:..\..\fft\FFT2\fft.cydsn/fft.c **** void FFT(double* data, unsigned long nn)
  22:..\..\fft\FFT2\fft.cydsn/fft.c **** {
  32              		.loc 1 22 0
  33              		.cfi_startproc
  34              		@ args = 0, pretend = 0, frame = 64
  35              		@ frame_needed = 0, uses_anonymous_args = 0
ARM GAS  C:\Users\User\AppData\Local\Temp\ccar480e.s 			page 2


  36              	.LVL0:
  37 0000 2DE9F04F 		push	{r4, r5, r6, r7, r8, r9, r10, fp, lr}
  38              		.cfi_def_cfa_offset 36
  39              		.cfi_offset 4, -36
  40              		.cfi_offset 5, -32
  41              		.cfi_offset 6, -28
  42              		.cfi_offset 7, -24
  43              		.cfi_offset 8, -20
  44              		.cfi_offset 9, -16
  45              		.cfi_offset 10, -12
  46              		.cfi_offset 11, -8
  47              		.cfi_offset 14, -4
  48 0004 91B0     		sub	sp, sp, #68
  49              		.cfi_def_cfa_offset 104
  50 0006 0746     		mov	r7, r0
  23:..\..\fft\FFT2\fft.cydsn/fft.c ****  unsigned long n, mmax, m, j, istep, i;
  24:..\..\fft\FFT2\fft.cydsn/fft.c ****     double wtemp, wr, wpr, wpi, wi, theta;
  25:..\..\fft\FFT2\fft.cydsn/fft.c ****     double tempr, tempi;
  26:..\..\fft\FFT2\fft.cydsn/fft.c ****  
  27:..\..\fft\FFT2\fft.cydsn/fft.c ****     // reverse-binary reindexing
  28:..\..\fft\FFT2\fft.cydsn/fft.c ****     n = nn<<1;
  51              		.loc 1 28 0
  52 0008 4B00     		lsls	r3, r1, #1
  53 000a 0F93     		str	r3, [sp, #60]
  54              	.LVL1:
  29:..\..\fft\FFT2\fft.cydsn/fft.c ****     j=1;
  30:..\..\fft\FFT2\fft.cydsn/fft.c ****     for (i=1; i<n; i+=2) {
  55              		.loc 1 30 0
  56 000c 0124     		movs	r4, #1
  29:..\..\fft\FFT2\fft.cydsn/fft.c ****     j=1;
  57              		.loc 1 29 0
  58 000e 2246     		mov	r2, r4
  59 0010 1D46     		mov	r5, r3
  60 0012 0E46     		mov	r6, r1
  61              		.loc 1 30 0
  62 0014 28E0     		b	.L2
  63              	.LVL2:
  64              	.L7:
  31:..\..\fft\FFT2\fft.cydsn/fft.c ****         if (j>i) {
  65              		.loc 1 31 0
  66 0016 A242     		cmp	r2, r4
  67 0018 1CD9     		bls	.L3
  32:..\..\fft\FFT2\fft.cydsn/fft.c ****             swap(data[j-1], data[i-1]);
  68              		.loc 1 32 0
  69 001a 6FF06043 		mvn	r3, #-536870912
  70 001e 02EB030E 		add	lr, r2, r3
  71 0022 07EBCE0E 		add	lr, r7, lr, lsl #3
  72 0026 DEE90089 		ldrd	r8, [lr]
  73              	.LVL3:
  74 002a 2344     		add	r3, r3, r4
  75 002c 07EBC303 		add	r3, r7, r3, lsl #3
  76 0030 D3E90001 		ldrd	r0, [r3]
  77 0034 CEE90001 		strd	r0, [lr]
  78 0038 C3E90089 		strd	r8, [r3]
  33:..\..\fft\FFT2\fft.cydsn/fft.c ****             swap(data[j], data[i]);
  79              		.loc 1 33 0
  80 003c 07EBC20E 		add	lr, r7, r2, lsl #3
ARM GAS  C:\Users\User\AppData\Local\Temp\ccar480e.s 			page 3


  81 0040 DEE90089 		ldrd	r8, [lr]
  82              	.LVL4:
  83 0044 07EBC403 		add	r3, r7, r4, lsl #3
  84 0048 D3E90001 		ldrd	r0, [r3]
  85 004c CEE90001 		strd	r0, [lr]
  86 0050 C3E90089 		strd	r8, [r3]
  87              	.LVL5:
  88              	.L3:
  34:..\..\fft\FFT2\fft.cydsn/fft.c ****         }
  35:..\..\fft\FFT2\fft.cydsn/fft.c ****         m = nn;
  89              		.loc 1 35 0
  90 0054 3346     		mov	r3, r6
  36:..\..\fft\FFT2\fft.cydsn/fft.c ****         while (m>=2 && j>m) {
  91              		.loc 1 36 0
  92 0056 01E0     		b	.L4
  93              	.LVL6:
  94              	.L6:
  37:..\..\fft\FFT2\fft.cydsn/fft.c ****             j -= m;
  95              		.loc 1 37 0
  96 0058 D21A     		subs	r2, r2, r3
  97              	.LVL7:
  38:..\..\fft\FFT2\fft.cydsn/fft.c ****             m >>= 1;
  98              		.loc 1 38 0
  99 005a 5B08     		lsrs	r3, r3, #1
 100              	.LVL8:
 101              	.L4:
  36:..\..\fft\FFT2\fft.cydsn/fft.c ****         while (m>=2 && j>m) {
 102              		.loc 1 36 0
 103 005c 012B     		cmp	r3, #1
 104 005e 01D9     		bls	.L5
  36:..\..\fft\FFT2\fft.cydsn/fft.c ****         while (m>=2 && j>m) {
 105              		.loc 1 36 0 is_stmt 0 discriminator 1
 106 0060 9A42     		cmp	r2, r3
 107 0062 F9D8     		bhi	.L6
 108              	.L5:
  39:..\..\fft\FFT2\fft.cydsn/fft.c ****         }
  40:..\..\fft\FFT2\fft.cydsn/fft.c ****         j += m;
 109              		.loc 1 40 0 is_stmt 1 discriminator 2
 110 0064 1A44     		add	r2, r2, r3
 111              	.LVL9:
  30:..\..\fft\FFT2\fft.cydsn/fft.c ****         if (j>i) {
 112              		.loc 1 30 0 discriminator 2
 113 0066 0234     		adds	r4, r4, #2
 114              	.LVL10:
 115              	.L2:
  30:..\..\fft\FFT2\fft.cydsn/fft.c ****         if (j>i) {
 116              		.loc 1 30 0 is_stmt 0 discriminator 1
 117 0068 AC42     		cmp	r4, r5
 118 006a D4D3     		bcc	.L7
 119 006c 0223     		movs	r3, #2
 120 006e 0893     		str	r3, [sp, #32]
 121 0070 B946     		mov	r9, r7
 122 0072 E7E0     		b	.L8
 123              	.LVL11:
 124              	.L12:
  41:..\..\fft\FFT2\fft.cydsn/fft.c ****     };
  42:..\..\fft\FFT2\fft.cydsn/fft.c ****  
ARM GAS  C:\Users\User\AppData\Local\Temp\ccar480e.s 			page 4


  43:..\..\fft\FFT2\fft.cydsn/fft.c ****     // here begins the Danielson-Lanczos section
  44:..\..\fft\FFT2\fft.cydsn/fft.c ****     mmax=2;
  45:..\..\fft\FFT2\fft.cydsn/fft.c ****     while (n>mmax) {
  46:..\..\fft\FFT2\fft.cydsn/fft.c ****         istep = mmax<<1;
 125              		.loc 1 46 0 is_stmt 1
 126 0074 089B     		ldr	r3, [sp, #32]
 127 0076 5A00     		lsls	r2, r3, #1
 128              	.LVL12:
 129 0078 0992     		str	r2, [sp, #36]
 130              	.LVL13:
  47:..\..\fft\FFT2\fft.cydsn/fft.c ****         theta = -(2*M_PI/mmax);
 131              		.loc 1 47 0
 132 007a 1846     		mov	r0, r3
 133 007c FFF7FEFF 		bl	__aeabi_ui2d
 134              	.LVL14:
 135 0080 0246     		mov	r2, r0
 136 0082 0B46     		mov	r3, r1
 137 0084 74A1     		adr	r1, .L15
 138 0086 D1E90001 		ldrd	r0, [r1]
 139 008a FFF7FEFF 		bl	__aeabi_ddiv
 140              	.LVL15:
 141 008e 0746     		mov	r7, r0
 142 0090 01F10046 		add	r6, r1, #-2147483648
 143              	.LVL16:
  48:..\..\fft\FFT2\fft.cydsn/fft.c ****         wtemp = sin(0.5*theta);
 144              		.loc 1 48 0
 145 0094 3846     		mov	r0, r7
 146 0096 3146     		mov	r1, r6
 147 0098 0022     		movs	r2, #0
 148 009a 714B     		ldr	r3, .L15+8
 149 009c FFF7FEFF 		bl	__aeabi_dmul
 150              	.LVL17:
 151 00a0 FFF7FEFF 		bl	sin
 152              	.LVL18:
 153 00a4 0446     		mov	r4, r0
 154 00a6 0D46     		mov	r5, r1
 155              	.LVL19:
  49:..\..\fft\FFT2\fft.cydsn/fft.c ****         wpr = -2.0*wtemp*wtemp;
 156              		.loc 1 49 0
 157 00a8 0022     		movs	r2, #0
 158 00aa 4FF04043 		mov	r3, #-1073741824
 159 00ae FFF7FEFF 		bl	__aeabi_dmul
 160              	.LVL20:
 161 00b2 2246     		mov	r2, r4
 162 00b4 2B46     		mov	r3, r5
 163 00b6 FFF7FEFF 		bl	__aeabi_dmul
 164              	.LVL21:
 165 00ba CDE90A01 		strd	r0, [sp, #40]
 166              	.LVL22:
  50:..\..\fft\FFT2\fft.cydsn/fft.c ****         wpi = sin(theta);
 167              		.loc 1 50 0
 168 00be 3846     		mov	r0, r7
 169              	.LVL23:
 170 00c0 3146     		mov	r1, r6
 171 00c2 FFF7FEFF 		bl	sin
 172              	.LVL24:
 173 00c6 CDE90C01 		strd	r0, [sp, #48]
ARM GAS  C:\Users\User\AppData\Local\Temp\ccar480e.s 			page 5


 174              	.LVL25:
  51:..\..\fft\FFT2\fft.cydsn/fft.c ****         wr = 1.0;
  52:..\..\fft\FFT2\fft.cydsn/fft.c ****         wi = 0.0;
 175              		.loc 1 52 0
 176 00ca 0022     		movs	r2, #0
 177 00cc 0023     		movs	r3, #0
 178 00ce CDE90423 		strd	r2, [sp, #16]
  51:..\..\fft\FFT2\fft.cydsn/fft.c ****         wr = 1.0;
 179              		.loc 1 51 0
 180 00d2 0022     		movs	r2, #0
 181 00d4 634B     		ldr	r3, .L15+12
 182 00d6 CDE90223 		strd	r2, [sp, #8]
  53:..\..\fft\FFT2\fft.cydsn/fft.c ****         for (m=1; m < mmax; m += 2) {
 183              		.loc 1 53 0
 184 00da 0123     		movs	r3, #1
 185 00dc 0E93     		str	r3, [sp, #56]
 186 00de ABE0     		b	.L9
 187              	.LVL26:
 188              	.L10:
  54:..\..\fft\FFT2\fft.cydsn/fft.c ****             for (i=m; i <= n; i += istep) {
  55:..\..\fft\FFT2\fft.cydsn/fft.c ****                 j=i+mmax;
 189              		.loc 1 55 0 discriminator 3
 190 00e0 089B     		ldr	r3, [sp, #32]
 191 00e2 0BEB0305 		add	r5, fp, r3
 192              	.LVL27:
  56:..\..\fft\FFT2\fft.cydsn/fft.c ****                 tempr = wr*data[j-1] - wi*data[j];
 193              		.loc 1 56 0 discriminator 3
 194 00e6 6FF06044 		mvn	r4, #-536870912
 195 00ea 05EB0408 		add	r8, r5, r4
 196 00ee 09EBC808 		add	r8, r9, r8, lsl #3
 197 00f2 D8E90023 		ldrd	r2, [r8]
 198 00f6 CDE90623 		strd	r2, [sp, #24]
 199 00fa 1046     		mov	r0, r2
 200 00fc 1946     		mov	r1, r3
 201 00fe DDE90223 		ldrd	r2, [sp, #8]
 202 0102 FFF7FEFF 		bl	__aeabi_dmul
 203              	.LVL28:
 204 0106 CDE90001 		strd	r0, [sp]
 205 010a 09EBC505 		add	r5, r9, r5, lsl #3
 206              	.LVL29:
 207 010e D5E90067 		ldrd	r6, [r5]
 208 0112 3046     		mov	r0, r6
 209 0114 3946     		mov	r1, r7
 210 0116 DDE90423 		ldrd	r2, [sp, #16]
 211 011a FFF7FEFF 		bl	__aeabi_dmul
 212              	.LVL30:
 213 011e 0246     		mov	r2, r0
 214 0120 0B46     		mov	r3, r1
 215 0122 DDE90001 		ldrd	r0, [sp]
 216 0126 FFF7FEFF 		bl	__aeabi_dsub
 217              	.LVL31:
 218 012a CDE90001 		strd	r0, [sp]
 219              	.LVL32:
  57:..\..\fft\FFT2\fft.cydsn/fft.c ****                 tempi = wr * data[j] + wi*data[j-1];
 220              		.loc 1 57 0 discriminator 3
 221 012e DDE90201 		ldrd	r0, [sp, #8]
 222              	.LVL33:
ARM GAS  C:\Users\User\AppData\Local\Temp\ccar480e.s 			page 6


 223 0132 3246     		mov	r2, r6
 224 0134 3B46     		mov	r3, r7
 225 0136 FFF7FEFF 		bl	__aeabi_dmul
 226              	.LVL34:
 227 013a 0646     		mov	r6, r0
 228 013c 0F46     		mov	r7, r1
 229 013e DDE90401 		ldrd	r0, [sp, #16]
 230 0142 DDE90623 		ldrd	r2, [sp, #24]
 231 0146 FFF7FEFF 		bl	__aeabi_dmul
 232              	.LVL35:
 233 014a 0246     		mov	r2, r0
 234 014c 0B46     		mov	r3, r1
 235 014e 3046     		mov	r0, r6
 236 0150 3946     		mov	r1, r7
 237 0152 FFF7FEFF 		bl	__aeabi_dadd
 238              	.LVL36:
 239 0156 0646     		mov	r6, r0
 240 0158 0F46     		mov	r7, r1
 241              	.LVL37:
  58:..\..\fft\FFT2\fft.cydsn/fft.c ****  
  59:..\..\fft\FFT2\fft.cydsn/fft.c ****                 data[j-1] = data[i-1] - tempr;
 242              		.loc 1 59 0 discriminator 3
 243 015a 5C44     		add	r4, r4, fp
 244 015c 09EBC404 		add	r4, r9, r4, lsl #3
 245 0160 D4E90001 		ldrd	r0, [r4]
 246 0164 DDE90023 		ldrd	r2, [sp]
 247 0168 FFF7FEFF 		bl	__aeabi_dsub
 248              	.LVL38:
 249 016c C8E90001 		strd	r0, [r8]
  60:..\..\fft\FFT2\fft.cydsn/fft.c ****                 data[j] = data[i] - tempi;
 250              		.loc 1 60 0 discriminator 3
 251 0170 09EBCB08 		add	r8, r9, fp, lsl #3
 252 0174 D8E90001 		ldrd	r0, [r8]
 253 0178 3246     		mov	r2, r6
 254 017a 3B46     		mov	r3, r7
 255 017c FFF7FEFF 		bl	__aeabi_dsub
 256              	.LVL39:
 257 0180 C5E90001 		strd	r0, [r5]
  61:..\..\fft\FFT2\fft.cydsn/fft.c ****                 data[i-1] += tempr;
 258              		.loc 1 61 0 discriminator 3
 259 0184 D4E90001 		ldrd	r0, [r4]
 260 0188 DDE90023 		ldrd	r2, [sp]
 261 018c FFF7FEFF 		bl	__aeabi_dadd
 262              	.LVL40:
 263 0190 C4E90001 		strd	r0, [r4]
  62:..\..\fft\FFT2\fft.cydsn/fft.c ****                 data[i] += tempi;
 264              		.loc 1 62 0 discriminator 3
 265 0194 D8E90001 		ldrd	r0, [r8]
 266 0198 3246     		mov	r2, r6
 267 019a 3B46     		mov	r3, r7
 268 019c FFF7FEFF 		bl	__aeabi_dadd
 269              	.LVL41:
 270 01a0 C8E90001 		strd	r0, [r8]
  54:..\..\fft\FFT2\fft.cydsn/fft.c ****                 j=i+mmax;
 271              		.loc 1 54 0 discriminator 3
 272 01a4 099B     		ldr	r3, [sp, #36]
 273 01a6 9B44     		add	fp, fp, r3
ARM GAS  C:\Users\User\AppData\Local\Temp\ccar480e.s 			page 7


 274              	.LVL42:
 275 01a8 03E0     		b	.L11
 276              	.LVL43:
 277              	.L13:
 278 01aa DDF838B0 		ldr	fp, [sp, #56]
 279 01ae DDF83CA0 		ldr	r10, [sp, #60]
 280              	.LVL44:
 281              	.L11:
  54:..\..\fft\FFT2\fft.cydsn/fft.c ****                 j=i+mmax;
 282              		.loc 1 54 0 is_stmt 0 discriminator 1
 283 01b2 D345     		cmp	fp, r10
 284 01b4 94D9     		bls	.L10
 285              	.LVL45:
  63:..\..\fft\FFT2\fft.cydsn/fft.c ****             }
  64:..\..\fft\FFT2\fft.cydsn/fft.c ****             wtemp=wr;
  65:..\..\fft\FFT2\fft.cydsn/fft.c ****             wr += wr*wpr - wi*wpi;
 286              		.loc 1 65 0 is_stmt 1 discriminator 2
 287 01b6 DDE90267 		ldrd	r6, [sp, #8]
 288 01ba 3046     		mov	r0, r6
 289 01bc 3946     		mov	r1, r7
 290 01be DDE90A23 		ldrd	r2, [sp, #40]
 291 01c2 FFF7FEFF 		bl	__aeabi_dmul
 292              	.LVL46:
 293 01c6 0446     		mov	r4, r0
 294 01c8 0D46     		mov	r5, r1
 295 01ca DDE904AB 		ldrd	r10, [sp, #16]
 296 01ce 5046     		mov	r0, r10
 297 01d0 5946     		mov	r1, fp
 298 01d2 DDE90C23 		ldrd	r2, [sp, #48]
 299 01d6 FFF7FEFF 		bl	__aeabi_dmul
 300              	.LVL47:
 301 01da 0246     		mov	r2, r0
 302 01dc 0B46     		mov	r3, r1
 303 01de 2046     		mov	r0, r4
 304 01e0 2946     		mov	r1, r5
 305 01e2 FFF7FEFF 		bl	__aeabi_dsub
 306              	.LVL48:
 307 01e6 CDE90267 		strd	r6, [sp, #8]
 308              	.LVL49:
 309 01ea 3246     		mov	r2, r6
 310 01ec 3B46     		mov	r3, r7
 311 01ee FFF7FEFF 		bl	__aeabi_dadd
 312              	.LVL50:
 313 01f2 0646     		mov	r6, r0
 314              	.LVL51:
 315 01f4 0F46     		mov	r7, r1
 316              	.LVL52:
  66:..\..\fft\FFT2\fft.cydsn/fft.c ****             wi += wi*wpr + wtemp*wpi;
 317              		.loc 1 66 0 discriminator 2
 318 01f6 5046     		mov	r0, r10
 319 01f8 5946     		mov	r1, fp
 320 01fa DDE90A23 		ldrd	r2, [sp, #40]
 321 01fe FFF7FEFF 		bl	__aeabi_dmul
 322              	.LVL53:
 323 0202 0446     		mov	r4, r0
 324 0204 0D46     		mov	r5, r1
 325 0206 DDE90201 		ldrd	r0, [sp, #8]
ARM GAS  C:\Users\User\AppData\Local\Temp\ccar480e.s 			page 8


 326 020a DDE90C23 		ldrd	r2, [sp, #48]
 327 020e FFF7FEFF 		bl	__aeabi_dmul
 328              	.LVL54:
 329 0212 0246     		mov	r2, r0
 330 0214 0B46     		mov	r3, r1
 331 0216 2046     		mov	r0, r4
 332 0218 2946     		mov	r1, r5
 333 021a FFF7FEFF 		bl	__aeabi_dadd
 334              	.LVL55:
 335 021e 0246     		mov	r2, r0
 336 0220 0B46     		mov	r3, r1
 337 0222 5046     		mov	r0, r10
 338 0224 5946     		mov	r1, fp
 339 0226 FFF7FEFF 		bl	__aeabi_dadd
 340              	.LVL56:
 341 022a CDE90401 		strd	r0, [sp, #16]
 342              	.LVL57:
  53:..\..\fft\FFT2\fft.cydsn/fft.c ****             for (i=m; i <= n; i += istep) {
 343              		.loc 1 53 0 discriminator 2
 344 022e 0E9B     		ldr	r3, [sp, #56]
 345 0230 0233     		adds	r3, r3, #2
 346 0232 0E93     		str	r3, [sp, #56]
 347              	.LVL58:
  65:..\..\fft\FFT2\fft.cydsn/fft.c ****             wi += wi*wpr + wtemp*wpi;
 348              		.loc 1 65 0 discriminator 2
 349 0234 CDE90267 		strd	r6, [sp, #8]
 350              	.LVL59:
 351              	.L9:
  53:..\..\fft\FFT2\fft.cydsn/fft.c ****             for (i=m; i <= n; i += istep) {
 352              		.loc 1 53 0 discriminator 1
 353 0238 0E9B     		ldr	r3, [sp, #56]
 354 023a 089A     		ldr	r2, [sp, #32]
 355 023c 9342     		cmp	r3, r2
 356 023e B4D3     		bcc	.L13
  67:..\..\fft\FFT2\fft.cydsn/fft.c ****         }
  68:..\..\fft\FFT2\fft.cydsn/fft.c ****         mmax=istep;
 357              		.loc 1 68 0
 358 0240 099B     		ldr	r3, [sp, #36]
 359 0242 0893     		str	r3, [sp, #32]
 360              	.LVL60:
 361              	.L8:
  45:..\..\fft\FFT2\fft.cydsn/fft.c ****         istep = mmax<<1;
 362              		.loc 1 45 0
 363 0244 0F9B     		ldr	r3, [sp, #60]
 364 0246 089A     		ldr	r2, [sp, #32]
 365 0248 9342     		cmp	r3, r2
 366 024a 3FF613AF 		bhi	.L12
  69:..\..\fft\FFT2\fft.cydsn/fft.c ****     }
  70:..\..\fft\FFT2\fft.cydsn/fft.c **** }
 367              		.loc 1 70 0
 368 024e 11B0     		add	sp, sp, #68
 369              		.cfi_def_cfa_offset 36
 370              		@ sp needed
 371 0250 BDE8F08F 		pop	{r4, r5, r6, r7, r8, r9, r10, fp, pc}
 372              	.LVL61:
 373              	.L16:
 374 0254 AFF30080 		.align	3
ARM GAS  C:\Users\User\AppData\Local\Temp\ccar480e.s 			page 9


 375              	.L15:
 376 0258 182D4454 		.word	1413754136
 377 025c FB211940 		.word	1075388923
 378 0260 0000E03F 		.word	1071644672
 379 0264 0000F03F 		.word	1072693248
 380              		.cfi_endproc
 381              	.LFE0:
 382              		.size	FFT, .-FFT
 383              		.text
 384              	.Letext0:
 385              		.file 2 "c:\\program files (x86)\\cypress\\psoc creator\\4.0\\psoc creator\\import\\gnu\\arm\\4.9.
 386              		.section	.debug_info,"",%progbits
 387              	.Ldebug_info0:
 388 0000 AF010000 		.4byte	0x1af
 389 0004 0400     		.2byte	0x4
 390 0006 00000000 		.4byte	.Ldebug_abbrev0
 391 000a 04       		.byte	0x4
 392 000b 01       		.uleb128 0x1
 393 000c B7000000 		.4byte	.LASF21
 394 0010 01       		.byte	0x1
 395 0011 52010000 		.4byte	.LASF22
 396 0015 57000000 		.4byte	.LASF23
 397 0019 00000000 		.4byte	.Ldebug_ranges0+0
 398 001d 00000000 		.4byte	0
 399 0021 00000000 		.4byte	.Ldebug_line0
 400 0025 02       		.uleb128 0x2
 401 0026 04       		.byte	0x4
 402 0027 05       		.byte	0x5
 403 0028 696E7400 		.ascii	"int\000"
 404 002c 03       		.uleb128 0x3
 405 002d 04       		.byte	0x4
 406 002e 07       		.byte	0x7
 407 002f 45010000 		.4byte	.LASF0
 408 0033 03       		.uleb128 0x3
 409 0034 01       		.byte	0x1
 410 0035 06       		.byte	0x6
 411 0036 CF010000 		.4byte	.LASF1
 412 003a 03       		.uleb128 0x3
 413 003b 01       		.byte	0x1
 414 003c 08       		.byte	0x8
 415 003d 1D000000 		.4byte	.LASF2
 416 0041 03       		.uleb128 0x3
 417 0042 02       		.byte	0x2
 418 0043 05       		.byte	0x5
 419 0044 AA010000 		.4byte	.LASF3
 420 0048 03       		.uleb128 0x3
 421 0049 02       		.byte	0x2
 422 004a 07       		.byte	0x7
 423 004b 3D000000 		.4byte	.LASF4
 424 004f 03       		.uleb128 0x3
 425 0050 04       		.byte	0x4
 426 0051 05       		.byte	0x5
 427 0052 BA010000 		.4byte	.LASF5
 428 0056 03       		.uleb128 0x3
 429 0057 04       		.byte	0x4
 430 0058 07       		.byte	0x7
 431 0059 2B000000 		.4byte	.LASF6
ARM GAS  C:\Users\User\AppData\Local\Temp\ccar480e.s 			page 10


 432 005d 03       		.uleb128 0x3
 433 005e 08       		.byte	0x8
 434 005f 05       		.byte	0x5
 435 0060 91010000 		.4byte	.LASF7
 436 0064 03       		.uleb128 0x3
 437 0065 08       		.byte	0x8
 438 0066 07       		.byte	0x7
 439 0067 71010000 		.4byte	.LASF8
 440 006b 03       		.uleb128 0x3
 441 006c 04       		.byte	0x4
 442 006d 07       		.byte	0x7
 443 006e 88010000 		.4byte	.LASF9
 444 0072 03       		.uleb128 0x3
 445 0073 01       		.byte	0x1
 446 0074 08       		.byte	0x8
 447 0075 9F010000 		.4byte	.LASF10
 448 0079 03       		.uleb128 0x3
 449 007a 08       		.byte	0x8
 450 007b 04       		.byte	0x4
 451 007c 50000000 		.4byte	.LASF11
 452 0080 03       		.uleb128 0x3
 453 0081 04       		.byte	0x4
 454 0082 04       		.byte	0x4
 455 0083 0C000000 		.4byte	.LASF12
 456 0087 03       		.uleb128 0x3
 457 0088 08       		.byte	0x8
 458 0089 04       		.byte	0x4
 459 008a C3010000 		.4byte	.LASF13
 460 008e 04       		.uleb128 0x4
 461 008f 46465400 		.ascii	"FFT\000"
 462 0093 01       		.byte	0x1
 463 0094 15       		.byte	0x15
 464 0095 00000000 		.4byte	.LFB0
 465 0099 68020000 		.4byte	.LFE0-.LFB0
 466 009d 01       		.uleb128 0x1
 467 009e 9C       		.byte	0x9c
 468 009f 9B010000 		.4byte	0x19b
 469 00a3 05       		.uleb128 0x5
 470 00a4 12000000 		.4byte	.LASF14
 471 00a8 01       		.byte	0x1
 472 00a9 15       		.byte	0x15
 473 00aa 9B010000 		.4byte	0x19b
 474 00ae 00000000 		.4byte	.LLST0
 475 00b2 06       		.uleb128 0x6
 476 00b3 6E6E00   		.ascii	"nn\000"
 477 00b6 01       		.byte	0x1
 478 00b7 15       		.byte	0x15
 479 00b8 56000000 		.4byte	0x56
 480 00bc 37000000 		.4byte	.LLST1
 481 00c0 07       		.uleb128 0x7
 482 00c1 6E00     		.ascii	"n\000"
 483 00c3 01       		.byte	0x1
 484 00c4 17       		.byte	0x17
 485 00c5 56000000 		.4byte	0x56
 486 00c9 58000000 		.4byte	.LLST2
 487 00cd 08       		.uleb128 0x8
 488 00ce B2000000 		.4byte	.LASF15
ARM GAS  C:\Users\User\AppData\Local\Temp\ccar480e.s 			page 11


 489 00d2 01       		.byte	0x1
 490 00d3 17       		.byte	0x17
 491 00d4 56000000 		.4byte	0x56
 492 00d8 8E000000 		.4byte	.LLST3
 493 00dc 07       		.uleb128 0x7
 494 00dd 6D00     		.ascii	"m\000"
 495 00df 01       		.byte	0x1
 496 00e0 17       		.byte	0x17
 497 00e1 56000000 		.4byte	0x56
 498 00e5 B9000000 		.4byte	.LLST4
 499 00e9 07       		.uleb128 0x7
 500 00ea 6A00     		.ascii	"j\000"
 501 00ec 01       		.byte	0x1
 502 00ed 17       		.byte	0x17
 503 00ee 56000000 		.4byte	0x56
 504 00f2 1D010000 		.4byte	.LLST5
 505 00f6 08       		.uleb128 0x8
 506 00f7 17000000 		.4byte	.LASF16
 507 00fb 01       		.byte	0x1
 508 00fc 17       		.byte	0x17
 509 00fd 56000000 		.4byte	0x56
 510 0101 59010000 		.4byte	.LLST6
 511 0105 07       		.uleb128 0x7
 512 0106 6900     		.ascii	"i\000"
 513 0108 01       		.byte	0x1
 514 0109 17       		.byte	0x17
 515 010a 56000000 		.4byte	0x56
 516 010e 79010000 		.4byte	.LLST7
 517 0112 08       		.uleb128 0x8
 518 0113 B4010000 		.4byte	.LASF17
 519 0117 01       		.byte	0x1
 520 0118 18       		.byte	0x18
 521 0119 79000000 		.4byte	0x79
 522 011d AE010000 		.4byte	.LLST8
 523 0121 07       		.uleb128 0x7
 524 0122 777200   		.ascii	"wr\000"
 525 0125 01       		.byte	0x1
 526 0126 18       		.byte	0x18
 527 0127 79000000 		.4byte	0x79
 528 012b F0010000 		.4byte	.LLST9
 529 012f 07       		.uleb128 0x7
 530 0130 77707200 		.ascii	"wpr\000"
 531 0134 01       		.byte	0x1
 532 0135 18       		.byte	0x18
 533 0136 79000000 		.4byte	0x79
 534 013a 36020000 		.4byte	.LLST10
 535 013e 07       		.uleb128 0x7
 536 013f 77706900 		.ascii	"wpi\000"
 537 0143 01       		.byte	0x1
 538 0144 18       		.byte	0x18
 539 0145 79000000 		.4byte	0x79
 540 0149 5A020000 		.4byte	.LLST11
 541 014d 07       		.uleb128 0x7
 542 014e 776900   		.ascii	"wi\000"
 543 0151 01       		.byte	0x1
 544 0152 18       		.byte	0x18
 545 0153 79000000 		.4byte	0x79
ARM GAS  C:\Users\User\AppData\Local\Temp\ccar480e.s 			page 12


 546 0157 7E020000 		.4byte	.LLST12
 547 015b 08       		.uleb128 0x8
 548 015c 00000000 		.4byte	.LASF18
 549 0160 01       		.byte	0x1
 550 0161 18       		.byte	0x18
 551 0162 79000000 		.4byte	0x79
 552 0166 C4020000 		.4byte	.LLST13
 553 016a 08       		.uleb128 0x8
 554 016b A4010000 		.4byte	.LASF19
 555 016f 01       		.byte	0x1
 556 0170 19       		.byte	0x19
 557 0171 79000000 		.4byte	0x79
 558 0175 EC020000 		.4byte	.LLST14
 559 0179 08       		.uleb128 0x8
 560 017a 06000000 		.4byte	.LASF20
 561 017e 01       		.byte	0x1
 562 017f 19       		.byte	0x19
 563 0180 79000000 		.4byte	0x79
 564 0184 20030000 		.4byte	.LLST15
 565 0188 09       		.uleb128 0x9
 566 0189 A4000000 		.4byte	.LVL18
 567 018d A1010000 		.4byte	0x1a1
 568 0191 09       		.uleb128 0x9
 569 0192 C6000000 		.4byte	.LVL24
 570 0196 A1010000 		.4byte	0x1a1
 571 019a 00       		.byte	0
 572 019b 0A       		.uleb128 0xa
 573 019c 04       		.byte	0x4
 574 019d 79000000 		.4byte	0x79
 575 01a1 0B       		.uleb128 0xb
 576 01a2 73696E00 		.ascii	"sin\000"
 577 01a6 02       		.byte	0x2
 578 01a7 6E       		.byte	0x6e
 579 01a8 79000000 		.4byte	0x79
 580 01ac 0C       		.uleb128 0xc
 581 01ad 79000000 		.4byte	0x79
 582 01b1 00       		.byte	0
 583 01b2 00       		.byte	0
 584              		.section	.debug_abbrev,"",%progbits
 585              	.Ldebug_abbrev0:
 586 0000 01       		.uleb128 0x1
 587 0001 11       		.uleb128 0x11
 588 0002 01       		.byte	0x1
 589 0003 25       		.uleb128 0x25
 590 0004 0E       		.uleb128 0xe
 591 0005 13       		.uleb128 0x13
 592 0006 0B       		.uleb128 0xb
 593 0007 03       		.uleb128 0x3
 594 0008 0E       		.uleb128 0xe
 595 0009 1B       		.uleb128 0x1b
 596 000a 0E       		.uleb128 0xe
 597 000b 55       		.uleb128 0x55
 598 000c 17       		.uleb128 0x17
 599 000d 11       		.uleb128 0x11
 600 000e 01       		.uleb128 0x1
 601 000f 10       		.uleb128 0x10
 602 0010 17       		.uleb128 0x17
ARM GAS  C:\Users\User\AppData\Local\Temp\ccar480e.s 			page 13


 603 0011 00       		.byte	0
 604 0012 00       		.byte	0
 605 0013 02       		.uleb128 0x2
 606 0014 24       		.uleb128 0x24
 607 0015 00       		.byte	0
 608 0016 0B       		.uleb128 0xb
 609 0017 0B       		.uleb128 0xb
 610 0018 3E       		.uleb128 0x3e
 611 0019 0B       		.uleb128 0xb
 612 001a 03       		.uleb128 0x3
 613 001b 08       		.uleb128 0x8
 614 001c 00       		.byte	0
 615 001d 00       		.byte	0
 616 001e 03       		.uleb128 0x3
 617 001f 24       		.uleb128 0x24
 618 0020 00       		.byte	0
 619 0021 0B       		.uleb128 0xb
 620 0022 0B       		.uleb128 0xb
 621 0023 3E       		.uleb128 0x3e
 622 0024 0B       		.uleb128 0xb
 623 0025 03       		.uleb128 0x3
 624 0026 0E       		.uleb128 0xe
 625 0027 00       		.byte	0
 626 0028 00       		.byte	0
 627 0029 04       		.uleb128 0x4
 628 002a 2E       		.uleb128 0x2e
 629 002b 01       		.byte	0x1
 630 002c 3F       		.uleb128 0x3f
 631 002d 19       		.uleb128 0x19
 632 002e 03       		.uleb128 0x3
 633 002f 08       		.uleb128 0x8
 634 0030 3A       		.uleb128 0x3a
 635 0031 0B       		.uleb128 0xb
 636 0032 3B       		.uleb128 0x3b
 637 0033 0B       		.uleb128 0xb
 638 0034 27       		.uleb128 0x27
 639 0035 19       		.uleb128 0x19
 640 0036 11       		.uleb128 0x11
 641 0037 01       		.uleb128 0x1
 642 0038 12       		.uleb128 0x12
 643 0039 06       		.uleb128 0x6
 644 003a 40       		.uleb128 0x40
 645 003b 18       		.uleb128 0x18
 646 003c 9642     		.uleb128 0x2116
 647 003e 19       		.uleb128 0x19
 648 003f 01       		.uleb128 0x1
 649 0040 13       		.uleb128 0x13
 650 0041 00       		.byte	0
 651 0042 00       		.byte	0
 652 0043 05       		.uleb128 0x5
 653 0044 05       		.uleb128 0x5
 654 0045 00       		.byte	0
 655 0046 03       		.uleb128 0x3
 656 0047 0E       		.uleb128 0xe
 657 0048 3A       		.uleb128 0x3a
 658 0049 0B       		.uleb128 0xb
 659 004a 3B       		.uleb128 0x3b
ARM GAS  C:\Users\User\AppData\Local\Temp\ccar480e.s 			page 14


 660 004b 0B       		.uleb128 0xb
 661 004c 49       		.uleb128 0x49
 662 004d 13       		.uleb128 0x13
 663 004e 02       		.uleb128 0x2
 664 004f 17       		.uleb128 0x17
 665 0050 00       		.byte	0
 666 0051 00       		.byte	0
 667 0052 06       		.uleb128 0x6
 668 0053 05       		.uleb128 0x5
 669 0054 00       		.byte	0
 670 0055 03       		.uleb128 0x3
 671 0056 08       		.uleb128 0x8
 672 0057 3A       		.uleb128 0x3a
 673 0058 0B       		.uleb128 0xb
 674 0059 3B       		.uleb128 0x3b
 675 005a 0B       		.uleb128 0xb
 676 005b 49       		.uleb128 0x49
 677 005c 13       		.uleb128 0x13
 678 005d 02       		.uleb128 0x2
 679 005e 17       		.uleb128 0x17
 680 005f 00       		.byte	0
 681 0060 00       		.byte	0
 682 0061 07       		.uleb128 0x7
 683 0062 34       		.uleb128 0x34
 684 0063 00       		.byte	0
 685 0064 03       		.uleb128 0x3
 686 0065 08       		.uleb128 0x8
 687 0066 3A       		.uleb128 0x3a
 688 0067 0B       		.uleb128 0xb
 689 0068 3B       		.uleb128 0x3b
 690 0069 0B       		.uleb128 0xb
 691 006a 49       		.uleb128 0x49
 692 006b 13       		.uleb128 0x13
 693 006c 02       		.uleb128 0x2
 694 006d 17       		.uleb128 0x17
 695 006e 00       		.byte	0
 696 006f 00       		.byte	0
 697 0070 08       		.uleb128 0x8
 698 0071 34       		.uleb128 0x34
 699 0072 00       		.byte	0
 700 0073 03       		.uleb128 0x3
 701 0074 0E       		.uleb128 0xe
 702 0075 3A       		.uleb128 0x3a
 703 0076 0B       		.uleb128 0xb
 704 0077 3B       		.uleb128 0x3b
 705 0078 0B       		.uleb128 0xb
 706 0079 49       		.uleb128 0x49
 707 007a 13       		.uleb128 0x13
 708 007b 02       		.uleb128 0x2
 709 007c 17       		.uleb128 0x17
 710 007d 00       		.byte	0
 711 007e 00       		.byte	0
 712 007f 09       		.uleb128 0x9
 713 0080 898201   		.uleb128 0x4109
 714 0083 00       		.byte	0
 715 0084 11       		.uleb128 0x11
 716 0085 01       		.uleb128 0x1
ARM GAS  C:\Users\User\AppData\Local\Temp\ccar480e.s 			page 15


 717 0086 31       		.uleb128 0x31
 718 0087 13       		.uleb128 0x13
 719 0088 00       		.byte	0
 720 0089 00       		.byte	0
 721 008a 0A       		.uleb128 0xa
 722 008b 0F       		.uleb128 0xf
 723 008c 00       		.byte	0
 724 008d 0B       		.uleb128 0xb
 725 008e 0B       		.uleb128 0xb
 726 008f 49       		.uleb128 0x49
 727 0090 13       		.uleb128 0x13
 728 0091 00       		.byte	0
 729 0092 00       		.byte	0
 730 0093 0B       		.uleb128 0xb
 731 0094 2E       		.uleb128 0x2e
 732 0095 01       		.byte	0x1
 733 0096 3F       		.uleb128 0x3f
 734 0097 19       		.uleb128 0x19
 735 0098 03       		.uleb128 0x3
 736 0099 08       		.uleb128 0x8
 737 009a 3A       		.uleb128 0x3a
 738 009b 0B       		.uleb128 0xb
 739 009c 3B       		.uleb128 0x3b
 740 009d 0B       		.uleb128 0xb
 741 009e 27       		.uleb128 0x27
 742 009f 19       		.uleb128 0x19
 743 00a0 49       		.uleb128 0x49
 744 00a1 13       		.uleb128 0x13
 745 00a2 3C       		.uleb128 0x3c
 746 00a3 19       		.uleb128 0x19
 747 00a4 00       		.byte	0
 748 00a5 00       		.byte	0
 749 00a6 0C       		.uleb128 0xc
 750 00a7 05       		.uleb128 0x5
 751 00a8 00       		.byte	0
 752 00a9 49       		.uleb128 0x49
 753 00aa 13       		.uleb128 0x13
 754 00ab 00       		.byte	0
 755 00ac 00       		.byte	0
 756 00ad 00       		.byte	0
 757              		.section	.debug_loc,"",%progbits
 758              	.Ldebug_loc0:
 759              	.LLST0:
 760 0000 00000000 		.4byte	.LVL0
 761 0004 16000000 		.4byte	.LVL2
 762 0008 0100     		.2byte	0x1
 763 000a 50       		.byte	0x50
 764 000b 16000000 		.4byte	.LVL2
 765 000f 74000000 		.4byte	.LVL11
 766 0013 0100     		.2byte	0x1
 767 0015 57       		.byte	0x57
 768 0016 74000000 		.4byte	.LVL11
 769 001a 54020000 		.4byte	.LVL61
 770 001e 0100     		.2byte	0x1
 771 0020 59       		.byte	0x59
 772 0021 54020000 		.4byte	.LVL61
 773 0025 68020000 		.4byte	.LFE0
ARM GAS  C:\Users\User\AppData\Local\Temp\ccar480e.s 			page 16


 774 0029 0400     		.2byte	0x4
 775 002b F3       		.byte	0xf3
 776 002c 01       		.uleb128 0x1
 777 002d 50       		.byte	0x50
 778 002e 9F       		.byte	0x9f
 779 002f 00000000 		.4byte	0
 780 0033 00000000 		.4byte	0
 781              	.LLST1:
 782 0037 00000000 		.4byte	.LVL0
 783 003b 74000000 		.4byte	.LVL11
 784 003f 0100     		.2byte	0x1
 785 0041 51       		.byte	0x51
 786 0042 74000000 		.4byte	.LVL11
 787 0046 68020000 		.4byte	.LFE0
 788 004a 0400     		.2byte	0x4
 789 004c F3       		.byte	0xf3
 790 004d 01       		.uleb128 0x1
 791 004e 51       		.byte	0x51
 792 004f 9F       		.byte	0x9f
 793 0050 00000000 		.4byte	0
 794 0054 00000000 		.4byte	0
 795              	.LLST2:
 796 0058 0C000000 		.4byte	.LVL1
 797 005c 16000000 		.4byte	.LVL2
 798 0060 0100     		.2byte	0x1
 799 0062 53       		.byte	0x53
 800 0063 16000000 		.4byte	.LVL2
 801 0067 74000000 		.4byte	.LVL11
 802 006b 0100     		.2byte	0x1
 803 006d 55       		.byte	0x55
 804 006e 74000000 		.4byte	.LVL11
 805 0072 54020000 		.4byte	.LVL61
 806 0076 0200     		.2byte	0x2
 807 0078 91       		.byte	0x91
 808 0079 54       		.sleb128 -44
 809 007a 54020000 		.4byte	.LVL61
 810 007e 68020000 		.4byte	.LFE0
 811 0082 0200     		.2byte	0x2
 812 0084 7D       		.byte	0x7d
 813 0085 54       		.sleb128 -44
 814 0086 00000000 		.4byte	0
 815 008a 00000000 		.4byte	0
 816              	.LLST3:
 817 008e 74000000 		.4byte	.LVL11
 818 0092 78000000 		.4byte	.LVL12
 819 0096 0100     		.2byte	0x1
 820 0098 52       		.byte	0x52
 821 0099 78000000 		.4byte	.LVL12
 822 009d 54020000 		.4byte	.LVL61
 823 00a1 0300     		.2byte	0x3
 824 00a3 91       		.byte	0x91
 825 00a4 B87F     		.sleb128 -72
 826 00a6 54020000 		.4byte	.LVL61
 827 00aa 68020000 		.4byte	.LFE0
 828 00ae 0100     		.2byte	0x1
 829 00b0 52       		.byte	0x52
 830 00b1 00000000 		.4byte	0
ARM GAS  C:\Users\User\AppData\Local\Temp\ccar480e.s 			page 17


 831 00b5 00000000 		.4byte	0
 832              	.LLST4:
 833 00b9 54000000 		.4byte	.LVL5
 834 00bd 58000000 		.4byte	.LVL6
 835 00c1 0100     		.2byte	0x1
 836 00c3 51       		.byte	0x51
 837 00c4 58000000 		.4byte	.LVL6
 838 00c8 68000000 		.4byte	.LVL10
 839 00cc 0100     		.2byte	0x1
 840 00ce 53       		.byte	0x53
 841 00cf CA000000 		.4byte	.LVL25
 842 00d3 E0000000 		.4byte	.LVL26
 843 00d7 0200     		.2byte	0x2
 844 00d9 31       		.byte	0x31
 845 00da 9F       		.byte	0x9f
 846 00db E0000000 		.4byte	.LVL26
 847 00df AA010000 		.4byte	.LVL43
 848 00e3 0200     		.2byte	0x2
 849 00e5 91       		.byte	0x91
 850 00e6 50       		.sleb128 -48
 851 00e7 AA010000 		.4byte	.LVL43
 852 00eb B2010000 		.4byte	.LVL44
 853 00ef 0100     		.2byte	0x1
 854 00f1 53       		.byte	0x53
 855 00f2 B2010000 		.4byte	.LVL44
 856 00f6 34020000 		.4byte	.LVL58
 857 00fa 0200     		.2byte	0x2
 858 00fc 91       		.byte	0x91
 859 00fd 50       		.sleb128 -48
 860 00fe 34020000 		.4byte	.LVL58
 861 0102 38020000 		.4byte	.LVL59
 862 0106 0100     		.2byte	0x1
 863 0108 53       		.byte	0x53
 864 0109 38020000 		.4byte	.LVL59
 865 010d 44020000 		.4byte	.LVL60
 866 0111 0200     		.2byte	0x2
 867 0113 91       		.byte	0x91
 868 0114 50       		.sleb128 -48
 869 0115 00000000 		.4byte	0
 870 0119 00000000 		.4byte	0
 871              	.LLST5:
 872 011d 0C000000 		.4byte	.LVL1
 873 0121 16000000 		.4byte	.LVL2
 874 0125 0200     		.2byte	0x2
 875 0127 31       		.byte	0x31
 876 0128 9F       		.byte	0x9f
 877 0129 16000000 		.4byte	.LVL2
 878 012d 74000000 		.4byte	.LVL11
 879 0131 0100     		.2byte	0x1
 880 0133 52       		.byte	0x52
 881 0134 E6000000 		.4byte	.LVL27
 882 0138 0E010000 		.4byte	.LVL29
 883 013c 0100     		.2byte	0x1
 884 013e 55       		.byte	0x55
 885 013f 0E010000 		.4byte	.LVL29
 886 0143 A8010000 		.4byte	.LVL42
 887 0147 0800     		.2byte	0x8
ARM GAS  C:\Users\User\AppData\Local\Temp\ccar480e.s 			page 18


 888 0149 7B       		.byte	0x7b
 889 014a 00       		.sleb128 0
 890 014b 91       		.byte	0x91
 891 014c B87F     		.sleb128 -72
 892 014e 06       		.byte	0x6
 893 014f 22       		.byte	0x22
 894 0150 9F       		.byte	0x9f
 895 0151 00000000 		.4byte	0
 896 0155 00000000 		.4byte	0
 897              	.LLST6:
 898 0159 7A000000 		.4byte	.LVL13
 899 015d 7F000000 		.4byte	.LVL14-1
 900 0161 0100     		.2byte	0x1
 901 0163 52       		.byte	0x52
 902 0164 7F000000 		.4byte	.LVL14-1
 903 0168 44020000 		.4byte	.LVL60
 904 016c 0300     		.2byte	0x3
 905 016e 91       		.byte	0x91
 906 016f BC7F     		.sleb128 -68
 907 0171 00000000 		.4byte	0
 908 0175 00000000 		.4byte	0
 909              	.LLST7:
 910 0179 0C000000 		.4byte	.LVL1
 911 017d 16000000 		.4byte	.LVL2
 912 0181 0200     		.2byte	0x2
 913 0183 31       		.byte	0x31
 914 0184 9F       		.byte	0x9f
 915 0185 16000000 		.4byte	.LVL2
 916 0189 74000000 		.4byte	.LVL11
 917 018d 0100     		.2byte	0x1
 918 018f 54       		.byte	0x54
 919 0190 E0000000 		.4byte	.LVL26
 920 0194 AA010000 		.4byte	.LVL43
 921 0198 0100     		.2byte	0x1
 922 019a 5B       		.byte	0x5b
 923 019b B2010000 		.4byte	.LVL44
 924 019f 38020000 		.4byte	.LVL59
 925 01a3 0100     		.2byte	0x1
 926 01a5 5B       		.byte	0x5b
 927 01a6 00000000 		.4byte	0
 928 01aa 00000000 		.4byte	0
 929              	.LLST8:
 930 01ae A8000000 		.4byte	.LVL19
 931 01b2 E0000000 		.4byte	.LVL26
 932 01b6 0600     		.2byte	0x6
 933 01b8 54       		.byte	0x54
 934 01b9 93       		.byte	0x93
 935 01ba 04       		.uleb128 0x4
 936 01bb 55       		.byte	0x55
 937 01bc 93       		.byte	0x93
 938 01bd 04       		.uleb128 0x4
 939 01be B6010000 		.4byte	.LVL45
 940 01c2 EA010000 		.4byte	.LVL49
 941 01c6 0300     		.2byte	0x3
 942 01c8 91       		.byte	0x91
 943 01c9 A07F     		.sleb128 -96
 944 01cb EA010000 		.4byte	.LVL49
ARM GAS  C:\Users\User\AppData\Local\Temp\ccar480e.s 			page 19


 945 01cf F4010000 		.4byte	.LVL51
 946 01d3 0600     		.2byte	0x6
 947 01d5 56       		.byte	0x56
 948 01d6 93       		.byte	0x93
 949 01d7 04       		.uleb128 0x4
 950 01d8 57       		.byte	0x57
 951 01d9 93       		.byte	0x93
 952 01da 04       		.uleb128 0x4
 953 01db F4010000 		.4byte	.LVL51
 954 01df 38020000 		.4byte	.LVL59
 955 01e3 0300     		.2byte	0x3
 956 01e5 91       		.byte	0x91
 957 01e6 A07F     		.sleb128 -96
 958 01e8 00000000 		.4byte	0
 959 01ec 00000000 		.4byte	0
 960              	.LLST9:
 961 01f0 CA000000 		.4byte	.LVL25
 962 01f4 E0000000 		.4byte	.LVL26
 963 01f8 0A00     		.2byte	0xa
 964 01fa 9E       		.byte	0x9e
 965 01fb 08       		.uleb128 0x8
 966 01fc 00000000 		.4byte	0
 967 0200 0000F03F 		.4byte	0x3ff00000
 968 0204 E0000000 		.4byte	.LVL26
 969 0208 EA010000 		.4byte	.LVL49
 970 020c 0300     		.2byte	0x3
 971 020e 91       		.byte	0x91
 972 020f A07F     		.sleb128 -96
 973 0211 F6010000 		.4byte	.LVL52
 974 0215 38020000 		.4byte	.LVL59
 975 0219 0600     		.2byte	0x6
 976 021b 56       		.byte	0x56
 977 021c 93       		.byte	0x93
 978 021d 04       		.uleb128 0x4
 979 021e 57       		.byte	0x57
 980 021f 93       		.byte	0x93
 981 0220 04       		.uleb128 0x4
 982 0221 38020000 		.4byte	.LVL59
 983 0225 44020000 		.4byte	.LVL60
 984 0229 0300     		.2byte	0x3
 985 022b 91       		.byte	0x91
 986 022c A07F     		.sleb128 -96
 987 022e 00000000 		.4byte	0
 988 0232 00000000 		.4byte	0
 989              	.LLST10:
 990 0236 BE000000 		.4byte	.LVL22
 991 023a C0000000 		.4byte	.LVL23
 992 023e 0600     		.2byte	0x6
 993 0240 50       		.byte	0x50
 994 0241 93       		.byte	0x93
 995 0242 04       		.uleb128 0x4
 996 0243 51       		.byte	0x51
 997 0244 93       		.byte	0x93
 998 0245 04       		.uleb128 0x4
 999 0246 C0000000 		.4byte	.LVL23
 1000 024a 44020000 		.4byte	.LVL60
 1001 024e 0200     		.2byte	0x2
ARM GAS  C:\Users\User\AppData\Local\Temp\ccar480e.s 			page 20


 1002 0250 91       		.byte	0x91
 1003 0251 40       		.sleb128 -64
 1004 0252 00000000 		.4byte	0
 1005 0256 00000000 		.4byte	0
 1006              	.LLST11:
 1007 025a CA000000 		.4byte	.LVL25
 1008 025e E0000000 		.4byte	.LVL26
 1009 0262 0600     		.2byte	0x6
 1010 0264 50       		.byte	0x50
 1011 0265 93       		.byte	0x93
 1012 0266 04       		.uleb128 0x4
 1013 0267 51       		.byte	0x51
 1014 0268 93       		.byte	0x93
 1015 0269 04       		.uleb128 0x4
 1016 026a E0000000 		.4byte	.LVL26
 1017 026e 44020000 		.4byte	.LVL60
 1018 0272 0200     		.2byte	0x2
 1019 0274 91       		.byte	0x91
 1020 0275 48       		.sleb128 -56
 1021 0276 00000000 		.4byte	0
 1022 027a 00000000 		.4byte	0
 1023              	.LLST12:
 1024 027e CA000000 		.4byte	.LVL25
 1025 0282 E0000000 		.4byte	.LVL26
 1026 0286 0A00     		.2byte	0xa
 1027 0288 9E       		.byte	0x9e
 1028 0289 08       		.uleb128 0x8
 1029 028a 00000000 		.4byte	0
 1030 028e 00000000 		.4byte	0
 1031 0292 E0000000 		.4byte	.LVL26
 1032 0296 2E020000 		.4byte	.LVL57
 1033 029a 0300     		.2byte	0x3
 1034 029c 91       		.byte	0x91
 1035 029d A87F     		.sleb128 -88
 1036 029f 2E020000 		.4byte	.LVL57
 1037 02a3 38020000 		.4byte	.LVL59
 1038 02a7 0600     		.2byte	0x6
 1039 02a9 50       		.byte	0x50
 1040 02aa 93       		.byte	0x93
 1041 02ab 04       		.uleb128 0x4
 1042 02ac 51       		.byte	0x51
 1043 02ad 93       		.byte	0x93
 1044 02ae 04       		.uleb128 0x4
 1045 02af 38020000 		.4byte	.LVL59
 1046 02b3 44020000 		.4byte	.LVL60
 1047 02b7 0300     		.2byte	0x3
 1048 02b9 91       		.byte	0x91
 1049 02ba A87F     		.sleb128 -88
 1050 02bc 00000000 		.4byte	0
 1051 02c0 00000000 		.4byte	0
 1052              	.LLST13:
 1053 02c4 94000000 		.4byte	.LVL16
 1054 02c8 9F000000 		.4byte	.LVL17-1
 1055 02cc 0600     		.2byte	0x6
 1056 02ce 50       		.byte	0x50
 1057 02cf 93       		.byte	0x93
 1058 02d0 04       		.uleb128 0x4
ARM GAS  C:\Users\User\AppData\Local\Temp\ccar480e.s 			page 21


 1059 02d1 56       		.byte	0x56
 1060 02d2 93       		.byte	0x93
 1061 02d3 04       		.uleb128 0x4
 1062 02d4 9F000000 		.4byte	.LVL17-1
 1063 02d8 E0000000 		.4byte	.LVL26
 1064 02dc 0600     		.2byte	0x6
 1065 02de 57       		.byte	0x57
 1066 02df 93       		.byte	0x93
 1067 02e0 04       		.uleb128 0x4
 1068 02e1 56       		.byte	0x56
 1069 02e2 93       		.byte	0x93
 1070 02e3 04       		.uleb128 0x4
 1071 02e4 00000000 		.4byte	0
 1072 02e8 00000000 		.4byte	0
 1073              	.LLST14:
 1074 02ec 2A000000 		.4byte	.LVL3
 1075 02f0 54000000 		.4byte	.LVL5
 1076 02f4 0600     		.2byte	0x6
 1077 02f6 58       		.byte	0x58
 1078 02f7 93       		.byte	0x93
 1079 02f8 04       		.uleb128 0x4
 1080 02f9 59       		.byte	0x59
 1081 02fa 93       		.byte	0x93
 1082 02fb 04       		.uleb128 0x4
 1083 02fc 2E010000 		.4byte	.LVL32
 1084 0300 32010000 		.4byte	.LVL33
 1085 0304 0600     		.2byte	0x6
 1086 0306 50       		.byte	0x50
 1087 0307 93       		.byte	0x93
 1088 0308 04       		.uleb128 0x4
 1089 0309 51       		.byte	0x51
 1090 030a 93       		.byte	0x93
 1091 030b 04       		.uleb128 0x4
 1092 030c 32010000 		.4byte	.LVL33
 1093 0310 AA010000 		.4byte	.LVL43
 1094 0314 0200     		.2byte	0x2
 1095 0316 7D       		.byte	0x7d
 1096 0317 00       		.sleb128 0
 1097 0318 00000000 		.4byte	0
 1098 031c 00000000 		.4byte	0
 1099              	.LLST15:
 1100 0320 5A010000 		.4byte	.LVL37
 1101 0324 AA010000 		.4byte	.LVL43
 1102 0328 0600     		.2byte	0x6
 1103 032a 56       		.byte	0x56
 1104 032b 93       		.byte	0x93
 1105 032c 04       		.uleb128 0x4
 1106 032d 57       		.byte	0x57
 1107 032e 93       		.byte	0x93
 1108 032f 04       		.uleb128 0x4
 1109 0330 00000000 		.4byte	0
 1110 0334 00000000 		.4byte	0
 1111              		.section	.debug_aranges,"",%progbits
 1112 0000 1C000000 		.4byte	0x1c
 1113 0004 0200     		.2byte	0x2
 1114 0006 00000000 		.4byte	.Ldebug_info0
 1115 000a 04       		.byte	0x4
ARM GAS  C:\Users\User\AppData\Local\Temp\ccar480e.s 			page 22


 1116 000b 00       		.byte	0
 1117 000c 0000     		.2byte	0
 1118 000e 0000     		.2byte	0
 1119 0010 00000000 		.4byte	.LFB0
 1120 0014 68020000 		.4byte	.LFE0-.LFB0
 1121 0018 00000000 		.4byte	0
 1122 001c 00000000 		.4byte	0
 1123              		.section	.debug_ranges,"",%progbits
 1124              	.Ldebug_ranges0:
 1125 0000 00000000 		.4byte	.LFB0
 1126 0004 68020000 		.4byte	.LFE0
 1127 0008 00000000 		.4byte	0
 1128 000c 00000000 		.4byte	0
 1129              		.section	.debug_line,"",%progbits
 1130              	.Ldebug_line0:
 1131 0000 4D010000 		.section	.debug_str,"MS",%progbits,1
 1131      0200A700 
 1131      00000201 
 1131      FB0E0D00 
 1131      01010101 
 1132              	.LASF18:
 1133 0000 74686574 		.ascii	"theta\000"
 1133      6100
 1134              	.LASF20:
 1135 0006 74656D70 		.ascii	"tempi\000"
 1135      6900
 1136              	.LASF12:
 1137 000c 666C6F61 		.ascii	"float\000"
 1137      7400
 1138              	.LASF14:
 1139 0012 64617461 		.ascii	"data\000"
 1139      00
 1140              	.LASF16:
 1141 0017 69737465 		.ascii	"istep\000"
 1141      7000
 1142              	.LASF2:
 1143 001d 756E7369 		.ascii	"unsigned char\000"
 1143      676E6564 
 1143      20636861 
 1143      7200
 1144              	.LASF6:
 1145 002b 6C6F6E67 		.ascii	"long unsigned int\000"
 1145      20756E73 
 1145      69676E65 
 1145      6420696E 
 1145      7400
 1146              	.LASF4:
 1147 003d 73686F72 		.ascii	"short unsigned int\000"
 1147      7420756E 
 1147      7369676E 
 1147      65642069 
 1147      6E7400
 1148              	.LASF11:
 1149 0050 646F7562 		.ascii	"double\000"
 1149      6C6500
 1150              	.LASF23:
 1151 0057 433A5C55 		.ascii	"C:\\Users\\User\\Desktop\\GIT\\EE-projekt-4-gruppe-"
ARM GAS  C:\Users\User\AppData\Local\Temp\ccar480e.s 			page 23


 1151      73657273 
 1151      5C557365 
 1151      725C4465 
 1151      736B746F 
 1152 0085 315C4D61 		.ascii	"1\\Maaleenhed\\EmptyProject\\Emptyproject.cydsn\000"
 1152      616C6565 
 1152      6E686564 
 1152      5C456D70 
 1152      74795072 
 1153              	.LASF15:
 1154 00b2 6D6D6178 		.ascii	"mmax\000"
 1154      00
 1155              	.LASF21:
 1156 00b7 474E5520 		.ascii	"GNU C 4.9.3 20150303 (release) [ARM/embedded-4_9-br"
 1156      4320342E 
 1156      392E3320 
 1156      32303135 
 1156      30333033 
 1157 00ea 616E6368 		.ascii	"anch revision 221220] -mcpu=cortex-m3 -mthumb -g -O"
 1157      20726576 
 1157      6973696F 
 1157      6E203232 
 1157      31323230 
 1158 011d 67202D66 		.ascii	"g -ffunction-sections -ffat-lto-objects\000"
 1158      66756E63 
 1158      74696F6E 
 1158      2D736563 
 1158      74696F6E 
 1159              	.LASF0:
 1160 0145 756E7369 		.ascii	"unsigned int\000"
 1160      676E6564 
 1160      20696E74 
 1160      00
 1161              	.LASF22:
 1162 0152 2E2E5C2E 		.ascii	"..\\..\\fft\\FFT2\\fft.cydsn\\fft.c\000"
 1162      2E5C6666 
 1162      745C4646 
 1162      54325C66 
 1162      66742E63 
 1163              	.LASF8:
 1164 0171 6C6F6E67 		.ascii	"long long unsigned int\000"
 1164      206C6F6E 
 1164      6720756E 
 1164      7369676E 
 1164      65642069 
 1165              	.LASF9:
 1166 0188 73697A65 		.ascii	"sizetype\000"
 1166      74797065 
 1166      00
 1167              	.LASF7:
 1168 0191 6C6F6E67 		.ascii	"long long int\000"
 1168      206C6F6E 
 1168      6720696E 
 1168      7400
 1169              	.LASF10:
 1170 019f 63686172 		.ascii	"char\000"
 1170      00
ARM GAS  C:\Users\User\AppData\Local\Temp\ccar480e.s 			page 24


 1171              	.LASF19:
 1172 01a4 74656D70 		.ascii	"tempr\000"
 1172      7200
 1173              	.LASF3:
 1174 01aa 73686F72 		.ascii	"short int\000"
 1174      7420696E 
 1174      7400
 1175              	.LASF17:
 1176 01b4 7774656D 		.ascii	"wtemp\000"
 1176      7000
 1177              	.LASF5:
 1178 01ba 6C6F6E67 		.ascii	"long int\000"
 1178      20696E74 
 1178      00
 1179              	.LASF13:
 1180 01c3 6C6F6E67 		.ascii	"long double\000"
 1180      20646F75 
 1180      626C6500 
 1181              	.LASF1:
 1182 01cf 7369676E 		.ascii	"signed char\000"
 1182      65642063 
 1182      68617200 
 1183              		.ident	"GCC: (GNU Tools for ARM Embedded Processors) 4.9.3 20150303 (release) [ARM/embedded-4_9-br
